#
# A fatal error has been detected by the Java Runtime Environment:
#
#  SIGSEGV (0xb) at pc=0x00007f5eb414f104, pid=14420, tid=14421
#
# JRE version: OpenJDK Runtime Environment (11.0.7+10) (build 11.0.7+10-post-Ubuntu-2ubuntu218.04)
# Java VM: OpenJDK 64-Bit Server VM (11.0.7+10-post-Ubuntu-2ubuntu218.04, mixed mode, sharing, tiered, compressed oops, serial gc, linux-amd64)
# Problematic frame:
# V  [libjvm.so+0xa03104]
#
# Core dump will be written. Default location: Core dumps may be processed with "/usr/share/apport/apport %p %s %c %d %P %E" (or dumping to /home/yiyun/Compiler_Jasmin/Compiler_StudentID_HW3/core.14420)
#
# If you would like to submit a bug report, please visit:
#   https://bugs.launchpad.net/ubuntu/+source/openjdk-lts
#

---------------  S U M M A R Y ------------

Command Line: -Xverify:none Main

Host: Intel(R) Core(TM) i5-8265U CPU @ 1.60GHz, 1 cores, 1G, Ubuntu 18.04.3 LTS
Time: Sun May 24 21:19:09 2020 CST elapsed time: 0 seconds (0d 0h 0m 0s)

---------------  T H R E A D  ---------------

Current thread (0x00007f5eac015800):  JavaThread "main" [_thread_in_vm, id=14421, stack(0x00007f5eb58c5000,0x00007f5eb59c6000)]

Stack: [0x00007f5eb58c5000,0x00007f5eb59c6000],  sp=0x00007f5eb59c43a0,  free space=1020k
Native frames: (J=compiled Java code, A=aot compiled Java code, j=interpreted, Vv=VM code, C=native code)
V  [libjvm.so+0xa03104]
V  [libjvm.so+0xa3ba56]
V  [libjvm.so+0x843946]
V  [libjvm.so+0x84483d]
j  Main.main([Ljava/lang/String;)V+17
v  ~StubRoutines::call_stub
V  [libjvm.so+0x84e319]
V  [libjvm.so+0x8ca02d]
V  [libjvm.so+0x8cc4fe]
C  [libjli.so+0x5856]
C  [libjli.so+0x92cd]

Java frames: (J=compiled Java code, j=interpreted, Vv=VM code)
j  Main.main([Ljava/lang/String;)V+17
v  ~StubRoutines::call_stub

siginfo: si_signo: 11 (SIGSEGV), si_code: 1 (SEGV_MAPERR), si_addr: 0x0000000888884af0

Register to memory mapping:

RAX={method} {0x0000000800328c68} 'println' '(I)V' in 'java/io/PrintStream'
RBX=0x00007f5eb59c45c0 is pointing into the stack for thread: 0x00007f5eac015800
RCX=0x000000080095a4a8 is pointing into metadata
RDX=0x0 is NULL
RSP=0x00007f5eb59c43a0 is pointing into the stack for thread: 0x00007f5eac015800
RBP=0x00007f5eb59c4430 is pointing into the stack for thread: 0x00007f5eac015800
RSI=0x0000000000000013 is an unknown value
RDI=0x0000000888884888 is an unknown value
R8 =0x0000000888884888 is an unknown value
R9 =0x0000000000000001 is an unknown value
R10=0x00007f5eb59c4480 is pointing into the stack for thread: 0x00007f5eac015800
R11=0x000000080095b7f8 is pointing into metadata
R12=0x0000000000000001 is an unknown value
R13=0x0000000000000013 is an unknown value
R14=0x0 is NULL
R15=0x00007f5eac015800 is a thread


Registers:
RAX=0x0000000800328c68, RBX=0x00007f5eb59c45c0, RCX=0x000000080095a4a8, RDX=0x0000000000000000
RSP=0x00007f5eb59c43a0, RBP=0x00007f5eb59c4430, RSI=0x0000000000000013, RDI=0x0000000888884888
R8 =0x0000000888884888, R9 =0x0000000000000001, R10=0x00007f5eb59c4480, R11=0x000000080095b7f8
R12=0x0000000000000001, R13=0x0000000000000013, R14=0x0000000000000000, R15=0x00007f5eac015800
RIP=0x00007f5eb414f104, EFLAGS=0x0000000000010213, CSGSFS=0x002b000000000033, ERR=0x0000000000000004
  TRAPNO=0x000000000000000e

Top of Stack: (sp=0x00007f5eb59c43a0)
0x00007f5eb59c43a0:   00007f5eb59c4430 00007f5eb418025b
0x00007f5eb59c43b0:   00007f5eb59c4440 00007f5eb3d92d47
0x00007f5eb59c43c0:   00007f5eb59c43f0 0000000800327920
0x00007f5eb59c43d0:   0000000888884888 00007f5eb59c4470 

Instructions: (pc=0x00007f5eb414f104)
0x00007f5eb414f004:   75 15 80 e6 04 48 8d 05 90 18 4d 00 48 8d 15 42
0x00007f5eb414f014:   fd 47 00 48 0f 44 c2 5d c3 90 66 90 55 48 81 c7
0x00007f5eb414f024:   c0 00 00 00 b8 01 00 00 00 48 89 e5 f0 0f c1 07
0x00007f5eb414f034:   83 c0 01 5d c3 90 66 0f 1f 44 00 00 48 8d 15 89
0x00007f5eb414f044:   66 9b 00 55 89 f8 48 89 e5 8b 4a 08 5d 48 d3 e0
0x00007f5eb414f054:   48 03 02 c3 0f 1f 84 00 00 00 00 00 40 f6 c7 07
0x00007f5eb414f064:   75 09 48 81 ff ff 0f 00 00 77 09 31 c0 c3 66 0f
0x00007f5eb414f074:   1f 44 00 00 55 48 89 e5 41 54 4c 8d a7 d0 00 00
0x00007f5eb414f084:   00 53 48 89 fb 4c 89 e6 e8 2f 20 1c 00 84 c0 75
0x00007f5eb414f094:   0b 5b 31 c0 41 5c 5d c3 0f 1f 40 00 4c 89 e6 48
0x00007f5eb414f0a4:   89 df e8 65 54 13 00 84 c0 74 e6 48 8b 7b 18 e8
0x00007f5eb414f0b4:   e8 49 33 00 84 c0 74 d9 48 8b bb 98 00 00 00 5b
0x00007f5eb414f0c4:   41 5c 5d e9 94 9f b9 ff 0f 1f 40 00 8b 97 c4 00
0x00007f5eb414f0d4:   00 00 55 48 89 f8 48 89 e5 5d 48 c1 e2 20 48 81
0x00007f5eb414f0e4:   ca d0 01 00 00 c3 66 0f 1f 44 00 00 55 48 8d 87
0x00007f5eb414f0f4:   d0 01 00 00 48 89 e5 5d c3 90 66 90 55 48 63 f6
0x00007f5eb414f104:   48 8b 84 f7 d0 01 00 00 48 89 e5 5d c3 90 0f 1f
0x00007f5eb414f114:   40 00 66 2e 0f 1f 84 00 00 00 00 00 55 b8 d0 01
0x00007f5eb414f124:   00 00 48 89 e5 5d c3 90 0f 1f 40 00 55 48 89 e5
0x00007f5eb414f134:   41 57 41 56 41 55 41 54 49 89 ff 53 41 89 f6 48
0x00007f5eb414f144:   83 ec 68 8b 47 08 89 55 98 85 c0 7e 0d f6 87 3a
0x00007f5eb414f154:   01 00 00 20 0f 85 b2 02 00 00 49 8b 7f 18 48 85
0x00007f5eb414f164:   ff 0f 84 95 01 00 00 e8 80 3b 33 00 48 89 c7 48
0x00007f5eb414f174:   89 45 90 e8 b4 9d 86 ff 48 8d 58 01 49 89 c4 41
0x00007f5eb414f184:   8b 47 08 4c 89 ff 3d 00 00 00 c0 7d 0a 49 8b bf
0x00007f5eb414f194:   f0 00 00 00 8b 47 08 85 c0 0f 8e 7d 01 00 00 48
0x00007f5eb414f1a4:   8b 07 ff 90 88 00 00 00 48 8b 78 10 49 89 c5 48
0x00007f5eb414f1b4:   85 ff 0f 84 2c 02 00 00 e8 bf 2d 33 00 48 89 c7
0x00007f5eb414f1c4:   48 89 45 80 4c 8d 25 18 c2 4d 00 e8 5c 9d 86 ff
0x00007f5eb414f1d4:   4c 89 ef 48 01 c3 e8 a1 e6 16 00 48 8d 0d a6 10
0x00007f5eb414f1e4:   4b 00 84 c0 88 85 7f ff ff ff 48 89 4d a0 0f 85
0x00007f5eb414f1f4:   c8 02 00 00 0f 1f 84 00 00 00 00 00 49 8b 87 98 


Stack slot to memory mapping:
stack at sp + 0 slots: 0x00007f5eb59c4430 is pointing into the stack for thread: 0x00007f5eac015800
stack at sp + 1 slots: 0x00007f5eb418025b: <offset 0x0000000000a3425b> in /usr/lib/jvm/java-11-openjdk-amd64/lib/server/libjvm.so at 0x00007f5eb374c000
stack at sp + 2 slots: 0x00007f5eb59c4440 is pointing into the stack for thread: 0x00007f5eac015800
stack at sp + 3 slots: 0x00007f5eb3d92d47: <offset 0x0000000000646d47> in /usr/lib/jvm/java-11-openjdk-amd64/lib/server/libjvm.so at 0x00007f5eb374c000
stack at sp + 4 slots: 0x00007f5eb59c43f0 is pointing into the stack for thread: 0x00007f5eac015800
stack at sp + 5 slots: 0x0000000800327920 is pointing into metadata
stack at sp + 6 slots: 0x0000000888884888 is an unknown value
stack at sp + 7 slots: 0x00007f5eb59c4470 is pointing into the stack for thread: 0x00007f5eac015800


---------------  P R O C E S S  ---------------

Threads class SMR info:
_java_thread_list=0x00007f5eac0ad430, length=9, elements={
0x00007f5eac015800, 0x00007f5eac051000, 0x00007f5eac053000, 0x00007f5eac05a000,
0x00007f5eac05c800, 0x00007f5eac05e800, 0x00007f5eac060800, 0x00007f5eac0a3000,
0x00007f5eac0ac000
}

Java Threads: ( => current thread )
=>0x00007f5eac015800 JavaThread "main" [_thread_in_vm, id=14421, stack(0x00007f5eb58c5000,0x00007f5eb59c6000)]
  0x00007f5eac051000 JavaThread "Reference Handler" daemon [_thread_blocked, id=14423, stack(0x00007f5eb0d83000,0x00007f5eb0e84000)]
  0x00007f5eac053000 JavaThread "Finalizer" daemon [_thread_blocked, id=14424, stack(0x00007f5eb0c82000,0x00007f5eb0d83000)]
  0x00007f5eac05a000 JavaThread "Signal Dispatcher" daemon [_thread_blocked, id=14425, stack(0x00007f5eb016a000,0x00007f5eb026b000)]
  0x00007f5eac05c800 JavaThread "C2 CompilerThread0" daemon [_thread_blocked, id=14426, stack(0x00007f5eb0069000,0x00007f5eb016a000)]
  0x00007f5eac05e800 JavaThread "C1 CompilerThread0" daemon [_thread_blocked, id=14427, stack(0x00007f5e9480c000,0x00007f5e9490d000)]
  0x00007f5eac060800 JavaThread "Sweeper thread" daemon [_thread_blocked, id=14428, stack(0x00007f5e9470b000,0x00007f5e9480c000)]
  0x00007f5eac0a3000 JavaThread "Service Thread" daemon [_thread_blocked, id=14429, stack(0x00007f5e9460a000,0x00007f5e9470b000)]
  0x00007f5eac0ac000 JavaThread "Common-Cleaner" daemon [_thread_blocked, id=14431, stack(0x00007f5e94407000,0x00007f5e94508000)]

Other Threads:
  0x00007f5eac04e000 VMThread "VM Thread" [stack: 0x00007f5eb0e86000,0x00007f5eb0f86000] [id=14422]
  0x00007f5eac0a5000 WatcherThread [stack: 0x00007f5e9450a000,0x00007f5e9460a000] [id=14430]

Threads with active compile tasks:

VM state:not at safepoint (normal execution)

VM Mutex/Monitor currently owned by a thread: None

Heap address: 0x00000000e0e00000, size: 498 MB, Compressed Oops mode: 32-bit
Narrow klass base: 0x0000000800000000, Narrow klass shift: 3
Compressed class space size: 1073741824 Address: 0x0000000840000000

Heap:
 def new generation   total 9792K, used 870K [0x00000000e0e00000, 0x00000000e18a0000, 0x00000000eb400000)
  eden space 8704K,  10% used [0x00000000e0e00000, 0x00000000e0ed9a20, 0x00000000e1680000)
  from space 1088K,   0% used [0x00000000e1680000, 0x00000000e1680000, 0x00000000e1790000)
  to   space 1088K,   0% used [0x00000000e1790000, 0x00000000e1790000, 0x00000000e18a0000)
 tenured generation   total 21888K, used 0K [0x00000000eb400000, 0x00000000ec960000, 0x0000000100000000)
   the space 21888K,   0% used [0x00000000eb400000, 0x00000000eb400000, 0x00000000eb400200, 0x00000000ec960000)
 Metaspace       used 176K, capacity 4486K, committed 4864K, reserved 1056768K
  class space    used 5K, capacity 386K, committed 512K, reserved 1048576K

Card table byte_map: [0x00007f5eb18ab000,0x00007f5eb19a5000] _byte_map_base: 0x00007f5eb11a4000

Polling page: 0x00007f5eb59da000

Metaspace:

Usage:
  Non-class:      4.00 MB capacity,   170.82 KB (  4%) used,     3.84 MB ( 96%) free+waste,   128 bytes ( <1%) overhead. 
      Class:    386.00 KB capacity,     5.18 KB (  1%) used,   380.70 KB ( 99%) free+waste,   128 bytes ( <1%) overhead. 
       Both:      4.38 MB capacity,   176.00 KB (  4%) used,     4.21 MB ( 96%) free+waste,   256 bytes ( <1%) overhead. 

Virtual space:
  Non-class space:        8.00 MB reserved,       4.25 MB ( 53%) committed 
      Class space:        1.00 GB reserved,     512.00 KB ( <1%) committed 
             Both:        1.01 GB reserved,       4.75 MB ( <1%) committed 

Chunk freelists:
   Non-Class:  0 bytes
       Class:  0 bytes
        Both:  0 bytes

MaxMetaspaceSize: unlimited
CompressedClassSpaceSize: 1.00 GB

CodeHeap 'non-profiled nmethods': size=120036Kb used=19Kb max_used=19Kb free=120016Kb
 bounds [0x00007f5e9c3d4000, 0x00007f5e9c644000, 0x00007f5ea390d000]
CodeHeap 'profiled nmethods': size=120032Kb used=117Kb max_used=117Kb free=119914Kb
 bounds [0x00007f5e94e9c000, 0x00007f5e9510c000, 0x00007f5e9c3d4000]
CodeHeap 'non-nmethods': size=5692Kb used=986Kb max_used=996Kb free=4705Kb
 bounds [0x00007f5e9490d000, 0x00007f5e94b7d000, 0x00007f5e94e9c000]
 total_blobs=378 nmethods=85 adapters=155
 compilation: enabled
              stopped_count=0, restarted_count=0
 full_count=0

Compilation events (20 events):
Event: 0.597 Thread 0x00007f5eac05e800 nmethod 77 0x00007f5e94eb5790 code [0x00007f5e94eb5960, 0x00007f5e94eb5d18]
Event: 0.598 Thread 0x00007f5eac05e800   78       3       jdk.internal.module.ModuleBootstrap$2::next (52 bytes)
Event: 0.599 Thread 0x00007f5eac05e800 nmethod 78 0x00007f5e94eb5e10 code [0x00007f5e94eb6020, 0x00007f5e94eb65e8]
Event: 0.600 Thread 0x00007f5eac05e800   81       3       java.util.HashMap::resize (356 bytes)
Event: 0.605 Thread 0x00007f5eac05e800 nmethod 81 0x00007f5e94eb6790 code [0x00007f5e94eb6a40, 0x00007f5e94eb7de8]
Event: 0.605 Thread 0x00007f5eac05e800   79       3       java.util.HashMap::putIfAbsent (13 bytes)
Event: 0.614 Thread 0x00007f5eac05e800 nmethod 79 0x00007f5e94eb8210 code [0x00007f5e94eb83e0, 0x00007f5e94eb8758]
Event: 0.614 Thread 0x00007f5eac05e800   83       1       java.lang.Module::getDescriptor (5 bytes)
Event: 0.614 Thread 0x00007f5eac05e800 nmethod 83 0x00007f5e9c3d8190 code [0x00007f5e9c3d8340, 0x00007f5e9c3d8470]
Event: 0.614 Thread 0x00007f5eac05e800   82       1       java.lang.module.ModuleDescriptor::isOpen (5 bytes)
Event: 0.615 Thread 0x00007f5eac05e800 nmethod 82 0x00007f5e9c3d8510 code [0x00007f5e9c3d86c0, 0x00007f5e9c3d87f0]
Event: 0.619 Thread 0x00007f5eac05c800 nmethod 73 0x00007f5e9c3d8890 code [0x00007f5e9c3d8a20, 0x00007f5e9c3d8c18]
Event: 0.619 Thread 0x00007f5eac05c800   75       4       java.util.ImmutableCollections$SetN$SetNIterator::hasNext (13 bytes)
Event: 0.680 Thread 0x00007f5eac05c800 nmethod 75 0x00007f5e9c3d8d10 code [0x00007f5e9c3d8ea0, 0x00007f5e9c3d8f18]
Event: 0.685 Thread 0x00007f5eac05e800   84       3       java.lang.String::hashCode (49 bytes)
Event: 0.686 Thread 0x00007f5eac05e800 nmethod 84 0x00007f5e94eb8890 code [0x00007f5e94eb8a80, 0x00007f5e94eb8df8]
Event: 0.689 Thread 0x00007f5eac05e800   85       3       java.lang.StringLatin1::canEncode (13 bytes)
Event: 0.689 Thread 0x00007f5eac05e800 nmethod 85 0x00007f5e94eb8f10 code [0x00007f5e94eb90c0, 0x00007f5e94eb9250]
Event: 0.697 Thread 0x00007f5eac05e800   86       3       java.lang.CharacterDataLatin1::getProperties (11 bytes)
Event: 0.698 Thread 0x00007f5eac05e800 nmethod 86 0x00007f5e94eb9310 code [0x00007f5e94eb94c0, 0x00007f5e94eb9670]

GC Heap History (0 events):
No events

Deoptimization events (4 events):
Event: 0.684 Thread 0x00007f5eac015800 Uncommon trap: trap_request=0xffffff4d fr.pc=0x00007f5e9c3d8bd4 relative=0x00000000000001b4
Event: 0.684 Thread 0x00007f5eac015800 Uncommon trap: reason=unstable_if action=reinterpret pc=0x00007f5e9c3d8bd4 method=java.lang.String.hashCode()I @ 14 c2
Event: 0.684 Thread 0x00007f5eac015800 DEOPT PACKING pc=0x00007f5e9c3d8bd4 sp=0x00007f5eb59c31b0
Event: 0.684 Thread 0x00007f5eac015800 DEOPT UNPACKING pc=0x00007f5e94935325 sp=0x00007f5eb59c3168 mode 2

Classes redefined (0 events):
No events

Internal exceptions (0 events):
No events

Events (20 events):
Event: 0.169 Thread 0x00007f5eac05e800 Thread added: 0x00007f5eac05e800
Event: 0.169 Protecting memory [0x00007f5e9480c000,0x00007f5e94810000] with protection modes 0
Event: 0.173 Thread 0x00007f5eac060800 Thread added: 0x00007f5eac060800
Event: 0.178 Protecting memory [0x00007f5e9470b000,0x00007f5e9470f000] with protection modes 0
Event: 0.620 Thread 0x00007f5eac0a3000 Thread added: 0x00007f5eac0a3000
Event: 0.620 Executing VM operation: EnableBiasedLocking
Event: 0.679 Protecting memory [0x00007f5e9460a000,0x00007f5e9460e000] with protection modes 0
Event: 0.680 Executing VM operation: EnableBiasedLocking done
Event: 0.680 loading class jdk/internal/vm/PostVMInitHook
Event: 0.680 loading class jdk/internal/vm/PostVMInitHook done
Event: 0.683 loading class Main
Event: 0.683 loading class Main done
Event: 0.688 loading class jdk/internal/loader/URLClassPath$FileLoader
Event: 0.688 loading class jdk/internal/loader/URLClassPath$FileLoader done
Event: 0.691 loading class jdk/internal/loader/URLClassPath$FileLoader$1
Event: 0.691 loading class jdk/internal/loader/URLClassPath$FileLoader$1 done
Event: 0.693 Thread 0x00007f5eac0ac000 Thread added: 0x00007f5eac0ac000
Event: 0.698 Protecting memory [0x00007f5e94407000,0x00007f5e9440b000] with protection modes 0
Event: 0.698 Executing VM operation: RevokeBias
Event: 0.700 Executing VM operation: RevokeBias done


Dynamic libraries:
e0e00000-e18a0000 rw-p 00000000 00:00 0 
e18a0000-eb400000 ---p 00000000 00:00 0 
eb400000-ec960000 rw-p 00000000 00:00 0 
ec960000-100000000 ---p 00000000 00:00 0 
800000000-800002000 rwxp 00001000 08:01 551457                           /usr/lib/jvm/java-11-openjdk-amd64/lib/server/classes.jsa
800002000-8003b8000 rw-p 00003000 08:01 551457                           /usr/lib/jvm/java-11-openjdk-amd64/lib/server/classes.jsa
8003b8000-800a7f000 r--p 003b9000 08:01 551457                           /usr/lib/jvm/java-11-openjdk-amd64/lib/server/classes.jsa
800a7f000-800a80000 rw-p 00a80000 08:01 551457                           /usr/lib/jvm/java-11-openjdk-amd64/lib/server/classes.jsa
800a80000-80108c000 r--p 00a81000 08:01 551457                           /usr/lib/jvm/java-11-openjdk-amd64/lib/server/classes.jsa
840000000-840080000 rw-p 00000000 00:00 0 
840080000-880000000 ---p 00000000 00:00 0 
5642903c6000-5642903c7000 r-xp 00000000 08:01 551084                     /usr/lib/jvm/java-11-openjdk-amd64/bin/java
5642905c7000-5642905c8000 r--p 00001000 08:01 551084                     /usr/lib/jvm/java-11-openjdk-amd64/bin/java
5642905c8000-5642905c9000 rw-p 00002000 08:01 551084                     /usr/lib/jvm/java-11-openjdk-amd64/bin/java
56429164d000-56429166e000 rw-p 00000000 00:00 0                          [heap]
7f5e78000000-7f5e7808f000 rw-p 00000000 00:00 0 
7f5e7808f000-7f5e7c000000 ---p 00000000 00:00 0 
7f5e7c000000-7f5e7c021000 rw-p 00000000 00:00 0 
7f5e7c021000-7f5e80000000 ---p 00000000 00:00 0 
7f5e80000000-7f5e80021000 rw-p 00000000 00:00 0 
7f5e80021000-7f5e84000000 ---p 00000000 00:00 0 
7f5e84000000-7f5e8406e000 rw-p 00000000 00:00 0 
7f5e8406e000-7f5e88000000 ---p 00000000 00:00 0 
7f5e88000000-7f5e88021000 rw-p 00000000 00:00 0 
7f5e88021000-7f5e8c000000 ---p 00000000 00:00 0 
7f5e8c000000-7f5e8c021000 rw-p 00000000 00:00 0 
7f5e8c021000-7f5e90000000 ---p 00000000 00:00 0 
7f5e90000000-7f5e90021000 rw-p 00000000 00:00 0 
7f5e90021000-7f5e94000000 ---p 00000000 00:00 0 
7f5e94407000-7f5e9440b000 ---p 00000000 00:00 0 
7f5e9440b000-7f5e94508000 rw-p 00000000 00:00 0 
7f5e94508000-7f5e94509000 ---p 00000000 00:00 0 
7f5e94509000-7f5e9460a000 rw-p 00000000 00:00 0 
7f5e9460a000-7f5e9460e000 ---p 00000000 00:00 0 
7f5e9460e000-7f5e9470b000 rw-p 00000000 00:00 0 
7f5e9470b000-7f5e9470f000 ---p 00000000 00:00 0 
7f5e9470f000-7f5e9480c000 rw-p 00000000 00:00 0 
7f5e9480c000-7f5e94810000 ---p 00000000 00:00 0 
7f5e94810000-7f5e9490d000 rw-p 00000000 00:00 0 
7f5e9490d000-7f5e94b7d000 rwxp 00000000 00:00 0 
7f5e94b7d000-7f5e94e9c000 ---p 00000000 00:00 0 
7f5e94e9c000-7f5e9510c000 rwxp 00000000 00:00 0 
7f5e9510c000-7f5e9c3d4000 ---p 00000000 00:00 0 
7f5e9c3d4000-7f5e9c644000 rwxp 00000000 00:00 0 
7f5e9c644000-7f5ea390d000 ---p 00000000 00:00 0 
7f5ea390d000-7f5eac000000 r--s 00000000 08:01 551289                     /usr/lib/jvm/java-11-openjdk-amd64/lib/modules
7f5eac000000-7f5eac0b9000 rw-p 00000000 00:00 0 
7f5eac0b9000-7f5eb0000000 ---p 00000000 00:00 0 
7f5eb0069000-7f5eb006d000 ---p 00000000 00:00 0 
7f5eb006d000-7f5eb016a000 rw-p 00000000 00:00 0 
7f5eb016a000-7f5eb016e000 ---p 00000000 00:00 0 
7f5eb016e000-7f5eb026b000 rw-p 00000000 00:00 0 
7f5eb026b000-7f5eb0c82000 r--p 00000000 08:01 660771                     /usr/lib/locale/locale-archive
7f5eb0c82000-7f5eb0c86000 ---p 00000000 00:00 0 
7f5eb0c86000-7f5eb0d83000 rw-p 00000000 00:00 0 
7f5eb0d83000-7f5eb0d87000 ---p 00000000 00:00 0 
7f5eb0d87000-7f5eb0e84000 rw-p 00000000 00:00 0 
7f5eb0e84000-7f5eb0e85000 ---p 00000000 00:00 0 
7f5eb0e85000-7f5eb14ca000 rw-p 00000000 00:00 0 
7f5eb14ca000-7f5eb188a000 ---p 00000000 00:00 0 
7f5eb188a000-7f5eb18b1000 rw-p 00000000 00:00 0 
7f5eb18b1000-7f5eb18fe000 ---p 00000000 00:00 0 
7f5eb18fe000-7f5eb1909000 rw-p 00000000 00:00 0 
7f5eb1909000-7f5eb19a4000 ---p 00000000 00:00 0 
7f5eb19a4000-7f5eb19aa000 rw-p 00000000 00:00 0 
7f5eb19aa000-7f5eb1a90000 ---p 00000000 00:00 0 
7f5eb1a90000-7f5eb1a95000 rw-p 00000000 00:00 0 
7f5eb1a95000-7f5eb1b7b000 ---p 00000000 00:00 0 
7f5eb1b7b000-7f5eb1b80000 r-xp 00000000 08:01 551271                     /usr/lib/jvm/java-11-openjdk-amd64/lib/libjimage.so
7f5eb1b80000-7f5eb1d7f000 ---p 00005000 08:01 551271                     /usr/lib/jvm/java-11-openjdk-amd64/lib/libjimage.so
7f5eb1d7f000-7f5eb1d80000 r--p 00004000 08:01 551271                     /usr/lib/jvm/java-11-openjdk-amd64/lib/libjimage.so
7f5eb1d80000-7f5eb1d81000 rw-p 00005000 08:01 551271                     /usr/lib/jvm/java-11-openjdk-amd64/lib/libjimage.so
7f5eb1d81000-7f5eb1d88000 r-xp 00000000 08:01 551288                     /usr/lib/jvm/java-11-openjdk-amd64/lib/libzip.so
7f5eb1d88000-7f5eb1f87000 ---p 00007000 08:01 551288                     /usr/lib/jvm/java-11-openjdk-amd64/lib/libzip.so
7f5eb1f87000-7f5eb1f88000 r--p 00006000 08:01 551288                     /usr/lib/jvm/java-11-openjdk-amd64/lib/libzip.so
7f5eb1f88000-7f5eb1f89000 rw-p 00007000 08:01 551288                     /usr/lib/jvm/java-11-openjdk-amd64/lib/libzip.so
7f5eb1f89000-7f5eb1f94000 r-xp 00000000 08:01 399660                     /lib/x86_64-linux-gnu/libnss_files-2.27.so
7f5eb1f94000-7f5eb2193000 ---p 0000b000 08:01 399660                     /lib/x86_64-linux-gnu/libnss_files-2.27.so
7f5eb2193000-7f5eb2194000 r--p 0000a000 08:01 399660                     /lib/x86_64-linux-gnu/libnss_files-2.27.so
7f5eb2194000-7f5eb2195000 rw-p 0000b000 08:01 399660                     /lib/x86_64-linux-gnu/libnss_files-2.27.so
7f5eb2195000-7f5eb219b000 rw-p 00000000 00:00 0 
7f5eb219b000-7f5eb21b2000 r-xp 00000000 08:01 399654                     /lib/x86_64-linux-gnu/libnsl-2.27.so
7f5eb21b2000-7f5eb23b1000 ---p 00017000 08:01 399654                     /lib/x86_64-linux-gnu/libnsl-2.27.so
7f5eb23b1000-7f5eb23b2000 r--p 00016000 08:01 399654                     /lib/x86_64-linux-gnu/libnsl-2.27.so
7f5eb23b2000-7f5eb23b3000 rw-p 00017000 08:01 399654                     /lib/x86_64-linux-gnu/libnsl-2.27.so
7f5eb23b3000-7f5eb23b5000 rw-p 00000000 00:00 0 
7f5eb23b5000-7f5eb23c0000 r-xp 00000000 08:01 399671                     /lib/x86_64-linux-gnu/libnss_nis-2.27.so
7f5eb23c0000-7f5eb25bf000 ---p 0000b000 08:01 399671                     /lib/x86_64-linux-gnu/libnss_nis-2.27.so
7f5eb25bf000-7f5eb25c0000 r--p 0000a000 08:01 399671                     /lib/x86_64-linux-gnu/libnss_nis-2.27.so
7f5eb25c0000-7f5eb25c1000 rw-p 0000b000 08:01 399671                     /lib/x86_64-linux-gnu/libnss_nis-2.27.so
7f5eb25c1000-7f5eb25c9000 r-xp 00000000 08:01 399656                     /lib/x86_64-linux-gnu/libnss_compat-2.27.so
7f5eb25c9000-7f5eb27c9000 ---p 00008000 08:01 399656                     /lib/x86_64-linux-gnu/libnss_compat-2.27.so
7f5eb27c9000-7f5eb27ca000 r--p 00008000 08:01 399656                     /lib/x86_64-linux-gnu/libnss_compat-2.27.so
7f5eb27ca000-7f5eb27cb000 rw-p 00009000 08:01 399656                     /lib/x86_64-linux-gnu/libnss_compat-2.27.so
7f5eb27cb000-7f5eb27f4000 r-xp 00000000 08:01 551267                     /usr/lib/jvm/java-11-openjdk-amd64/lib/libjava.so
7f5eb27f4000-7f5eb29f3000 ---p 00029000 08:01 551267                     /usr/lib/jvm/java-11-openjdk-amd64/lib/libjava.so
7f5eb29f3000-7f5eb29f4000 r--p 00028000 08:01 551267                     /usr/lib/jvm/java-11-openjdk-amd64/lib/libjava.so
7f5eb29f4000-7f5eb29f6000 rw-p 00029000 08:01 551267                     /usr/lib/jvm/java-11-openjdk-amd64/lib/libjava.so
7f5eb29f6000-7f5eb2a03000 r-xp 00000000 08:01 551287                     /usr/lib/jvm/java-11-openjdk-amd64/lib/libverify.so
7f5eb2a03000-7f5eb2c02000 ---p 0000d000 08:01 551287                     /usr/lib/jvm/java-11-openjdk-amd64/lib/libverify.so
7f5eb2c02000-7f5eb2c04000 r--p 0000c000 08:01 551287                     /usr/lib/jvm/java-11-openjdk-amd64/lib/libverify.so
7f5eb2c04000-7f5eb2c05000 rw-p 0000e000 08:01 551287                     /usr/lib/jvm/java-11-openjdk-amd64/lib/libverify.so
7f5eb2c05000-7f5eb2c0c000 r-xp 00000000 08:01 399711                     /lib/x86_64-linux-gnu/librt-2.27.so
7f5eb2c0c000-7f5eb2e0b000 ---p 00007000 08:01 399711                     /lib/x86_64-linux-gnu/librt-2.27.so
7f5eb2e0b000-7f5eb2e0c000 r--p 00006000 08:01 399711                     /lib/x86_64-linux-gnu/librt-2.27.so
7f5eb2e0c000-7f5eb2e0d000 rw-p 00007000 08:01 399711                     /lib/x86_64-linux-gnu/librt-2.27.so
7f5eb2e0d000-7f5eb2e24000 r-xp 00000000 08:01 399607                     /lib/x86_64-linux-gnu/libgcc_s.so.1
7f5eb2e24000-7f5eb3023000 ---p 00017000 08:01 399607                     /lib/x86_64-linux-gnu/libgcc_s.so.1
7f5eb3023000-7f5eb3024000 r--p 00016000 08:01 399607                     /lib/x86_64-linux-gnu/libgcc_s.so.1
7f5eb3024000-7f5eb3025000 rw-p 00017000 08:01 399607                     /lib/x86_64-linux-gnu/libgcc_s.so.1
7f5eb3025000-7f5eb31c2000 r-xp 00000000 08:01 399633                     /lib/x86_64-linux-gnu/libm-2.27.so
7f5eb31c2000-7f5eb33c1000 ---p 0019d000 08:01 399633                     /lib/x86_64-linux-gnu/libm-2.27.so
7f5eb33c1000-7f5eb33c2000 r--p 0019c000 08:01 399633                     /lib/x86_64-linux-gnu/libm-2.27.so
7f5eb33c2000-7f5eb33c3000 rw-p 0019d000 08:01 399633                     /lib/x86_64-linux-gnu/libm-2.27.so
7f5eb33c3000-7f5eb353c000 r-xp 00000000 08:01 665875                     /usr/lib/x86_64-linux-gnu/libstdc++.so.6.0.25
7f5eb353c000-7f5eb373c000 ---p 00179000 08:01 665875                     /usr/lib/x86_64-linux-gnu/libstdc++.so.6.0.25
7f5eb373c000-7f5eb3746000 r--p 00179000 08:01 665875                     /usr/lib/x86_64-linux-gnu/libstdc++.so.6.0.25
7f5eb3746000-7f5eb3748000 rw-p 00183000 08:01 665875                     /usr/lib/x86_64-linux-gnu/libstdc++.so.6.0.25
7f5eb3748000-7f5eb374c000 rw-p 00000000 00:00 0 
7f5eb374c000-7f5eb4829000 r-xp 00000000 08:01 551294                     /usr/lib/jvm/java-11-openjdk-amd64/lib/server/libjvm.so
7f5eb4829000-7f5eb4a28000 ---p 010dd000 08:01 551294                     /usr/lib/jvm/java-11-openjdk-amd64/lib/server/libjvm.so
7f5eb4a28000-7f5eb4ae5000 r--p 010dc000 08:01 551294                     /usr/lib/jvm/java-11-openjdk-amd64/lib/server/libjvm.so
7f5eb4ae5000-7f5eb4b1f000 rw-p 01199000 08:01 551294                     /usr/lib/jvm/java-11-openjdk-amd64/lib/server/libjvm.so
7f5eb4b1f000-7f5eb4b75000 rw-p 00000000 00:00 0 
7f5eb4b75000-7f5eb4b8f000 r-xp 00000000 08:01 399703                     /lib/x86_64-linux-gnu/libpthread-2.27.so
7f5eb4b8f000-7f5eb4d8e000 ---p 0001a000 08:01 399703                     /lib/x86_64-linux-gnu/libpthread-2.27.so
7f5eb4d8e000-7f5eb4d8f000 r--p 00019000 08:01 399703                     /lib/x86_64-linux-gnu/libpthread-2.27.so
7f5eb4d8f000-7f5eb4d90000 rw-p 0001a000 08:01 399703                     /lib/x86_64-linux-gnu/libpthread-2.27.so
7f5eb4d90000-7f5eb4d94000 rw-p 00000000 00:00 0 
7f5eb4d94000-7f5eb4d97000 r-xp 00000000 08:01 399593                     /lib/x86_64-linux-gnu/libdl-2.27.so
7f5eb4d97000-7f5eb4f96000 ---p 00003000 08:01 399593                     /lib/x86_64-linux-gnu/libdl-2.27.so
7f5eb4f96000-7f5eb4f97000 r--p 00002000 08:01 399593                     /lib/x86_64-linux-gnu/libdl-2.27.so
7f5eb4f97000-7f5eb4f98000 rw-p 00003000 08:01 399593                     /lib/x86_64-linux-gnu/libdl-2.27.so
7f5eb4f98000-7f5eb4fb4000 r-xp 00000000 08:01 399742                     /lib/x86_64-linux-gnu/libz.so.1.2.11
7f5eb4fb4000-7f5eb51b3000 ---p 0001c000 08:01 399742                     /lib/x86_64-linux-gnu/libz.so.1.2.11
7f5eb51b3000-7f5eb51b4000 r--p 0001b000 08:01 399742                     /lib/x86_64-linux-gnu/libz.so.1.2.11
7f5eb51b4000-7f5eb51b5000 rw-p 0001c000 08:01 399742                     /lib/x86_64-linux-gnu/libz.so.1.2.11
7f5eb51b5000-7f5eb539c000 r-xp 00000000 08:01 399570                     /lib/x86_64-linux-gnu/libc-2.27.so
7f5eb539c000-7f5eb559c000 ---p 001e7000 08:01 399570                     /lib/x86_64-linux-gnu/libc-2.27.so
7f5eb559c000-7f5eb55a0000 r--p 001e7000 08:01 399570                     /lib/x86_64-linux-gnu/libc-2.27.so
7f5eb55a0000-7f5eb55a2000 rw-p 001eb000 08:01 399570                     /lib/x86_64-linux-gnu/libc-2.27.so
7f5eb55a2000-7f5eb55a6000 rw-p 00000000 00:00 0 
7f5eb55a6000-7f5eb55b6000 r-xp 00000000 08:01 551251                     /usr/lib/jvm/java-11-openjdk-amd64/lib/jli/libjli.so
7f5eb55b6000-7f5eb57b5000 ---p 00010000 08:01 551251                     /usr/lib/jvm/java-11-openjdk-amd64/lib/jli/libjli.so
7f5eb57b5000-7f5eb57b6000 r--p 0000f000 08:01 551251                     /usr/lib/jvm/java-11-openjdk-amd64/lib/jli/libjli.so
7f5eb57b6000-7f5eb57b7000 rw-p 00010000 08:01 551251                     /usr/lib/jvm/java-11-openjdk-amd64/lib/jli/libjli.so
7f5eb57b7000-7f5eb57de000 r-xp 00000000 08:01 399542                     /lib/x86_64-linux-gnu/ld-2.27.so
7f5eb57f1000-7f5eb581d000 rw-p 00000000 00:00 0 
7f5eb581d000-7f5eb58b9000 ---p 00000000 00:00 0 
7f5eb58b9000-7f5eb58be000 rw-p 00000000 00:00 0 
7f5eb58be000-7f5eb58c5000 ---p 00000000 00:00 0 
7f5eb58c5000-7f5eb58c9000 ---p 00000000 00:00 0 
7f5eb58c9000-7f5eb59c8000 rw-p 00000000 00:00 0 
7f5eb59d0000-7f5eb59d2000 r--s 00007000 08:01 551452                     /usr/share/java/java-atk-wrapper.jar
7f5eb59d2000-7f5eb59da000 rw-s 00000000 08:01 1049051                    /tmp/hsperfdata_yiyun/14420
7f5eb59da000-7f5eb59db000 ---p 00000000 00:00 0 
7f5eb59db000-7f5eb59dc000 r--p 00000000 00:00 0 
7f5eb59dc000-7f5eb59de000 rw-p 00000000 00:00 0 
7f5eb59de000-7f5eb59df000 r--p 00027000 08:01 399542                     /lib/x86_64-linux-gnu/ld-2.27.so
7f5eb59df000-7f5eb59e0000 rw-p 00028000 08:01 399542                     /lib/x86_64-linux-gnu/ld-2.27.so
7f5eb59e0000-7f5eb59e1000 rw-p 00000000 00:00 0 
7ffd3039b000-7ffd303bc000 rw-p 00000000 00:00 0                          [stack]
7ffd303ed000-7ffd303f0000 r--p 00000000 00:00 0                          [vvar]
7ffd303f0000-7ffd303f1000 r-xp 00000000 00:00 0                          [vdso]
ffffffffff600000-ffffffffff601000 r-xp 00000000 00:00 0                  [vsyscall]


VM Arguments:
jvm_args: -Xverify:none 
java_command: Main
java_class_path (initial): .
Launcher Type: SUN_STANDARD

[Global flags]
     bool BytecodeVerificationLocal                = false                                     {product} {command line}
     bool BytecodeVerificationRemote               = false                                     {product} {command line}
     intx CICompilerCount                          = 2                                         {product} {ergonomic}
   size_t InitialHeapSize                          = 33554432                                  {product} {ergonomic}
   size_t MaxHeapSize                              = 522190848                                 {product} {ergonomic}
   size_t MaxNewSize                               = 174063616                                 {product} {ergonomic}
   size_t MinHeapDeltaBytes                        = 196608                                    {product} {ergonomic}
   size_t NewSize                                  = 11141120                                  {product} {ergonomic}
    uintx NonNMethodCodeHeapSize                   = 5825164                                {pd product} {ergonomic}
    uintx NonProfiledCodeHeapSize                  = 122916538                              {pd product} {ergonomic}
   size_t OldSize                                  = 22413312                                  {product} {ergonomic}
    uintx ProfiledCodeHeapSize                     = 122916538                              {pd product} {ergonomic}
    uintx ReservedCodeCacheSize                    = 251658240                              {pd product} {ergonomic}
     bool SegmentedCodeCache                       = true                                      {product} {ergonomic}
     bool UseCompressedClassPointers               = true                                 {lp64_product} {ergonomic}
     bool UseCompressedOops                        = true                                 {lp64_product} {ergonomic}
     bool UseSerialGC                              = true                                      {product} {ergonomic}

Logging:
Log output configuration:
 #0: stdout all=warning uptime,level,tags
 #1: stderr all=off uptime,level,tags

Environment Variables:
PATH=/home/yiyun/.local/bin:/usr/local/sbin:/usr/local/bin:/usr/sbin:/usr/bin:/sbin:/bin:/usr/games:/usr/local/games:/snap/bin
USERNAME=yiyun
SHELL=/bin/bash
DISPLAY=:0

Signal Handlers:
SIGSEGV: [libjvm.so+0xdf8d00], sa_mask[0]=11111111011111111101111111111110, sa_flags=SA_RESTART|SA_SIGINFO
SIGBUS: [libjvm.so+0xdf8d00], sa_mask[0]=11111111011111111101111111111110, sa_flags=SA_RESTART|SA_SIGINFO
SIGFPE: [libjvm.so+0xdf8d00], sa_mask[0]=11111111011111111101111111111110, sa_flags=SA_RESTART|SA_SIGINFO
SIGPIPE: [libjvm.so+0xbcbc30], sa_mask[0]=11111111011111111101111111111110, sa_flags=SA_RESTART|SA_SIGINFO
SIGXFSZ: [libjvm.so+0xbcbc30], sa_mask[0]=11111111011111111101111111111110, sa_flags=SA_RESTART|SA_SIGINFO
SIGILL: [libjvm.so+0xdf8d00], sa_mask[0]=11111111011111111101111111111110, sa_flags=SA_RESTART|SA_SIGINFO
SIGUSR2: [libjvm.so+0xbcbad0], sa_mask[0]=00000000000000000000000000000000, sa_flags=SA_RESTART|SA_SIGINFO
SIGHUP: [libjvm.so+0xbcbe30], sa_mask[0]=11111111011111111101111111111110, sa_flags=SA_RESTART|SA_SIGINFO
SIGINT: [libjvm.so+0xbcbe30], sa_mask[0]=11111111011111111101111111111110, sa_flags=SA_RESTART|SA_SIGINFO
SIGTERM: [libjvm.so+0xbcbe30], sa_mask[0]=11111111011111111101111111111110, sa_flags=SA_RESTART|SA_SIGINFO
SIGQUIT: [libjvm.so+0xbcbe30], sa_mask[0]=11111111011111111101111111111110, sa_flags=SA_RESTART|SA_SIGINFO


---------------  S Y S T E M  ---------------

OS:DISTRIB_ID=Ubuntu
DISTRIB_RELEASE=18.04
DISTRIB_CODENAME=bionic
DISTRIB_DESCRIPTION="Ubuntu 18.04.3 LTS"
uname:Linux 5.0.0-36-generic #39~18.04.1-Ubuntu SMP Tue Nov 12 11:09:50 UTC 2019 x86_64
OS uptime: 0 days 6:28 hours
libc:glibc 2.27 NPTL 2.27 
rlimit: STACK 8192k, CORE 0k, NPROC 7775, NOFILE 4096, AS infinity, CPU infinity, DATA infinity, FSIZE infinity
load average:1.22 1.38 2.04

/proc/meminfo:
MemTotal:        2038764 kB
MemFree:          160732 kB
MemAvailable:     518204 kB
Buffers:           17780 kB
Cached:           506296 kB
SwapCached:        53848 kB
Active:          1187648 kB
Inactive:         457680 kB
Active(anon):     853920 kB
Inactive(anon):   327052 kB
Active(file):     333728 kB
Inactive(file):   130628 kB
Unevictable:          16 kB
Mlocked:              16 kB
SwapTotal:        969960 kB
SwapFree:         586472 kB
Dirty:                80 kB
Writeback:             0 kB
AnonPages:       1113688 kB
Mapped:           201288 kB
Shmem:             63144 kB
KReclaimable:      49420 kB
Slab:              89640 kB
SReclaimable:      49420 kB
SUnreclaim:        40220 kB
KernelStack:       10528 kB
PageTables:        52924 kB
NFS_Unstable:          0 kB
Bounce:                0 kB
WritebackTmp:          0 kB
CommitLimit:     1989340 kB
Committed_AS:    6459148 kB
VmallocTotal:   34359738367 kB
VmallocUsed:           0 kB
VmallocChunk:          0 kB
Percpu:              304 kB
HardwareCorrupted:     0 kB
AnonHugePages:         0 kB
ShmemHugePages:        0 kB
ShmemPmdMapped:        0 kB
CmaTotal:              0 kB
CmaFree:               0 kB
HugePages_Total:       0
HugePages_Free:        0
HugePages_Rsvd:        0
HugePages_Surp:        0
Hugepagesize:       2048 kB
Hugetlb:               0 kB
DirectMap4k:      155584 kB
DirectMap2M:     1941504 kB


/proc/sys/kernel/threads-max (system-wide limit on the number of threads):
15550


/proc/sys/vm/max_map_count (maximum number of memory map areas a process may have):
65530


/proc/sys/kernel/pid_max (system-wide limit on number of process identifiers):
32768



container (cgroup) information:
container_type: cgroupv1
cpu_cpuset_cpus: 0
cpu_memory_nodes: 0
active_processor_count: 1
cpu_quota: -1
cpu_period: 100000
cpu_shares: -1
memory_limit_in_bytes: -1
memory_and_swap_limit_in_bytes: -2
memory_soft_limit_in_bytes: -1
memory_usage_in_bytes: 1678286848
memory_max_usage_in_bytes: 28061696

KVM virtualization detected
Steal ticks since vm start: 0
Steal ticks percentage since vm start:  0.000

CPU:total 1 (initial active 1) (1 cores per cpu, 1 threads per core) family 6 model 142 stepping 11, cmov, cx8, fxsr, mmx, sse, sse2, sse3, ssse3, sse4.1, sse4.2, popcnt, avx, avx2, aes, clmul, 3dnowpref, lzcnt, tsc, tscinvbit
CPU Model and flags from /proc/cpuinfo:
model name	: Intel(R) Core(TM) i5-8265U CPU @ 1.60GHz
flags		: fpu vme de pse tsc msr pae mce cx8 apic sep mtrr pge mca cmov pat pse36 clflush mmx fxsr sse sse2 ht syscall nx rdtscp lm constant_tsc rep_good nopl xtopology nonstop_tsc cpuid tsc_known_freq pni pclmulqdq monitor ssse3 cx16 pcid sse4_1 sse4_2 x2apic movbe popcnt aes xsave avx rdrand hypervisor lahf_lm abm 3dnowprefetch invpcid_single fsgsbase avx2 invpcid rdseed clflushopt flush_l1d arch_capabilities

Memory: 4k page, physical 2038764k(160732k free), swap 969960k(586472k free)

vm_info: OpenJDK 64-Bit Server VM (11.0.7+10-post-Ubuntu-2ubuntu218.04) for linux-amd64 JRE (11.0.7+10-post-Ubuntu-2ubuntu218.04), built on Apr 15 2020 21:12:54 by "unknown" with gcc 7.5.0

END.
