#
# A fatal error has been detected by the Java Runtime Environment:
#
#  SIGSEGV (0xb) at pc=0x00007ff8eee0ec7d, pid=8334, tid=8335
#
# JRE version: OpenJDK Runtime Environment (11.0.7+10) (build 11.0.7+10-post-Ubuntu-2ubuntu218.04)
# Java VM: OpenJDK 64-Bit Server VM (11.0.7+10-post-Ubuntu-2ubuntu218.04, mixed mode, sharing, tiered, compressed oops, serial gc, linux-amd64)
# Problematic frame:
# V  [libjvm.so+0x847c7d]
#
# Core dump will be written. Default location: Core dumps may be processed with "/usr/share/apport/apport %p %s %c %d %P %E" (or dumping to /home/yiyun/Compiler_Jasmin/Compiler_StudentID_HW3/core.8334)
#
# If you would like to submit a bug report, please visit:
#   https://bugs.launchpad.net/ubuntu/+source/openjdk-lts
#

---------------  S U M M A R Y ------------

Command Line: -Xverify:none Main

Host: Intel(R) Core(TM) i5-8265U CPU @ 1.60GHz, 1 cores, 1G, Ubuntu 18.04.3 LTS
Time: Wed May 27 23:14:53 2020 CST elapsed time: 0 seconds (0d 0h 0m 0s)

---------------  T H R E A D  ---------------

Current thread (0x00007ff8e8015800):  JavaThread "main" [_thread_in_vm, id=8335, stack(0x00007ff8f0740000,0x00007ff8f0841000)]

Stack: [0x00007ff8f0740000,0x00007ff8f0841000],  sp=0x00007ff8d0929099,  free space=18014398508959652k
Native frames: (J=compiled Java code, A=aot compiled Java code, j=interpreted, Vv=VM code, C=native code)
V  [libjvm.so+0x847c7d]

Java frames: (J=compiled Java code, j=interpreted, Vv=VM code)
j  Main.main([Ljava/lang/String;)V+35
v  ~StubRoutines::call_stub

siginfo: si_signo: 11 (SIGSEGV), si_code: 128 (SI_KERNEL), si_addr: 0x0000000000000000

Register to memory mapping:

RAX=
[timeout occurred during error reporting in step "printing register info"] after 30 s.
Registers:
RAX=0x00007ff8d0929139, RBX=0x00007ff8e8015800, RCX=0x0000000000000007, RDX=0x0000000000000000
RSP=0x00007ff8d0929099, RBP=0x00007ff8d0929229, RSI=0x00007ff8d091a047, RDI=0x00007ff8d0915490
R8 =0x00007ff8d090d000, R9 =0x0000000000000000, R10=0x0000000000000000, R11=0x00007ff8ef46ff54
R12=0x00000000e0eeca40, R13=0x00007ff8d050d233, R14=0x00007ff8f083f9f8, R15=0x00007ff8e8015800
RIP=0x00007ff8eee0ec7d, EFLAGS=0x0000000000010246, CSGSFS=0x002b000000000033, ERR=0x0000000000000000
  TRAPNO=0x000000000000000d

Top of Stack: (sp=0x00007ff8d0929099)
0x00007ff8d0929098:   0000032097894d00 007ff8e8015b2049
0x00007ff8d09290a8:   00033097894d0000 0000000000ba4900
0x00007ff8d09290b8:   032897894d000000 7f814977f8c50000
0x00007ff8d09290c8:   05840f0000000008 fffe46a8e9000000
0x00007ff8d09290d8:   c8758b4cc06d8b4c 

Instructions: (pc=0x00007ff8eee0ec7d)
0x00007ff8eee0eb7d:   89 ff 48 8b 88 68 03 00 00 e8 35 31 ec ff 4c 89
0x00007ff8eee0eb8d:   ef e8 5d 84 39 00 49 83 3e 00 4c 8b 95 58 ff ff
0x00007ff8eee0eb9d:   ff 74 1e 48 8b b5 50 ff ff ff 4c 89 d7 e8 c1 b5
0x00007ff8eee0ebad:   b8 ff 4c 89 f7 e8 09 a6 b8 ff 4c 8b 95 58 ff ff
0x00007ff8eee0ebbd:   ff 48 8b 85 68 ff ff ff 4d 89 72 10 49 89 42 18
0x00007ff8eee0ebcd:   48 8b 85 60 ff ff ff 49 89 42 20 e9 61 fd ff ff
0x00007ff8eee0ebdd:   0f 1f 00 4c 89 ff e8 98 df 44 00 e9 a4 fe ff ff
0x00007ff8eee0ebed:   90 66 90 55 48 8d 87 20 03 00 00 48 89 e5 41 57
0x00007ff8eee0ebfd:   41 56 41 55 41 54 49 89 f4 53 48 89 fe 48 89 fb
0x00007ff8eee0ec0d:   48 81 ec 68 01 00 00 c7 87 b8 03 00 00 06 00 00
0x00007ff8eee0ec1d:   00 48 89 c7 48 89 85 78 fe ff ff 48 c7 85 e8 fe
0x00007ff8eee0ec2d:   ff ff 00 00 00 00 48 c7 85 e0 fe ff ff 00 00 00
0x00007ff8eee0ec3d:   00 48 c7 85 08 ff ff ff 00 00 00 00 48 c7 85 00
0x00007ff8eee0ec4d:   ff ff ff 00 00 00 00 48 c7 85 f0 fe ff ff 00 00
0x00007ff8eee0ec5d:   00 00 c7 85 f8 fe ff ff 02 00 00 00 e8 62 fb ec
0x00007ff8eee0ec6d:   ff 48 8d bd 10 ff ff ff 48 89 de e8 63 f0 54 00
0x00007ff8eee0ec7d:   66 0f 6f 85 10 ff ff ff 48 8d bd b0 fe ff ff 4c
0x00007ff8eee0ec8d:   89 e2 48 89 de 0f 29 85 e0 fe ff ff 66 0f 6f 85
0x00007ff8eee0ec9d:   20 ff ff ff 0f 29 85 f0 fe ff ff 66 0f 6f 85 30
0x00007ff8eee0ecad:   ff ff ff 0f 29 85 00 ff ff ff e8 94 63 b8 ff 48
0x00007ff8eee0ecbd:   8d 85 e0 fe ff ff 48 89 c7 48 89 85 a0 fe ff ff
0x00007ff8eee0eccd:   e8 1e c2 ec ff 48 89 85 a8 fe ff ff 48 85 c0 49
0x00007ff8eee0ecdd:   89 c5 f3 0f 7e 85 a8 fe ff ff 48 89 9d a8 fe ff
0x00007ff8eee0eced:   ff 0f 16 85 a8 fe ff ff 0f 29 85 c0 fe ff ff 74
0x00007ff8eee0ecfd:   29 4c 8b b3 80 02 00 00 49 63 16 41 3b 56 04 0f
0x00007ff8eee0ed0d:   84 de 06 00 00 49 8b 46 18 8d 4a 01 41 89 0e 4c
0x00007ff8eee0ed1d:   89 2c d0 4c 8b ad c0 fe ff ff 49 8b 45 08 4c 8b
0x00007ff8eee0ed2d:   70 08 48 89 9d d8 fe ff ff 4d 85 f6 4c 89 b5 d0
0x00007ff8eee0ed3d:   fe ff ff 74 24 4c 8b ab 80 02 00 00 49 63 55 00
0x00007ff8eee0ed4d:   41 3b 55 04 0f 84 39 07 00 00 49 8b 45 18 8d 4a
0x00007ff8eee0ed5d:   01 41 89 4d 00 4c 89 34 d0 48 8b bd a0 fe ff ff
0x00007ff8eee0ed6d:   e8 ae c1 ec ff 41 89 c5 8b 83 50 04 00 00 85 c0 




---------------  P R O C E S S  ---------------

Threads class SMR info:
_java_thread_list=0x00007ff8e80aa730, length=9, elements={
0x00007ff8e8015800, 0x00007ff8e8051000, 0x00007ff8e8053000, 0x00007ff8e805a000,
0x00007ff8e805c800, 0x00007ff8e805e800, 0x00007ff8e8060800, 0x00007ff8e80a3000,
0x00007ff8e80a9000
}

Java Threads: ( => current thread )
=>0x00007ff8e8015800 JavaThread "main" [_thread_in_vm, id=8335, stack(0x00007ff8f0740000,0x00007ff8f0841000)]
  0x00007ff8e8051000 JavaThread "Reference Handler" daemon [_thread_blocked, id=8337, stack(0x00007ff8ec3fe000,0x00007ff8ec4ff000)]
  0x00007ff8e8053000 JavaThread "Finalizer" daemon [_thread_blocked, id=8338, stack(0x00007ff8ec2fd000,0x00007ff8ec3fe000)]
  0x00007ff8e805a000 JavaThread "Signal Dispatcher" daemon [_thread_blocked, id=8339, stack(0x00007ff8ec1fc000,0x00007ff8ec2fd000)]
  0x00007ff8e805c800 JavaThread "C2 CompilerThread0" daemon [_thread_blocked, id=8340, stack(0x00007ff8ec0fb000,0x00007ff8ec1fc000)]
  0x00007ff8e805e800 JavaThread "C1 CompilerThread0" daemon [_thread_blocked, id=8341, stack(0x00007ff8d000c000,0x00007ff8d010d000)]
  0x00007ff8e8060800 JavaThread "Sweeper thread" daemon [_thread_blocked, id=8342, stack(0x00007ff8c34e8000,0x00007ff8c35e9000)]
  0x00007ff8e80a3000 JavaThread "Service Thread" daemon [_thread_blocked, id=8343, stack(0x00007ff8c33e7000,0x00007ff8c34e8000)]
  0x00007ff8e80a9000 JavaThread "Common-Cleaner" daemon [_thread_blocked, id=8345, stack(0x00007ff8c31e4000,0x00007ff8c32e5000)]

Other Threads:
  0x00007ff8e804e000 VMThread "VM Thread" [stack: 0x00007ff8ec501000,0x00007ff8ec601000] [id=8336]
  0x00007ff8e80a5800 WatcherThread [stack: 0x00007ff8c32e7000,0x00007ff8c33e7000] [id=8344]

Threads with active compile tasks:

VM state:synchronizing (normal execution)

VM Mutex/Monitor currently owned by a thread:  ([mutex/lock_event])
[0x00007ff8e80118d0] Threads_lock - owner thread: 0x00007ff8e804e000

Heap address: 0x00000000e0e00000, size: 498 MB, Compressed Oops mode: 32-bit
Narrow klass base: 0x0000000800000000, Narrow klass shift: 3
Compressed class space size: 1073741824 Address: 0x0000000840000000

Heap:
 def new generation   total 9792K, used 1044K [0x00000000e0e00000, 0x00000000e18a0000, 0x00000000eb400000)
  eden space 8704K,  12% used [0x00000000e0e00000, 0x00000000e0f05318, 0x00000000e1680000)
  from space 1088K,   0% used [0x00000000e1680000, 0x00000000e1680000, 0x00000000e1790000)
  to   space 1088K,   0% used [0x00000000e1790000, 0x00000000e1790000, 0x00000000e18a0000)
 tenured generation   total 21888K, used 0K [0x00000000eb400000, 0x00000000ec960000, 0x0000000100000000)
   the space 21888K,   0% used [0x00000000eb400000, 0x00000000eb400000, 0x00000000eb400200, 0x00000000ec960000)
 Metaspace       used 179K, capacity 4486K, committed 4864K, reserved 1056768K
  class space    used 5K, capacity 386K, committed 512K, reserved 1048576K

Card table byte_map: [0x00007ff8ec726000,0x00007ff8ec820000] _byte_map_base: 0x00007ff8ec01f000

Polling page: 0x00007ff8f0855000

Metaspace:

Usage:
  Non-class:      4.00 MB capacity,   174.16 KB (  4%) used,     3.83 MB ( 96%) free+waste,   128 bytes ( <1%) overhead. 
      Class:    386.00 KB capacity,     5.67 KB (  1%) used,   380.20 KB ( 98%) free+waste,   128 bytes ( <1%) overhead. 
       Both:      4.38 MB capacity,   179.84 KB (  4%) used,     4.20 MB ( 96%) free+waste,   256 bytes ( <1%) overhead. 

Virtual space:
  Non-class space:        8.00 MB reserved,       4.25 MB ( 53%) committed 
      Class space:        1.00 GB reserved,     512.00 KB ( <1%) committed 
             Both:        1.01 GB reserved,       4.75 MB ( <1%) committed 

Chunk freelists:
   Non-Class:  0 bytes
       Class:  0 bytes
        Both:  0 bytes

MaxMetaspaceSize: unlimited
CompressedClassSpaceSize: 1.00 GB

CodeHeap 'non-profiled nmethods': size=120036Kb used=16Kb max_used=16Kb free=120019Kb
 bounds [0x00007ff8d83d4000, 0x00007ff8d8644000, 0x00007ff8df90d000]
CodeHeap 'profiled nmethods': size=120032Kb used=98Kb max_used=98Kb free=119934Kb
 bounds [0x00007ff8d0e9c000, 0x00007ff8d110c000, 0x00007ff8d83d4000]
CodeHeap 'non-nmethods': size=5692Kb used=987Kb max_used=999Kb free=4704Kb
 bounds [0x00007ff8d090d000, 0x00007ff8d0b7d000, 0x00007ff8d0e9c000]
 total_blobs=365 nmethods=70 adapters=155
 compilation: enabled
              stopped_count=0, restarted_count=0
 full_count=0

Compilation events (20 events):
Event: 0.524 Thread 0x00007ff8e805e800 nmethod 56 0x00007ff8d0eafa10 code [0x00007ff8d0eafc00, 0x00007ff8d0eb0108]
Event: 0.524 Thread 0x00007ff8e805e800   57       3       java.util.HashMap::newNode (13 bytes)
Event: 0.525 Thread 0x00007ff8e805e800 nmethod 57 0x00007ff8d0eb0290 code [0x00007ff8d0eb0460, 0x00007ff8d0eb0750]
Event: 0.525 Thread 0x00007ff8e805e800   58       3       java.util.HashMap::afterNodeInsertion (1 bytes)
Event: 0.525 Thread 0x00007ff8e805e800 nmethod 58 0x00007ff8d0eb0890 code [0x00007ff8d0eb0a40, 0x00007ff8d0eb0bb0]
Event: 0.528 Thread 0x00007ff8e805e800   59       3       java.lang.Math::min (11 bytes)
Event: 0.529 Thread 0x00007ff8e805e800 nmethod 59 0x00007ff8d0eb0c10 code [0x00007ff8d0eb0dc0, 0x00007ff8d0eb0f50]
Event: 0.530 Thread 0x00007ff8e805e800   60       3       java.util.HashMap::get (23 bytes)
Event: 0.531 Thread 0x00007ff8e805e800 nmethod 60 0x00007ff8d0eb1010 code [0x00007ff8d0eb1200, 0x00007ff8d0eb15b8]
Event: 0.533 Thread 0x00007ff8e805e800   61       3       java.util.HashMap::putVal (300 bytes)
Event: 0.603 Thread 0x00007ff8e805c800   69       4       java.lang.String::hashCode (49 bytes)
Event: 0.705 Thread 0x00007ff8e805e800 nmethod 61 0x00007ff8d0eb1710 code [0x00007ff8d0eb19c0, 0x00007ff8d0eb2bf8]
Event: 0.705 Thread 0x00007ff8e805e800   62       3       java.util.ImmutableCollections$Set12$1::hasNext (13 bytes)
Event: 0.706 Thread 0x00007ff8e805e800 nmethod 62 0x00007ff8d0eb3090 code [0x00007ff8d0eb3240, 0x00007ff8d0eb3410]
Event: 0.706 Thread 0x00007ff8e805e800   64       1       java.lang.module.ModuleDescriptor$Exports::source (5 bytes)
Event: 0.706 Thread 0x00007ff8e805e800 nmethod 64 0x00007ff8d83d6f90 code [0x00007ff8d83d7140, 0x00007ff8d83d7270]
Event: 0.706 Thread 0x00007ff8e805e800   66       3       java.util.HashSet::add (20 bytes)
Event: 0.715 Thread 0x00007ff8e805e800 nmethod 66 0x00007ff8d0eb3490 code [0x00007ff8d0eb3680, 0x00007ff8d0eb3b58]
Event: 0.715 Thread 0x00007ff8e805e800   63       3       java.lang.module.ResolvedModule::name (11 bytes)
Event: 0.716 Thread 0x00007ff8e805e800 nmethod 63 0x00007ff8d0eb3d10 code [0x00007ff8d0eb3ec0, 0x00007ff8d0eb40b0]

GC Heap History (0 events):
No events

Deoptimization events (0 events):
No events

Classes redefined (0 events):
No events

Internal exceptions (1 events):
Event: 0.717 Thread 0x00007ff8e8015800 Exception <a 'java/lang/IllegalMonitorStateException'{0x00000000e0eeca40}> (0x00000000e0eeca40) thrown at [./src/hotspot/share/interpreter/interpreterRuntime.cpp, line 810]

Events (20 events):
Event: 0.196 Thread 0x00007ff8e805e800 Thread added: 0x00007ff8e805e800
Event: 0.197 Protecting memory [0x00007ff8d000c000,0x00007ff8d0010000] with protection modes 0
Event: 0.198 Thread 0x00007ff8e8060800 Thread added: 0x00007ff8e8060800
Event: 0.205 Protecting memory [0x00007ff8c34e8000,0x00007ff8c34ec000] with protection modes 0
Event: 0.689 Thread 0x00007ff8e80a3000 Thread added: 0x00007ff8e80a3000
Event: 0.689 Executing VM operation: EnableBiasedLocking
Event: 0.691 Protecting memory [0x00007ff8c33e7000,0x00007ff8c33eb000] with protection modes 0
Event: 0.692 Executing VM operation: EnableBiasedLocking done
Event: 0.692 loading class jdk/internal/vm/PostVMInitHook
Event: 0.692 loading class jdk/internal/vm/PostVMInitHook done
Event: 0.694 loading class Main
Event: 0.694 loading class Main done
Event: 0.698 loading class jdk/internal/loader/URLClassPath$FileLoader
Event: 0.698 loading class jdk/internal/loader/URLClassPath$FileLoader done
Event: 0.700 loading class jdk/internal/loader/URLClassPath$FileLoader$1
Event: 0.700 loading class jdk/internal/loader/URLClassPath$FileLoader$1 done
Event: 0.707 Thread 0x00007ff8e80a9000 Thread added: 0x00007ff8e80a9000
Event: 0.709 Protecting memory [0x00007ff8c31e4000,0x00007ff8c31e8000] with protection modes 0
Event: 0.709 Executing VM operation: RevokeBias
Event: 0.709 Executing VM operation: RevokeBias done


Dynamic libraries:
e0e00000-e18a0000 rw-p 00000000 00:00 0 
e18a0000-eb400000 ---p 00000000 00:00 0 
eb400000-ec960000 rw-p 00000000 00:00 0 
ec960000-100000000 ---p 00000000 00:00 0 
800000000-800002000 rwxp 00001000 08:01 551457                           /usr/lib/jvm/java-11-openjdk-amd64/lib/server/classes.jsa
800002000-8003b8000 rw-p 00003000 08:01 551457                           /usr/lib/jvm/java-11-openjdk-amd64/lib/server/classes.jsa
8003b8000-800a7f000 r--p 003b9000 08:01 551457                           /usr/lib/jvm/java-11-openjdk-amd64/lib/server/classes.jsa
800a7f000-800a80000 rw-p 00a80000 08:01 551457                           /usr/lib/jvm/java-11-openjdk-amd64/lib/server/classes.jsa
800a80000-80108c000 r--p 00a81000 08:01 551457                           /usr/lib/jvm/java-11-openjdk-amd64/lib/server/classes.jsa
840000000-840080000 rw-p 00000000 00:00 0 
840080000-880000000 ---p 00000000 00:00 0 
55d860695000-55d860696000 r-xp 00000000 08:01 551084                     /usr/lib/jvm/java-11-openjdk-amd64/bin/java
55d860896000-55d860897000 r--p 00001000 08:01 551084                     /usr/lib/jvm/java-11-openjdk-amd64/bin/java
55d860897000-55d860898000 rw-p 00002000 08:01 551084                     /usr/lib/jvm/java-11-openjdk-amd64/bin/java
55d860bbe000-55d860bdf000 rw-p 00000000 00:00 0                          [heap]
7ff8ac000000-7ff8ac021000 rw-p 00000000 00:00 0 
7ff8ac021000-7ff8b0000000 ---p 00000000 00:00 0 
7ff8b4000000-7ff8b406e000 rw-p 00000000 00:00 0 
7ff8b406e000-7ff8b8000000 ---p 00000000 00:00 0 
7ff8b8000000-7ff8b80d0000 rw-p 00000000 00:00 0 
7ff8b80d0000-7ff8bc000000 ---p 00000000 00:00 0 
7ff8bc000000-7ff8bc021000 rw-p 00000000 00:00 0 
7ff8bc021000-7ff8c0000000 ---p 00000000 00:00 0 
7ff8c31e4000-7ff8c31e8000 ---p 00000000 00:00 0 
7ff8c31e8000-7ff8c32e5000 rw-p 00000000 00:00 0 
7ff8c32e5000-7ff8c32e6000 ---p 00000000 00:00 0 
7ff8c32e6000-7ff8c33e7000 rw-p 00000000 00:00 0 
7ff8c33e7000-7ff8c33eb000 ---p 00000000 00:00 0 
7ff8c33eb000-7ff8c34e8000 rw-p 00000000 00:00 0 
7ff8c34e8000-7ff8c34ec000 ---p 00000000 00:00 0 
7ff8c34ec000-7ff8c35e9000 rw-p 00000000 00:00 0 
7ff8c35e9000-7ff8c4000000 r--p 00000000 08:01 660771                     /usr/lib/locale/locale-archive
7ff8c4000000-7ff8c4021000 rw-p 00000000 00:00 0 
7ff8c4021000-7ff8c8000000 ---p 00000000 00:00 0 
7ff8c8000000-7ff8c8021000 rw-p 00000000 00:00 0 
7ff8c8021000-7ff8cc000000 ---p 00000000 00:00 0 
7ff8cc000000-7ff8cc021000 rw-p 00000000 00:00 0 
7ff8cc021000-7ff8d0000000 ---p 00000000 00:00 0 
7ff8d000c000-7ff8d0010000 ---p 00000000 00:00 0 
7ff8d0010000-7ff8d054d000 rw-p 00000000 00:00 0 
7ff8d054d000-7ff8d090d000 ---p 00000000 00:00 0 
7ff8d090d000-7ff8d0b7d000 rwxp 00000000 00:00 0 
7ff8d0b7d000-7ff8d0e9c000 ---p 00000000 00:00 0 
7ff8d0e9c000-7ff8d110c000 rwxp 00000000 00:00 0 
7ff8d110c000-7ff8d83d4000 ---p 00000000 00:00 0 
7ff8d83d4000-7ff8d8644000 rwxp 00000000 00:00 0 
7ff8d8644000-7ff8df90d000 ---p 00000000 00:00 0 
7ff8df90d000-7ff8e8000000 r--s 00000000 08:01 551289                     /usr/lib/jvm/java-11-openjdk-amd64/lib/modules
7ff8e8000000-7ff8e80b6000 rw-p 00000000 00:00 0 
7ff8e80b6000-7ff8ec000000 ---p 00000000 00:00 0 
7ff8ec0fb000-7ff8ec0ff000 ---p 00000000 00:00 0 
7ff8ec0ff000-7ff8ec1fc000 rw-p 00000000 00:00 0 
7ff8ec1fc000-7ff8ec200000 ---p 00000000 00:00 0 
7ff8ec200000-7ff8ec2fd000 rw-p 00000000 00:00 0 
7ff8ec2fd000-7ff8ec301000 ---p 00000000 00:00 0 
7ff8ec301000-7ff8ec3fe000 rw-p 00000000 00:00 0 
7ff8ec3fe000-7ff8ec402000 ---p 00000000 00:00 0 
7ff8ec402000-7ff8ec4ff000 rw-p 00000000 00:00 0 
7ff8ec4ff000-7ff8ec500000 ---p 00000000 00:00 0 
7ff8ec500000-7ff8ec72c000 rw-p 00000000 00:00 0 
7ff8ec72c000-7ff8ec779000 ---p 00000000 00:00 0 
7ff8ec779000-7ff8ec784000 rw-p 00000000 00:00 0 
7ff8ec784000-7ff8ec81f000 ---p 00000000 00:00 0 
7ff8ec81f000-7ff8ec825000 rw-p 00000000 00:00 0 
7ff8ec825000-7ff8ec90b000 ---p 00000000 00:00 0 
7ff8ec90b000-7ff8ec910000 rw-p 00000000 00:00 0 
7ff8ec910000-7ff8ec9f6000 ---p 00000000 00:00 0 
7ff8ec9f6000-7ff8ec9fb000 r-xp 00000000 08:01 551271                     /usr/lib/jvm/java-11-openjdk-amd64/lib/libjimage.so
7ff8ec9fb000-7ff8ecbfa000 ---p 00005000 08:01 551271                     /usr/lib/jvm/java-11-openjdk-amd64/lib/libjimage.so
7ff8ecbfa000-7ff8ecbfb000 r--p 00004000 08:01 551271                     /usr/lib/jvm/java-11-openjdk-amd64/lib/libjimage.so
7ff8ecbfb000-7ff8ecbfc000 rw-p 00005000 08:01 551271                     /usr/lib/jvm/java-11-openjdk-amd64/lib/libjimage.so
7ff8ecbfc000-7ff8ecc03000 r-xp 00000000 08:01 551288                     /usr/lib/jvm/java-11-openjdk-amd64/lib/libzip.so
7ff8ecc03000-7ff8ece02000 ---p 00007000 08:01 551288                     /usr/lib/jvm/java-11-openjdk-amd64/lib/libzip.so
7ff8ece02000-7ff8ece03000 r--p 00006000 08:01 551288                     /usr/lib/jvm/java-11-openjdk-amd64/lib/libzip.so
7ff8ece03000-7ff8ece04000 rw-p 00007000 08:01 551288                     /usr/lib/jvm/java-11-openjdk-amd64/lib/libzip.so
7ff8ece04000-7ff8ece0f000 r-xp 00000000 08:01 399660                     /lib/x86_64-linux-gnu/libnss_files-2.27.so
7ff8ece0f000-7ff8ed00e000 ---p 0000b000 08:01 399660                     /lib/x86_64-linux-gnu/libnss_files-2.27.so
7ff8ed00e000-7ff8ed00f000 r--p 0000a000 08:01 399660                     /lib/x86_64-linux-gnu/libnss_files-2.27.so
7ff8ed00f000-7ff8ed010000 rw-p 0000b000 08:01 399660                     /lib/x86_64-linux-gnu/libnss_files-2.27.so
7ff8ed010000-7ff8ed016000 rw-p 00000000 00:00 0 
7ff8ed016000-7ff8ed02d000 r-xp 00000000 08:01 399654                     /lib/x86_64-linux-gnu/libnsl-2.27.so
7ff8ed02d000-7ff8ed22c000 ---p 00017000 08:01 399654                     /lib/x86_64-linux-gnu/libnsl-2.27.so
7ff8ed22c000-7ff8ed22d000 r--p 00016000 08:01 399654                     /lib/x86_64-linux-gnu/libnsl-2.27.so
7ff8ed22d000-7ff8ed22e000 rw-p 00017000 08:01 399654                     /lib/x86_64-linux-gnu/libnsl-2.27.so
7ff8ed22e000-7ff8ed230000 rw-p 00000000 00:00 0 
7ff8ed230000-7ff8ed23b000 r-xp 00000000 08:01 399671                     /lib/x86_64-linux-gnu/libnss_nis-2.27.so
7ff8ed23b000-7ff8ed43a000 ---p 0000b000 08:01 399671                     /lib/x86_64-linux-gnu/libnss_nis-2.27.so
7ff8ed43a000-7ff8ed43b000 r--p 0000a000 08:01 399671                     /lib/x86_64-linux-gnu/libnss_nis-2.27.so
7ff8ed43b000-7ff8ed43c000 rw-p 0000b000 08:01 399671                     /lib/x86_64-linux-gnu/libnss_nis-2.27.so
7ff8ed43c000-7ff8ed444000 r-xp 00000000 08:01 399656                     /lib/x86_64-linux-gnu/libnss_compat-2.27.so
7ff8ed444000-7ff8ed644000 ---p 00008000 08:01 399656                     /lib/x86_64-linux-gnu/libnss_compat-2.27.so
7ff8ed644000-7ff8ed645000 r--p 00008000 08:01 399656                     /lib/x86_64-linux-gnu/libnss_compat-2.27.so
7ff8ed645000-7ff8ed646000 rw-p 00009000 08:01 399656                     /lib/x86_64-linux-gnu/libnss_compat-2.27.so
7ff8ed646000-7ff8ed66f000 r-xp 00000000 08:01 551267                     /usr/lib/jvm/java-11-openjdk-amd64/lib/libjava.so
7ff8ed66f000-7ff8ed86e000 ---p 00029000 08:01 551267                     /usr/lib/jvm/java-11-openjdk-amd64/lib/libjava.so
7ff8ed86e000-7ff8ed86f000 r--p 00028000 08:01 551267                     /usr/lib/jvm/java-11-openjdk-amd64/lib/libjava.so
7ff8ed86f000-7ff8ed871000 rw-p 00029000 08:01 551267                     /usr/lib/jvm/java-11-openjdk-amd64/lib/libjava.so
7ff8ed871000-7ff8ed87e000 r-xp 00000000 08:01 551287                     /usr/lib/jvm/java-11-openjdk-amd64/lib/libverify.so
7ff8ed87e000-7ff8eda7d000 ---p 0000d000 08:01 551287                     /usr/lib/jvm/java-11-openjdk-amd64/lib/libverify.so
7ff8eda7d000-7ff8eda7f000 r--p 0000c000 08:01 551287                     /usr/lib/jvm/java-11-openjdk-amd64/lib/libverify.so
7ff8eda7f000-7ff8eda80000 rw-p 0000e000 08:01 551287                     /usr/lib/jvm/java-11-openjdk-amd64/lib/libverify.so
7ff8eda80000-7ff8eda87000 r-xp 00000000 08:01 399711                     /lib/x86_64-linux-gnu/librt-2.27.so
7ff8eda87000-7ff8edc86000 ---p 00007000 08:01 399711                     /lib/x86_64-linux-gnu/librt-2.27.so
7ff8edc86000-7ff8edc87000 r--p 00006000 08:01 399711                     /lib/x86_64-linux-gnu/librt-2.27.so
7ff8edc87000-7ff8edc88000 rw-p 00007000 08:01 399711                     /lib/x86_64-linux-gnu/librt-2.27.so
7ff8edc88000-7ff8edc9f000 r-xp 00000000 08:01 399607                     /lib/x86_64-linux-gnu/libgcc_s.so.1
7ff8edc9f000-7ff8ede9e000 ---p 00017000 08:01 399607                     /lib/x86_64-linux-gnu/libgcc_s.so.1
7ff8ede9e000-7ff8ede9f000 r--p 00016000 08:01 399607                     /lib/x86_64-linux-gnu/libgcc_s.so.1
7ff8ede9f000-7ff8edea0000 rw-p 00017000 08:01 399607                     /lib/x86_64-linux-gnu/libgcc_s.so.1
7ff8edea0000-7ff8ee03d000 r-xp 00000000 08:01 399633                     /lib/x86_64-linux-gnu/libm-2.27.so
7ff8ee03d000-7ff8ee23c000 ---p 0019d000 08:01 399633                     /lib/x86_64-linux-gnu/libm-2.27.so
7ff8ee23c000-7ff8ee23d000 r--p 0019c000 08:01 399633                     /lib/x86_64-linux-gnu/libm-2.27.so
7ff8ee23d000-7ff8ee23e000 rw-p 0019d000 08:01 399633                     /lib/x86_64-linux-gnu/libm-2.27.so
7ff8ee23e000-7ff8ee3b7000 r-xp 00000000 08:01 665875                     /usr/lib/x86_64-linux-gnu/libstdc++.so.6.0.25
7ff8ee3b7000-7ff8ee5b7000 ---p 00179000 08:01 665875                     /usr/lib/x86_64-linux-gnu/libstdc++.so.6.0.25
7ff8ee5b7000-7ff8ee5c1000 r--p 00179000 08:01 665875                     /usr/lib/x86_64-linux-gnu/libstdc++.so.6.0.25
7ff8ee5c1000-7ff8ee5c3000 rw-p 00183000 08:01 665875                     /usr/lib/x86_64-linux-gnu/libstdc++.so.6.0.25
7ff8ee5c3000-7ff8ee5c7000 rw-p 00000000 00:00 0 
7ff8ee5c7000-7ff8ef6a4000 r-xp 00000000 08:01 551294                     /usr/lib/jvm/java-11-openjdk-amd64/lib/server/libjvm.so
7ff8ef6a4000-7ff8ef8a3000 ---p 010dd000 08:01 551294                     /usr/lib/jvm/java-11-openjdk-amd64/lib/server/libjvm.so
7ff8ef8a3000-7ff8ef960000 r--p 010dc000 08:01 551294                     /usr/lib/jvm/java-11-openjdk-amd64/lib/server/libjvm.so
7ff8ef960000-7ff8ef99a000 rw-p 01199000 08:01 551294                     /usr/lib/jvm/java-11-openjdk-amd64/lib/server/libjvm.so
7ff8ef99a000-7ff8ef9f0000 rw-p 00000000 00:00 0 
7ff8ef9f0000-7ff8efa0a000 r-xp 00000000 08:01 399703                     /lib/x86_64-linux-gnu/libpthread-2.27.so
7ff8efa0a000-7ff8efc09000 ---p 0001a000 08:01 399703                     /lib/x86_64-linux-gnu/libpthread-2.27.so
7ff8efc09000-7ff8efc0a000 r--p 00019000 08:01 399703                     /lib/x86_64-linux-gnu/libpthread-2.27.so
7ff8efc0a000-7ff8efc0b000 rw-p 0001a000 08:01 399703                     /lib/x86_64-linux-gnu/libpthread-2.27.so
7ff8efc0b000-7ff8efc0f000 rw-p 00000000 00:00 0 
7ff8efc0f000-7ff8efc12000 r-xp 00000000 08:01 399593                     /lib/x86_64-linux-gnu/libdl-2.27.so
7ff8efc12000-7ff8efe11000 ---p 00003000 08:01 399593                     /lib/x86_64-linux-gnu/libdl-2.27.so
7ff8efe11000-7ff8efe12000 r--p 00002000 08:01 399593                     /lib/x86_64-linux-gnu/libdl-2.27.so
7ff8efe12000-7ff8efe13000 rw-p 00003000 08:01 399593                     /lib/x86_64-linux-gnu/libdl-2.27.so
7ff8efe13000-7ff8efe2f000 r-xp 00000000 08:01 399742                     /lib/x86_64-linux-gnu/libz.so.1.2.11
7ff8efe2f000-7ff8f002e000 ---p 0001c000 08:01 399742                     /lib/x86_64-linux-gnu/libz.so.1.2.11
7ff8f002e000-7ff8f002f000 r--p 0001b000 08:01 399742                     /lib/x86_64-linux-gnu/libz.so.1.2.11
7ff8f002f000-7ff8f0030000 rw-p 0001c000 08:01 399742                     /lib/x86_64-linux-gnu/libz.so.1.2.11
7ff8f0030000-7ff8f0217000 r-xp 00000000 08:01 399570                     /lib/x86_64-linux-gnu/libc-2.27.so
7ff8f0217000-7ff8f0417000 ---p 001e7000 08:01 399570                     /lib/x86_64-linux-gnu/libc-2.27.so
7ff8f0417000-7ff8f041b000 r--p 001e7000 08:01 399570                     /lib/x86_64-linux-gnu/libc-2.27.so
7ff8f041b000-7ff8f041d000 rw-p 001eb000 08:01 399570                     /lib/x86_64-linux-gnu/libc-2.27.so
7ff8f041d000-7ff8f0421000 rw-p 00000000 00:00 0 
7ff8f0421000-7ff8f0431000 r-xp 00000000 08:01 551251                     /usr/lib/jvm/java-11-openjdk-amd64/lib/jli/libjli.so
7ff8f0431000-7ff8f0630000 ---p 00010000 08:01 551251                     /usr/lib/jvm/java-11-openjdk-amd64/lib/jli/libjli.so
7ff8f0630000-7ff8f0631000 r--p 0000f000 08:01 551251                     /usr/lib/jvm/java-11-openjdk-amd64/lib/jli/libjli.so
7ff8f0631000-7ff8f0632000 rw-p 00010000 08:01 551251                     /usr/lib/jvm/java-11-openjdk-amd64/lib/jli/libjli.so
7ff8f0632000-7ff8f0659000 r-xp 00000000 08:01 399542                     /lib/x86_64-linux-gnu/ld-2.27.so
7ff8f066c000-7ff8f0698000 rw-p 00000000 00:00 0 
7ff8f0698000-7ff8f0734000 ---p 00000000 00:00 0 
7ff8f0734000-7ff8f0739000 rw-p 00000000 00:00 0 
7ff8f0739000-7ff8f0740000 ---p 00000000 00:00 0 
7ff8f0740000-7ff8f0744000 ---p 00000000 00:00 0 
7ff8f0744000-7ff8f0843000 rw-p 00000000 00:00 0 
7ff8f084b000-7ff8f084d000 r--s 00007000 08:01 551452                     /usr/share/java/java-atk-wrapper.jar
7ff8f084d000-7ff8f0855000 rw-s 00000000 08:01 1051043                    /tmp/hsperfdata_yiyun/8334
7ff8f0855000-7ff8f0856000 ---p 00000000 00:00 0 
7ff8f0856000-7ff8f0857000 r--p 00000000 00:00 0 
7ff8f0857000-7ff8f0859000 rw-p 00000000 00:00 0 
7ff8f0859000-7ff8f085a000 r--p 00027000 08:01 399542                     /lib/x86_64-linux-gnu/ld-2.27.so
7ff8f085a000-7ff8f085b000 rw-p 00028000 08:01 399542                     /lib/x86_64-linux-gnu/ld-2.27.so
7ff8f085b000-7ff8f085c000 rw-p 00000000 00:00 0 
7ffd5aaa2000-7ffd5aac3000 rw-p 00000000 00:00 0                          [stack]
7ffd5ab85000-7ffd5ab88000 r--p 00000000 00:00 0                          [vvar]
7ffd5ab88000-7ffd5ab89000 r-xp 00000000 00:00 0                          [vdso]
ffffffffff600000-ffffffffff601000 r-xp 00000000 00:00 0                  [vsyscall]


VM Arguments:
jvm_args: -Xverify:none 
java_command: Main
java_class_path (initial): .
Launcher Type: SUN_STANDARD

[Global flags]
     bool BytecodeVerificationLocal                = false                                     {product} {command line}
     bool BytecodeVerificationRemote               = false                                     {product} {command line}
     intx CICompilerCount                          = 2                                         {product} {ergonomic}
   size_t InitialHeapSize                          = 33554432                                  {product} {ergonomic}
   size_t MaxHeapSize                              = 522190848                                 {product} {ergonomic}
   size_t MaxNewSize                               = 174063616                                 {product} {ergonomic}
   size_t MinHeapDeltaBytes                        = 196608                                    {product} {ergonomic}
   size_t NewSize                                  = 11141120                                  {product} {ergonomic}
    uintx NonNMethodCodeHeapSize                   = 5825164                                {pd product} {ergonomic}
    uintx NonProfiledCodeHeapSize                  = 122916538                              {pd product} {ergonomic}
   size_t OldSize                                  = 22413312                                  {product} {ergonomic}
    uintx ProfiledCodeHeapSize                     = 122916538                              {pd product} {ergonomic}
    uintx ReservedCodeCacheSize                    = 251658240                              {pd product} {ergonomic}
     bool SegmentedCodeCache                       = true                                      {product} {ergonomic}
     bool UseCompressedClassPointers               = true                                 {lp64_product} {ergonomic}
     bool UseCompressedOops                        = true                                 {lp64_product} {ergonomic}
     bool UseSerialGC                              = true                                      {product} {ergonomic}

Logging:
Log output configuration:
 #0: stdout all=warning uptime,level,tags
 #1: stderr all=off uptime,level,tags

Environment Variables:
PATH=/home/yiyun/.local/bin:/usr/local/sbin:/usr/local/bin:/usr/sbin:/usr/bin:/sbin:/bin:/usr/games:/usr/local/games:/snap/bin
USERNAME=yiyun
SHELL=/bin/bash
DISPLAY=:0

Signal Handlers:
SIGSEGV: [libjvm.so+0xdf8d00], sa_mask[0]=11111111011111111101111111111110, sa_flags=SA_RESTART|SA_SIGINFO
SIGBUS: [libjvm.so+0xdf8d00], sa_mask[0]=11111111011111111101111111111110, sa_flags=SA_RESTART|SA_SIGINFO
SIGFPE: [libjvm.so+0xdf8d00], sa_mask[0]=11111111011111111101111111111110, sa_flags=SA_RESTART|SA_SIGINFO
SIGPIPE: [libjvm.so+0xbcbc30], sa_mask[0]=11111111011111111101111111111110, sa_flags=SA_RESTART|SA_SIGINFO
SIGXFSZ: [libjvm.so+0xbcbc30], sa_mask[0]=11111111011111111101111111111110, sa_flags=SA_RESTART|SA_SIGINFO
SIGILL: [libjvm.so+0xdf8d00], sa_mask[0]=11111111011111111101111111111110, sa_flags=SA_RESTART|SA_SIGINFO
SIGUSR2: [libjvm.so+0xbcbad0], sa_mask[0]=00000000000000000000000000000000, sa_flags=SA_RESTART|SA_SIGINFO
SIGHUP: [libjvm.so+0xbcbe30], sa_mask[0]=11111111011111111101111111111110, sa_flags=SA_RESTART|SA_SIGINFO
SIGINT: [libjvm.so+0xbcbe30], sa_mask[0]=11111111011111111101111111111110, sa_flags=SA_RESTART|SA_SIGINFO
SIGTERM: [libjvm.so+0xbcbe30], sa_mask[0]=11111111011111111101111111111110, sa_flags=SA_RESTART|SA_SIGINFO
SIGQUIT: [libjvm.so+0xbcbe30], sa_mask[0]=11111111011111111101111111111110, sa_flags=SA_RESTART|SA_SIGINFO


---------------  S Y S T E M  ---------------

OS:DISTRIB_ID=Ubuntu
DISTRIB_RELEASE=18.04
DISTRIB_CODENAME=bionic
DISTRIB_DESCRIPTION="Ubuntu 18.04.3 LTS"
uname:Linux 5.0.0-36-generic #39~18.04.1-Ubuntu SMP Tue Nov 12 11:09:50 UTC 2019 x86_64
OS uptime: 0 days 22:16 hours
libc:glibc 2.27 NPTL 2.27 
rlimit: STACK 8192k, CORE 0k, NPROC 7775, NOFILE 4096, AS infinity, CPU infinity, DATA infinity, FSIZE infinity
load average:3.36 1.80 1.29

/proc/meminfo:
MemTotal:        2038764 kB
MemFree:           76248 kB
MemAvailable:     396416 kB
Buffers:          141660 kB
Cached:           332832 kB
SwapCached:        47644 kB
Active:          1223960 kB
Inactive:         478240 kB
Active(anon):     961136 kB
Inactive(anon):   326616 kB
Active(file):     262824 kB
Inactive(file):   151624 kB
Unevictable:          16 kB
Mlocked:              16 kB
SwapTotal:        969960 kB
SwapFree:         469608 kB
Dirty:               236 kB
Writeback:             0 kB
AnonPages:       1226452 kB
Mapped:           206484 kB
Shmem:             67020 kB
KReclaimable:      74632 kB
Slab:             115808 kB
SReclaimable:      74632 kB
SUnreclaim:        41176 kB
KernelStack:       10560 kB
PageTables:        54000 kB
NFS_Unstable:          0 kB
Bounce:                0 kB
WritebackTmp:          0 kB
CommitLimit:     1989340 kB
Committed_AS:    6730128 kB
VmallocTotal:   34359738367 kB
VmallocUsed:           0 kB
VmallocChunk:          0 kB
Percpu:              304 kB
HardwareCorrupted:     0 kB
AnonHugePages:         0 kB
ShmemHugePages:        0 kB
ShmemPmdMapped:        0 kB
CmaTotal:              0 kB
CmaFree:               0 kB
HugePages_Total:       0
HugePages_Free:        0
HugePages_Rsvd:        0
HugePages_Surp:        0
Hugepagesize:       2048 kB
Hugetlb:               0 kB
DirectMap4k:      155584 kB
DirectMap2M:     1941504 kB


/proc/sys/kernel/threads-max (system-wide limit on the number of threads):
15550


/proc/sys/vm/max_map_count (maximum number of memory map areas a process may have):
65530


/proc/sys/kernel/pid_max (system-wide limit on number of process identifiers):
32768



container (cgroup) information:
container_type: cgroupv1
cpu_cpuset_cpus: 0
cpu_memory_nodes: 0
active_processor_count: 1
cpu_quota: -1
cpu_period: 100000
cpu_shares: -1
memory_limit_in_bytes: -1
memory_and_swap_limit_in_bytes: -2
memory_soft_limit_in_bytes: -1
memory_usage_in_bytes: 1742721024
memory_max_usage_in_bytes: 40153088

KVM virtualization detected
Steal ticks since vm start: 0
Steal ticks percentage since vm start:  0.000

CPU:total 1 (initial active 1) (1 cores per cpu, 1 threads per core) family 6 model 142 stepping 11, cmov, cx8, fxsr, mmx, sse, sse2, sse3, ssse3, sse4.1, sse4.2, popcnt, avx, avx2, aes, clmul, 3dnowpref, lzcnt, tsc, tscinvbit
CPU Model and flags from /proc/cpuinfo:
model name	: Intel(R) Core(TM) i5-8265U CPU @ 1.60GHz
flags		: fpu vme de pse tsc msr pae mce cx8 apic sep mtrr pge mca cmov pat pse36 clflush mmx fxsr sse sse2 ht syscall nx rdtscp lm constant_tsc rep_good nopl xtopology nonstop_tsc cpuid tsc_known_freq pni pclmulqdq monitor ssse3 cx16 pcid sse4_1 sse4_2 x2apic movbe popcnt aes xsave avx rdrand hypervisor lahf_lm abm 3dnowprefetch invpcid_single fsgsbase avx2 invpcid rdseed clflushopt flush_l1d arch_capabilities

Memory: 4k page, physical 2038764k(76248k free), swap 969960k(469608k free)

vm_info: OpenJDK 64-Bit Server VM (11.0.7+10-post-Ubuntu-2ubuntu218.04) for linux-amd64 JRE (11.0.7+10-post-Ubuntu-2ubuntu218.04), built on Apr 15 2020 21:12:54 by "unknown" with gcc 7.5.0

END.
