#
# A fatal error has been detected by the Java Runtime Environment:
#
#  SIGSEGV (0xb) at pc=0x00007f9dc3112104, pid=8264, tid=8265
#
# JRE version: OpenJDK Runtime Environment (11.0.7+10) (build 11.0.7+10-post-Ubuntu-2ubuntu218.04)
# Java VM: OpenJDK 64-Bit Server VM (11.0.7+10-post-Ubuntu-2ubuntu218.04, mixed mode, sharing, tiered, compressed oops, serial gc, linux-amd64)
# Problematic frame:
# V  [libjvm.so+0xa03104]
#
# Core dump will be written. Default location: Core dumps may be processed with "/usr/share/apport/apport %p %s %c %d %P %E" (or dumping to /home/yiyun/Compiler_Jasmin/Compiler_StudentID_HW3/core.8264)
#
# If you would like to submit a bug report, please visit:
#   https://bugs.launchpad.net/ubuntu/+source/openjdk-lts
#

---------------  S U M M A R Y ------------

Command Line: -Xverify:none Main

Host: Intel(R) Core(TM) i5-8265U CPU @ 1.60GHz, 1 cores, 1G, Ubuntu 18.04.3 LTS
Time: Wed May 27 23:14:14 2020 CST elapsed time: 0 seconds (0d 0h 0m 0s)

---------------  T H R E A D  ---------------

Current thread (0x00007f9dbc015800):  JavaThread "main" [_thread_in_vm, id=8265, stack(0x00007f9dc4888000,0x00007f9dc4989000)]

Stack: [0x00007f9dc4888000,0x00007f9dc4989000],  sp=0x00007f9dc49873a0,  free space=1020k
Native frames: (J=compiled Java code, A=aot compiled Java code, j=interpreted, Vv=VM code, C=native code)
V  [libjvm.so+0xa03104]
V  [libjvm.so+0xa3ba56]
V  [libjvm.so+0x843946]
V  [libjvm.so+0x84483d]
j  Main.main([Ljava/lang/String;)V+18
v  ~StubRoutines::call_stub
V  [libjvm.so+0x84e319]
V  [libjvm.so+0x8ca02d]
V  [libjvm.so+0x8cc4fe]
C  [libjli.so+0x5856]
C  [libjli.so+0x92cd]

Java frames: (J=compiled Java code, j=interpreted, Vv=VM code)
j  Main.main([Ljava/lang/String;)V+18
v  ~StubRoutines::call_stub

siginfo: si_signo: 11 (SIGSEGV), si_code: 1 (SEGV_MAPERR), si_addr: 0x0000000af8000ff8

Register to memory mapping:

RAX={method} {0x0000000800328c68} 'println' '(I)V' in 'java/io/PrintStream'
RBX=0x00007f9dc49875c0 is pointing into the stack for thread: 0x00007f9dbc015800
RCX=0x000000080095a4a8 is pointing into metadata
RDX=0x0 is NULL
RSP=0x00007f9dc49873a0 is pointing into the stack for thread: 0x00007f9dbc015800
RBP=0x00007f9dc4987430 is pointing into the stack for thread: 0x00007f9dbc015800
RSI=0x0000000000000013 is an unknown value
RDI=0x0000000af8000d90 is an unknown value
R8 =0x0000000af8000d90 is an unknown value
R9 =0x0000000000000001 is an unknown value
R10=0x00007f9dc4987480 is pointing into the stack for thread: 0x00007f9dbc015800
R11=0x000000080095b7f8 is pointing into metadata
R12=0x0000000000000001 is an unknown value
R13=0x0000000000000013 is an unknown value
R14=0x0 is NULL
R15=0x00007f9dbc015800 is a thread


Registers:
RAX=0x0000000800328c68, RBX=0x00007f9dc49875c0, RCX=0x000000080095a4a8, RDX=0x0000000000000000
RSP=0x00007f9dc49873a0, RBP=0x00007f9dc4987430, RSI=0x0000000000000013, RDI=0x0000000af8000d90
R8 =0x0000000af8000d90, R9 =0x0000000000000001, R10=0x00007f9dc4987480, R11=0x000000080095b7f8
R12=0x0000000000000001, R13=0x0000000000000013, R14=0x0000000000000000, R15=0x00007f9dbc015800
RIP=0x00007f9dc3112104, EFLAGS=0x0000000000010213, CSGSFS=0x002b000000000033, ERR=0x0000000000000004
  TRAPNO=0x000000000000000e

Top of Stack: (sp=0x00007f9dc49873a0)
0x00007f9dc49873a0:   00007f9dc4987430 00007f9dc314325b
0x00007f9dc49873b0:   00007f9dc4987440 00007f9dc2d55d47
0x00007f9dc49873c0:   00007f9dc49873f0 0000000800327920
0x00007f9dc49873d0:   0000000af8000d90 00007f9dc4987470 

Instructions: (pc=0x00007f9dc3112104)
0x00007f9dc3112004:   75 15 80 e6 04 48 8d 05 90 18 4d 00 48 8d 15 42
0x00007f9dc3112014:   fd 47 00 48 0f 44 c2 5d c3 90 66 90 55 48 81 c7
0x00007f9dc3112024:   c0 00 00 00 b8 01 00 00 00 48 89 e5 f0 0f c1 07
0x00007f9dc3112034:   83 c0 01 5d c3 90 66 0f 1f 44 00 00 48 8d 15 89
0x00007f9dc3112044:   66 9b 00 55 89 f8 48 89 e5 8b 4a 08 5d 48 d3 e0
0x00007f9dc3112054:   48 03 02 c3 0f 1f 84 00 00 00 00 00 40 f6 c7 07
0x00007f9dc3112064:   75 09 48 81 ff ff 0f 00 00 77 09 31 c0 c3 66 0f
0x00007f9dc3112074:   1f 44 00 00 55 48 89 e5 41 54 4c 8d a7 d0 00 00
0x00007f9dc3112084:   00 53 48 89 fb 4c 89 e6 e8 2f 20 1c 00 84 c0 75
0x00007f9dc3112094:   0b 5b 31 c0 41 5c 5d c3 0f 1f 40 00 4c 89 e6 48
0x00007f9dc31120a4:   89 df e8 65 54 13 00 84 c0 74 e6 48 8b 7b 18 e8
0x00007f9dc31120b4:   e8 49 33 00 84 c0 74 d9 48 8b bb 98 00 00 00 5b
0x00007f9dc31120c4:   41 5c 5d e9 94 9f b9 ff 0f 1f 40 00 8b 97 c4 00
0x00007f9dc31120d4:   00 00 55 48 89 f8 48 89 e5 5d 48 c1 e2 20 48 81
0x00007f9dc31120e4:   ca d0 01 00 00 c3 66 0f 1f 44 00 00 55 48 8d 87
0x00007f9dc31120f4:   d0 01 00 00 48 89 e5 5d c3 90 66 90 55 48 63 f6
0x00007f9dc3112104:   48 8b 84 f7 d0 01 00 00 48 89 e5 5d c3 90 0f 1f
0x00007f9dc3112114:   40 00 66 2e 0f 1f 84 00 00 00 00 00 55 b8 d0 01
0x00007f9dc3112124:   00 00 48 89 e5 5d c3 90 0f 1f 40 00 55 48 89 e5
0x00007f9dc3112134:   41 57 41 56 41 55 41 54 49 89 ff 53 41 89 f6 48
0x00007f9dc3112144:   83 ec 68 8b 47 08 89 55 98 85 c0 7e 0d f6 87 3a
0x00007f9dc3112154:   01 00 00 20 0f 85 b2 02 00 00 49 8b 7f 18 48 85
0x00007f9dc3112164:   ff 0f 84 95 01 00 00 e8 80 3b 33 00 48 89 c7 48
0x00007f9dc3112174:   89 45 90 e8 b4 9d 86 ff 48 8d 58 01 49 89 c4 41
0x00007f9dc3112184:   8b 47 08 4c 89 ff 3d 00 00 00 c0 7d 0a 49 8b bf
0x00007f9dc3112194:   f0 00 00 00 8b 47 08 85 c0 0f 8e 7d 01 00 00 48
0x00007f9dc31121a4:   8b 07 ff 90 88 00 00 00 48 8b 78 10 49 89 c5 48
0x00007f9dc31121b4:   85 ff 0f 84 2c 02 00 00 e8 bf 2d 33 00 48 89 c7
0x00007f9dc31121c4:   48 89 45 80 4c 8d 25 18 c2 4d 00 e8 5c 9d 86 ff
0x00007f9dc31121d4:   4c 89 ef 48 01 c3 e8 a1 e6 16 00 48 8d 0d a6 10
0x00007f9dc31121e4:   4b 00 84 c0 88 85 7f ff ff ff 48 89 4d a0 0f 85
0x00007f9dc31121f4:   c8 02 00 00 0f 1f 84 00 00 00 00 00 49 8b 87 98 


Stack slot to memory mapping:
stack at sp + 0 slots: 0x00007f9dc4987430 is pointing into the stack for thread: 0x00007f9dbc015800
stack at sp + 1 slots: 0x00007f9dc314325b: <offset 0x0000000000a3425b> in /usr/lib/jvm/java-11-openjdk-amd64/lib/server/libjvm.so at 0x00007f9dc270f000
stack at sp + 2 slots: 0x00007f9dc4987440 is pointing into the stack for thread: 0x00007f9dbc015800
stack at sp + 3 slots: 0x00007f9dc2d55d47: <offset 0x0000000000646d47> in /usr/lib/jvm/java-11-openjdk-amd64/lib/server/libjvm.so at 0x00007f9dc270f000
stack at sp + 4 slots: 0x00007f9dc49873f0 is pointing into the stack for thread: 0x00007f9dbc015800
stack at sp + 5 slots: 0x0000000800327920 is pointing into metadata
stack at sp + 6 slots: 0x0000000af8000d90 is an unknown value
stack at sp + 7 slots: 0x00007f9dc4987470 is pointing into the stack for thread: 0x00007f9dbc015800


---------------  P R O C E S S  ---------------

Threads class SMR info:
_java_thread_list=0x00007f9dbc0b6510, length=9, elements={
0x00007f9dbc015800, 0x00007f9dbc051000, 0x00007f9dbc053000, 0x00007f9dbc05a000,
0x00007f9dbc05c800, 0x00007f9dbc05e800, 0x00007f9dbc060800, 0x00007f9dbc0ab800,
0x00007f9dbc0b5000
}

Java Threads: ( => current thread )
=>0x00007f9dbc015800 JavaThread "main" [_thread_in_vm, id=8265, stack(0x00007f9dc4888000,0x00007f9dc4989000)]
  0x00007f9dbc051000 JavaThread "Reference Handler" daemon [_thread_blocked, id=8267, stack(0x00007f9da462e000,0x00007f9da472f000)]
  0x00007f9dbc053000 JavaThread "Finalizer" daemon [_thread_blocked, id=8268, stack(0x00007f9da452d000,0x00007f9da462e000)]
  0x00007f9dbc05a000 JavaThread "Signal Dispatcher" daemon [_thread_blocked, id=8269, stack(0x00007f9da442c000,0x00007f9da452d000)]
  0x00007f9dbc05c800 JavaThread "C2 CompilerThread0" daemon [_thread_blocked, id=8270, stack(0x00007f9da432b000,0x00007f9da442c000)]
  0x00007f9dbc05e800 JavaThread "C1 CompilerThread0" daemon [_thread_blocked, id=8271, stack(0x00007f9da422a000,0x00007f9da432b000)]
  0x00007f9dbc060800 JavaThread "Sweeper thread" daemon [_thread_blocked, id=8272, stack(0x00007f9da4129000,0x00007f9da422a000)]
  0x00007f9dbc0ab800 JavaThread "Service Thread" daemon [_thread_blocked, id=8273, stack(0x00007f9da4028000,0x00007f9da4129000)]
  0x00007f9dbc0b5000 JavaThread "Common-Cleaner" daemon [_thread_blocked, id=8275, stack(0x00007f9d973e6000,0x00007f9d974e7000)]

Other Threads:
  0x00007f9dbc04e000 VMThread "VM Thread" [stack: 0x00007f9da4731000,0x00007f9da4831000] [id=8266]
  0x00007f9dbc0ae000 WatcherThread [stack: 0x00007f9d974e9000,0x00007f9d975e9000] [id=8274]

Threads with active compile tasks:

VM state:not at safepoint (normal execution)

VM Mutex/Monitor currently owned by a thread: None

Heap address: 0x00000000e0e00000, size: 498 MB, Compressed Oops mode: 32-bit
Narrow klass base: 0x0000000800000000, Narrow klass shift: 3
Compressed class space size: 1073741824 Address: 0x0000000840000000

Heap:
 def new generation   total 9792K, used 871K [0x00000000e0e00000, 0x00000000e18a0000, 0x00000000eb400000)
  eden space 8704K,  10% used [0x00000000e0e00000, 0x00000000e0ed9c10, 0x00000000e1680000)
  from space 1088K,   0% used [0x00000000e1680000, 0x00000000e1680000, 0x00000000e1790000)
  to   space 1088K,   0% used [0x00000000e1790000, 0x00000000e1790000, 0x00000000e18a0000)
 tenured generation   total 21888K, used 0K [0x00000000eb400000, 0x00000000ec960000, 0x0000000100000000)
   the space 21888K,   0% used [0x00000000eb400000, 0x00000000eb400000, 0x00000000eb400200, 0x00000000ec960000)
 Metaspace       used 171K, capacity 4486K, committed 4864K, reserved 1056768K
  class space    used 5K, capacity 386K, committed 512K, reserved 1048576K

Card table byte_map: [0x00007f9dc086e000,0x00007f9dc0968000] _byte_map_base: 0x00007f9dc0167000

Polling page: 0x00007f9dc499d000

Metaspace:

Usage:
  Non-class:      4.00 MB capacity,   166.51 KB (  4%) used,     3.84 MB ( 96%) free+waste,   128 bytes ( <1%) overhead. 
      Class:    386.00 KB capacity,     5.18 KB (  1%) used,   380.70 KB ( 99%) free+waste,   128 bytes ( <1%) overhead. 
       Both:      4.38 MB capacity,   171.69 KB (  4%) used,     4.21 MB ( 96%) free+waste,   256 bytes ( <1%) overhead. 

Virtual space:
  Non-class space:        8.00 MB reserved,       4.25 MB ( 53%) committed 
      Class space:        1.00 GB reserved,     512.00 KB ( <1%) committed 
             Both:        1.01 GB reserved,       4.75 MB ( <1%) committed 

Chunk freelists:
   Non-Class:  0 bytes
       Class:  0 bytes
        Both:  0 bytes

MaxMetaspaceSize: unlimited
CompressedClassSpaceSize: 1.00 GB

CodeHeap 'non-profiled nmethods': size=120036Kb used=17Kb max_used=17Kb free=120018Kb
 bounds [0x00007f9dac3d4000, 0x00007f9dac644000, 0x00007f9db390d000]
CodeHeap 'profiled nmethods': size=120032Kb used=96Kb max_used=96Kb free=119935Kb
 bounds [0x00007f9da4e9c000, 0x00007f9da510c000, 0x00007f9dac3d4000]
CodeHeap 'non-nmethods': size=5692Kb used=988Kb max_used=999Kb free=4703Kb
 bounds [0x00007f9da490d000, 0x00007f9da4b7d000, 0x00007f9da4e9c000]
 total_blobs=368 nmethods=73 adapters=155
 compilation: enabled
              stopped_count=0, restarted_count=0
 full_count=0

Compilation events (20 events):
Event: 0.615 Thread 0x00007f9dbc05e800   73       3       java.lang.String::hashCode (49 bytes)
Event: 0.616 Thread 0x00007f9dbc05e800 nmethod 73 0x00007f9da4eb1a10 code [0x00007f9da4eb1c00, 0x00007f9da4eb1f78]
Event: 0.616 Thread 0x00007f9dbc05e800   63       3       java.util.ImmutableCollections$Set12::size (13 bytes)
Event: 0.617 Thread 0x00007f9dbc05e800 nmethod 63 0x00007f9da4eb2090 code [0x00007f9da4eb2240, 0x00007f9da4eb2430]
Event: 0.617 Thread 0x00007f9dbc05e800   65       3       java.util.HashSet::add (20 bytes)
Event: 0.618 Thread 0x00007f9dbc05e800 nmethod 65 0x00007f9da4eb2490 code [0x00007f9da4eb2680, 0x00007f9da4eb2b58]
Event: 0.618 Thread 0x00007f9dbc05e800   64       3       java.util.AbstractCollection::isEmpty (13 bytes)
Event: 0.619 Thread 0x00007f9dbc05e800 nmethod 64 0x00007f9da4eb2d10 code [0x00007f9da4eb2ee0, 0x00007f9da4eb3188]
Event: 0.619 Thread 0x00007f9dbc05e800   62       3       java.lang.module.ModuleDescriptor$Exports::isQualified (18 bytes)
Event: 0.619 Thread 0x00007f9dbc05e800 nmethod 62 0x00007f9da4eb3210 code [0x00007f9da4eb33e0, 0x00007f9da4eb3688]
Event: 0.619 Thread 0x00007f9dbc05e800   72       3       jdk.internal.module.ModuleBootstrap$2::hasNext (30 bytes)
Event: 0.620 Thread 0x00007f9dbc05e800 nmethod 72 0x00007f9da4eb3790 code [0x00007f9da4eb3960, 0x00007f9da4eb3d18]
Event: 0.620 Thread 0x00007f9dbc05e800   68       1       java.lang.module.ModuleDescriptor::isOpen (5 bytes)
Event: 0.620 Thread 0x00007f9dbc05e800 nmethod 68 0x00007f9dac3d7c90 code [0x00007f9dac3d7e40, 0x00007f9dac3d7f70]
Event: 0.620 Thread 0x00007f9dbc05e800   71       1       java.lang.Module::getDescriptor (5 bytes)
Event: 0.620 Thread 0x00007f9dbc05e800 nmethod 71 0x00007f9dac3d8010 code [0x00007f9dac3d81c0, 0x00007f9dac3d82f0]
Event: 0.620 Thread 0x00007f9dbc05e800   61       1       java.lang.module.ResolvedModule::configuration (5 bytes)
Event: 0.621 Thread 0x00007f9dbc05e800 nmethod 61 0x00007f9dac3d8390 code [0x00007f9dac3d8540, 0x00007f9dac3d8670]
Event: 0.626 Thread 0x00007f9dbc05e800   74       3       java.lang.CharacterDataLatin1::getProperties (11 bytes)
Event: 0.627 Thread 0x00007f9dbc05e800 nmethod 74 0x00007f9da4eb3e10 code [0x00007f9da4eb3fc0, 0x00007f9da4eb4170]

GC Heap History (0 events):
No events

Deoptimization events (4 events):
Event: 0.559 Thread 0x00007f9dbc015800 Uncommon trap: trap_request=0xffffff4d fr.pc=0x00007f9dac3d7254 relative=0x00000000000001b4
Event: 0.559 Thread 0x00007f9dbc015800 Uncommon trap: reason=unstable_if action=reinterpret pc=0x00007f9dac3d7254 method=java.lang.String.hashCode()I @ 14 c2
Event: 0.559 Thread 0x00007f9dbc015800 DEOPT PACKING pc=0x00007f9dac3d7254 sp=0x00007f9dc49861b0
Event: 0.559 Thread 0x00007f9dbc015800 DEOPT UNPACKING pc=0x00007f9da4935325 sp=0x00007f9dc4986168 mode 2

Classes redefined (0 events):
No events

Internal exceptions (0 events):
No events

Events (20 events):
Event: 0.138 Thread 0x00007f9dbc05e800 Thread added: 0x00007f9dbc05e800
Event: 0.139 Protecting memory [0x00007f9da422a000,0x00007f9da422e000] with protection modes 0
Event: 0.141 Thread 0x00007f9dbc060800 Thread added: 0x00007f9dbc060800
Event: 0.147 Protecting memory [0x00007f9da4129000,0x00007f9da412d000] with protection modes 0
Event: 0.550 Thread 0x00007f9dbc0ab800 Thread added: 0x00007f9dbc0ab800
Event: 0.550 Executing VM operation: EnableBiasedLocking
Event: 0.552 Protecting memory [0x00007f9da4028000,0x00007f9da402c000] with protection modes 0
Event: 0.553 Executing VM operation: EnableBiasedLocking done
Event: 0.553 loading class jdk/internal/vm/PostVMInitHook
Event: 0.553 loading class jdk/internal/vm/PostVMInitHook done
Event: 0.557 loading class Main
Event: 0.557 loading class Main done
Event: 0.563 loading class jdk/internal/loader/URLClassPath$FileLoader
Event: 0.563 loading class jdk/internal/loader/URLClassPath$FileLoader done
Event: 0.622 loading class jdk/internal/loader/URLClassPath$FileLoader$1
Event: 0.622 loading class jdk/internal/loader/URLClassPath$FileLoader$1 done
Event: 0.625 Thread 0x00007f9dbc0b5000 Thread added: 0x00007f9dbc0b5000
Event: 0.630 Protecting memory [0x00007f9d973e6000,0x00007f9d973ea000] with protection modes 0
Event: 0.630 Executing VM operation: RevokeBias
Event: 0.630 Executing VM operation: RevokeBias done


Dynamic libraries:
e0e00000-e18a0000 rw-p 00000000 00:00 0 
e18a0000-eb400000 ---p 00000000 00:00 0 
eb400000-ec960000 rw-p 00000000 00:00 0 
ec960000-100000000 ---p 00000000 00:00 0 
800000000-800002000 rwxp 00001000 08:01 551457                           /usr/lib/jvm/java-11-openjdk-amd64/lib/server/classes.jsa
800002000-8003b8000 rw-p 00003000 08:01 551457                           /usr/lib/jvm/java-11-openjdk-amd64/lib/server/classes.jsa
8003b8000-800a7f000 r--p 003b9000 08:01 551457                           /usr/lib/jvm/java-11-openjdk-amd64/lib/server/classes.jsa
800a7f000-800a80000 rw-p 00a80000 08:01 551457                           /usr/lib/jvm/java-11-openjdk-amd64/lib/server/classes.jsa
800a80000-80108c000 r--p 00a81000 08:01 551457                           /usr/lib/jvm/java-11-openjdk-amd64/lib/server/classes.jsa
840000000-840080000 rw-p 00000000 00:00 0 
840080000-880000000 ---p 00000000 00:00 0 
557b4103b000-557b4103c000 r-xp 00000000 08:01 551084                     /usr/lib/jvm/java-11-openjdk-amd64/bin/java
557b4123c000-557b4123d000 r--p 00001000 08:01 551084                     /usr/lib/jvm/java-11-openjdk-amd64/bin/java
557b4123d000-557b4123e000 rw-p 00002000 08:01 551084                     /usr/lib/jvm/java-11-openjdk-amd64/bin/java
557b41e05000-557b41e26000 rw-p 00000000 00:00 0                          [heap]
7f9d80000000-7f9d80021000 rw-p 00000000 00:00 0 
7f9d80021000-7f9d84000000 ---p 00000000 00:00 0 
7f9d88000000-7f9d8806e000 rw-p 00000000 00:00 0 
7f9d8806e000-7f9d8c000000 ---p 00000000 00:00 0 
7f9d8c000000-7f9d8c07e000 rw-p 00000000 00:00 0 
7f9d8c07e000-7f9d90000000 ---p 00000000 00:00 0 
7f9d90000000-7f9d90021000 rw-p 00000000 00:00 0 
7f9d90021000-7f9d94000000 ---p 00000000 00:00 0 
7f9d973e6000-7f9d973ea000 ---p 00000000 00:00 0 
7f9d973ea000-7f9d974e7000 rw-p 00000000 00:00 0 
7f9d974e7000-7f9d974e8000 ---p 00000000 00:00 0 
7f9d974e8000-7f9d975e9000 rw-p 00000000 00:00 0 
7f9d975e9000-7f9d98000000 r--p 00000000 08:01 660771                     /usr/lib/locale/locale-archive
7f9d98000000-7f9d98021000 rw-p 00000000 00:00 0 
7f9d98021000-7f9d9c000000 ---p 00000000 00:00 0 
7f9d9c000000-7f9d9c021000 rw-p 00000000 00:00 0 
7f9d9c021000-7f9da0000000 ---p 00000000 00:00 0 
7f9da0000000-7f9da0021000 rw-p 00000000 00:00 0 
7f9da0021000-7f9da4000000 ---p 00000000 00:00 0 
7f9da4028000-7f9da402c000 ---p 00000000 00:00 0 
7f9da402c000-7f9da4129000 rw-p 00000000 00:00 0 
7f9da4129000-7f9da412d000 ---p 00000000 00:00 0 
7f9da412d000-7f9da422a000 rw-p 00000000 00:00 0 
7f9da422a000-7f9da422e000 ---p 00000000 00:00 0 
7f9da422e000-7f9da432b000 rw-p 00000000 00:00 0 
7f9da432b000-7f9da432f000 ---p 00000000 00:00 0 
7f9da432f000-7f9da442c000 rw-p 00000000 00:00 0 
7f9da442c000-7f9da4430000 ---p 00000000 00:00 0 
7f9da4430000-7f9da452d000 rw-p 00000000 00:00 0 
7f9da452d000-7f9da4531000 ---p 00000000 00:00 0 
7f9da4531000-7f9da462e000 rw-p 00000000 00:00 0 
7f9da462e000-7f9da4632000 ---p 00000000 00:00 0 
7f9da4632000-7f9da472f000 rw-p 00000000 00:00 0 
7f9da472f000-7f9da4730000 ---p 00000000 00:00 0 
7f9da4730000-7f9da490d000 rw-p 00000000 00:00 0 
7f9da490d000-7f9da4b7d000 rwxp 00000000 00:00 0 
7f9da4b7d000-7f9da4e9c000 ---p 00000000 00:00 0 
7f9da4e9c000-7f9da510c000 rwxp 00000000 00:00 0 
7f9da510c000-7f9dac3d4000 ---p 00000000 00:00 0 
7f9dac3d4000-7f9dac644000 rwxp 00000000 00:00 0 
7f9dac644000-7f9db390d000 ---p 00000000 00:00 0 
7f9db390d000-7f9dbc000000 r--s 00000000 08:01 551289                     /usr/lib/jvm/java-11-openjdk-amd64/lib/modules
7f9dbc000000-7f9dbc0c2000 rw-p 00000000 00:00 0 
7f9dbc0c2000-7f9dc0000000 ---p 00000000 00:00 0 
7f9dc0025000-7f9dc048d000 rw-p 00000000 00:00 0 
7f9dc048d000-7f9dc084d000 ---p 00000000 00:00 0 
7f9dc084d000-7f9dc0874000 rw-p 00000000 00:00 0 
7f9dc0874000-7f9dc08c1000 ---p 00000000 00:00 0 
7f9dc08c1000-7f9dc08cc000 rw-p 00000000 00:00 0 
7f9dc08cc000-7f9dc0967000 ---p 00000000 00:00 0 
7f9dc0967000-7f9dc096d000 rw-p 00000000 00:00 0 
7f9dc096d000-7f9dc0a53000 ---p 00000000 00:00 0 
7f9dc0a53000-7f9dc0a58000 rw-p 00000000 00:00 0 
7f9dc0a58000-7f9dc0b3e000 ---p 00000000 00:00 0 
7f9dc0b3e000-7f9dc0b43000 r-xp 00000000 08:01 551271                     /usr/lib/jvm/java-11-openjdk-amd64/lib/libjimage.so
7f9dc0b43000-7f9dc0d42000 ---p 00005000 08:01 551271                     /usr/lib/jvm/java-11-openjdk-amd64/lib/libjimage.so
7f9dc0d42000-7f9dc0d43000 r--p 00004000 08:01 551271                     /usr/lib/jvm/java-11-openjdk-amd64/lib/libjimage.so
7f9dc0d43000-7f9dc0d44000 rw-p 00005000 08:01 551271                     /usr/lib/jvm/java-11-openjdk-amd64/lib/libjimage.so
7f9dc0d44000-7f9dc0d4b000 r-xp 00000000 08:01 551288                     /usr/lib/jvm/java-11-openjdk-amd64/lib/libzip.so
7f9dc0d4b000-7f9dc0f4a000 ---p 00007000 08:01 551288                     /usr/lib/jvm/java-11-openjdk-amd64/lib/libzip.so
7f9dc0f4a000-7f9dc0f4b000 r--p 00006000 08:01 551288                     /usr/lib/jvm/java-11-openjdk-amd64/lib/libzip.so
7f9dc0f4b000-7f9dc0f4c000 rw-p 00007000 08:01 551288                     /usr/lib/jvm/java-11-openjdk-amd64/lib/libzip.so
7f9dc0f4c000-7f9dc0f57000 r-xp 00000000 08:01 399660                     /lib/x86_64-linux-gnu/libnss_files-2.27.so
7f9dc0f57000-7f9dc1156000 ---p 0000b000 08:01 399660                     /lib/x86_64-linux-gnu/libnss_files-2.27.so
7f9dc1156000-7f9dc1157000 r--p 0000a000 08:01 399660                     /lib/x86_64-linux-gnu/libnss_files-2.27.so
7f9dc1157000-7f9dc1158000 rw-p 0000b000 08:01 399660                     /lib/x86_64-linux-gnu/libnss_files-2.27.so
7f9dc1158000-7f9dc115e000 rw-p 00000000 00:00 0 
7f9dc115e000-7f9dc1175000 r-xp 00000000 08:01 399654                     /lib/x86_64-linux-gnu/libnsl-2.27.so
7f9dc1175000-7f9dc1374000 ---p 00017000 08:01 399654                     /lib/x86_64-linux-gnu/libnsl-2.27.so
7f9dc1374000-7f9dc1375000 r--p 00016000 08:01 399654                     /lib/x86_64-linux-gnu/libnsl-2.27.so
7f9dc1375000-7f9dc1376000 rw-p 00017000 08:01 399654                     /lib/x86_64-linux-gnu/libnsl-2.27.so
7f9dc1376000-7f9dc1378000 rw-p 00000000 00:00 0 
7f9dc1378000-7f9dc1383000 r-xp 00000000 08:01 399671                     /lib/x86_64-linux-gnu/libnss_nis-2.27.so
7f9dc1383000-7f9dc1582000 ---p 0000b000 08:01 399671                     /lib/x86_64-linux-gnu/libnss_nis-2.27.so
7f9dc1582000-7f9dc1583000 r--p 0000a000 08:01 399671                     /lib/x86_64-linux-gnu/libnss_nis-2.27.so
7f9dc1583000-7f9dc1584000 rw-p 0000b000 08:01 399671                     /lib/x86_64-linux-gnu/libnss_nis-2.27.so
7f9dc1584000-7f9dc158c000 r-xp 00000000 08:01 399656                     /lib/x86_64-linux-gnu/libnss_compat-2.27.so
7f9dc158c000-7f9dc178c000 ---p 00008000 08:01 399656                     /lib/x86_64-linux-gnu/libnss_compat-2.27.so
7f9dc178c000-7f9dc178d000 r--p 00008000 08:01 399656                     /lib/x86_64-linux-gnu/libnss_compat-2.27.so
7f9dc178d000-7f9dc178e000 rw-p 00009000 08:01 399656                     /lib/x86_64-linux-gnu/libnss_compat-2.27.so
7f9dc178e000-7f9dc17b7000 r-xp 00000000 08:01 551267                     /usr/lib/jvm/java-11-openjdk-amd64/lib/libjava.so
7f9dc17b7000-7f9dc19b6000 ---p 00029000 08:01 551267                     /usr/lib/jvm/java-11-openjdk-amd64/lib/libjava.so
7f9dc19b6000-7f9dc19b7000 r--p 00028000 08:01 551267                     /usr/lib/jvm/java-11-openjdk-amd64/lib/libjava.so
7f9dc19b7000-7f9dc19b9000 rw-p 00029000 08:01 551267                     /usr/lib/jvm/java-11-openjdk-amd64/lib/libjava.so
7f9dc19b9000-7f9dc19c6000 r-xp 00000000 08:01 551287                     /usr/lib/jvm/java-11-openjdk-amd64/lib/libverify.so
7f9dc19c6000-7f9dc1bc5000 ---p 0000d000 08:01 551287                     /usr/lib/jvm/java-11-openjdk-amd64/lib/libverify.so
7f9dc1bc5000-7f9dc1bc7000 r--p 0000c000 08:01 551287                     /usr/lib/jvm/java-11-openjdk-amd64/lib/libverify.so
7f9dc1bc7000-7f9dc1bc8000 rw-p 0000e000 08:01 551287                     /usr/lib/jvm/java-11-openjdk-amd64/lib/libverify.so
7f9dc1bc8000-7f9dc1bcf000 r-xp 00000000 08:01 399711                     /lib/x86_64-linux-gnu/librt-2.27.so
7f9dc1bcf000-7f9dc1dce000 ---p 00007000 08:01 399711                     /lib/x86_64-linux-gnu/librt-2.27.so
7f9dc1dce000-7f9dc1dcf000 r--p 00006000 08:01 399711                     /lib/x86_64-linux-gnu/librt-2.27.so
7f9dc1dcf000-7f9dc1dd0000 rw-p 00007000 08:01 399711                     /lib/x86_64-linux-gnu/librt-2.27.so
7f9dc1dd0000-7f9dc1de7000 r-xp 00000000 08:01 399607                     /lib/x86_64-linux-gnu/libgcc_s.so.1
7f9dc1de7000-7f9dc1fe6000 ---p 00017000 08:01 399607                     /lib/x86_64-linux-gnu/libgcc_s.so.1
7f9dc1fe6000-7f9dc1fe7000 r--p 00016000 08:01 399607                     /lib/x86_64-linux-gnu/libgcc_s.so.1
7f9dc1fe7000-7f9dc1fe8000 rw-p 00017000 08:01 399607                     /lib/x86_64-linux-gnu/libgcc_s.so.1
7f9dc1fe8000-7f9dc2185000 r-xp 00000000 08:01 399633                     /lib/x86_64-linux-gnu/libm-2.27.so
7f9dc2185000-7f9dc2384000 ---p 0019d000 08:01 399633                     /lib/x86_64-linux-gnu/libm-2.27.so
7f9dc2384000-7f9dc2385000 r--p 0019c000 08:01 399633                     /lib/x86_64-linux-gnu/libm-2.27.so
7f9dc2385000-7f9dc2386000 rw-p 0019d000 08:01 399633                     /lib/x86_64-linux-gnu/libm-2.27.so
7f9dc2386000-7f9dc24ff000 r-xp 00000000 08:01 665875                     /usr/lib/x86_64-linux-gnu/libstdc++.so.6.0.25
7f9dc24ff000-7f9dc26ff000 ---p 00179000 08:01 665875                     /usr/lib/x86_64-linux-gnu/libstdc++.so.6.0.25
7f9dc26ff000-7f9dc2709000 r--p 00179000 08:01 665875                     /usr/lib/x86_64-linux-gnu/libstdc++.so.6.0.25
7f9dc2709000-7f9dc270b000 rw-p 00183000 08:01 665875                     /usr/lib/x86_64-linux-gnu/libstdc++.so.6.0.25
7f9dc270b000-7f9dc270f000 rw-p 00000000 00:00 0 
7f9dc270f000-7f9dc37ec000 r-xp 00000000 08:01 551294                     /usr/lib/jvm/java-11-openjdk-amd64/lib/server/libjvm.so
7f9dc37ec000-7f9dc39eb000 ---p 010dd000 08:01 551294                     /usr/lib/jvm/java-11-openjdk-amd64/lib/server/libjvm.so
7f9dc39eb000-7f9dc3aa8000 r--p 010dc000 08:01 551294                     /usr/lib/jvm/java-11-openjdk-amd64/lib/server/libjvm.so
7f9dc3aa8000-7f9dc3ae2000 rw-p 01199000 08:01 551294                     /usr/lib/jvm/java-11-openjdk-amd64/lib/server/libjvm.so
7f9dc3ae2000-7f9dc3b38000 rw-p 00000000 00:00 0 
7f9dc3b38000-7f9dc3b52000 r-xp 00000000 08:01 399703                     /lib/x86_64-linux-gnu/libpthread-2.27.so
7f9dc3b52000-7f9dc3d51000 ---p 0001a000 08:01 399703                     /lib/x86_64-linux-gnu/libpthread-2.27.so
7f9dc3d51000-7f9dc3d52000 r--p 00019000 08:01 399703                     /lib/x86_64-linux-gnu/libpthread-2.27.so
7f9dc3d52000-7f9dc3d53000 rw-p 0001a000 08:01 399703                     /lib/x86_64-linux-gnu/libpthread-2.27.so
7f9dc3d53000-7f9dc3d57000 rw-p 00000000 00:00 0 
7f9dc3d57000-7f9dc3d5a000 r-xp 00000000 08:01 399593                     /lib/x86_64-linux-gnu/libdl-2.27.so
7f9dc3d5a000-7f9dc3f59000 ---p 00003000 08:01 399593                     /lib/x86_64-linux-gnu/libdl-2.27.so
7f9dc3f59000-7f9dc3f5a000 r--p 00002000 08:01 399593                     /lib/x86_64-linux-gnu/libdl-2.27.so
7f9dc3f5a000-7f9dc3f5b000 rw-p 00003000 08:01 399593                     /lib/x86_64-linux-gnu/libdl-2.27.so
7f9dc3f5b000-7f9dc3f77000 r-xp 00000000 08:01 399742                     /lib/x86_64-linux-gnu/libz.so.1.2.11
7f9dc3f77000-7f9dc4176000 ---p 0001c000 08:01 399742                     /lib/x86_64-linux-gnu/libz.so.1.2.11
7f9dc4176000-7f9dc4177000 r--p 0001b000 08:01 399742                     /lib/x86_64-linux-gnu/libz.so.1.2.11
7f9dc4177000-7f9dc4178000 rw-p 0001c000 08:01 399742                     /lib/x86_64-linux-gnu/libz.so.1.2.11
7f9dc4178000-7f9dc435f000 r-xp 00000000 08:01 399570                     /lib/x86_64-linux-gnu/libc-2.27.so
7f9dc435f000-7f9dc455f000 ---p 001e7000 08:01 399570                     /lib/x86_64-linux-gnu/libc-2.27.so
7f9dc455f000-7f9dc4563000 r--p 001e7000 08:01 399570                     /lib/x86_64-linux-gnu/libc-2.27.so
7f9dc4563000-7f9dc4565000 rw-p 001eb000 08:01 399570                     /lib/x86_64-linux-gnu/libc-2.27.so
7f9dc4565000-7f9dc4569000 rw-p 00000000 00:00 0 
7f9dc4569000-7f9dc4579000 r-xp 00000000 08:01 551251                     /usr/lib/jvm/java-11-openjdk-amd64/lib/jli/libjli.so
7f9dc4579000-7f9dc4778000 ---p 00010000 08:01 551251                     /usr/lib/jvm/java-11-openjdk-amd64/lib/jli/libjli.so
7f9dc4778000-7f9dc4779000 r--p 0000f000 08:01 551251                     /usr/lib/jvm/java-11-openjdk-amd64/lib/jli/libjli.so
7f9dc4779000-7f9dc477a000 rw-p 00010000 08:01 551251                     /usr/lib/jvm/java-11-openjdk-amd64/lib/jli/libjli.so
7f9dc477a000-7f9dc47a1000 r-xp 00000000 08:01 399542                     /lib/x86_64-linux-gnu/ld-2.27.so
7f9dc47b4000-7f9dc47e0000 rw-p 00000000 00:00 0 
7f9dc47e0000-7f9dc487c000 ---p 00000000 00:00 0 
7f9dc487c000-7f9dc4881000 rw-p 00000000 00:00 0 
7f9dc4881000-7f9dc4888000 ---p 00000000 00:00 0 
7f9dc4888000-7f9dc488c000 ---p 00000000 00:00 0 
7f9dc488c000-7f9dc498b000 rw-p 00000000 00:00 0 
7f9dc4993000-7f9dc4995000 r--s 00007000 08:01 551452                     /usr/share/java/java-atk-wrapper.jar
7f9dc4995000-7f9dc499d000 rw-s 00000000 08:01 1051043                    /tmp/hsperfdata_yiyun/8264
7f9dc499d000-7f9dc499e000 ---p 00000000 00:00 0 
7f9dc499e000-7f9dc499f000 r--p 00000000 00:00 0 
7f9dc499f000-7f9dc49a1000 rw-p 00000000 00:00 0 
7f9dc49a1000-7f9dc49a2000 r--p 00027000 08:01 399542                     /lib/x86_64-linux-gnu/ld-2.27.so
7f9dc49a2000-7f9dc49a3000 rw-p 00028000 08:01 399542                     /lib/x86_64-linux-gnu/ld-2.27.so
7f9dc49a3000-7f9dc49a4000 rw-p 00000000 00:00 0 
7ffe4818b000-7ffe481ac000 rw-p 00000000 00:00 0                          [stack]
7ffe481ee000-7ffe481f1000 r--p 00000000 00:00 0                          [vvar]
7ffe481f1000-7ffe481f2000 r-xp 00000000 00:00 0                          [vdso]
ffffffffff600000-ffffffffff601000 r-xp 00000000 00:00 0                  [vsyscall]


VM Arguments:
jvm_args: -Xverify:none 
java_command: Main
java_class_path (initial): .
Launcher Type: SUN_STANDARD

[Global flags]
     bool BytecodeVerificationLocal                = false                                     {product} {command line}
     bool BytecodeVerificationRemote               = false                                     {product} {command line}
     intx CICompilerCount                          = 2                                         {product} {ergonomic}
   size_t InitialHeapSize                          = 33554432                                  {product} {ergonomic}
   size_t MaxHeapSize                              = 522190848                                 {product} {ergonomic}
   size_t MaxNewSize                               = 174063616                                 {product} {ergonomic}
   size_t MinHeapDeltaBytes                        = 196608                                    {product} {ergonomic}
   size_t NewSize                                  = 11141120                                  {product} {ergonomic}
    uintx NonNMethodCodeHeapSize                   = 5825164                                {pd product} {ergonomic}
    uintx NonProfiledCodeHeapSize                  = 122916538                              {pd product} {ergonomic}
   size_t OldSize                                  = 22413312                                  {product} {ergonomic}
    uintx ProfiledCodeHeapSize                     = 122916538                              {pd product} {ergonomic}
    uintx ReservedCodeCacheSize                    = 251658240                              {pd product} {ergonomic}
     bool SegmentedCodeCache                       = true                                      {product} {ergonomic}
     bool UseCompressedClassPointers               = true                                 {lp64_product} {ergonomic}
     bool UseCompressedOops                        = true                                 {lp64_product} {ergonomic}
     bool UseSerialGC                              = true                                      {product} {ergonomic}

Logging:
Log output configuration:
 #0: stdout all=warning uptime,level,tags
 #1: stderr all=off uptime,level,tags

Environment Variables:
PATH=/home/yiyun/.local/bin:/usr/local/sbin:/usr/local/bin:/usr/sbin:/usr/bin:/sbin:/bin:/usr/games:/usr/local/games:/snap/bin
USERNAME=yiyun
SHELL=/bin/bash
DISPLAY=:0

Signal Handlers:
SIGSEGV: [libjvm.so+0xdf8d00], sa_mask[0]=11111111011111111101111111111110, sa_flags=SA_RESTART|SA_SIGINFO
SIGBUS: [libjvm.so+0xdf8d00], sa_mask[0]=11111111011111111101111111111110, sa_flags=SA_RESTART|SA_SIGINFO
SIGFPE: [libjvm.so+0xdf8d00], sa_mask[0]=11111111011111111101111111111110, sa_flags=SA_RESTART|SA_SIGINFO
SIGPIPE: [libjvm.so+0xbcbc30], sa_mask[0]=11111111011111111101111111111110, sa_flags=SA_RESTART|SA_SIGINFO
SIGXFSZ: [libjvm.so+0xbcbc30], sa_mask[0]=11111111011111111101111111111110, sa_flags=SA_RESTART|SA_SIGINFO
SIGILL: [libjvm.so+0xdf8d00], sa_mask[0]=11111111011111111101111111111110, sa_flags=SA_RESTART|SA_SIGINFO
SIGUSR2: [libjvm.so+0xbcbad0], sa_mask[0]=00000000000000000000000000000000, sa_flags=SA_RESTART|SA_SIGINFO
SIGHUP: [libjvm.so+0xbcbe30], sa_mask[0]=11111111011111111101111111111110, sa_flags=SA_RESTART|SA_SIGINFO
SIGINT: [libjvm.so+0xbcbe30], sa_mask[0]=11111111011111111101111111111110, sa_flags=SA_RESTART|SA_SIGINFO
SIGTERM: [libjvm.so+0xbcbe30], sa_mask[0]=11111111011111111101111111111110, sa_flags=SA_RESTART|SA_SIGINFO
SIGQUIT: [libjvm.so+0xbcbe30], sa_mask[0]=11111111011111111101111111111110, sa_flags=SA_RESTART|SA_SIGINFO


---------------  S Y S T E M  ---------------

OS:DISTRIB_ID=Ubuntu
DISTRIB_RELEASE=18.04
DISTRIB_CODENAME=bionic
DISTRIB_DESCRIPTION="Ubuntu 18.04.3 LTS"
uname:Linux 5.0.0-36-generic #39~18.04.1-Ubuntu SMP Tue Nov 12 11:09:50 UTC 2019 x86_64
OS uptime: 0 days 22:15 hours
libc:glibc 2.27 NPTL 2.27 
rlimit: STACK 8192k, CORE 0k, NPROC 7775, NOFILE 4096, AS infinity, CPU infinity, DATA infinity, FSIZE infinity
load average:1.86 1.31 1.10

/proc/meminfo:
MemTotal:        2038764 kB
MemFree:           79524 kB
MemAvailable:     399068 kB
Buffers:          141548 kB
Cached:           328876 kB
SwapCached:        47644 kB
Active:          1225104 kB
Inactive:         474220 kB
Active(anon):     962596 kB
Inactive(anon):   322904 kB
Active(file):     262508 kB
Inactive(file):   151316 kB
Unevictable:          16 kB
Mlocked:              16 kB
SwapTotal:        969960 kB
SwapFree:         469608 kB
Dirty:               188 kB
Writeback:             0 kB
AnonPages:       1227624 kB
Mapped:           202548 kB
Shmem:             63308 kB
KReclaimable:      74632 kB
Slab:             115872 kB
SReclaimable:      74632 kB
SUnreclaim:        41240 kB
KernelStack:       10592 kB
PageTables:        53964 kB
NFS_Unstable:          0 kB
Bounce:                0 kB
WritebackTmp:          0 kB
CommitLimit:     1989340 kB
Committed_AS:    6727396 kB
VmallocTotal:   34359738367 kB
VmallocUsed:           0 kB
VmallocChunk:          0 kB
Percpu:              304 kB
HardwareCorrupted:     0 kB
AnonHugePages:         0 kB
ShmemHugePages:        0 kB
ShmemPmdMapped:        0 kB
CmaTotal:              0 kB
CmaFree:               0 kB
HugePages_Total:       0
HugePages_Free:        0
HugePages_Rsvd:        0
HugePages_Surp:        0
Hugepagesize:       2048 kB
Hugetlb:               0 kB
DirectMap4k:      155584 kB
DirectMap2M:     1941504 kB


/proc/sys/kernel/threads-max (system-wide limit on the number of threads):
15550


/proc/sys/vm/max_map_count (maximum number of memory map areas a process may have):
65530


/proc/sys/kernel/pid_max (system-wide limit on number of process identifiers):
32768



container (cgroup) information:
container_type: cgroupv1
cpu_cpuset_cpus: 0
cpu_memory_nodes: 0
active_processor_count: 1
cpu_quota: -1
cpu_period: 100000
cpu_shares: -1
memory_limit_in_bytes: -1
memory_and_swap_limit_in_bytes: -2
memory_soft_limit_in_bytes: -1
memory_usage_in_bytes: 1739874304
memory_max_usage_in_bytes: 40153088

KVM virtualization detected
Steal ticks since vm start: 0
Steal ticks percentage since vm start:  0.000

CPU:total 1 (initial active 1) (1 cores per cpu, 1 threads per core) family 6 model 142 stepping 11, cmov, cx8, fxsr, mmx, sse, sse2, sse3, ssse3, sse4.1, sse4.2, popcnt, avx, avx2, aes, clmul, 3dnowpref, lzcnt, tsc, tscinvbit
CPU Model and flags from /proc/cpuinfo:
model name	: Intel(R) Core(TM) i5-8265U CPU @ 1.60GHz
flags		: fpu vme de pse tsc msr pae mce cx8 apic sep mtrr pge mca cmov pat pse36 clflush mmx fxsr sse sse2 ht syscall nx rdtscp lm constant_tsc rep_good nopl xtopology nonstop_tsc cpuid tsc_known_freq pni pclmulqdq monitor ssse3 cx16 pcid sse4_1 sse4_2 x2apic movbe popcnt aes xsave avx rdrand hypervisor lahf_lm abm 3dnowprefetch invpcid_single fsgsbase avx2 invpcid rdseed clflushopt flush_l1d arch_capabilities

Memory: 4k page, physical 2038764k(79524k free), swap 969960k(469608k free)

vm_info: OpenJDK 64-Bit Server VM (11.0.7+10-post-Ubuntu-2ubuntu218.04) for linux-amd64 JRE (11.0.7+10-post-Ubuntu-2ubuntu218.04), built on Apr 15 2020 21:12:54 by "unknown" with gcc 7.5.0

END.
