#
# A fatal error has been detected by the Java Runtime Environment:
#
#  SIGSEGV (0xb) at pc=0x00007f54a07c5104, pid=14184, tid=14185
#
# JRE version: OpenJDK Runtime Environment (11.0.7+10) (build 11.0.7+10-post-Ubuntu-2ubuntu218.04)
# Java VM: OpenJDK 64-Bit Server VM (11.0.7+10-post-Ubuntu-2ubuntu218.04, mixed mode, sharing, tiered, compressed oops, serial gc, linux-amd64)
# Problematic frame:
# V  [libjvm.so+0xa03104]
#
# Core dump will be written. Default location: Core dumps may be processed with "/usr/share/apport/apport %p %s %c %d %P %E" (or dumping to /home/yiyun/Compiler_Jasmin/Compiler_StudentID_HW3/core.14184)
#
# If you would like to submit a bug report, please visit:
#   https://bugs.launchpad.net/ubuntu/+source/openjdk-lts
#

---------------  S U M M A R Y ------------

Command Line: -Xverify:none Main

Host: Intel(R) Core(TM) i5-8265U CPU @ 1.60GHz, 1 cores, 1G, Ubuntu 18.04.3 LTS
Time: Sun May 24 21:04:06 2020 CST elapsed time: 0 seconds (0d 0h 0m 0s)

---------------  T H R E A D  ---------------

Current thread (0x00007f5498015800):  JavaThread "main" [_thread_in_vm, id=14185, stack(0x00007f54a1f3b000,0x00007f54a203c000)]

Stack: [0x00007f54a1f3b000,0x00007f54a203c000],  sp=0x00007f54a203a3a0,  free space=1020k
Native frames: (J=compiled Java code, A=aot compiled Java code, j=interpreted, Vv=VM code, C=native code)
V  [libjvm.so+0xa03104]
V  [libjvm.so+0xa3ba56]
V  [libjvm.so+0x843946]
V  [libjvm.so+0x84483d]
j  Main.main([Ljava/lang/String;)V+17
v  ~StubRoutines::call_stub
V  [libjvm.so+0x84e319]
V  [libjvm.so+0x8ca02d]
V  [libjvm.so+0x8cc4fe]
C  [libjli.so+0x5856]
C  [libjli.so+0x92cd]

Java frames: (J=compiled Java code, j=interpreted, Vv=VM code)
j  Main.main([Ljava/lang/String;)V+17
v  ~StubRoutines::call_stub

siginfo: si_signo: 11 (SIGSEGV), si_code: 1 (SEGV_MAPERR), si_addr: 0x0000000af8000ff8

Register to memory mapping:

RAX={method} {0x0000000800328c68} 'println' '(I)V' in 'java/io/PrintStream'
RBX=0x00007f54a203a5c0 is pointing into the stack for thread: 0x00007f5498015800
RCX=0x000000080095a4a8 is pointing into metadata
RDX=0x0 is NULL
RSP=0x00007f54a203a3a0 is pointing into the stack for thread: 0x00007f5498015800
RBP=0x00007f54a203a430 is pointing into the stack for thread: 0x00007f5498015800
RSI=0x0000000000000013 is an unknown value
RDI=0x0000000af8000d90 is an unknown value
R8 =0x0000000af8000d90 is an unknown value
R9 =0x0000000000000001 is an unknown value
R10=0x00007f54a203a480 is pointing into the stack for thread: 0x00007f5498015800
R11=0x000000080095b7f8 is pointing into metadata
R12=0x0000000000000001 is an unknown value
R13=0x0000000000000013 is an unknown value
R14=0x0 is NULL
R15=0x00007f5498015800 is a thread


Registers:
RAX=0x0000000800328c68, RBX=0x00007f54a203a5c0, RCX=0x000000080095a4a8, RDX=0x0000000000000000
RSP=0x00007f54a203a3a0, RBP=0x00007f54a203a430, RSI=0x0000000000000013, RDI=0x0000000af8000d90
R8 =0x0000000af8000d90, R9 =0x0000000000000001, R10=0x00007f54a203a480, R11=0x000000080095b7f8
R12=0x0000000000000001, R13=0x0000000000000013, R14=0x0000000000000000, R15=0x00007f5498015800
RIP=0x00007f54a07c5104, EFLAGS=0x0000000000010213, CSGSFS=0x002b000000000033, ERR=0x0000000000000004
  TRAPNO=0x000000000000000e

Top of Stack: (sp=0x00007f54a203a3a0)
0x00007f54a203a3a0:   00007f54a203a430 00007f54a07f625b
0x00007f54a203a3b0:   00007f54a203a440 00007f54a0408d47
0x00007f54a203a3c0:   00007f54a203a3f0 0000000800327920
0x00007f54a203a3d0:   0000000af8000d90 00007f54a203a470 

Instructions: (pc=0x00007f54a07c5104)
0x00007f54a07c5004:   75 15 80 e6 04 48 8d 05 90 18 4d 00 48 8d 15 42
0x00007f54a07c5014:   fd 47 00 48 0f 44 c2 5d c3 90 66 90 55 48 81 c7
0x00007f54a07c5024:   c0 00 00 00 b8 01 00 00 00 48 89 e5 f0 0f c1 07
0x00007f54a07c5034:   83 c0 01 5d c3 90 66 0f 1f 44 00 00 48 8d 15 89
0x00007f54a07c5044:   66 9b 00 55 89 f8 48 89 e5 8b 4a 08 5d 48 d3 e0
0x00007f54a07c5054:   48 03 02 c3 0f 1f 84 00 00 00 00 00 40 f6 c7 07
0x00007f54a07c5064:   75 09 48 81 ff ff 0f 00 00 77 09 31 c0 c3 66 0f
0x00007f54a07c5074:   1f 44 00 00 55 48 89 e5 41 54 4c 8d a7 d0 00 00
0x00007f54a07c5084:   00 53 48 89 fb 4c 89 e6 e8 2f 20 1c 00 84 c0 75
0x00007f54a07c5094:   0b 5b 31 c0 41 5c 5d c3 0f 1f 40 00 4c 89 e6 48
0x00007f54a07c50a4:   89 df e8 65 54 13 00 84 c0 74 e6 48 8b 7b 18 e8
0x00007f54a07c50b4:   e8 49 33 00 84 c0 74 d9 48 8b bb 98 00 00 00 5b
0x00007f54a07c50c4:   41 5c 5d e9 94 9f b9 ff 0f 1f 40 00 8b 97 c4 00
0x00007f54a07c50d4:   00 00 55 48 89 f8 48 89 e5 5d 48 c1 e2 20 48 81
0x00007f54a07c50e4:   ca d0 01 00 00 c3 66 0f 1f 44 00 00 55 48 8d 87
0x00007f54a07c50f4:   d0 01 00 00 48 89 e5 5d c3 90 66 90 55 48 63 f6
0x00007f54a07c5104:   48 8b 84 f7 d0 01 00 00 48 89 e5 5d c3 90 0f 1f
0x00007f54a07c5114:   40 00 66 2e 0f 1f 84 00 00 00 00 00 55 b8 d0 01
0x00007f54a07c5124:   00 00 48 89 e5 5d c3 90 0f 1f 40 00 55 48 89 e5
0x00007f54a07c5134:   41 57 41 56 41 55 41 54 49 89 ff 53 41 89 f6 48
0x00007f54a07c5144:   83 ec 68 8b 47 08 89 55 98 85 c0 7e 0d f6 87 3a
0x00007f54a07c5154:   01 00 00 20 0f 85 b2 02 00 00 49 8b 7f 18 48 85
0x00007f54a07c5164:   ff 0f 84 95 01 00 00 e8 80 3b 33 00 48 89 c7 48
0x00007f54a07c5174:   89 45 90 e8 b4 9d 86 ff 48 8d 58 01 49 89 c4 41
0x00007f54a07c5184:   8b 47 08 4c 89 ff 3d 00 00 00 c0 7d 0a 49 8b bf
0x00007f54a07c5194:   f0 00 00 00 8b 47 08 85 c0 0f 8e 7d 01 00 00 48
0x00007f54a07c51a4:   8b 07 ff 90 88 00 00 00 48 8b 78 10 49 89 c5 48
0x00007f54a07c51b4:   85 ff 0f 84 2c 02 00 00 e8 bf 2d 33 00 48 89 c7
0x00007f54a07c51c4:   48 89 45 80 4c 8d 25 18 c2 4d 00 e8 5c 9d 86 ff
0x00007f54a07c51d4:   4c 89 ef 48 01 c3 e8 a1 e6 16 00 48 8d 0d a6 10
0x00007f54a07c51e4:   4b 00 84 c0 88 85 7f ff ff ff 48 89 4d a0 0f 85
0x00007f54a07c51f4:   c8 02 00 00 0f 1f 84 00 00 00 00 00 49 8b 87 98 


Stack slot to memory mapping:
stack at sp + 0 slots: 0x00007f54a203a430 is pointing into the stack for thread: 0x00007f5498015800
stack at sp + 1 slots: 0x00007f54a07f625b: <offset 0x0000000000a3425b> in /usr/lib/jvm/java-11-openjdk-amd64/lib/server/libjvm.so at 0x00007f549fdc2000
stack at sp + 2 slots: 0x00007f54a203a440 is pointing into the stack for thread: 0x00007f5498015800
stack at sp + 3 slots: 0x00007f54a0408d47: <offset 0x0000000000646d47> in /usr/lib/jvm/java-11-openjdk-amd64/lib/server/libjvm.so at 0x00007f549fdc2000
stack at sp + 4 slots: 0x00007f54a203a3f0 is pointing into the stack for thread: 0x00007f5498015800
stack at sp + 5 slots: 0x0000000800327920 is pointing into metadata
stack at sp + 6 slots: 0x0000000af8000d90 is an unknown value
stack at sp + 7 slots: 0x00007f54a203a470 is pointing into the stack for thread: 0x00007f5498015800


---------------  P R O C E S S  ---------------

Threads class SMR info:
_java_thread_list=0x00007f54980a2f10, length=9, elements={
0x00007f5498015800, 0x00007f5498051000, 0x00007f5498053000, 0x00007f549805a000,
0x00007f549805c800, 0x00007f549805e800, 0x00007f5498060800, 0x00007f549809b000,
0x00007f54980a1800
}

Java Threads: ( => current thread )
=>0x00007f5498015800 JavaThread "main" [_thread_in_vm, id=14185, stack(0x00007f54a1f3b000,0x00007f54a203c000)]
  0x00007f5498051000 JavaThread "Reference Handler" daemon [_thread_blocked, id=14187, stack(0x00007f549d3f9000,0x00007f549d4fa000)]
  0x00007f5498053000 JavaThread "Finalizer" daemon [_thread_blocked, id=14188, stack(0x00007f549d2f8000,0x00007f549d3f9000)]
  0x00007f549805a000 JavaThread "Signal Dispatcher" daemon [_thread_blocked, id=14189, stack(0x00007f549c7e0000,0x00007f549c8e1000)]
  0x00007f549805c800 JavaThread "C2 CompilerThread0" daemon [_thread_in_native, id=14190, stack(0x00007f549c6df000,0x00007f549c7e0000)]
  0x00007f549805e800 JavaThread "C1 CompilerThread0" daemon [_thread_blocked, id=14191, stack(0x00007f549c5de000,0x00007f549c6df000)]
  0x00007f5498060800 JavaThread "Sweeper thread" daemon [_thread_blocked, id=14192, stack(0x00007f549c4dd000,0x00007f549c5de000)]
  0x00007f549809b000 JavaThread "Service Thread" daemon [_thread_blocked, id=14194, stack(0x00007f549c3dc000,0x00007f549c4dd000)]
  0x00007f54980a1800 JavaThread "Common-Cleaner" daemon [_thread_blocked, id=14196, stack(0x00007f549c1d9000,0x00007f549c2da000)]

Other Threads:
  0x00007f549804e000 VMThread "VM Thread" [stack: 0x00007f549d4fc000,0x00007f549d5fc000] [id=14186]
  0x00007f549809e000 WatcherThread [stack: 0x00007f549c2dc000,0x00007f549c3dc000] [id=14195]

Threads with active compile tasks:
C2 CompilerThread0    626   64       4       java.lang.String::hashCode (49 bytes)

VM state:not at safepoint (normal execution)

VM Mutex/Monitor currently owned by a thread: None

Heap address: 0x00000000e0e00000, size: 498 MB, Compressed Oops mode: 32-bit
Narrow klass base: 0x0000000800000000, Narrow klass shift: 3
Compressed class space size: 1073741824 Address: 0x0000000840000000

Heap:
 def new generation   total 9792K, used 1044K [0x00000000e0e00000, 0x00000000e18a0000, 0x00000000eb400000)
  eden space 8704K,  12% used [0x00000000e0e00000, 0x00000000e0f05280, 0x00000000e1680000)
  from space 1088K,   0% used [0x00000000e1680000, 0x00000000e1680000, 0x00000000e1790000)
  to   space 1088K,   0% used [0x00000000e1790000, 0x00000000e1790000, 0x00000000e18a0000)
 tenured generation   total 21888K, used 0K [0x00000000eb400000, 0x00000000ec960000, 0x0000000100000000)
   the space 21888K,   0% used [0x00000000eb400000, 0x00000000eb400000, 0x00000000eb400200, 0x00000000ec960000)
 Metaspace       used 172K, capacity 4486K, committed 4864K, reserved 1056768K
  class space    used 5K, capacity 386K, committed 512K, reserved 1048576K

Card table byte_map: [0x00007f549df21000,0x00007f549e01b000] _byte_map_base: 0x00007f549d81a000

Polling page: 0x00007f54a2050000

Metaspace:

Usage:
  Non-class:      4.00 MB capacity,   166.96 KB (  4%) used,     3.84 MB ( 96%) free+waste,   128 bytes ( <1%) overhead. 
      Class:    386.00 KB capacity,     5.18 KB (  1%) used,   380.70 KB ( 99%) free+waste,   128 bytes ( <1%) overhead. 
       Both:      4.38 MB capacity,   172.14 KB (  4%) used,     4.21 MB ( 96%) free+waste,   256 bytes ( <1%) overhead. 

Virtual space:
  Non-class space:        8.00 MB reserved,       4.25 MB ( 53%) committed 
      Class space:        1.00 GB reserved,     512.00 KB ( <1%) committed 
             Both:        1.01 GB reserved,       4.75 MB ( <1%) committed 

Chunk freelists:
   Non-Class:  0 bytes
       Class:  0 bytes
        Both:  0 bytes

MaxMetaspaceSize: unlimited
CompressedClassSpaceSize: 1.00 GB

CodeHeap 'non-profiled nmethods': size=120036Kb used=10Kb max_used=10Kb free=120025Kb
 bounds [0x00007f54883d4000, 0x00007f5488644000, 0x00007f548f90d000]
CodeHeap 'profiled nmethods': size=120032Kb used=88Kb max_used=88Kb free=119943Kb
 bounds [0x00007f5480e9c000, 0x00007f548110c000, 0x00007f54883d4000]
CodeHeap 'non-nmethods': size=5692Kb used=986Kb max_used=995Kb free=4705Kb
 bounds [0x00007f548090d000, 0x00007f5480b7d000, 0x00007f5480e9c000]
 total_blobs=348 nmethods=59 adapters=155
 compilation: enabled
              stopped_count=0, restarted_count=0
 full_count=0

Compilation events (20 events):
Event: 0.336 Thread 0x00007f549805e800   46       3       java.lang.StringLatin1::canEncode (13 bytes)
Event: 0.336 Thread 0x00007f549805e800 nmethod 46 0x00007f5480eac590 code [0x00007f5480eac740, 0x00007f5480eac8d0]
Event: 0.336 Thread 0x00007f549805e800   47       1       java.util.ImmutableCollections$SetN::size (5 bytes)
Event: 0.336 Thread 0x00007f549805e800 nmethod 47 0x00007f54883d6410 code [0x00007f54883d65c0, 0x00007f54883d66f0]
Event: 0.340 Thread 0x00007f549805e800   48       3       java.util.HashMap$Node::<init> (26 bytes)
Event: 0.340 Thread 0x00007f549805e800 nmethod 48 0x00007f5480eac990 code [0x00007f5480eacb40, 0x00007f5480eacd50]
Event: 0.340 Thread 0x00007f549805e800   49       3       java.util.Optional::ofNullable (15 bytes)
Event: 0.341 Thread 0x00007f549805e800 nmethod 49 0x00007f5480eace10 code [0x00007f5480ead000, 0x00007f5480ead508]
Event: 0.341 Thread 0x00007f549805e800   50       3       java.util.HashMap::newNode (13 bytes)
Event: 0.341 Thread 0x00007f549805e800 nmethod 50 0x00007f5480ead690 code [0x00007f5480ead860, 0x00007f5480eadb50]
Event: 0.341 Thread 0x00007f549805e800   51       3       java.util.HashMap::afterNodeInsertion (1 bytes)
Event: 0.342 Thread 0x00007f549805e800 nmethod 51 0x00007f5480eadc90 code [0x00007f5480eade40, 0x00007f5480eadfb0]
Event: 0.348 Thread 0x00007f549805e800   53       3       java.lang.Math::min (11 bytes)
Event: 0.348 Thread 0x00007f549805e800 nmethod 53 0x00007f5480eae010 code [0x00007f5480eae1c0, 0x00007f5480eae350]
Event: 0.349 Thread 0x00007f549805e800   54       3       java.util.HashMap::get (23 bytes)
Event: 0.350 Thread 0x00007f549805e800 nmethod 54 0x00007f5480eae410 code [0x00007f5480eae600, 0x00007f5480eae9b8]
Event: 0.353 Thread 0x00007f549805e800   55       3       java.lang.module.ResolvedModule::name (11 bytes)
Event: 0.354 Thread 0x00007f549805e800 nmethod 55 0x00007f5480eaeb10 code [0x00007f5480eaecc0, 0x00007f5480eaeeb0]
Event: 0.354 Thread 0x00007f549805e800   56       3       java.util.ImmutableCollections$Set12$1::hasNext (13 bytes)
Event: 0.436 Thread 0x00007f549805c800   64       4       java.lang.String::hashCode (49 bytes)

GC Heap History (0 events):
No events

Deoptimization events (0 events):
No events

Classes redefined (0 events):
No events

Internal exceptions (0 events):
No events

Events (20 events):
Event: 0.111 Thread 0x00007f549805e800 Thread added: 0x00007f549805e800
Event: 0.112 Protecting memory [0x00007f549c5de000,0x00007f549c5e2000] with protection modes 0
Event: 0.115 Thread 0x00007f5498060800 Thread added: 0x00007f5498060800
Event: 0.119 Protecting memory [0x00007f549c4dd000,0x00007f549c4e1000] with protection modes 0
Event: 0.518 Thread 0x00007f549809b000 Thread added: 0x00007f549809b000
Event: 0.519 Executing VM operation: EnableBiasedLocking
Event: 0.521 Protecting memory [0x00007f549c3dc000,0x00007f549c3e0000] with protection modes 0
Event: 0.521 Executing VM operation: EnableBiasedLocking done
Event: 0.521 loading class jdk/internal/vm/PostVMInitHook
Event: 0.521 loading class jdk/internal/vm/PostVMInitHook done
Event: 0.524 loading class Main
Event: 0.524 loading class Main done
Event: 0.527 loading class jdk/internal/loader/URLClassPath$FileLoader
Event: 0.528 loading class jdk/internal/loader/URLClassPath$FileLoader done
Event: 0.530 loading class jdk/internal/loader/URLClassPath$FileLoader$1
Event: 0.530 loading class jdk/internal/loader/URLClassPath$FileLoader$1 done
Event: 0.532 Thread 0x00007f54980a1800 Thread added: 0x00007f54980a1800
Event: 0.535 Protecting memory [0x00007f549c1d9000,0x00007f549c1dd000] with protection modes 0
Event: 0.536 Executing VM operation: RevokeBias
Event: 0.536 Executing VM operation: RevokeBias done


Dynamic libraries:
e0e00000-e18a0000 rw-p 00000000 00:00 0 
e18a0000-eb400000 ---p 00000000 00:00 0 
eb400000-ec960000 rw-p 00000000 00:00 0 
ec960000-100000000 ---p 00000000 00:00 0 
800000000-800002000 rwxp 00001000 08:01 551457                           /usr/lib/jvm/java-11-openjdk-amd64/lib/server/classes.jsa
800002000-8003b8000 rw-p 00003000 08:01 551457                           /usr/lib/jvm/java-11-openjdk-amd64/lib/server/classes.jsa
8003b8000-800a7f000 r--p 003b9000 08:01 551457                           /usr/lib/jvm/java-11-openjdk-amd64/lib/server/classes.jsa
800a7f000-800a80000 rw-p 00a80000 08:01 551457                           /usr/lib/jvm/java-11-openjdk-amd64/lib/server/classes.jsa
800a80000-80108c000 r--p 00a81000 08:01 551457                           /usr/lib/jvm/java-11-openjdk-amd64/lib/server/classes.jsa
840000000-840080000 rw-p 00000000 00:00 0 
840080000-880000000 ---p 00000000 00:00 0 
55e4799c1000-55e4799c2000 r-xp 00000000 08:01 551084                     /usr/lib/jvm/java-11-openjdk-amd64/bin/java
55e479bc2000-55e479bc3000 r--p 00001000 08:01 551084                     /usr/lib/jvm/java-11-openjdk-amd64/bin/java
55e479bc3000-55e479bc4000 rw-p 00002000 08:01 551084                     /usr/lib/jvm/java-11-openjdk-amd64/bin/java
55e47b971000-55e47b992000 rw-p 00000000 00:00 0                          [heap]
7f5464000000-7f546409f000 rw-p 00000000 00:00 0 
7f546409f000-7f5468000000 ---p 00000000 00:00 0 
7f5468000000-7f5468021000 rw-p 00000000 00:00 0 
7f5468021000-7f546c000000 ---p 00000000 00:00 0 
7f546c000000-7f546c021000 rw-p 00000000 00:00 0 
7f546c021000-7f5470000000 ---p 00000000 00:00 0 
7f5470000000-7f547005e000 rw-p 00000000 00:00 0 
7f547005e000-7f5474000000 ---p 00000000 00:00 0 
7f5474000000-7f5474021000 rw-p 00000000 00:00 0 
7f5474021000-7f5478000000 ---p 00000000 00:00 0 
7f5478000000-7f5478021000 rw-p 00000000 00:00 0 
7f5478021000-7f547c000000 ---p 00000000 00:00 0 
7f547c000000-7f547c021000 rw-p 00000000 00:00 0 
7f547c021000-7f5480000000 ---p 00000000 00:00 0 
7f548090d000-7f5480b7d000 rwxp 00000000 00:00 0 
7f5480b7d000-7f5480e9c000 ---p 00000000 00:00 0 
7f5480e9c000-7f548110c000 rwxp 00000000 00:00 0 
7f548110c000-7f54883d4000 ---p 00000000 00:00 0 
7f54883d4000-7f5488644000 rwxp 00000000 00:00 0 
7f5488644000-7f548f90d000 ---p 00000000 00:00 0 
7f548f90d000-7f5498000000 r--s 00000000 08:01 551289                     /usr/lib/jvm/java-11-openjdk-amd64/lib/modules
7f5498000000-7f54980af000 rw-p 00000000 00:00 0 
7f54980af000-7f549c000000 ---p 00000000 00:00 0 
7f549c1d9000-7f549c1dd000 ---p 00000000 00:00 0 
7f549c1dd000-7f549c2da000 rw-p 00000000 00:00 0 
7f549c2da000-7f549c2db000 ---p 00000000 00:00 0 
7f549c2db000-7f549c3dc000 rw-p 00000000 00:00 0 
7f549c3dc000-7f549c3e0000 ---p 00000000 00:00 0 
7f549c3e0000-7f549c4dd000 rw-p 00000000 00:00 0 
7f549c4dd000-7f549c4e1000 ---p 00000000 00:00 0 
7f549c4e1000-7f549c5de000 rw-p 00000000 00:00 0 
7f549c5de000-7f549c5e2000 ---p 00000000 00:00 0 
7f549c5e2000-7f549c6df000 rw-p 00000000 00:00 0 
7f549c6df000-7f549c6e3000 ---p 00000000 00:00 0 
7f549c6e3000-7f549c7e0000 rw-p 00000000 00:00 0 
7f549c7e0000-7f549c7e4000 ---p 00000000 00:00 0 
7f549c7e4000-7f549c8e1000 rw-p 00000000 00:00 0 
7f549c8e1000-7f549d2f8000 r--p 00000000 08:01 660771                     /usr/lib/locale/locale-archive
7f549d2f8000-7f549d2fc000 ---p 00000000 00:00 0 
7f549d2fc000-7f549d3f9000 rw-p 00000000 00:00 0 
7f549d3f9000-7f549d3fd000 ---p 00000000 00:00 0 
7f549d3fd000-7f549d4fa000 rw-p 00000000 00:00 0 
7f549d4fa000-7f549d4fb000 ---p 00000000 00:00 0 
7f549d4fb000-7f549db40000 rw-p 00000000 00:00 0 
7f549db40000-7f549df00000 ---p 00000000 00:00 0 
7f549df00000-7f549df27000 rw-p 00000000 00:00 0 
7f549df27000-7f549df74000 ---p 00000000 00:00 0 
7f549df74000-7f549df7f000 rw-p 00000000 00:00 0 
7f549df7f000-7f549e01a000 ---p 00000000 00:00 0 
7f549e01a000-7f549e020000 rw-p 00000000 00:00 0 
7f549e020000-7f549e106000 ---p 00000000 00:00 0 
7f549e106000-7f549e10b000 rw-p 00000000 00:00 0 
7f549e10b000-7f549e1f1000 ---p 00000000 00:00 0 
7f549e1f1000-7f549e1f6000 r-xp 00000000 08:01 551271                     /usr/lib/jvm/java-11-openjdk-amd64/lib/libjimage.so
7f549e1f6000-7f549e3f5000 ---p 00005000 08:01 551271                     /usr/lib/jvm/java-11-openjdk-amd64/lib/libjimage.so
7f549e3f5000-7f549e3f6000 r--p 00004000 08:01 551271                     /usr/lib/jvm/java-11-openjdk-amd64/lib/libjimage.so
7f549e3f6000-7f549e3f7000 rw-p 00005000 08:01 551271                     /usr/lib/jvm/java-11-openjdk-amd64/lib/libjimage.so
7f549e3f7000-7f549e3fe000 r-xp 00000000 08:01 551288                     /usr/lib/jvm/java-11-openjdk-amd64/lib/libzip.so
7f549e3fe000-7f549e5fd000 ---p 00007000 08:01 551288                     /usr/lib/jvm/java-11-openjdk-amd64/lib/libzip.so
7f549e5fd000-7f549e5fe000 r--p 00006000 08:01 551288                     /usr/lib/jvm/java-11-openjdk-amd64/lib/libzip.so
7f549e5fe000-7f549e5ff000 rw-p 00007000 08:01 551288                     /usr/lib/jvm/java-11-openjdk-amd64/lib/libzip.so
7f549e5ff000-7f549e60a000 r-xp 00000000 08:01 399660                     /lib/x86_64-linux-gnu/libnss_files-2.27.so
7f549e60a000-7f549e809000 ---p 0000b000 08:01 399660                     /lib/x86_64-linux-gnu/libnss_files-2.27.so
7f549e809000-7f549e80a000 r--p 0000a000 08:01 399660                     /lib/x86_64-linux-gnu/libnss_files-2.27.so
7f549e80a000-7f549e80b000 rw-p 0000b000 08:01 399660                     /lib/x86_64-linux-gnu/libnss_files-2.27.so
7f549e80b000-7f549e811000 rw-p 00000000 00:00 0 
7f549e811000-7f549e828000 r-xp 00000000 08:01 399654                     /lib/x86_64-linux-gnu/libnsl-2.27.so
7f549e828000-7f549ea27000 ---p 00017000 08:01 399654                     /lib/x86_64-linux-gnu/libnsl-2.27.so
7f549ea27000-7f549ea28000 r--p 00016000 08:01 399654                     /lib/x86_64-linux-gnu/libnsl-2.27.so
7f549ea28000-7f549ea29000 rw-p 00017000 08:01 399654                     /lib/x86_64-linux-gnu/libnsl-2.27.so
7f549ea29000-7f549ea2b000 rw-p 00000000 00:00 0 
7f549ea2b000-7f549ea36000 r-xp 00000000 08:01 399671                     /lib/x86_64-linux-gnu/libnss_nis-2.27.so
7f549ea36000-7f549ec35000 ---p 0000b000 08:01 399671                     /lib/x86_64-linux-gnu/libnss_nis-2.27.so
7f549ec35000-7f549ec36000 r--p 0000a000 08:01 399671                     /lib/x86_64-linux-gnu/libnss_nis-2.27.so
7f549ec36000-7f549ec37000 rw-p 0000b000 08:01 399671                     /lib/x86_64-linux-gnu/libnss_nis-2.27.so
7f549ec37000-7f549ec3f000 r-xp 00000000 08:01 399656                     /lib/x86_64-linux-gnu/libnss_compat-2.27.so
7f549ec3f000-7f549ee3f000 ---p 00008000 08:01 399656                     /lib/x86_64-linux-gnu/libnss_compat-2.27.so
7f549ee3f000-7f549ee40000 r--p 00008000 08:01 399656                     /lib/x86_64-linux-gnu/libnss_compat-2.27.so
7f549ee40000-7f549ee41000 rw-p 00009000 08:01 399656                     /lib/x86_64-linux-gnu/libnss_compat-2.27.so
7f549ee41000-7f549ee6a000 r-xp 00000000 08:01 551267                     /usr/lib/jvm/java-11-openjdk-amd64/lib/libjava.so
7f549ee6a000-7f549f069000 ---p 00029000 08:01 551267                     /usr/lib/jvm/java-11-openjdk-amd64/lib/libjava.so
7f549f069000-7f549f06a000 r--p 00028000 08:01 551267                     /usr/lib/jvm/java-11-openjdk-amd64/lib/libjava.so
7f549f06a000-7f549f06c000 rw-p 00029000 08:01 551267                     /usr/lib/jvm/java-11-openjdk-amd64/lib/libjava.so
7f549f06c000-7f549f079000 r-xp 00000000 08:01 551287                     /usr/lib/jvm/java-11-openjdk-amd64/lib/libverify.so
7f549f079000-7f549f278000 ---p 0000d000 08:01 551287                     /usr/lib/jvm/java-11-openjdk-amd64/lib/libverify.so
7f549f278000-7f549f27a000 r--p 0000c000 08:01 551287                     /usr/lib/jvm/java-11-openjdk-amd64/lib/libverify.so
7f549f27a000-7f549f27b000 rw-p 0000e000 08:01 551287                     /usr/lib/jvm/java-11-openjdk-amd64/lib/libverify.so
7f549f27b000-7f549f282000 r-xp 00000000 08:01 399711                     /lib/x86_64-linux-gnu/librt-2.27.so
7f549f282000-7f549f481000 ---p 00007000 08:01 399711                     /lib/x86_64-linux-gnu/librt-2.27.so
7f549f481000-7f549f482000 r--p 00006000 08:01 399711                     /lib/x86_64-linux-gnu/librt-2.27.so
7f549f482000-7f549f483000 rw-p 00007000 08:01 399711                     /lib/x86_64-linux-gnu/librt-2.27.so
7f549f483000-7f549f49a000 r-xp 00000000 08:01 399607                     /lib/x86_64-linux-gnu/libgcc_s.so.1
7f549f49a000-7f549f699000 ---p 00017000 08:01 399607                     /lib/x86_64-linux-gnu/libgcc_s.so.1
7f549f699000-7f549f69a000 r--p 00016000 08:01 399607                     /lib/x86_64-linux-gnu/libgcc_s.so.1
7f549f69a000-7f549f69b000 rw-p 00017000 08:01 399607                     /lib/x86_64-linux-gnu/libgcc_s.so.1
7f549f69b000-7f549f838000 r-xp 00000000 08:01 399633                     /lib/x86_64-linux-gnu/libm-2.27.so
7f549f838000-7f549fa37000 ---p 0019d000 08:01 399633                     /lib/x86_64-linux-gnu/libm-2.27.so
7f549fa37000-7f549fa38000 r--p 0019c000 08:01 399633                     /lib/x86_64-linux-gnu/libm-2.27.so
7f549fa38000-7f549fa39000 rw-p 0019d000 08:01 399633                     /lib/x86_64-linux-gnu/libm-2.27.so
7f549fa39000-7f549fbb2000 r-xp 00000000 08:01 665875                     /usr/lib/x86_64-linux-gnu/libstdc++.so.6.0.25
7f549fbb2000-7f549fdb2000 ---p 00179000 08:01 665875                     /usr/lib/x86_64-linux-gnu/libstdc++.so.6.0.25
7f549fdb2000-7f549fdbc000 r--p 00179000 08:01 665875                     /usr/lib/x86_64-linux-gnu/libstdc++.so.6.0.25
7f549fdbc000-7f549fdbe000 rw-p 00183000 08:01 665875                     /usr/lib/x86_64-linux-gnu/libstdc++.so.6.0.25
7f549fdbe000-7f549fdc2000 rw-p 00000000 00:00 0 
7f549fdc2000-7f54a0e9f000 r-xp 00000000 08:01 551294                     /usr/lib/jvm/java-11-openjdk-amd64/lib/server/libjvm.so
7f54a0e9f000-7f54a109e000 ---p 010dd000 08:01 551294                     /usr/lib/jvm/java-11-openjdk-amd64/lib/server/libjvm.so
7f54a109e000-7f54a115b000 r--p 010dc000 08:01 551294                     /usr/lib/jvm/java-11-openjdk-amd64/lib/server/libjvm.so
7f54a115b000-7f54a1195000 rw-p 01199000 08:01 551294                     /usr/lib/jvm/java-11-openjdk-amd64/lib/server/libjvm.so
7f54a1195000-7f54a11eb000 rw-p 00000000 00:00 0 
7f54a11eb000-7f54a1205000 r-xp 00000000 08:01 399703                     /lib/x86_64-linux-gnu/libpthread-2.27.so
7f54a1205000-7f54a1404000 ---p 0001a000 08:01 399703                     /lib/x86_64-linux-gnu/libpthread-2.27.so
7f54a1404000-7f54a1405000 r--p 00019000 08:01 399703                     /lib/x86_64-linux-gnu/libpthread-2.27.so
7f54a1405000-7f54a1406000 rw-p 0001a000 08:01 399703                     /lib/x86_64-linux-gnu/libpthread-2.27.so
7f54a1406000-7f54a140a000 rw-p 00000000 00:00 0 
7f54a140a000-7f54a140d000 r-xp 00000000 08:01 399593                     /lib/x86_64-linux-gnu/libdl-2.27.so
7f54a140d000-7f54a160c000 ---p 00003000 08:01 399593                     /lib/x86_64-linux-gnu/libdl-2.27.so
7f54a160c000-7f54a160d000 r--p 00002000 08:01 399593                     /lib/x86_64-linux-gnu/libdl-2.27.so
7f54a160d000-7f54a160e000 rw-p 00003000 08:01 399593                     /lib/x86_64-linux-gnu/libdl-2.27.so
7f54a160e000-7f54a162a000 r-xp 00000000 08:01 399742                     /lib/x86_64-linux-gnu/libz.so.1.2.11
7f54a162a000-7f54a1829000 ---p 0001c000 08:01 399742                     /lib/x86_64-linux-gnu/libz.so.1.2.11
7f54a1829000-7f54a182a000 r--p 0001b000 08:01 399742                     /lib/x86_64-linux-gnu/libz.so.1.2.11
7f54a182a000-7f54a182b000 rw-p 0001c000 08:01 399742                     /lib/x86_64-linux-gnu/libz.so.1.2.11
7f54a182b000-7f54a1a12000 r-xp 00000000 08:01 399570                     /lib/x86_64-linux-gnu/libc-2.27.so
7f54a1a12000-7f54a1c12000 ---p 001e7000 08:01 399570                     /lib/x86_64-linux-gnu/libc-2.27.so
7f54a1c12000-7f54a1c16000 r--p 001e7000 08:01 399570                     /lib/x86_64-linux-gnu/libc-2.27.so
7f54a1c16000-7f54a1c18000 rw-p 001eb000 08:01 399570                     /lib/x86_64-linux-gnu/libc-2.27.so
7f54a1c18000-7f54a1c1c000 rw-p 00000000 00:00 0 
7f54a1c1c000-7f54a1c2c000 r-xp 00000000 08:01 551251                     /usr/lib/jvm/java-11-openjdk-amd64/lib/jli/libjli.so
7f54a1c2c000-7f54a1e2b000 ---p 00010000 08:01 551251                     /usr/lib/jvm/java-11-openjdk-amd64/lib/jli/libjli.so
7f54a1e2b000-7f54a1e2c000 r--p 0000f000 08:01 551251                     /usr/lib/jvm/java-11-openjdk-amd64/lib/jli/libjli.so
7f54a1e2c000-7f54a1e2d000 rw-p 00010000 08:01 551251                     /usr/lib/jvm/java-11-openjdk-amd64/lib/jli/libjli.so
7f54a1e2d000-7f54a1e54000 r-xp 00000000 08:01 399542                     /lib/x86_64-linux-gnu/ld-2.27.so
7f54a1e67000-7f54a1e93000 rw-p 00000000 00:00 0 
7f54a1e93000-7f54a1f2f000 ---p 00000000 00:00 0 
7f54a1f2f000-7f54a1f34000 rw-p 00000000 00:00 0 
7f54a1f34000-7f54a1f3b000 ---p 00000000 00:00 0 
7f54a1f3b000-7f54a1f3f000 ---p 00000000 00:00 0 
7f54a1f3f000-7f54a203e000 rw-p 00000000 00:00 0 
7f54a2046000-7f54a2048000 r--s 00007000 08:01 551452                     /usr/share/java/java-atk-wrapper.jar
7f54a2048000-7f54a2050000 rw-s 00000000 08:01 1049051                    /tmp/hsperfdata_yiyun/14184
7f54a2050000-7f54a2051000 ---p 00000000 00:00 0 
7f54a2051000-7f54a2052000 r--p 00000000 00:00 0 
7f54a2052000-7f54a2054000 rw-p 00000000 00:00 0 
7f54a2054000-7f54a2055000 r--p 00027000 08:01 399542                     /lib/x86_64-linux-gnu/ld-2.27.so
7f54a2055000-7f54a2056000 rw-p 00028000 08:01 399542                     /lib/x86_64-linux-gnu/ld-2.27.so
7f54a2056000-7f54a2057000 rw-p 00000000 00:00 0 
7fff12b1e000-7fff12b3f000 rw-p 00000000 00:00 0                          [stack]
7fff12b9e000-7fff12ba1000 r--p 00000000 00:00 0                          [vvar]
7fff12ba1000-7fff12ba2000 r-xp 00000000 00:00 0                          [vdso]
ffffffffff600000-ffffffffff601000 r-xp 00000000 00:00 0                  [vsyscall]


VM Arguments:
jvm_args: -Xverify:none 
java_command: Main
java_class_path (initial): .
Launcher Type: SUN_STANDARD

[Global flags]
     bool BytecodeVerificationLocal                = false                                     {product} {command line}
     bool BytecodeVerificationRemote               = false                                     {product} {command line}
     intx CICompilerCount                          = 2                                         {product} {ergonomic}
   size_t InitialHeapSize                          = 33554432                                  {product} {ergonomic}
   size_t MaxHeapSize                              = 522190848                                 {product} {ergonomic}
   size_t MaxNewSize                               = 174063616                                 {product} {ergonomic}
   size_t MinHeapDeltaBytes                        = 196608                                    {product} {ergonomic}
   size_t NewSize                                  = 11141120                                  {product} {ergonomic}
    uintx NonNMethodCodeHeapSize                   = 5825164                                {pd product} {ergonomic}
    uintx NonProfiledCodeHeapSize                  = 122916538                              {pd product} {ergonomic}
   size_t OldSize                                  = 22413312                                  {product} {ergonomic}
    uintx ProfiledCodeHeapSize                     = 122916538                              {pd product} {ergonomic}
    uintx ReservedCodeCacheSize                    = 251658240                              {pd product} {ergonomic}
     bool SegmentedCodeCache                       = true                                      {product} {ergonomic}
     bool UseCompressedClassPointers               = true                                 {lp64_product} {ergonomic}
     bool UseCompressedOops                        = true                                 {lp64_product} {ergonomic}
     bool UseSerialGC                              = true                                      {product} {ergonomic}

Logging:
Log output configuration:
 #0: stdout all=warning uptime,level,tags
 #1: stderr all=off uptime,level,tags

Environment Variables:
PATH=/home/yiyun/.local/bin:/usr/local/sbin:/usr/local/bin:/usr/sbin:/usr/bin:/sbin:/bin:/usr/games:/usr/local/games:/snap/bin
USERNAME=yiyun
SHELL=/bin/bash
DISPLAY=:0

Signal Handlers:
SIGSEGV: [libjvm.so+0xdf8d00], sa_mask[0]=11111111011111111101111111111110, sa_flags=SA_RESTART|SA_SIGINFO
SIGBUS: [libjvm.so+0xdf8d00], sa_mask[0]=11111111011111111101111111111110, sa_flags=SA_RESTART|SA_SIGINFO
SIGFPE: [libjvm.so+0xdf8d00], sa_mask[0]=11111111011111111101111111111110, sa_flags=SA_RESTART|SA_SIGINFO
SIGPIPE: [libjvm.so+0xbcbc30], sa_mask[0]=11111111011111111101111111111110, sa_flags=SA_RESTART|SA_SIGINFO
SIGXFSZ: [libjvm.so+0xbcbc30], sa_mask[0]=11111111011111111101111111111110, sa_flags=SA_RESTART|SA_SIGINFO
SIGILL: [libjvm.so+0xdf8d00], sa_mask[0]=11111111011111111101111111111110, sa_flags=SA_RESTART|SA_SIGINFO
SIGUSR2: [libjvm.so+0xbcbad0], sa_mask[0]=00000000000000000000000000000000, sa_flags=SA_RESTART|SA_SIGINFO
SIGHUP: [libjvm.so+0xbcbe30], sa_mask[0]=11111111011111111101111111111110, sa_flags=SA_RESTART|SA_SIGINFO
SIGINT: [libjvm.so+0xbcbe30], sa_mask[0]=11111111011111111101111111111110, sa_flags=SA_RESTART|SA_SIGINFO
SIGTERM: [libjvm.so+0xbcbe30], sa_mask[0]=11111111011111111101111111111110, sa_flags=SA_RESTART|SA_SIGINFO
SIGQUIT: [libjvm.so+0xbcbe30], sa_mask[0]=11111111011111111101111111111110, sa_flags=SA_RESTART|SA_SIGINFO


---------------  S Y S T E M  ---------------

OS:DISTRIB_ID=Ubuntu
DISTRIB_RELEASE=18.04
DISTRIB_CODENAME=bionic
DISTRIB_DESCRIPTION="Ubuntu 18.04.3 LTS"
uname:Linux 5.0.0-36-generic #39~18.04.1-Ubuntu SMP Tue Nov 12 11:09:50 UTC 2019 x86_64
OS uptime: 0 days 6:13 hours
libc:glibc 2.27 NPTL 2.27 
rlimit: STACK 8192k, CORE 0k, NPROC 7775, NOFILE 4096, AS infinity, CPU infinity, DATA infinity, FSIZE infinity
load average:1.58 2.30 3.18

/proc/meminfo:
MemTotal:        2038764 kB
MemFree:          181616 kB
MemAvailable:     531408 kB
Buffers:           16444 kB
Cached:           502588 kB
SwapCached:        53856 kB
Active:          1169624 kB
Inactive:         454944 kB
Active(anon):     839236 kB
Inactive(anon):   328656 kB
Active(file):     330388 kB
Inactive(file):   126288 kB
Unevictable:          16 kB
Mlocked:              16 kB
SwapTotal:        969960 kB
SwapFree:         586472 kB
Dirty:               100 kB
Writeback:             0 kB
AnonPages:       1097928 kB
Mapped:           199756 kB
Shmem:             64744 kB
KReclaimable:      49424 kB
Slab:              89692 kB
SReclaimable:      49424 kB
SUnreclaim:        40268 kB
KernelStack:       10544 kB
PageTables:        52820 kB
NFS_Unstable:          0 kB
Bounce:                0 kB
WritebackTmp:          0 kB
CommitLimit:     1989340 kB
Committed_AS:    6451808 kB
VmallocTotal:   34359738367 kB
VmallocUsed:           0 kB
VmallocChunk:          0 kB
Percpu:              304 kB
HardwareCorrupted:     0 kB
AnonHugePages:         0 kB
ShmemHugePages:        0 kB
ShmemPmdMapped:        0 kB
CmaTotal:              0 kB
CmaFree:               0 kB
HugePages_Total:       0
HugePages_Free:        0
HugePages_Rsvd:        0
HugePages_Surp:        0
Hugepagesize:       2048 kB
Hugetlb:               0 kB
DirectMap4k:      155584 kB
DirectMap2M:     1941504 kB


/proc/sys/kernel/threads-max (system-wide limit on the number of threads):
15550


/proc/sys/vm/max_map_count (maximum number of memory map areas a process may have):
65530


/proc/sys/kernel/pid_max (system-wide limit on number of process identifiers):
32768



container (cgroup) information:
container_type: cgroupv1
cpu_cpuset_cpus: 0
cpu_memory_nodes: 0
active_processor_count: 1
cpu_quota: -1
cpu_period: 100000
cpu_shares: -1
memory_limit_in_bytes: -1
memory_and_swap_limit_in_bytes: -2
memory_soft_limit_in_bytes: -1
memory_usage_in_bytes: 1657053184
memory_max_usage_in_bytes: 28061696

KVM virtualization detected
Steal ticks since vm start: 0
Steal ticks percentage since vm start:  0.000

CPU:total 1 (initial active 1) (1 cores per cpu, 1 threads per core) family 6 model 142 stepping 11, cmov, cx8, fxsr, mmx, sse, sse2, sse3, ssse3, sse4.1, sse4.2, popcnt, avx, avx2, aes, clmul, 3dnowpref, lzcnt, tsc, tscinvbit
CPU Model and flags from /proc/cpuinfo:
model name	: Intel(R) Core(TM) i5-8265U CPU @ 1.60GHz
flags		: fpu vme de pse tsc msr pae mce cx8 apic sep mtrr pge mca cmov pat pse36 clflush mmx fxsr sse sse2 ht syscall nx rdtscp lm constant_tsc rep_good nopl xtopology nonstop_tsc cpuid tsc_known_freq pni pclmulqdq monitor ssse3 cx16 pcid sse4_1 sse4_2 x2apic movbe popcnt aes xsave avx rdrand hypervisor lahf_lm abm 3dnowprefetch invpcid_single fsgsbase avx2 invpcid rdseed clflushopt flush_l1d arch_capabilities

Memory: 4k page, physical 2038764k(181616k free), swap 969960k(586472k free)

vm_info: OpenJDK 64-Bit Server VM (11.0.7+10-post-Ubuntu-2ubuntu218.04) for linux-amd64 JRE (11.0.7+10-post-Ubuntu-2ubuntu218.04), built on Apr 15 2020 21:12:54 by "unknown" with gcc 7.5.0

END.
