#
# A fatal error has been detected by the Java Runtime Environment:
#
#  SIGSEGV (0xb) at pc=0x00007f87c49f2104, pid=8202, tid=8203
#
# JRE version: OpenJDK Runtime Environment (11.0.7+10) (build 11.0.7+10-post-Ubuntu-2ubuntu218.04)
# Java VM: OpenJDK 64-Bit Server VM (11.0.7+10-post-Ubuntu-2ubuntu218.04, mixed mode, sharing, tiered, compressed oops, serial gc, linux-amd64)
# Problematic frame:
# V  [libjvm.so+0xa03104]
#
# Core dump will be written. Default location: Core dumps may be processed with "/usr/share/apport/apport %p %s %c %d %P %E" (or dumping to /home/yiyun/Compiler_Jasmin/Compiler_StudentID_HW3/core.8202)
#
# If you would like to submit a bug report, please visit:
#   https://bugs.launchpad.net/ubuntu/+source/openjdk-lts
#

---------------  S U M M A R Y ------------

Command Line: -Xverify:none Main

Host: Intel(R) Core(TM) i5-8265U CPU @ 1.60GHz, 1 cores, 1G, Ubuntu 18.04.3 LTS
Time: Wed May 27 23:13:49 2020 CST elapsed time: 1 seconds (0d 0h 0m 1s)

---------------  T H R E A D  ---------------

Current thread (0x00007f87bc015800):  JavaThread "main" [_thread_in_vm, id=8203, stack(0x00007f87c6168000,0x00007f87c6269000)]

Stack: [0x00007f87c6168000,0x00007f87c6269000],  sp=0x00007f87c62673a0,  free space=1020k
Native frames: (J=compiled Java code, A=aot compiled Java code, j=interpreted, Vv=VM code, C=native code)
V  [libjvm.so+0xa03104]
V  [libjvm.so+0xa3ba56]
V  [libjvm.so+0x843946]
V  [libjvm.so+0x84483d]
j  Main.main([Ljava/lang/String;)V+18
v  ~StubRoutines::call_stub
V  [libjvm.so+0x84e319]
V  [libjvm.so+0x8ca02d]
V  [libjvm.so+0x8cc4fe]
C  [libjli.so+0x5856]
C  [libjli.so+0x92cd]

Java frames: (J=compiled Java code, j=interpreted, Vv=VM code)
j  Main.main([Ljava/lang/String;)V+18
v  ~StubRoutines::call_stub

siginfo: si_signo: 11 (SIGSEGV), si_code: 1 (SEGV_MAPERR), si_addr: 0x0000000db2f80270

Register to memory mapping:

RAX={method} {0x0000000800328c68} 'println' '(I)V' in 'java/io/PrintStream'
RBX=0x00007f87c62675c0 is pointing into the stack for thread: 0x00007f87bc015800
RCX=0x000000080095a4a8 is pointing into metadata
RDX=0x0 is NULL
RSP=0x00007f87c62673a0 is pointing into the stack for thread: 0x00007f87bc015800
RBP=0x00007f87c6267430 is pointing into the stack for thread: 0x00007f87bc015800
RSI=0x0000000000000013 is an unknown value
RDI=0x0000000db2f80008 is an unknown value
R8 =0x0000000db2f80008 is an unknown value
R9 =0x0000000000000001 is an unknown value
R10=0x00007f87c6267480 is pointing into the stack for thread: 0x00007f87bc015800
R11=0x000000080095b7f8 is pointing into metadata
R12=0x0000000000000001 is an unknown value
R13=0x0000000000000013 is an unknown value
R14=0x0 is NULL
R15=0x00007f87bc015800 is a thread


Registers:
RAX=0x0000000800328c68, RBX=0x00007f87c62675c0, RCX=0x000000080095a4a8, RDX=0x0000000000000000
RSP=0x00007f87c62673a0, RBP=0x00007f87c6267430, RSI=0x0000000000000013, RDI=0x0000000db2f80008
R8 =0x0000000db2f80008, R9 =0x0000000000000001, R10=0x00007f87c6267480, R11=0x000000080095b7f8
R12=0x0000000000000001, R13=0x0000000000000013, R14=0x0000000000000000, R15=0x00007f87bc015800
RIP=0x00007f87c49f2104, EFLAGS=0x0000000000010213, CSGSFS=0x002b000000000033, ERR=0x0000000000000004
  TRAPNO=0x000000000000000e

Top of Stack: (sp=0x00007f87c62673a0)
0x00007f87c62673a0:   00007f87c6267430 00007f87c4a2325b
0x00007f87c62673b0:   00007f87c6267440 00007f87c4635d47
0x00007f87c62673c0:   00007f87c62673f0 0000000800327920
0x00007f87c62673d0:   0000000db2f80008 00007f87c6267470 

Instructions: (pc=0x00007f87c49f2104)
0x00007f87c49f2004:   75 15 80 e6 04 48 8d 05 90 18 4d 00 48 8d 15 42
0x00007f87c49f2014:   fd 47 00 48 0f 44 c2 5d c3 90 66 90 55 48 81 c7
0x00007f87c49f2024:   c0 00 00 00 b8 01 00 00 00 48 89 e5 f0 0f c1 07
0x00007f87c49f2034:   83 c0 01 5d c3 90 66 0f 1f 44 00 00 48 8d 15 89
0x00007f87c49f2044:   66 9b 00 55 89 f8 48 89 e5 8b 4a 08 5d 48 d3 e0
0x00007f87c49f2054:   48 03 02 c3 0f 1f 84 00 00 00 00 00 40 f6 c7 07
0x00007f87c49f2064:   75 09 48 81 ff ff 0f 00 00 77 09 31 c0 c3 66 0f
0x00007f87c49f2074:   1f 44 00 00 55 48 89 e5 41 54 4c 8d a7 d0 00 00
0x00007f87c49f2084:   00 53 48 89 fb 4c 89 e6 e8 2f 20 1c 00 84 c0 75
0x00007f87c49f2094:   0b 5b 31 c0 41 5c 5d c3 0f 1f 40 00 4c 89 e6 48
0x00007f87c49f20a4:   89 df e8 65 54 13 00 84 c0 74 e6 48 8b 7b 18 e8
0x00007f87c49f20b4:   e8 49 33 00 84 c0 74 d9 48 8b bb 98 00 00 00 5b
0x00007f87c49f20c4:   41 5c 5d e9 94 9f b9 ff 0f 1f 40 00 8b 97 c4 00
0x00007f87c49f20d4:   00 00 55 48 89 f8 48 89 e5 5d 48 c1 e2 20 48 81
0x00007f87c49f20e4:   ca d0 01 00 00 c3 66 0f 1f 44 00 00 55 48 8d 87
0x00007f87c49f20f4:   d0 01 00 00 48 89 e5 5d c3 90 66 90 55 48 63 f6
0x00007f87c49f2104:   48 8b 84 f7 d0 01 00 00 48 89 e5 5d c3 90 0f 1f
0x00007f87c49f2114:   40 00 66 2e 0f 1f 84 00 00 00 00 00 55 b8 d0 01
0x00007f87c49f2124:   00 00 48 89 e5 5d c3 90 0f 1f 40 00 55 48 89 e5
0x00007f87c49f2134:   41 57 41 56 41 55 41 54 49 89 ff 53 41 89 f6 48
0x00007f87c49f2144:   83 ec 68 8b 47 08 89 55 98 85 c0 7e 0d f6 87 3a
0x00007f87c49f2154:   01 00 00 20 0f 85 b2 02 00 00 49 8b 7f 18 48 85
0x00007f87c49f2164:   ff 0f 84 95 01 00 00 e8 80 3b 33 00 48 89 c7 48
0x00007f87c49f2174:   89 45 90 e8 b4 9d 86 ff 48 8d 58 01 49 89 c4 41
0x00007f87c49f2184:   8b 47 08 4c 89 ff 3d 00 00 00 c0 7d 0a 49 8b bf
0x00007f87c49f2194:   f0 00 00 00 8b 47 08 85 c0 0f 8e 7d 01 00 00 48
0x00007f87c49f21a4:   8b 07 ff 90 88 00 00 00 48 8b 78 10 49 89 c5 48
0x00007f87c49f21b4:   85 ff 0f 84 2c 02 00 00 e8 bf 2d 33 00 48 89 c7
0x00007f87c49f21c4:   48 89 45 80 4c 8d 25 18 c2 4d 00 e8 5c 9d 86 ff
0x00007f87c49f21d4:   4c 89 ef 48 01 c3 e8 a1 e6 16 00 48 8d 0d a6 10
0x00007f87c49f21e4:   4b 00 84 c0 88 85 7f ff ff ff 48 89 4d a0 0f 85
0x00007f87c49f21f4:   c8 02 00 00 0f 1f 84 00 00 00 00 00 49 8b 87 98 


Stack slot to memory mapping:
stack at sp + 0 slots: 0x00007f87c6267430 is pointing into the stack for thread: 0x00007f87bc015800
stack at sp + 1 slots: 0x00007f87c4a2325b: <offset 0x0000000000a3425b> in /usr/lib/jvm/java-11-openjdk-amd64/lib/server/libjvm.so at 0x00007f87c3fef000
stack at sp + 2 slots: 0x00007f87c6267440 is pointing into the stack for thread: 0x00007f87bc015800
stack at sp + 3 slots: 0x00007f87c4635d47: <offset 0x0000000000646d47> in /usr/lib/jvm/java-11-openjdk-amd64/lib/server/libjvm.so at 0x00007f87c3fef000
stack at sp + 4 slots: 0x00007f87c62673f0 is pointing into the stack for thread: 0x00007f87bc015800
stack at sp + 5 slots: 0x0000000800327920 is pointing into metadata
stack at sp + 6 slots: 0x0000000db2f80008 is an unknown value
stack at sp + 7 slots: 0x00007f87c6267470 is pointing into the stack for thread: 0x00007f87bc015800


---------------  P R O C E S S  ---------------

Threads class SMR info:
_java_thread_list=0x00007f87bc0b1800, length=9, elements={
0x00007f87bc015800, 0x00007f87bc051000, 0x00007f87bc053000, 0x00007f87bc05a000,
0x00007f87bc05c800, 0x00007f87bc05e800, 0x00007f87bc060800, 0x00007f87bc0aa800,
0x00007f87bc0b0000
}

Java Threads: ( => current thread )
=>0x00007f87bc015800 JavaThread "main" [_thread_in_vm, id=8203, stack(0x00007f87c6168000,0x00007f87c6269000)]
  0x00007f87bc051000 JavaThread "Reference Handler" daemon [_thread_blocked, id=8205, stack(0x00007f87c1626000,0x00007f87c1727000)]
  0x00007f87bc053000 JavaThread "Finalizer" daemon [_thread_blocked, id=8206, stack(0x00007f87c1525000,0x00007f87c1626000)]
  0x00007f87bc05a000 JavaThread "Signal Dispatcher" daemon [_thread_blocked, id=8207, stack(0x00007f87c0a0d000,0x00007f87c0b0e000)]
  0x00007f87bc05c800 JavaThread "C2 CompilerThread0" daemon [_thread_blocked, id=8208, stack(0x00007f87c090c000,0x00007f87c0a0d000)]
  0x00007f87bc05e800 JavaThread "C1 CompilerThread0" daemon [_thread_blocked, id=8209, stack(0x00007f87c080b000,0x00007f87c090c000)]
  0x00007f87bc060800 JavaThread "Sweeper thread" daemon [_thread_blocked, id=8210, stack(0x00007f87c070a000,0x00007f87c080b000)]
  0x00007f87bc0aa800 JavaThread "Service Thread" daemon [_thread_blocked, id=8211, stack(0x00007f87c0609000,0x00007f87c070a000)]
  0x00007f87bc0b0000 JavaThread "Common-Cleaner" daemon [_thread_blocked, id=8213, stack(0x00007f87c0406000,0x00007f87c0507000)]

Other Threads:
  0x00007f87bc04e000 VMThread "VM Thread" [stack: 0x00007f87c1729000,0x00007f87c1829000] [id=8204]
  0x00007f87bc0ad000 WatcherThread [stack: 0x00007f87c0509000,0x00007f87c0609000] [id=8212]

Threads with active compile tasks:

VM state:not at safepoint (normal execution)

VM Mutex/Monitor currently owned by a thread: None

Heap address: 0x00000000e0e00000, size: 498 MB, Compressed Oops mode: 32-bit
Narrow klass base: 0x0000000800000000, Narrow klass shift: 3
Compressed class space size: 1073741824 Address: 0x0000000840000000

Heap:
 def new generation   total 9792K, used 1044K [0x00000000e0e00000, 0x00000000e18a0000, 0x00000000eb400000)
  eden space 8704K,  12% used [0x00000000e0e00000, 0x00000000e0f05318, 0x00000000e1680000)
  from space 1088K,   0% used [0x00000000e1680000, 0x00000000e1680000, 0x00000000e1790000)
  to   space 1088K,   0% used [0x00000000e1790000, 0x00000000e1790000, 0x00000000e18a0000)
 tenured generation   total 21888K, used 0K [0x00000000eb400000, 0x00000000ec960000, 0x0000000100000000)
   the space 21888K,   0% used [0x00000000eb400000, 0x00000000eb400000, 0x00000000eb400200, 0x00000000ec960000)
 Metaspace       used 172K, capacity 4486K, committed 4864K, reserved 1056768K
  class space    used 5K, capacity 386K, committed 512K, reserved 1048576K

Card table byte_map: [0x00007f87c214e000,0x00007f87c2248000] _byte_map_base: 0x00007f87c1a47000

Polling page: 0x00007f87c627d000

Metaspace:

Usage:
  Non-class:      4.00 MB capacity,   167.73 KB (  4%) used,     3.84 MB ( 96%) free+waste,   128 bytes ( <1%) overhead. 
      Class:    386.00 KB capacity,     5.18 KB (  1%) used,   380.70 KB ( 99%) free+waste,   128 bytes ( <1%) overhead. 
       Both:      4.38 MB capacity,   172.91 KB (  4%) used,     4.21 MB ( 96%) free+waste,   256 bytes ( <1%) overhead. 

Virtual space:
  Non-class space:        8.00 MB reserved,       4.25 MB ( 53%) committed 
      Class space:        1.00 GB reserved,     512.00 KB ( <1%) committed 
             Both:        1.01 GB reserved,       4.75 MB ( <1%) committed 

Chunk freelists:
   Non-Class:  0 bytes
       Class:  0 bytes
        Both:  0 bytes

MaxMetaspaceSize: unlimited
CompressedClassSpaceSize: 1.00 GB

CodeHeap 'non-profiled nmethods': size=120036Kb used=20Kb max_used=20Kb free=120015Kb
 bounds [0x00007f87ac3d4000, 0x00007f87ac644000, 0x00007f87b390d000]
CodeHeap 'profiled nmethods': size=120032Kb used=109Kb max_used=109Kb free=119922Kb
 bounds [0x00007f87a4e9c000, 0x00007f87a510c000, 0x00007f87ac3d4000]
CodeHeap 'non-nmethods': size=5692Kb used=987Kb max_used=999Kb free=4704Kb
 bounds [0x00007f87a490d000, 0x00007f87a4b7d000, 0x00007f87a4e9c000]
 total_blobs=375 nmethods=80 adapters=155
 compilation: enabled
              stopped_count=0, restarted_count=0
 full_count=0

Compilation events (20 events):
Event: 0.905 Thread 0x00007f87bc05e800 nmethod 69 0x00007f87ac3d7c10 code [0x00007f87ac3d7dc0, 0x00007f87ac3d7ef0]
Event: 0.907 Thread 0x00007f87bc05e800   70       3       jdk.internal.module.ModuleBootstrap$2::hasNext (30 bytes)
Event: 0.908 Thread 0x00007f87bc05e800 nmethod 70 0x00007f87a4eb5110 code [0x00007f87a4eb52e0, 0x00007f87a4eb5698]
Event: 0.908 Thread 0x00007f87bc05e800   71       3       jdk.internal.module.ModuleBootstrap$2::next (52 bytes)
Event: 0.909 Thread 0x00007f87bc05e800 nmethod 71 0x00007f87a4eb5790 code [0x00007f87a4eb59a0, 0x00007f87a4eb5f68]
Event: 0.909 Thread 0x00007f87bc05e800   72       3       java.util.HashMap::putIfAbsent (13 bytes)
Event: 0.910 Thread 0x00007f87bc05e800 nmethod 72 0x00007f87a4eb6110 code [0x00007f87a4eb62e0, 0x00007f87a4eb6658]
Event: 0.911 Thread 0x00007f87bc05c800   74       4       java.util.ImmutableCollections$SetN$SetNIterator::nextIndex (56 bytes)
Event: 0.914 Thread 0x00007f87bc05c800 nmethod 74 0x00007f87ac3d8390 code [0x00007f87ac3d8520, 0x00007f87ac3d85d8]
Event: 0.915 Thread 0x00007f87bc05c800   75       4       java.util.HashMap::afterNodeInsertion (1 bytes)
Event: 0.916 Thread 0x00007f87bc05c800 nmethod 75 0x00007f87ac3d8690 code [0x00007f87ac3d8820, 0x00007f87ac3d8898]
Event: 0.917 Thread 0x00007f87bc05e800   76       1       java.lang.Module::getDescriptor (5 bytes)
Event: 0.918 Thread 0x00007f87bc05e800 nmethod 76 0x00007f87ac3d8910 code [0x00007f87ac3d8ac0, 0x00007f87ac3d8bf0]
Event: 0.918 Thread 0x00007f87bc05e800   77       3       java.util.ImmutableCollections$SetN::iterator (9 bytes)
Event: 0.919 Thread 0x00007f87bc05e800 nmethod 77 0x00007f87a4eb6790 code [0x00007f87a4eb6960, 0x00007f87a4eb6b88]
Event: 1.095 Thread 0x00007f87bc05e800   78       3       java.lang.StringLatin1::canEncode (13 bytes)
Event: 1.095 Thread 0x00007f87bc05e800 nmethod 78 0x00007f87a4eb6c90 code [0x00007f87a4eb6e40, 0x00007f87a4eb6fd0]
Event: 1.100 Thread 0x00007f87bc05e800   79       3       java.lang.CharacterDataLatin1::getProperties (11 bytes)
Event: 1.101 Thread 0x00007f87bc05e800 nmethod 79 0x00007f87a4eb7090 code [0x00007f87a4eb7240, 0x00007f87a4eb73f0]
Event: 1.102 Thread 0x00007f87bc05c800   80       4       java.lang.StringLatin1::hashCode (42 bytes)

GC Heap History (0 events):
No events

Deoptimization events (0 events):
No events

Classes redefined (0 events):
No events

Internal exceptions (0 events):
No events

Events (20 events):
Event: 0.363 Thread 0x00007f87bc05e800 Thread added: 0x00007f87bc05e800
Event: 0.363 Protecting memory [0x00007f87c080b000,0x00007f87c080f000] with protection modes 0
Event: 0.364 Thread 0x00007f87bc060800 Thread added: 0x00007f87bc060800
Event: 0.370 Protecting memory [0x00007f87c070a000,0x00007f87c070e000] with protection modes 0
Event: 0.921 Thread 0x00007f87bc0aa800 Thread added: 0x00007f87bc0aa800
Event: 0.921 Executing VM operation: EnableBiasedLocking
Event: 0.923 Protecting memory [0x00007f87c0609000,0x00007f87c060d000] with protection modes 0
Event: 0.923 Executing VM operation: EnableBiasedLocking done
Event: 0.923 loading class jdk/internal/vm/PostVMInitHook
Event: 0.924 loading class jdk/internal/vm/PostVMInitHook done
Event: 0.926 loading class Main
Event: 0.926 loading class Main done
Event: 1.094 loading class jdk/internal/loader/URLClassPath$FileLoader
Event: 1.094 loading class jdk/internal/loader/URLClassPath$FileLoader done
Event: 1.097 loading class jdk/internal/loader/URLClassPath$FileLoader$1
Event: 1.097 loading class jdk/internal/loader/URLClassPath$FileLoader$1 done
Event: 1.099 Thread 0x00007f87bc0b0000 Thread added: 0x00007f87bc0b0000
Event: 1.106 Protecting memory [0x00007f87c0406000,0x00007f87c040a000] with protection modes 0
Event: 1.107 Executing VM operation: RevokeBias
Event: 1.107 Executing VM operation: RevokeBias done


Dynamic libraries:
e0e00000-e18a0000 rw-p 00000000 00:00 0 
e18a0000-eb400000 ---p 00000000 00:00 0 
eb400000-ec960000 rw-p 00000000 00:00 0 
ec960000-100000000 ---p 00000000 00:00 0 
800000000-800002000 rwxp 00001000 08:01 551457                           /usr/lib/jvm/java-11-openjdk-amd64/lib/server/classes.jsa
800002000-8003b8000 rw-p 00003000 08:01 551457                           /usr/lib/jvm/java-11-openjdk-amd64/lib/server/classes.jsa
8003b8000-800a7f000 r--p 003b9000 08:01 551457                           /usr/lib/jvm/java-11-openjdk-amd64/lib/server/classes.jsa
800a7f000-800a80000 rw-p 00a80000 08:01 551457                           /usr/lib/jvm/java-11-openjdk-amd64/lib/server/classes.jsa
800a80000-80108c000 r--p 00a81000 08:01 551457                           /usr/lib/jvm/java-11-openjdk-amd64/lib/server/classes.jsa
840000000-840080000 rw-p 00000000 00:00 0 
840080000-880000000 ---p 00000000 00:00 0 
556cf9ee0000-556cf9ee1000 r-xp 00000000 08:01 551084                     /usr/lib/jvm/java-11-openjdk-amd64/bin/java
556cfa0e1000-556cfa0e2000 r--p 00001000 08:01 551084                     /usr/lib/jvm/java-11-openjdk-amd64/bin/java
556cfa0e2000-556cfa0e3000 rw-p 00002000 08:01 551084                     /usr/lib/jvm/java-11-openjdk-amd64/bin/java
556cfb60a000-556cfb62b000 rw-p 00000000 00:00 0                          [heap]
7f8788000000-7f878807e000 rw-p 00000000 00:00 0 
7f878807e000-7f878c000000 ---p 00000000 00:00 0 
7f878c000000-7f878c021000 rw-p 00000000 00:00 0 
7f878c021000-7f8790000000 ---p 00000000 00:00 0 
7f8790000000-7f8790021000 rw-p 00000000 00:00 0 
7f8790021000-7f8794000000 ---p 00000000 00:00 0 
7f8794000000-7f8794068000 rw-p 00000000 00:00 0 
7f8794068000-7f8798000000 ---p 00000000 00:00 0 
7f8798000000-7f8798021000 rw-p 00000000 00:00 0 
7f8798021000-7f879c000000 ---p 00000000 00:00 0 
7f879c000000-7f879c021000 rw-p 00000000 00:00 0 
7f879c021000-7f87a0000000 ---p 00000000 00:00 0 
7f87a0000000-7f87a0021000 rw-p 00000000 00:00 0 
7f87a0021000-7f87a4000000 ---p 00000000 00:00 0 
7f87a490d000-7f87a4b7d000 rwxp 00000000 00:00 0 
7f87a4b7d000-7f87a4e9c000 ---p 00000000 00:00 0 
7f87a4e9c000-7f87a510c000 rwxp 00000000 00:00 0 
7f87a510c000-7f87ac3d4000 ---p 00000000 00:00 0 
7f87ac3d4000-7f87ac644000 rwxp 00000000 00:00 0 
7f87ac644000-7f87b390d000 ---p 00000000 00:00 0 
7f87b390d000-7f87bc000000 r--s 00000000 08:01 551289                     /usr/lib/jvm/java-11-openjdk-amd64/lib/modules
7f87bc000000-7f87bc0bd000 rw-p 00000000 00:00 0 
7f87bc0bd000-7f87c0000000 ---p 00000000 00:00 0 
7f87c0406000-7f87c040a000 ---p 00000000 00:00 0 
7f87c040a000-7f87c0507000 rw-p 00000000 00:00 0 
7f87c0507000-7f87c0508000 ---p 00000000 00:00 0 
7f87c0508000-7f87c0609000 rw-p 00000000 00:00 0 
7f87c0609000-7f87c060d000 ---p 00000000 00:00 0 
7f87c060d000-7f87c070a000 rw-p 00000000 00:00 0 
7f87c070a000-7f87c070e000 ---p 00000000 00:00 0 
7f87c070e000-7f87c080b000 rw-p 00000000 00:00 0 
7f87c080b000-7f87c080f000 ---p 00000000 00:00 0 
7f87c080f000-7f87c090c000 rw-p 00000000 00:00 0 
7f87c090c000-7f87c0910000 ---p 00000000 00:00 0 
7f87c0910000-7f87c0a0d000 rw-p 00000000 00:00 0 
7f87c0a0d000-7f87c0a11000 ---p 00000000 00:00 0 
7f87c0a11000-7f87c0b0e000 rw-p 00000000 00:00 0 
7f87c0b0e000-7f87c1525000 r--p 00000000 08:01 660771                     /usr/lib/locale/locale-archive
7f87c1525000-7f87c1529000 ---p 00000000 00:00 0 
7f87c1529000-7f87c1626000 rw-p 00000000 00:00 0 
7f87c1626000-7f87c162a000 ---p 00000000 00:00 0 
7f87c162a000-7f87c1727000 rw-p 00000000 00:00 0 
7f87c1727000-7f87c1728000 ---p 00000000 00:00 0 
7f87c1728000-7f87c1d6d000 rw-p 00000000 00:00 0 
7f87c1d6d000-7f87c212d000 ---p 00000000 00:00 0 
7f87c212d000-7f87c2154000 rw-p 00000000 00:00 0 
7f87c2154000-7f87c21a1000 ---p 00000000 00:00 0 
7f87c21a1000-7f87c21ac000 rw-p 00000000 00:00 0 
7f87c21ac000-7f87c2247000 ---p 00000000 00:00 0 
7f87c2247000-7f87c224d000 rw-p 00000000 00:00 0 
7f87c224d000-7f87c2333000 ---p 00000000 00:00 0 
7f87c2333000-7f87c2338000 rw-p 00000000 00:00 0 
7f87c2338000-7f87c241e000 ---p 00000000 00:00 0 
7f87c241e000-7f87c2423000 r-xp 00000000 08:01 551271                     /usr/lib/jvm/java-11-openjdk-amd64/lib/libjimage.so
7f87c2423000-7f87c2622000 ---p 00005000 08:01 551271                     /usr/lib/jvm/java-11-openjdk-amd64/lib/libjimage.so
7f87c2622000-7f87c2623000 r--p 00004000 08:01 551271                     /usr/lib/jvm/java-11-openjdk-amd64/lib/libjimage.so
7f87c2623000-7f87c2624000 rw-p 00005000 08:01 551271                     /usr/lib/jvm/java-11-openjdk-amd64/lib/libjimage.so
7f87c2624000-7f87c262b000 r-xp 00000000 08:01 551288                     /usr/lib/jvm/java-11-openjdk-amd64/lib/libzip.so
7f87c262b000-7f87c282a000 ---p 00007000 08:01 551288                     /usr/lib/jvm/java-11-openjdk-amd64/lib/libzip.so
7f87c282a000-7f87c282b000 r--p 00006000 08:01 551288                     /usr/lib/jvm/java-11-openjdk-amd64/lib/libzip.so
7f87c282b000-7f87c282c000 rw-p 00007000 08:01 551288                     /usr/lib/jvm/java-11-openjdk-amd64/lib/libzip.so
7f87c282c000-7f87c2837000 r-xp 00000000 08:01 399660                     /lib/x86_64-linux-gnu/libnss_files-2.27.so
7f87c2837000-7f87c2a36000 ---p 0000b000 08:01 399660                     /lib/x86_64-linux-gnu/libnss_files-2.27.so
7f87c2a36000-7f87c2a37000 r--p 0000a000 08:01 399660                     /lib/x86_64-linux-gnu/libnss_files-2.27.so
7f87c2a37000-7f87c2a38000 rw-p 0000b000 08:01 399660                     /lib/x86_64-linux-gnu/libnss_files-2.27.so
7f87c2a38000-7f87c2a3e000 rw-p 00000000 00:00 0 
7f87c2a3e000-7f87c2a55000 r-xp 00000000 08:01 399654                     /lib/x86_64-linux-gnu/libnsl-2.27.so
7f87c2a55000-7f87c2c54000 ---p 00017000 08:01 399654                     /lib/x86_64-linux-gnu/libnsl-2.27.so
7f87c2c54000-7f87c2c55000 r--p 00016000 08:01 399654                     /lib/x86_64-linux-gnu/libnsl-2.27.so
7f87c2c55000-7f87c2c56000 rw-p 00017000 08:01 399654                     /lib/x86_64-linux-gnu/libnsl-2.27.so
7f87c2c56000-7f87c2c58000 rw-p 00000000 00:00 0 
7f87c2c58000-7f87c2c63000 r-xp 00000000 08:01 399671                     /lib/x86_64-linux-gnu/libnss_nis-2.27.so
7f87c2c63000-7f87c2e62000 ---p 0000b000 08:01 399671                     /lib/x86_64-linux-gnu/libnss_nis-2.27.so
7f87c2e62000-7f87c2e63000 r--p 0000a000 08:01 399671                     /lib/x86_64-linux-gnu/libnss_nis-2.27.so
7f87c2e63000-7f87c2e64000 rw-p 0000b000 08:01 399671                     /lib/x86_64-linux-gnu/libnss_nis-2.27.so
7f87c2e64000-7f87c2e6c000 r-xp 00000000 08:01 399656                     /lib/x86_64-linux-gnu/libnss_compat-2.27.so
7f87c2e6c000-7f87c306c000 ---p 00008000 08:01 399656                     /lib/x86_64-linux-gnu/libnss_compat-2.27.so
7f87c306c000-7f87c306d000 r--p 00008000 08:01 399656                     /lib/x86_64-linux-gnu/libnss_compat-2.27.so
7f87c306d000-7f87c306e000 rw-p 00009000 08:01 399656                     /lib/x86_64-linux-gnu/libnss_compat-2.27.so
7f87c306e000-7f87c3097000 r-xp 00000000 08:01 551267                     /usr/lib/jvm/java-11-openjdk-amd64/lib/libjava.so
7f87c3097000-7f87c3296000 ---p 00029000 08:01 551267                     /usr/lib/jvm/java-11-openjdk-amd64/lib/libjava.so
7f87c3296000-7f87c3297000 r--p 00028000 08:01 551267                     /usr/lib/jvm/java-11-openjdk-amd64/lib/libjava.so
7f87c3297000-7f87c3299000 rw-p 00029000 08:01 551267                     /usr/lib/jvm/java-11-openjdk-amd64/lib/libjava.so
7f87c3299000-7f87c32a6000 r-xp 00000000 08:01 551287                     /usr/lib/jvm/java-11-openjdk-amd64/lib/libverify.so
7f87c32a6000-7f87c34a5000 ---p 0000d000 08:01 551287                     /usr/lib/jvm/java-11-openjdk-amd64/lib/libverify.so
7f87c34a5000-7f87c34a7000 r--p 0000c000 08:01 551287                     /usr/lib/jvm/java-11-openjdk-amd64/lib/libverify.so
7f87c34a7000-7f87c34a8000 rw-p 0000e000 08:01 551287                     /usr/lib/jvm/java-11-openjdk-amd64/lib/libverify.so
7f87c34a8000-7f87c34af000 r-xp 00000000 08:01 399711                     /lib/x86_64-linux-gnu/librt-2.27.so
7f87c34af000-7f87c36ae000 ---p 00007000 08:01 399711                     /lib/x86_64-linux-gnu/librt-2.27.so
7f87c36ae000-7f87c36af000 r--p 00006000 08:01 399711                     /lib/x86_64-linux-gnu/librt-2.27.so
7f87c36af000-7f87c36b0000 rw-p 00007000 08:01 399711                     /lib/x86_64-linux-gnu/librt-2.27.so
7f87c36b0000-7f87c36c7000 r-xp 00000000 08:01 399607                     /lib/x86_64-linux-gnu/libgcc_s.so.1
7f87c36c7000-7f87c38c6000 ---p 00017000 08:01 399607                     /lib/x86_64-linux-gnu/libgcc_s.so.1
7f87c38c6000-7f87c38c7000 r--p 00016000 08:01 399607                     /lib/x86_64-linux-gnu/libgcc_s.so.1
7f87c38c7000-7f87c38c8000 rw-p 00017000 08:01 399607                     /lib/x86_64-linux-gnu/libgcc_s.so.1
7f87c38c8000-7f87c3a65000 r-xp 00000000 08:01 399633                     /lib/x86_64-linux-gnu/libm-2.27.so
7f87c3a65000-7f87c3c64000 ---p 0019d000 08:01 399633                     /lib/x86_64-linux-gnu/libm-2.27.so
7f87c3c64000-7f87c3c65000 r--p 0019c000 08:01 399633                     /lib/x86_64-linux-gnu/libm-2.27.so
7f87c3c65000-7f87c3c66000 rw-p 0019d000 08:01 399633                     /lib/x86_64-linux-gnu/libm-2.27.so
7f87c3c66000-7f87c3ddf000 r-xp 00000000 08:01 665875                     /usr/lib/x86_64-linux-gnu/libstdc++.so.6.0.25
7f87c3ddf000-7f87c3fdf000 ---p 00179000 08:01 665875                     /usr/lib/x86_64-linux-gnu/libstdc++.so.6.0.25
7f87c3fdf000-7f87c3fe9000 r--p 00179000 08:01 665875                     /usr/lib/x86_64-linux-gnu/libstdc++.so.6.0.25
7f87c3fe9000-7f87c3feb000 rw-p 00183000 08:01 665875                     /usr/lib/x86_64-linux-gnu/libstdc++.so.6.0.25
7f87c3feb000-7f87c3fef000 rw-p 00000000 00:00 0 
7f87c3fef000-7f87c50cc000 r-xp 00000000 08:01 551294                     /usr/lib/jvm/java-11-openjdk-amd64/lib/server/libjvm.so
7f87c50cc000-7f87c52cb000 ---p 010dd000 08:01 551294                     /usr/lib/jvm/java-11-openjdk-amd64/lib/server/libjvm.so
7f87c52cb000-7f87c5388000 r--p 010dc000 08:01 551294                     /usr/lib/jvm/java-11-openjdk-amd64/lib/server/libjvm.so
7f87c5388000-7f87c53c2000 rw-p 01199000 08:01 551294                     /usr/lib/jvm/java-11-openjdk-amd64/lib/server/libjvm.so
7f87c53c2000-7f87c5418000 rw-p 00000000 00:00 0 
7f87c5418000-7f87c5432000 r-xp 00000000 08:01 399703                     /lib/x86_64-linux-gnu/libpthread-2.27.so
7f87c5432000-7f87c5631000 ---p 0001a000 08:01 399703                     /lib/x86_64-linux-gnu/libpthread-2.27.so
7f87c5631000-7f87c5632000 r--p 00019000 08:01 399703                     /lib/x86_64-linux-gnu/libpthread-2.27.so
7f87c5632000-7f87c5633000 rw-p 0001a000 08:01 399703                     /lib/x86_64-linux-gnu/libpthread-2.27.so
7f87c5633000-7f87c5637000 rw-p 00000000 00:00 0 
7f87c5637000-7f87c563a000 r-xp 00000000 08:01 399593                     /lib/x86_64-linux-gnu/libdl-2.27.so
7f87c563a000-7f87c5839000 ---p 00003000 08:01 399593                     /lib/x86_64-linux-gnu/libdl-2.27.so
7f87c5839000-7f87c583a000 r--p 00002000 08:01 399593                     /lib/x86_64-linux-gnu/libdl-2.27.so
7f87c583a000-7f87c583b000 rw-p 00003000 08:01 399593                     /lib/x86_64-linux-gnu/libdl-2.27.so
7f87c583b000-7f87c5857000 r-xp 00000000 08:01 399742                     /lib/x86_64-linux-gnu/libz.so.1.2.11
7f87c5857000-7f87c5a56000 ---p 0001c000 08:01 399742                     /lib/x86_64-linux-gnu/libz.so.1.2.11
7f87c5a56000-7f87c5a57000 r--p 0001b000 08:01 399742                     /lib/x86_64-linux-gnu/libz.so.1.2.11
7f87c5a57000-7f87c5a58000 rw-p 0001c000 08:01 399742                     /lib/x86_64-linux-gnu/libz.so.1.2.11
7f87c5a58000-7f87c5c3f000 r-xp 00000000 08:01 399570                     /lib/x86_64-linux-gnu/libc-2.27.so
7f87c5c3f000-7f87c5e3f000 ---p 001e7000 08:01 399570                     /lib/x86_64-linux-gnu/libc-2.27.so
7f87c5e3f000-7f87c5e43000 r--p 001e7000 08:01 399570                     /lib/x86_64-linux-gnu/libc-2.27.so
7f87c5e43000-7f87c5e45000 rw-p 001eb000 08:01 399570                     /lib/x86_64-linux-gnu/libc-2.27.so
7f87c5e45000-7f87c5e49000 rw-p 00000000 00:00 0 
7f87c5e49000-7f87c5e59000 r-xp 00000000 08:01 551251                     /usr/lib/jvm/java-11-openjdk-amd64/lib/jli/libjli.so
7f87c5e59000-7f87c6058000 ---p 00010000 08:01 551251                     /usr/lib/jvm/java-11-openjdk-amd64/lib/jli/libjli.so
7f87c6058000-7f87c6059000 r--p 0000f000 08:01 551251                     /usr/lib/jvm/java-11-openjdk-amd64/lib/jli/libjli.so
7f87c6059000-7f87c605a000 rw-p 00010000 08:01 551251                     /usr/lib/jvm/java-11-openjdk-amd64/lib/jli/libjli.so
7f87c605a000-7f87c6081000 r-xp 00000000 08:01 399542                     /lib/x86_64-linux-gnu/ld-2.27.so
7f87c6094000-7f87c60c0000 rw-p 00000000 00:00 0 
7f87c60c0000-7f87c615c000 ---p 00000000 00:00 0 
7f87c615c000-7f87c6161000 rw-p 00000000 00:00 0 
7f87c6161000-7f87c6168000 ---p 00000000 00:00 0 
7f87c6168000-7f87c616c000 ---p 00000000 00:00 0 
7f87c616c000-7f87c626b000 rw-p 00000000 00:00 0 
7f87c6273000-7f87c6275000 r--s 00007000 08:01 551452                     /usr/share/java/java-atk-wrapper.jar
7f87c6275000-7f87c627d000 rw-s 00000000 08:01 1051043                    /tmp/hsperfdata_yiyun/8202
7f87c627d000-7f87c627e000 ---p 00000000 00:00 0 
7f87c627e000-7f87c627f000 r--p 00000000 00:00 0 
7f87c627f000-7f87c6281000 rw-p 00000000 00:00 0 
7f87c6281000-7f87c6282000 r--p 00027000 08:01 399542                     /lib/x86_64-linux-gnu/ld-2.27.so
7f87c6282000-7f87c6283000 rw-p 00028000 08:01 399542                     /lib/x86_64-linux-gnu/ld-2.27.so
7f87c6283000-7f87c6284000 rw-p 00000000 00:00 0 
7ffebbc45000-7ffebbc66000 rw-p 00000000 00:00 0                          [stack]
7ffebbcd2000-7ffebbcd5000 r--p 00000000 00:00 0                          [vvar]
7ffebbcd5000-7ffebbcd6000 r-xp 00000000 00:00 0                          [vdso]
ffffffffff600000-ffffffffff601000 r-xp 00000000 00:00 0                  [vsyscall]


VM Arguments:
jvm_args: -Xverify:none 
java_command: Main
java_class_path (initial): .
Launcher Type: SUN_STANDARD

[Global flags]
     bool BytecodeVerificationLocal                = false                                     {product} {command line}
     bool BytecodeVerificationRemote               = false                                     {product} {command line}
     intx CICompilerCount                          = 2                                         {product} {ergonomic}
   size_t InitialHeapSize                          = 33554432                                  {product} {ergonomic}
   size_t MaxHeapSize                              = 522190848                                 {product} {ergonomic}
   size_t MaxNewSize                               = 174063616                                 {product} {ergonomic}
   size_t MinHeapDeltaBytes                        = 196608                                    {product} {ergonomic}
   size_t NewSize                                  = 11141120                                  {product} {ergonomic}
    uintx NonNMethodCodeHeapSize                   = 5825164                                {pd product} {ergonomic}
    uintx NonProfiledCodeHeapSize                  = 122916538                              {pd product} {ergonomic}
   size_t OldSize                                  = 22413312                                  {product} {ergonomic}
    uintx ProfiledCodeHeapSize                     = 122916538                              {pd product} {ergonomic}
    uintx ReservedCodeCacheSize                    = 251658240                              {pd product} {ergonomic}
     bool SegmentedCodeCache                       = true                                      {product} {ergonomic}
     bool UseCompressedClassPointers               = true                                 {lp64_product} {ergonomic}
     bool UseCompressedOops                        = true                                 {lp64_product} {ergonomic}
     bool UseSerialGC                              = true                                      {product} {ergonomic}

Logging:
Log output configuration:
 #0: stdout all=warning uptime,level,tags
 #1: stderr all=off uptime,level,tags

Environment Variables:
PATH=/home/yiyun/.local/bin:/usr/local/sbin:/usr/local/bin:/usr/sbin:/usr/bin:/sbin:/bin:/usr/games:/usr/local/games:/snap/bin
USERNAME=yiyun
SHELL=/bin/bash
DISPLAY=:0

Signal Handlers:
SIGSEGV: [libjvm.so+0xdf8d00], sa_mask[0]=11111111011111111101111111111110, sa_flags=SA_RESTART|SA_SIGINFO
SIGBUS: [libjvm.so+0xdf8d00], sa_mask[0]=11111111011111111101111111111110, sa_flags=SA_RESTART|SA_SIGINFO
SIGFPE: [libjvm.so+0xdf8d00], sa_mask[0]=11111111011111111101111111111110, sa_flags=SA_RESTART|SA_SIGINFO
SIGPIPE: [libjvm.so+0xbcbc30], sa_mask[0]=11111111011111111101111111111110, sa_flags=SA_RESTART|SA_SIGINFO
SIGXFSZ: [libjvm.so+0xbcbc30], sa_mask[0]=11111111011111111101111111111110, sa_flags=SA_RESTART|SA_SIGINFO
SIGILL: [libjvm.so+0xdf8d00], sa_mask[0]=11111111011111111101111111111110, sa_flags=SA_RESTART|SA_SIGINFO
SIGUSR2: [libjvm.so+0xbcbad0], sa_mask[0]=00000000000000000000000000000000, sa_flags=SA_RESTART|SA_SIGINFO
SIGHUP: [libjvm.so+0xbcbe30], sa_mask[0]=11111111011111111101111111111110, sa_flags=SA_RESTART|SA_SIGINFO
SIGINT: [libjvm.so+0xbcbe30], sa_mask[0]=11111111011111111101111111111110, sa_flags=SA_RESTART|SA_SIGINFO
SIGTERM: [libjvm.so+0xbcbe30], sa_mask[0]=11111111011111111101111111111110, sa_flags=SA_RESTART|SA_SIGINFO
SIGQUIT: [libjvm.so+0xbcbe30], sa_mask[0]=11111111011111111101111111111110, sa_flags=SA_RESTART|SA_SIGINFO


---------------  S Y S T E M  ---------------

OS:DISTRIB_ID=Ubuntu
DISTRIB_RELEASE=18.04
DISTRIB_CODENAME=bionic
DISTRIB_DESCRIPTION="Ubuntu 18.04.3 LTS"
uname:Linux 5.0.0-36-generic #39~18.04.1-Ubuntu SMP Tue Nov 12 11:09:50 UTC 2019 x86_64
OS uptime: 0 days 22:15 hours
libc:glibc 2.27 NPTL 2.27 
rlimit: STACK 8192k, CORE 0k, NPROC 7775, NOFILE 4096, AS infinity, CPU infinity, DATA infinity, FSIZE infinity
load average:1.70 1.23 1.07

/proc/meminfo:
MemTotal:        2038764 kB
MemFree:           79776 kB
MemAvailable:     399228 kB
Buffers:          141496 kB
Cached:           330096 kB
SwapCached:        47644 kB
Active:          1222128 kB
Inactive:         477356 kB
Active(anon):     961652 kB
Inactive(anon):   324100 kB
Active(file):     260476 kB
Inactive(file):   153256 kB
Unevictable:          16 kB
Mlocked:              16 kB
SwapTotal:        969960 kB
SwapFree:         469608 kB
Dirty:               104 kB
Writeback:             0 kB
AnonPages:       1226700 kB
Mapped:           203792 kB
Shmem:             64504 kB
KReclaimable:      74632 kB
Slab:             115628 kB
SReclaimable:      74632 kB
SUnreclaim:        40996 kB
KernelStack:       10576 kB
PageTables:        53956 kB
NFS_Unstable:          0 kB
Bounce:                0 kB
WritebackTmp:          0 kB
CommitLimit:     1989340 kB
Committed_AS:    6727288 kB
VmallocTotal:   34359738367 kB
VmallocUsed:           0 kB
VmallocChunk:          0 kB
Percpu:              304 kB
HardwareCorrupted:     0 kB
AnonHugePages:         0 kB
ShmemHugePages:        0 kB
ShmemPmdMapped:        0 kB
CmaTotal:              0 kB
CmaFree:               0 kB
HugePages_Total:       0
HugePages_Free:        0
HugePages_Rsvd:        0
HugePages_Surp:        0
Hugepagesize:       2048 kB
Hugetlb:               0 kB
DirectMap4k:      155584 kB
DirectMap2M:     1941504 kB


/proc/sys/kernel/threads-max (system-wide limit on the number of threads):
15550


/proc/sys/vm/max_map_count (maximum number of memory map areas a process may have):
65530


/proc/sys/kernel/pid_max (system-wide limit on number of process identifiers):
32768



container (cgroup) information:
container_type: cgroupv1
cpu_cpuset_cpus: 0
cpu_memory_nodes: 0
active_processor_count: 1
cpu_quota: -1
cpu_period: 100000
cpu_shares: -1
memory_limit_in_bytes: -1
memory_and_swap_limit_in_bytes: -2
memory_soft_limit_in_bytes: -1
memory_usage_in_bytes: 1739931648
memory_max_usage_in_bytes: 40153088

KVM virtualization detected
Steal ticks since vm start: 0
Steal ticks percentage since vm start:  0.000

CPU:total 1 (initial active 1) (1 cores per cpu, 1 threads per core) family 6 model 142 stepping 11, cmov, cx8, fxsr, mmx, sse, sse2, sse3, ssse3, sse4.1, sse4.2, popcnt, avx, avx2, aes, clmul, 3dnowpref, lzcnt, tsc, tscinvbit
CPU Model and flags from /proc/cpuinfo:
model name	: Intel(R) Core(TM) i5-8265U CPU @ 1.60GHz
flags		: fpu vme de pse tsc msr pae mce cx8 apic sep mtrr pge mca cmov pat pse36 clflush mmx fxsr sse sse2 ht syscall nx rdtscp lm constant_tsc rep_good nopl xtopology nonstop_tsc cpuid tsc_known_freq pni pclmulqdq monitor ssse3 cx16 pcid sse4_1 sse4_2 x2apic movbe popcnt aes xsave avx rdrand hypervisor lahf_lm abm 3dnowprefetch invpcid_single fsgsbase avx2 invpcid rdseed clflushopt flush_l1d arch_capabilities

Memory: 4k page, physical 2038764k(79776k free), swap 969960k(469608k free)

vm_info: OpenJDK 64-Bit Server VM (11.0.7+10-post-Ubuntu-2ubuntu218.04) for linux-amd64 JRE (11.0.7+10-post-Ubuntu-2ubuntu218.04), built on Apr 15 2020 21:12:54 by "unknown" with gcc 7.5.0

END.
