#
# A fatal error has been detected by the Java Runtime Environment:
#
#  SIGSEGV (0xb) at pc=0x00007f93ae4979fa, pid=15316, tid=15317
#
# JRE version: OpenJDK Runtime Environment (11.0.7+10) (build 11.0.7+10-post-Ubuntu-2ubuntu218.04)
# Java VM: OpenJDK 64-Bit Server VM (11.0.7+10-post-Ubuntu-2ubuntu218.04, mixed mode, sharing, tiered, compressed oops, serial gc, linux-amd64)
# Problematic frame:
# V  [libjvm.so+0xa3b9fa]
#
# Core dump will be written. Default location: Core dumps may be processed with "/usr/share/apport/apport %p %s %c %d %P %E" (or dumping to /home/yiyun/Compiler_Jasmin/Compiler_StudentID_HW3/core.15316)
#
# If you would like to submit a bug report, please visit:
#   https://bugs.launchpad.net/ubuntu/+source/openjdk-lts
#

---------------  S U M M A R Y ------------

Command Line: -Xverify:none Main

Host: Intel(R) Core(TM) i5-8265U CPU @ 1.60GHz, 1 cores, 1G, Ubuntu 18.04.3 LTS
Time: Sun May 24 22:32:21 2020 CST elapsed time: 0 seconds (0d 0h 0m 0s)

---------------  T H R E A D  ---------------

Current thread (0x00007f93a8015800):  JavaThread "main" [_thread_in_vm, id=15317, stack(0x00007f93afbd5000,0x00007f93afcd6000)]

Stack: [0x00007f93afbd5000,0x00007f93afcd6000],  sp=0x00007f93afcd42f0,  free space=1020k
Native frames: (J=compiled Java code, A=aot compiled Java code, j=interpreted, Vv=VM code, C=native code)
V  [libjvm.so+0xa3b9fa]
V  [libjvm.so+0x843946]
V  [libjvm.so+0x84483d]
j  java.lang.String.valueOf(Ljava/lang/Object;)Ljava/lang/String;+10 java.base@11.0.7
j  java.io.PrintStream.print(Ljava/lang/String;)V+2 java.base@11.0.7
j  java.io.PrintStream.println(Ljava/lang/String;)V+6 java.base@11.0.7
j  Main.main([Ljava/lang/String;)V+29
v  ~StubRoutines::call_stub
V  [libjvm.so+0x84e319]
V  [libjvm.so+0x8ca02d]
V  [libjvm.so+0x8cc4fe]
C  [libjli.so+0x5856]
C  [libjli.so+0x92cd]

Java frames: (J=compiled Java code, j=interpreted, Vv=VM code)
j  java.lang.String.valueOf(Ljava/lang/Object;)Ljava/lang/String;+10 java.base@11.0.7
j  java.io.PrintStream.print(Ljava/lang/String;)V+2 java.base@11.0.7
j  java.io.PrintStream.println(Ljava/lang/String;)V+6 java.base@11.0.7
j  Main.main([Ljava/lang/String;)V+29
v  ~StubRoutines::call_stub

siginfo: si_signo: 11 (SIGSEGV), si_code: 1 (SEGV_MAPERR), si_addr: 0x0000000000000009

Register to memory mapping:

RAX=0x0000000000000001 is an unknown value
RBX=0x00007f93afcd4460 is pointing into the stack for thread: 0x00007f93a8015800
RCX=0x0000000000000010 is an unknown value
RDX=0x00007f93aee41f4c: <offset 0x00000000013e5f4c> in /usr/lib/jvm/java-11-openjdk-amd64/lib/server/libjvm.so at 0x00007f93ada5c000
RSP=0x00007f93afcd42f0 is pointing into the stack for thread: 0x00007f93a8015800
RBP=0x00007f93afcd4390 is pointing into the stack for thread: 0x00007f93a8015800
RSI=0x00007f93afcd4310 is pointing into the stack for thread: 0x00007f93a8015800
RDI=0x00007f93afcd4310 is pointing into the stack for thread: 0x00007f93a8015800
R8 =0x0 is NULL
R9 =0x0 is NULL
R10=0x00007f93afcd4320 is pointing into the stack for thread: 0x00007f93a8015800
R11=0x000000080094e5c0 is pointing into metadata
R12=0x00007f93afcd4310 is pointing into the stack for thread: 0x00007f93a8015800
R13=0x00007f93a8016490 points into unknown readable memory: 01 00 00 00 00 00 00 00
R14=0x0 is NULL
R15=0x00007f93a8015800 is a thread


Registers:
RAX=0x0000000000000001, RBX=0x00007f93afcd4460, RCX=0x0000000000000010, RDX=0x00007f93aee41f4c
RSP=0x00007f93afcd42f0, RBP=0x00007f93afcd4390, RSI=0x00007f93afcd4310, RDI=0x00007f93afcd4310
R8 =0x0000000000000000, R9 =0x0000000000000000, R10=0x00007f93afcd4320, R11=0x000000080094e5c0
R12=0x00007f93afcd4310, R13=0x00007f93a8016490, R14=0x0000000000000000, R15=0x00007f93a8015800
RIP=0x00007f93ae4979fa, EFLAGS=0x0000000000010202, CSGSFS=0x002b000000000033, ERR=0x0000000000000004
  TRAPNO=0x000000000000000e

Top of Stack: (sp=0x00007f93afcd42f0)
0x00007f93afcd42f0:   0000000000000001 00007f93afcd4320
0x00007f93afcd4300:   00007f93afcd4320 00007f93ae724359
0x00007f93afcd4310:   0000000000000000 0000000000000000
0x00007f93afcd4320:   00000008004b5b00 00000008004b7e08 

Instructions: (pc=0x00007f93ae4979fa)
0x00007f93ae4978fa:   29 5d b0 e8 9e b3 c0 ff 4c 8d 55 90 49 83 7f 08
0x00007f93ae49790a:   00 48 89 45 a0 0f 84 6b 03 00 00 0f 1f 00 49 8d
0x00007f93ae49791a:   7a 20 e8 8f b8 d9 ff 48 8d 65 d8 5b 41 5c 41 5d
0x00007f93ae49792a:   41 5e 41 5f 5d c3 66 0f ef d2 49 8b 3c 24 4c 89
0x00007f93ae49793a:   ca 89 ce c6 45 c1 00 0f 29 55 b0 e8 56 b3 c0 ff
0x00007f93ae49794a:   4c 8d 55 90 49 83 7f 08 00 48 89 45 a0 75 bf 49
0x00007f93ae49795a:   8b 3c 24 31 d2 44 89 f6 4c 89 95 68 ff ff ff e8
0x00007f93ae49796a:   c2 5d c0 ff 49 8b 3c 24 31 d2 44 89 f6 48 89 45
0x00007f93ae49797a:   90 e8 50 5e c0 ff 49 8b 3c 24 31 d2 44 89 f6 48
0x00007f93ae49798a:   89 45 98 e8 5e 5f c0 ff 88 45 c1 49 8b 04 24 4c
0x00007f93ae49799a:   8d 65 80 4c 8b 95 68 ff ff ff 66 0f ef f6 4c 89
0x00007f93ae4979aa:   e6 48 8b 40 18 49 8d 7a 20 0f 29 75 80 48 89 45
0x00007f93ae4979ba:   a8 e8 d0 b5 d9 ff 4c 89 e7 e8 e8 b7 d9 ff 49 83
0x00007f93ae4979ca:   7f 08 00 c6 45 c0 01 4c 8b 95 68 ff ff ff 0f 85
0x00007f93ae4979da:   3a ff ff ff 45 31 f6 4d 85 ed 74 28 48 8d 15 5f
0x00007f93ae4979ea:   a5 9a 00 49 8b 45 00 80 3a 00 0f 84 e6 03 00 00
0x00007f93ae4979fa:   44 8b 70 08 48 8d 05 cb dc 97 00 8b 48 08 49 d3
0x00007f93ae497a0a:   e6 4c 03 30 4c 89 d6 4c 89 fa 4c 89 e7 4c 89 95
0x00007f93ae497a1a:   68 ff ff ff e8 7d b3 ff ff 49 83 7f 08 00 4c 8b
0x00007f93ae497a2a:   95 68 ff ff ff 0f 85 0b 01 00 00 48 83 ec 08 48
0x00007f93ae497a3a:   8b 55 a0 41 b9 01 00 00 00 41 57 4d 89 f0 4c 89
0x00007f93ae497a4a:   e9 4c 89 e6 48 89 df e8 8a 87 ff ff 58 4c 8b 95
0x00007f93ae497a5a:   68 ff ff ff 5a e9 dc 00 00 00 0f 1f 40 00 66 0f
0x00007f93ae497a6a:   ef c9 49 8b 3c 24 4c 89 ca 89 ce c6 45 c1 00 0f
0x00007f93ae497a7a:   29 4d b0 e8 1e b2 c0 ff 4c 8d 55 90 49 83 7f 08
0x00007f93ae497a8a:   00 48 89 45 a0 0f 85 83 fe ff ff 49 8b 3c 24 31
0x00007f93ae497a9a:   d2 44 89 f6 4c 89 95 68 ff ff ff e8 86 5c c0 ff
0x00007f93ae497aaa:   49 8b 3c 24 31 d2 44 89 f6 48 89 45 90 e8 14 5d
0x00007f93ae497aba:   c0 ff 49 8b 3c 24 31 d2 44 89 f6 48 89 45 98 e8
0x00007f93ae497aca:   22 5e c0 ff 88 45 c1 49 8b 04 24 4c 8d 65 80 4c
0x00007f93ae497ada:   8b 95 68 ff ff ff 66 0f ef ed 4c 89 e6 48 8b 40
0x00007f93ae497aea:   18 49 8d 7a 20 0f 29 6d 80 48 89 45 a8 e8 94 b4 


Stack slot to memory mapping:
stack at sp + 0 slots: 0x0000000000000001 is an unknown value
stack at sp + 1 slots: 0x00007f93afcd4320 is pointing into the stack for thread: 0x00007f93a8015800
stack at sp + 2 slots: 0x00007f93afcd4320 is pointing into the stack for thread: 0x00007f93a8015800
stack at sp + 3 slots: 0x00007f93ae724359: <offset 0x0000000000cc8359> in /usr/lib/jvm/java-11-openjdk-amd64/lib/server/libjvm.so at 0x00007f93ada5c000
stack at sp + 4 slots: 0x0 is NULL
stack at sp + 5 slots: 0x0 is NULL
stack at sp + 6 slots: 0x00000008004b5b00 is pointing into metadata
stack at sp + 7 slots: 0x00000008004b7e08 is pointing into metadata


---------------  P R O C E S S  ---------------

Threads class SMR info:
_java_thread_list=0x00007f93a80a5170, length=9, elements={
0x00007f93a8015800, 0x00007f93a8051000, 0x00007f93a8053000, 0x00007f93a805a000,
0x00007f93a805c800, 0x00007f93a805e800, 0x00007f93a8060800, 0x00007f93a809b000,
0x00007f93a80a3800
}

Java Threads: ( => current thread )
=>0x00007f93a8015800 JavaThread "main" [_thread_in_vm, id=15317, stack(0x00007f93afbd5000,0x00007f93afcd6000)]
  0x00007f93a8051000 JavaThread "Reference Handler" daemon [_thread_blocked, id=15319, stack(0x00007f938f958000,0x00007f938fa59000)]
  0x00007f93a8053000 JavaThread "Finalizer" daemon [_thread_blocked, id=15320, stack(0x00007f938f857000,0x00007f938f958000)]
  0x00007f93a805a000 JavaThread "Signal Dispatcher" daemon [_thread_blocked, id=15321, stack(0x00007f938ed3f000,0x00007f938ee40000)]
  0x00007f93a805c800 JavaThread "C2 CompilerThread0" daemon [_thread_blocked, id=15322, stack(0x00007f938ec3e000,0x00007f938ed3f000)]
  0x00007f93a805e800 JavaThread "C1 CompilerThread0" daemon [_thread_blocked, id=15323, stack(0x00007f938eb3d000,0x00007f938ec3e000)]
  0x00007f93a8060800 JavaThread "Sweeper thread" daemon [_thread_blocked, id=15324, stack(0x00007f938ea3c000,0x00007f938eb3d000)]
  0x00007f93a809b000 JavaThread "Service Thread" daemon [_thread_blocked, id=15325, stack(0x00007f938e93b000,0x00007f938ea3c000)]
  0x00007f93a80a3800 JavaThread "Common-Cleaner" daemon [_thread_blocked, id=15327, stack(0x00007f938e738000,0x00007f938e839000)]

Other Threads:
  0x00007f93a804e000 VMThread "VM Thread" [stack: 0x00007f938fa5b000,0x00007f938fb5b000] [id=15318]
  0x00007f93a809d000 WatcherThread [stack: 0x00007f938e83b000,0x00007f938e93b000] [id=15326]

Threads with active compile tasks:

VM state:not at safepoint (normal execution)

VM Mutex/Monitor currently owned by a thread: None

Heap address: 0x00000000e0e00000, size: 498 MB, Compressed Oops mode: 32-bit
Narrow klass base: 0x0000000800000000, Narrow klass shift: 3
Compressed class space size: 1073741824 Address: 0x0000000840000000

Heap:
 def new generation   total 9792K, used 870K [0x00000000e0e00000, 0x00000000e18a0000, 0x00000000eb400000)
  eden space 8704K,  10% used [0x00000000e0e00000, 0x00000000e0ed9a20, 0x00000000e1680000)
  from space 1088K,   0% used [0x00000000e1680000, 0x00000000e1680000, 0x00000000e1790000)
  to   space 1088K,   0% used [0x00000000e1790000, 0x00000000e1790000, 0x00000000e18a0000)
 tenured generation   total 21888K, used 0K [0x00000000eb400000, 0x00000000ec960000, 0x0000000100000000)
   the space 21888K,   0% used [0x00000000eb400000, 0x00000000eb400000, 0x00000000eb400200, 0x00000000ec960000)
 Metaspace       used 184K, capacity 4486K, committed 4864K, reserved 1056768K
  class space    used 5K, capacity 386K, committed 512K, reserved 1048576K

Card table byte_map: [0x00007f9390437000,0x00007f9390531000] _byte_map_base: 0x00007f938fd30000

Polling page: 0x00007f93afcea000

Metaspace:

Usage:
  Non-class:      4.00 MB capacity,   179.03 KB (  4%) used,     3.83 MB ( 96%) free+waste,   128 bytes ( <1%) overhead. 
      Class:    386.00 KB capacity,     5.67 KB (  1%) used,   380.20 KB ( 98%) free+waste,   128 bytes ( <1%) overhead. 
       Both:      4.38 MB capacity,   184.70 KB (  4%) used,     4.20 MB ( 96%) free+waste,   256 bytes ( <1%) overhead. 

Virtual space:
  Non-class space:        8.00 MB reserved,       4.25 MB ( 53%) committed 
      Class space:        1.00 GB reserved,     512.00 KB ( <1%) committed 
             Both:        1.01 GB reserved,       4.75 MB ( <1%) committed 

Chunk freelists:
   Non-Class:  0 bytes
       Class:  0 bytes
        Both:  0 bytes

MaxMetaspaceSize: unlimited
CompressedClassSpaceSize: 1.00 GB

CodeHeap 'non-profiled nmethods': size=120036Kb used=19Kb max_used=19Kb free=120016Kb
 bounds [0x00007f93981ce000, 0x00007f939843e000, 0x00007f939f707000]
CodeHeap 'profiled nmethods': size=120032Kb used=125Kb max_used=125Kb free=119906Kb
 bounds [0x00007f9390c96000, 0x00007f9390f06000, 0x00007f93981ce000]
CodeHeap 'non-nmethods': size=5692Kb used=987Kb max_used=996Kb free=4705Kb
 bounds [0x00007f9390707000, 0x00007f9390977000, 0x00007f9390c96000]
 total_blobs=382 nmethods=89 adapters=155
 compilation: enabled
              stopped_count=0, restarted_count=0
 full_count=0

Compilation events (20 events):
Event: 0.136 Thread 0x00007f93a805e800 nmethod 80 0x00007f9390cb1190 code [0x00007f9390cb1440, 0x00007f9390cb27e8]
Event: 0.136 Thread 0x00007f93a805e800   81       3       jdk.internal.module.ModuleBootstrap$2::hasNext (30 bytes)
Event: 0.137 Thread 0x00007f93a805e800 nmethod 81 0x00007f9390cb2c10 code [0x00007f9390cb2de0, 0x00007f9390cb3198]
Event: 0.137 Thread 0x00007f93a805e800   82       3       jdk.internal.module.ModuleBootstrap$2::next (52 bytes)
Event: 0.137 Thread 0x00007f93a805e800 nmethod 82 0x00007f9390cb3290 code [0x00007f9390cb34a0, 0x00007f9390cb3a68]
Event: 0.137 Thread 0x00007f93a805e800   83       3       java.util.HashMap::putIfAbsent (13 bytes)
Event: 0.137 Thread 0x00007f93a805e800 nmethod 83 0x00007f9390cb3c10 code [0x00007f9390cb3de0, 0x00007f9390cb4158]
Event: 0.140 Thread 0x00007f93a805e800   85       1       java.lang.Module::getDescriptor (5 bytes)
Event: 0.141 Thread 0x00007f93a805e800 nmethod 85 0x00007f93981d2390 code [0x00007f93981d2540, 0x00007f93981d2670]
Event: 0.142 Thread 0x00007f93a805e800   86       3       java.util.ImmutableCollections$SetN::iterator (9 bytes)
Event: 0.143 Thread 0x00007f93a805e800 nmethod 86 0x00007f9390cb4290 code [0x00007f9390cb4460, 0x00007f9390cb4688]
Event: 0.143 Thread 0x00007f93a805c800 nmethod 78 0x00007f93981d2710 code [0x00007f93981d28a0, 0x00007f93981d2ab8]
Event: 0.143 Thread 0x00007f93a805c800   79       4       java.util.HashMap::afterNodeInsertion (1 bytes)
Event: 0.144 Thread 0x00007f93a805c800 nmethod 79 0x00007f93981d2c10 code [0x00007f93981d2da0, 0x00007f93981d2e18]
Event: 0.148 Thread 0x00007f93a805e800   87       3       java.lang.String::hashCode (49 bytes)
Event: 0.148 Thread 0x00007f93a805e800 nmethod 87 0x00007f9390cb4790 code [0x00007f9390cb4980, 0x00007f9390cb4cf8]
Event: 0.149 Thread 0x00007f93a805e800   88       3       java.lang.StringLatin1::canEncode (13 bytes)
Event: 0.150 Thread 0x00007f93a805e800 nmethod 88 0x00007f9390cb4e10 code [0x00007f9390cb4fc0, 0x00007f9390cb5150]
Event: 0.151 Thread 0x00007f93a805e800   89       3       java.lang.CharacterDataLatin1::getProperties (11 bytes)
Event: 0.152 Thread 0x00007f93a805e800 nmethod 89 0x00007f9390cb5210 code [0x00007f9390cb53c0, 0x00007f9390cb5570]

GC Heap History (0 events):
No events

Deoptimization events (4 events):
Event: 0.148 Thread 0x00007f93a8015800 Uncommon trap: trap_request=0xffffff4d fr.pc=0x00007f93981d2a60 relative=0x00000000000001c0
Event: 0.148 Thread 0x00007f93a8015800 Uncommon trap: reason=unstable_if action=reinterpret pc=0x00007f93981d2a60 method=java.lang.String.hashCode()I @ 14 c2
Event: 0.148 Thread 0x00007f93a8015800 DEOPT PACKING pc=0x00007f93981d2a60 sp=0x00007f93afcd31b0
Event: 0.148 Thread 0x00007f93a8015800 DEOPT UNPACKING pc=0x00007f939072f325 sp=0x00007f93afcd3168 mode 2

Classes redefined (0 events):
No events

Internal exceptions (0 events):
No events

Events (20 events):
Event: 0.030 Thread 0x00007f93a805e800 Thread added: 0x00007f93a805e800
Event: 0.030 Protecting memory [0x00007f938eb3d000,0x00007f938eb41000] with protection modes 0
Event: 0.030 Thread 0x00007f93a8060800 Thread added: 0x00007f93a8060800
Event: 0.084 Protecting memory [0x00007f938ea3c000,0x00007f938ea40000] with protection modes 0
Event: 0.144 Thread 0x00007f93a809b000 Thread added: 0x00007f93a809b000
Event: 0.144 Executing VM operation: EnableBiasedLocking
Event: 0.145 Protecting memory [0x00007f938e93b000,0x00007f938e93f000] with protection modes 0
Event: 0.146 Executing VM operation: EnableBiasedLocking done
Event: 0.146 loading class jdk/internal/vm/PostVMInitHook
Event: 0.146 loading class jdk/internal/vm/PostVMInitHook done
Event: 0.147 loading class Main
Event: 0.147 loading class Main done
Event: 0.149 loading class jdk/internal/loader/URLClassPath$FileLoader
Event: 0.149 loading class jdk/internal/loader/URLClassPath$FileLoader done
Event: 0.150 loading class jdk/internal/loader/URLClassPath$FileLoader$1
Event: 0.150 loading class jdk/internal/loader/URLClassPath$FileLoader$1 done
Event: 0.151 Thread 0x00007f93a80a3800 Thread added: 0x00007f93a80a3800
Event: 0.154 Protecting memory [0x00007f938e738000,0x00007f938e73c000] with protection modes 0
Event: 0.154 Executing VM operation: RevokeBias
Event: 0.154 Executing VM operation: RevokeBias done


Dynamic libraries:
e0e00000-e18a0000 rw-p 00000000 00:00 0 
e18a0000-eb400000 ---p 00000000 00:00 0 
eb400000-ec960000 rw-p 00000000 00:00 0 
ec960000-100000000 ---p 00000000 00:00 0 
800000000-800002000 rwxp 00001000 08:01 551457                           /usr/lib/jvm/java-11-openjdk-amd64/lib/server/classes.jsa
800002000-8003b8000 rw-p 00003000 08:01 551457                           /usr/lib/jvm/java-11-openjdk-amd64/lib/server/classes.jsa
8003b8000-800a7f000 r--p 003b9000 08:01 551457                           /usr/lib/jvm/java-11-openjdk-amd64/lib/server/classes.jsa
800a7f000-800a80000 rw-p 00a80000 08:01 551457                           /usr/lib/jvm/java-11-openjdk-amd64/lib/server/classes.jsa
800a80000-80108c000 r--p 00a81000 08:01 551457                           /usr/lib/jvm/java-11-openjdk-amd64/lib/server/classes.jsa
840000000-840080000 rw-p 00000000 00:00 0 
840080000-880000000 ---p 00000000 00:00 0 
558c98037000-558c98038000 r-xp 00000000 08:01 551084                     /usr/lib/jvm/java-11-openjdk-amd64/bin/java
558c98238000-558c98239000 r--p 00001000 08:01 551084                     /usr/lib/jvm/java-11-openjdk-amd64/bin/java
558c98239000-558c9823a000 rw-p 00002000 08:01 551084                     /usr/lib/jvm/java-11-openjdk-amd64/bin/java
558c996c1000-558c996e2000 rw-p 00000000 00:00 0                          [heap]
7f9370000000-7f9370087000 rw-p 00000000 00:00 0 
7f9370087000-7f9374000000 ---p 00000000 00:00 0 
7f9374000000-7f9374021000 rw-p 00000000 00:00 0 
7f9374021000-7f9378000000 ---p 00000000 00:00 0 
7f9378000000-7f9378021000 rw-p 00000000 00:00 0 
7f9378021000-7f937c000000 ---p 00000000 00:00 0 
7f937c000000-7f937c076000 rw-p 00000000 00:00 0 
7f937c076000-7f9380000000 ---p 00000000 00:00 0 
7f9380000000-7f9380021000 rw-p 00000000 00:00 0 
7f9380021000-7f9384000000 ---p 00000000 00:00 0 
7f9384000000-7f9384021000 rw-p 00000000 00:00 0 
7f9384021000-7f9388000000 ---p 00000000 00:00 0 
7f9388000000-7f9388021000 rw-p 00000000 00:00 0 
7f9388021000-7f938c000000 ---p 00000000 00:00 0 
7f938e738000-7f938e73c000 ---p 00000000 00:00 0 
7f938e73c000-7f938e839000 rw-p 00000000 00:00 0 
7f938e839000-7f938e83a000 ---p 00000000 00:00 0 
7f938e83a000-7f938e93b000 rw-p 00000000 00:00 0 
7f938e93b000-7f938e93f000 ---p 00000000 00:00 0 
7f938e93f000-7f938ea3c000 rw-p 00000000 00:00 0 
7f938ea3c000-7f938ea40000 ---p 00000000 00:00 0 
7f938ea40000-7f938eb3d000 rw-p 00000000 00:00 0 
7f938eb3d000-7f938eb41000 ---p 00000000 00:00 0 
7f938eb41000-7f938ec3e000 rw-p 00000000 00:00 0 
7f938ec3e000-7f938ec42000 ---p 00000000 00:00 0 
7f938ec42000-7f938ed3f000 rw-p 00000000 00:00 0 
7f938ed3f000-7f938ed43000 ---p 00000000 00:00 0 
7f938ed43000-7f938ee40000 rw-p 00000000 00:00 0 
7f938ee40000-7f938f857000 r--p 00000000 08:01 660771                     /usr/lib/locale/locale-archive
7f938f857000-7f938f85b000 ---p 00000000 00:00 0 
7f938f85b000-7f938f958000 rw-p 00000000 00:00 0 
7f938f958000-7f938f95c000 ---p 00000000 00:00 0 
7f938f95c000-7f938fa59000 rw-p 00000000 00:00 0 
7f938fa59000-7f938fa5a000 ---p 00000000 00:00 0 
7f938fa5a000-7f9390077000 rw-p 00000000 00:00 0 
7f9390077000-7f9390437000 ---p 00000000 00:00 0 
7f9390437000-7f939043d000 rw-p 00000000 00:00 0 
7f939043d000-7f939048a000 ---p 00000000 00:00 0 
7f939048a000-7f9390495000 rw-p 00000000 00:00 0 
7f9390495000-7f9390530000 ---p 00000000 00:00 0 
7f9390530000-7f9390536000 rw-p 00000000 00:00 0 
7f9390536000-7f939061c000 ---p 00000000 00:00 0 
7f939061c000-7f9390621000 rw-p 00000000 00:00 0 
7f9390621000-7f9390707000 ---p 00000000 00:00 0 
7f9390707000-7f9390977000 rwxp 00000000 00:00 0 
7f9390977000-7f9390c96000 ---p 00000000 00:00 0 
7f9390c96000-7f9390f06000 rwxp 00000000 00:00 0 
7f9390f06000-7f93981ce000 ---p 00000000 00:00 0 
7f93981ce000-7f939843e000 rwxp 00000000 00:00 0 
7f939843e000-7f939f707000 ---p 00000000 00:00 0 
7f939f707000-7f93a7dfa000 r--s 00000000 08:01 551289                     /usr/lib/jvm/java-11-openjdk-amd64/lib/modules
7f93a7dfa000-7f93a7dff000 r-xp 00000000 08:01 551271                     /usr/lib/jvm/java-11-openjdk-amd64/lib/libjimage.so
7f93a7dff000-7f93a7ffe000 ---p 00005000 08:01 551271                     /usr/lib/jvm/java-11-openjdk-amd64/lib/libjimage.so
7f93a7ffe000-7f93a7fff000 r--p 00004000 08:01 551271                     /usr/lib/jvm/java-11-openjdk-amd64/lib/libjimage.so
7f93a7fff000-7f93a8000000 rw-p 00005000 08:01 551271                     /usr/lib/jvm/java-11-openjdk-amd64/lib/libjimage.so
7f93a8000000-7f93a80b1000 rw-p 00000000 00:00 0 
7f93a80b1000-7f93ac000000 ---p 00000000 00:00 0 
7f93ac048000-7f93ac091000 rw-p 00000000 00:00 0 
7f93ac091000-7f93ac098000 r-xp 00000000 08:01 551288                     /usr/lib/jvm/java-11-openjdk-amd64/lib/libzip.so
7f93ac098000-7f93ac297000 ---p 00007000 08:01 551288                     /usr/lib/jvm/java-11-openjdk-amd64/lib/libzip.so
7f93ac297000-7f93ac298000 r--p 00006000 08:01 551288                     /usr/lib/jvm/java-11-openjdk-amd64/lib/libzip.so
7f93ac298000-7f93ac299000 rw-p 00007000 08:01 551288                     /usr/lib/jvm/java-11-openjdk-amd64/lib/libzip.so
7f93ac299000-7f93ac2a4000 r-xp 00000000 08:01 399660                     /lib/x86_64-linux-gnu/libnss_files-2.27.so
7f93ac2a4000-7f93ac4a3000 ---p 0000b000 08:01 399660                     /lib/x86_64-linux-gnu/libnss_files-2.27.so
7f93ac4a3000-7f93ac4a4000 r--p 0000a000 08:01 399660                     /lib/x86_64-linux-gnu/libnss_files-2.27.so
7f93ac4a4000-7f93ac4a5000 rw-p 0000b000 08:01 399660                     /lib/x86_64-linux-gnu/libnss_files-2.27.so
7f93ac4a5000-7f93ac4ab000 rw-p 00000000 00:00 0 
7f93ac4ab000-7f93ac4c2000 r-xp 00000000 08:01 399654                     /lib/x86_64-linux-gnu/libnsl-2.27.so
7f93ac4c2000-7f93ac6c1000 ---p 00017000 08:01 399654                     /lib/x86_64-linux-gnu/libnsl-2.27.so
7f93ac6c1000-7f93ac6c2000 r--p 00016000 08:01 399654                     /lib/x86_64-linux-gnu/libnsl-2.27.so
7f93ac6c2000-7f93ac6c3000 rw-p 00017000 08:01 399654                     /lib/x86_64-linux-gnu/libnsl-2.27.so
7f93ac6c3000-7f93ac6c5000 rw-p 00000000 00:00 0 
7f93ac6c5000-7f93ac6d0000 r-xp 00000000 08:01 399671                     /lib/x86_64-linux-gnu/libnss_nis-2.27.so
7f93ac6d0000-7f93ac8cf000 ---p 0000b000 08:01 399671                     /lib/x86_64-linux-gnu/libnss_nis-2.27.so
7f93ac8cf000-7f93ac8d0000 r--p 0000a000 08:01 399671                     /lib/x86_64-linux-gnu/libnss_nis-2.27.so
7f93ac8d0000-7f93ac8d1000 rw-p 0000b000 08:01 399671                     /lib/x86_64-linux-gnu/libnss_nis-2.27.so
7f93ac8d1000-7f93ac8d9000 r-xp 00000000 08:01 399656                     /lib/x86_64-linux-gnu/libnss_compat-2.27.so
7f93ac8d9000-7f93acad9000 ---p 00008000 08:01 399656                     /lib/x86_64-linux-gnu/libnss_compat-2.27.so
7f93acad9000-7f93acada000 r--p 00008000 08:01 399656                     /lib/x86_64-linux-gnu/libnss_compat-2.27.so
7f93acada000-7f93acadb000 rw-p 00009000 08:01 399656                     /lib/x86_64-linux-gnu/libnss_compat-2.27.so
7f93acadb000-7f93acb04000 r-xp 00000000 08:01 551267                     /usr/lib/jvm/java-11-openjdk-amd64/lib/libjava.so
7f93acb04000-7f93acd03000 ---p 00029000 08:01 551267                     /usr/lib/jvm/java-11-openjdk-amd64/lib/libjava.so
7f93acd03000-7f93acd04000 r--p 00028000 08:01 551267                     /usr/lib/jvm/java-11-openjdk-amd64/lib/libjava.so
7f93acd04000-7f93acd06000 rw-p 00029000 08:01 551267                     /usr/lib/jvm/java-11-openjdk-amd64/lib/libjava.so
7f93acd06000-7f93acd13000 r-xp 00000000 08:01 551287                     /usr/lib/jvm/java-11-openjdk-amd64/lib/libverify.so
7f93acd13000-7f93acf12000 ---p 0000d000 08:01 551287                     /usr/lib/jvm/java-11-openjdk-amd64/lib/libverify.so
7f93acf12000-7f93acf14000 r--p 0000c000 08:01 551287                     /usr/lib/jvm/java-11-openjdk-amd64/lib/libverify.so
7f93acf14000-7f93acf15000 rw-p 0000e000 08:01 551287                     /usr/lib/jvm/java-11-openjdk-amd64/lib/libverify.so
7f93acf15000-7f93acf1c000 r-xp 00000000 08:01 399711                     /lib/x86_64-linux-gnu/librt-2.27.so
7f93acf1c000-7f93ad11b000 ---p 00007000 08:01 399711                     /lib/x86_64-linux-gnu/librt-2.27.so
7f93ad11b000-7f93ad11c000 r--p 00006000 08:01 399711                     /lib/x86_64-linux-gnu/librt-2.27.so
7f93ad11c000-7f93ad11d000 rw-p 00007000 08:01 399711                     /lib/x86_64-linux-gnu/librt-2.27.so
7f93ad11d000-7f93ad134000 r-xp 00000000 08:01 399607                     /lib/x86_64-linux-gnu/libgcc_s.so.1
7f93ad134000-7f93ad333000 ---p 00017000 08:01 399607                     /lib/x86_64-linux-gnu/libgcc_s.so.1
7f93ad333000-7f93ad334000 r--p 00016000 08:01 399607                     /lib/x86_64-linux-gnu/libgcc_s.so.1
7f93ad334000-7f93ad335000 rw-p 00017000 08:01 399607                     /lib/x86_64-linux-gnu/libgcc_s.so.1
7f93ad335000-7f93ad4d2000 r-xp 00000000 08:01 399633                     /lib/x86_64-linux-gnu/libm-2.27.so
7f93ad4d2000-7f93ad6d1000 ---p 0019d000 08:01 399633                     /lib/x86_64-linux-gnu/libm-2.27.so
7f93ad6d1000-7f93ad6d2000 r--p 0019c000 08:01 399633                     /lib/x86_64-linux-gnu/libm-2.27.so
7f93ad6d2000-7f93ad6d3000 rw-p 0019d000 08:01 399633                     /lib/x86_64-linux-gnu/libm-2.27.so
7f93ad6d3000-7f93ad84c000 r-xp 00000000 08:01 665875                     /usr/lib/x86_64-linux-gnu/libstdc++.so.6.0.25
7f93ad84c000-7f93ada4c000 ---p 00179000 08:01 665875                     /usr/lib/x86_64-linux-gnu/libstdc++.so.6.0.25
7f93ada4c000-7f93ada56000 r--p 00179000 08:01 665875                     /usr/lib/x86_64-linux-gnu/libstdc++.so.6.0.25
7f93ada56000-7f93ada58000 rw-p 00183000 08:01 665875                     /usr/lib/x86_64-linux-gnu/libstdc++.so.6.0.25
7f93ada58000-7f93ada5c000 rw-p 00000000 00:00 0 
7f93ada5c000-7f93aeb39000 r-xp 00000000 08:01 551294                     /usr/lib/jvm/java-11-openjdk-amd64/lib/server/libjvm.so
7f93aeb39000-7f93aed38000 ---p 010dd000 08:01 551294                     /usr/lib/jvm/java-11-openjdk-amd64/lib/server/libjvm.so
7f93aed38000-7f93aedf5000 r--p 010dc000 08:01 551294                     /usr/lib/jvm/java-11-openjdk-amd64/lib/server/libjvm.so
7f93aedf5000-7f93aee2f000 rw-p 01199000 08:01 551294                     /usr/lib/jvm/java-11-openjdk-amd64/lib/server/libjvm.so
7f93aee2f000-7f93aee85000 rw-p 00000000 00:00 0 
7f93aee85000-7f93aee9f000 r-xp 00000000 08:01 399703                     /lib/x86_64-linux-gnu/libpthread-2.27.so
7f93aee9f000-7f93af09e000 ---p 0001a000 08:01 399703                     /lib/x86_64-linux-gnu/libpthread-2.27.so
7f93af09e000-7f93af09f000 r--p 00019000 08:01 399703                     /lib/x86_64-linux-gnu/libpthread-2.27.so
7f93af09f000-7f93af0a0000 rw-p 0001a000 08:01 399703                     /lib/x86_64-linux-gnu/libpthread-2.27.so
7f93af0a0000-7f93af0a4000 rw-p 00000000 00:00 0 
7f93af0a4000-7f93af0a7000 r-xp 00000000 08:01 399593                     /lib/x86_64-linux-gnu/libdl-2.27.so
7f93af0a7000-7f93af2a6000 ---p 00003000 08:01 399593                     /lib/x86_64-linux-gnu/libdl-2.27.so
7f93af2a6000-7f93af2a7000 r--p 00002000 08:01 399593                     /lib/x86_64-linux-gnu/libdl-2.27.so
7f93af2a7000-7f93af2a8000 rw-p 00003000 08:01 399593                     /lib/x86_64-linux-gnu/libdl-2.27.so
7f93af2a8000-7f93af2c4000 r-xp 00000000 08:01 399742                     /lib/x86_64-linux-gnu/libz.so.1.2.11
7f93af2c4000-7f93af4c3000 ---p 0001c000 08:01 399742                     /lib/x86_64-linux-gnu/libz.so.1.2.11
7f93af4c3000-7f93af4c4000 r--p 0001b000 08:01 399742                     /lib/x86_64-linux-gnu/libz.so.1.2.11
7f93af4c4000-7f93af4c5000 rw-p 0001c000 08:01 399742                     /lib/x86_64-linux-gnu/libz.so.1.2.11
7f93af4c5000-7f93af6ac000 r-xp 00000000 08:01 399570                     /lib/x86_64-linux-gnu/libc-2.27.so
7f93af6ac000-7f93af8ac000 ---p 001e7000 08:01 399570                     /lib/x86_64-linux-gnu/libc-2.27.so
7f93af8ac000-7f93af8b0000 r--p 001e7000 08:01 399570                     /lib/x86_64-linux-gnu/libc-2.27.so
7f93af8b0000-7f93af8b2000 rw-p 001eb000 08:01 399570                     /lib/x86_64-linux-gnu/libc-2.27.so
7f93af8b2000-7f93af8b6000 rw-p 00000000 00:00 0 
7f93af8b6000-7f93af8c6000 r-xp 00000000 08:01 551251                     /usr/lib/jvm/java-11-openjdk-amd64/lib/jli/libjli.so
7f93af8c6000-7f93afac5000 ---p 00010000 08:01 551251                     /usr/lib/jvm/java-11-openjdk-amd64/lib/jli/libjli.so
7f93afac5000-7f93afac6000 r--p 0000f000 08:01 551251                     /usr/lib/jvm/java-11-openjdk-amd64/lib/jli/libjli.so
7f93afac6000-7f93afac7000 rw-p 00010000 08:01 551251                     /usr/lib/jvm/java-11-openjdk-amd64/lib/jli/libjli.so
7f93afac7000-7f93afaee000 r-xp 00000000 08:01 399542                     /lib/x86_64-linux-gnu/ld-2.27.so
7f93afb01000-7f93afb2d000 rw-p 00000000 00:00 0 
7f93afb2d000-7f93afbc9000 ---p 00000000 00:00 0 
7f93afbc9000-7f93afbce000 rw-p 00000000 00:00 0 
7f93afbce000-7f93afbd5000 ---p 00000000 00:00 0 
7f93afbd5000-7f93afbd9000 ---p 00000000 00:00 0 
7f93afbd9000-7f93afcd8000 rw-p 00000000 00:00 0 
7f93afce0000-7f93afce2000 r--s 00007000 08:01 551452                     /usr/share/java/java-atk-wrapper.jar
7f93afce2000-7f93afcea000 rw-s 00000000 08:01 1052296                    /tmp/hsperfdata_yiyun/15316
7f93afcea000-7f93afceb000 ---p 00000000 00:00 0 
7f93afceb000-7f93afcec000 r--p 00000000 00:00 0 
7f93afcec000-7f93afcee000 rw-p 00000000 00:00 0 
7f93afcee000-7f93afcef000 r--p 00027000 08:01 399542                     /lib/x86_64-linux-gnu/ld-2.27.so
7f93afcef000-7f93afcf0000 rw-p 00028000 08:01 399542                     /lib/x86_64-linux-gnu/ld-2.27.so
7f93afcf0000-7f93afcf1000 rw-p 00000000 00:00 0 
7ffee0008000-7ffee0029000 rw-p 00000000 00:00 0                          [stack]
7ffee0122000-7ffee0125000 r--p 00000000 00:00 0                          [vvar]
7ffee0125000-7ffee0126000 r-xp 00000000 00:00 0                          [vdso]
ffffffffff600000-ffffffffff601000 r-xp 00000000 00:00 0                  [vsyscall]


VM Arguments:
jvm_args: -Xverify:none 
java_command: Main
java_class_path (initial): .
Launcher Type: SUN_STANDARD

[Global flags]
     bool BytecodeVerificationLocal                = false                                     {product} {command line}
     bool BytecodeVerificationRemote               = false                                     {product} {command line}
     intx CICompilerCount                          = 2                                         {product} {ergonomic}
   size_t InitialHeapSize                          = 33554432                                  {product} {ergonomic}
   size_t MaxHeapSize                              = 522190848                                 {product} {ergonomic}
   size_t MaxNewSize                               = 174063616                                 {product} {ergonomic}
   size_t MinHeapDeltaBytes                        = 196608                                    {product} {ergonomic}
   size_t NewSize                                  = 11141120                                  {product} {ergonomic}
    uintx NonNMethodCodeHeapSize                   = 5825164                                {pd product} {ergonomic}
    uintx NonProfiledCodeHeapSize                  = 122916538                              {pd product} {ergonomic}
   size_t OldSize                                  = 22413312                                  {product} {ergonomic}
    uintx ProfiledCodeHeapSize                     = 122916538                              {pd product} {ergonomic}
    uintx ReservedCodeCacheSize                    = 251658240                              {pd product} {ergonomic}
     bool SegmentedCodeCache                       = true                                      {product} {ergonomic}
     bool UseCompressedClassPointers               = true                                 {lp64_product} {ergonomic}
     bool UseCompressedOops                        = true                                 {lp64_product} {ergonomic}
     bool UseSerialGC                              = true                                      {product} {ergonomic}

Logging:
Log output configuration:
 #0: stdout all=warning uptime,level,tags
 #1: stderr all=off uptime,level,tags

Environment Variables:
PATH=/home/yiyun/.local/bin:/usr/local/sbin:/usr/local/bin:/usr/sbin:/usr/bin:/sbin:/bin:/usr/games:/usr/local/games:/snap/bin
USERNAME=yiyun
SHELL=/bin/bash
DISPLAY=:0

Signal Handlers:
SIGSEGV: [libjvm.so+0xdf8d00], sa_mask[0]=11111111011111111101111111111110, sa_flags=SA_RESTART|SA_SIGINFO
SIGBUS: [libjvm.so+0xdf8d00], sa_mask[0]=11111111011111111101111111111110, sa_flags=SA_RESTART|SA_SIGINFO
SIGFPE: [libjvm.so+0xdf8d00], sa_mask[0]=11111111011111111101111111111110, sa_flags=SA_RESTART|SA_SIGINFO
SIGPIPE: [libjvm.so+0xbcbc30], sa_mask[0]=11111111011111111101111111111110, sa_flags=SA_RESTART|SA_SIGINFO
SIGXFSZ: [libjvm.so+0xbcbc30], sa_mask[0]=11111111011111111101111111111110, sa_flags=SA_RESTART|SA_SIGINFO
SIGILL: [libjvm.so+0xdf8d00], sa_mask[0]=11111111011111111101111111111110, sa_flags=SA_RESTART|SA_SIGINFO
SIGUSR2: [libjvm.so+0xbcbad0], sa_mask[0]=00000000000000000000000000000000, sa_flags=SA_RESTART|SA_SIGINFO
SIGHUP: [libjvm.so+0xbcbe30], sa_mask[0]=11111111011111111101111111111110, sa_flags=SA_RESTART|SA_SIGINFO
SIGINT: [libjvm.so+0xbcbe30], sa_mask[0]=11111111011111111101111111111110, sa_flags=SA_RESTART|SA_SIGINFO
SIGTERM: [libjvm.so+0xbcbe30], sa_mask[0]=11111111011111111101111111111110, sa_flags=SA_RESTART|SA_SIGINFO
SIGQUIT: [libjvm.so+0xbcbe30], sa_mask[0]=11111111011111111101111111111110, sa_flags=SA_RESTART|SA_SIGINFO


---------------  S Y S T E M  ---------------

OS:DISTRIB_ID=Ubuntu
DISTRIB_RELEASE=18.04
DISTRIB_CODENAME=bionic
DISTRIB_DESCRIPTION="Ubuntu 18.04.3 LTS"
uname:Linux 5.0.0-36-generic #39~18.04.1-Ubuntu SMP Tue Nov 12 11:09:50 UTC 2019 x86_64
OS uptime: 0 days 7:41 hours
libc:glibc 2.27 NPTL 2.27 
rlimit: STACK 8192k, CORE 0k, NPROC 7775, NOFILE 4096, AS infinity, CPU infinity, DATA infinity, FSIZE infinity
load average:1.58 1.37 1.24

/proc/meminfo:
MemTotal:        2038764 kB
MemFree:           82744 kB
MemAvailable:     483232 kB
Buffers:           22976 kB
Cached:           544856 kB
SwapCached:        53872 kB
Active:          1223224 kB
Inactive:         498712 kB
Active(anon):     882648 kB
Inactive(anon):   331908 kB
Active(file):     340576 kB
Inactive(file):   166804 kB
Unevictable:          16 kB
Mlocked:              16 kB
SwapTotal:        969960 kB
SwapFree:         586472 kB
Dirty:               208 kB
Writeback:             0 kB
AnonPages:       1146460 kB
Mapped:           227108 kB
Shmem:             67972 kB
KReclaimable:      49408 kB
Slab:              89820 kB
SReclaimable:      49408 kB
SUnreclaim:        40412 kB
KernelStack:       10656 kB
PageTables:        53724 kB
NFS_Unstable:          0 kB
Bounce:                0 kB
WritebackTmp:          0 kB
CommitLimit:     1989340 kB
Committed_AS:    6542640 kB
VmallocTotal:   34359738367 kB
VmallocUsed:           0 kB
VmallocChunk:          0 kB
Percpu:              304 kB
HardwareCorrupted:     0 kB
AnonHugePages:         0 kB
ShmemHugePages:        0 kB
ShmemPmdMapped:        0 kB
CmaTotal:              0 kB
CmaFree:               0 kB
HugePages_Total:       0
HugePages_Free:        0
HugePages_Rsvd:        0
HugePages_Surp:        0
Hugepagesize:       2048 kB
Hugetlb:               0 kB
DirectMap4k:      155584 kB
DirectMap2M:     1941504 kB


/proc/sys/kernel/threads-max (system-wide limit on the number of threads):
15550


/proc/sys/vm/max_map_count (maximum number of memory map areas a process may have):
65530


/proc/sys/kernel/pid_max (system-wide limit on number of process identifiers):
32768



container (cgroup) information:
container_type: cgroupv1
cpu_cpuset_cpus: 0
cpu_memory_nodes: 0
active_processor_count: 1
cpu_quota: -1
cpu_period: 100000
cpu_shares: -1
memory_limit_in_bytes: -1
memory_and_swap_limit_in_bytes: -2
memory_soft_limit_in_bytes: -1
memory_usage_in_bytes: 1756700672
memory_max_usage_in_bytes: 28061696

KVM virtualization detected
Steal ticks since vm start: 0
Steal ticks percentage since vm start:  0.000

CPU:total 1 (initial active 1) (1 cores per cpu, 1 threads per core) family 6 model 142 stepping 11, cmov, cx8, fxsr, mmx, sse, sse2, sse3, ssse3, sse4.1, sse4.2, popcnt, avx, avx2, aes, clmul, 3dnowpref, lzcnt, tsc, tscinvbit
CPU Model and flags from /proc/cpuinfo:
model name	: Intel(R) Core(TM) i5-8265U CPU @ 1.60GHz
flags		: fpu vme de pse tsc msr pae mce cx8 apic sep mtrr pge mca cmov pat pse36 clflush mmx fxsr sse sse2 ht syscall nx rdtscp lm constant_tsc rep_good nopl xtopology nonstop_tsc cpuid tsc_known_freq pni pclmulqdq monitor ssse3 cx16 pcid sse4_1 sse4_2 x2apic movbe popcnt aes xsave avx rdrand hypervisor lahf_lm abm 3dnowprefetch invpcid_single fsgsbase avx2 invpcid rdseed clflushopt flush_l1d arch_capabilities

Memory: 4k page, physical 2038764k(82744k free), swap 969960k(586472k free)

vm_info: OpenJDK 64-Bit Server VM (11.0.7+10-post-Ubuntu-2ubuntu218.04) for linux-amd64 JRE (11.0.7+10-post-Ubuntu-2ubuntu218.04), built on Apr 15 2020 21:12:54 by "unknown" with gcc 7.5.0

END.
