#
# A fatal error has been detected by the Java Runtime Environment:
#
#  Internal Error (generateOopMap.cpp:2164), pid=31741, tid=31743
#  fatal error: Illegal class file encountered. Try running with -Xverify:all in method main
#
# JRE version: OpenJDK Runtime Environment (11.0.7+10) (build 11.0.7+10-post-Ubuntu-2ubuntu218.04)
# Java VM: OpenJDK 64-Bit Server VM (11.0.7+10-post-Ubuntu-2ubuntu218.04, mixed mode, sharing, tiered, compressed oops, serial gc, linux-amd64)
# Core dump will be written. Default location: Core dumps may be processed with "/usr/share/apport/apport %p %s %c %d %P %E" (or dumping to /home/yiyun/Compiler_Jasmin/Compiler_StudentID_HW3/core.31741)
#
# If you would like to submit a bug report, please visit:
#   https://bugs.launchpad.net/ubuntu/+source/openjdk-lts
#

---------------  S U M M A R Y ------------

Command Line: -Xverify:none Main

Host: Intel(R) Core(TM) i5-8265U CPU @ 1.60GHz, 1 cores, 1G, Ubuntu 18.04.3 LTS
Time: Sun Jun  7 17:38:48 2020 CST elapsed time: 2 seconds (0d 0h 0m 2s)

---------------  T H R E A D  ---------------

Current thread (0x00007fe20804e000):  VMThread "VM Thread" [stack: 0x00007fe20c216000,0x00007fe20c316000] [id=31743]

Stack: [0x00007fe20c216000,0x00007fe20c316000],  sp=0x00007fe20c311d10,  free space=1007k
Native frames: (J=compiled Java code, A=aot compiled Java code, j=interpreted, Vv=VM code, C=native code)
V  [libjvm.so+0xdf8009]
V  [libjvm.so+0xdf8c5f]
V  [libjvm.so+0x6513fa]
V  [libjvm.so+0x7b8978]
V  [libjvm.so+0x7b8a4b]
V  [libjvm.so+0x7bda38]
V  [libjvm.so+0x7c018d]
V  [libjvm.so+0x7c0539]
V  [libjvm.so+0xbbdb8a]
V  [libjvm.so+0xbbe7d5]
V  [libjvm.so+0xb4ab1a]
V  [libjvm.so+0x714fd4]
V  [libjvm.so+0xd7e727]
V  [libjvm.so+0xd83ba2]
V  [libjvm.so+0x7aee5d]
V  [libjvm.so+0x6587c5]
V  [libjvm.so+0x7b0117]
V  [libjvm.so+0x7b0aa6]
V  [libjvm.so+0x7b19f8]
V  [libjvm.so+0xdf92df]
V  [libjvm.so+0xdfa8d8]
V  [libjvm.so+0xe00a96]
V  [libjvm.so+0xe00fa0]
V  [libjvm.so+0xe01423]
V  [libjvm.so+0xd85acf]
V  [libjvm.so+0xbd59de]

JavaThread 0x00007fe208015800 (nid = 31742) was being processed
Java frames: (J=compiled Java code, j=interpreted, Vv=VM code)
v  ~RuntimeStub::_new_instance_Java
J 161 c2 java.io.BufferedWriter.flushBuffer()V java.base@11.0.7 (53 bytes) @ 0x00007fe1f83ddc58 [0x00007fe1f83dd900+0x0000000000000358]
J 163 c2 java.io.PrintStream.write(Ljava/lang/String;)V java.base@11.0.7 (83 bytes) @ 0x00007fe1f83e3484 [0x00007fe1f83e3200+0x0000000000000284]
J 177 c2 java.io.PrintStream.print(Ljava/lang/String;)V java.base@11.0.7 (9 bytes) @ 0x00007fe1f83e5a08 [0x00007fe1f83e59c0+0x0000000000000048]
j  Main.main([Ljava/lang/String;)V+395
v  ~StubRoutines::call_stub
VM_Operation (0x00007fe210d23710): GenCollectForAllocation, mode: safepoint, requested by thread 0x00007fe208015800


---------------  P R O C E S S  ---------------

Threads class SMR info:
_java_thread_list=0x00007fe2080ae090, length=9, elements={
0x00007fe208015800, 0x00007fe208051000, 0x00007fe208053000, 0x00007fe20805a000,
0x00007fe20805c800, 0x00007fe20805e800, 0x00007fe208060800, 0x00007fe2080a3800,
0x00007fe2080ac800
}

Java Threads: ( => current thread )
  0x00007fe208015800 JavaThread "main" [_thread_blocked, id=31742, stack(0x00007fe210c55000,0x00007fe210d56000)]
  0x00007fe208051000 JavaThread "Reference Handler" daemon [_thread_blocked, id=31744, stack(0x00007fe20c113000,0x00007fe20c214000)]
  0x00007fe208053000 JavaThread "Finalizer" daemon [_thread_blocked, id=31745, stack(0x00007fe20c012000,0x00007fe20c113000)]
  0x00007fe20805a000 JavaThread "Signal Dispatcher" daemon [_thread_blocked, id=31746, stack(0x00007fe1f080c000,0x00007fe1f090d000)]
  0x00007fe20805c800 JavaThread "C2 CompilerThread0" daemon [_thread_blocked, id=31747, stack(0x00007fe1f070b000,0x00007fe1f080c000)]
  0x00007fe20805e800 JavaThread "C1 CompilerThread0" daemon [_thread_blocked, id=31748, stack(0x00007fe1f060a000,0x00007fe1f070b000)]
  0x00007fe208060800 JavaThread "Sweeper thread" daemon [_thread_blocked, id=31749, stack(0x00007fe1f0509000,0x00007fe1f060a000)]
  0x00007fe2080a3800 JavaThread "Service Thread" daemon [_thread_blocked, id=31750, stack(0x00007fe1f0408000,0x00007fe1f0509000)]
  0x00007fe2080ac800 JavaThread "Common-Cleaner" daemon [_thread_blocked, id=31752, stack(0x00007fe1f0205000,0x00007fe1f0306000)]

Other Threads:
=>0x00007fe20804e000 VMThread "VM Thread" [stack: 0x00007fe20c216000,0x00007fe20c316000] [id=31743]
  0x00007fe2080a5800 WatcherThread [stack: 0x00007fe1f0308000,0x00007fe1f0408000] [id=31751]

Threads with active compile tasks:

VM state:at safepoint (normal execution)

VM Mutex/Monitor currently owned by a thread:  ([mutex/lock_event])
[0x00007fe2080118d0] Threads_lock - owner thread: 0x00007fe20804e000
[0x00007fe2080120b0] Heap_lock - owner thread: 0x00007fe208015800

Heap address: 0x00000000e0e00000, size: 498 MB, Compressed Oops mode: 32-bit
Narrow klass base: 0x0000000800000000, Narrow klass shift: 3
Compressed class space size: 1073741824 Address: 0x0000000840000000

Heap:
 def new generation   total 9792K, used 8704K [0x00000000e0e00000, 0x00000000e18a0000, 0x00000000eb400000)
  eden space 8704K, 100% used [0x00000000e0e00000, 0x00000000e1680000, 0x00000000e1680000)
  from space 1088K,   0% used [0x00000000e1680000, 0x00000000e1680000, 0x00000000e1790000)
  to   space 1088K,   9% used [0x00000000e1790000, 0x00000000e17a88d8, 0x00000000e18a0000)
 tenured generation   total 21888K, used 0K [0x00000000eb400000, 0x00000000ec960000, 0x0000000100000000)
   the space 21888K,   0% used [0x00000000eb400000, 0x00000000eb400000, 0x00000000eb400200, 0x00000000ec960000)
 Metaspace       used 237K, capacity 4486K, committed 4864K, reserved 1056768K
  class space    used 5K, capacity 386K, committed 512K, reserved 1048576K

Card table byte_map: [0x00007fe20cc3b000,0x00007fe20cd35000] _byte_map_base: 0x00007fe20c534000

Polling page: 0x00007fe210d6a000

Metaspace:

Usage:
  Non-class:      4.00 MB capacity,   231.63 KB (  6%) used,     3.78 MB ( 94%) free+waste,   128 bytes ( <1%) overhead. 
      Class:    386.00 KB capacity,     5.67 KB (  1%) used,   380.20 KB ( 98%) free+waste,   128 bytes ( <1%) overhead. 
       Both:      4.38 MB capacity,   237.30 KB (  5%) used,     4.15 MB ( 95%) free+waste,   256 bytes ( <1%) overhead. 

Virtual space:
  Non-class space:        8.00 MB reserved,       4.25 MB ( 53%) committed 
      Class space:        1.00 GB reserved,     512.00 KB ( <1%) committed 
             Both:        1.01 GB reserved,       4.75 MB ( <1%) committed 

Chunk freelists:
   Non-Class:  0 bytes
       Class:  0 bytes
        Both:  0 bytes

MaxMetaspaceSize: unlimited
CompressedClassSpaceSize: 1.00 GB

CodeHeap 'non-profiled nmethods': size=120036Kb used=70Kb max_used=70Kb free=119965Kb
 bounds [0x00007fe1f83d4000, 0x00007fe1f8644000, 0x00007fe1ff90d000]
CodeHeap 'profiled nmethods': size=120032Kb used=250Kb max_used=250Kb free=119781Kb
 bounds [0x00007fe1f0e9c000, 0x00007fe1f110c000, 0x00007fe1f83d4000]
CodeHeap 'non-nmethods': size=5692Kb used=988Kb max_used=1004Kb free=4703Kb
 bounds [0x00007fe1f090d000, 0x00007fe1f0b7d000, 0x00007fe1f0e9c000]
 total_blobs=515 nmethods=170 adapters=155
 compilation: enabled
              stopped_count=0, restarted_count=0
 full_count=0

Compilation events (20 events):
Event: 1.117 Thread 0x00007fe20805c800  162   !   4       sun.nio.cs.StreamEncoder::flushBuffer (42 bytes)
Event: 1.311 Thread 0x00007fe20805c800 nmethod 162 0x00007fe1f83df010 code [0x00007fe1f83df200, 0x00007fe1f83e02a8]
Event: 1.311 Thread 0x00007fe20805c800  167       4       sun.nio.cs.UTF_8$Encoder::encodeArrayLoop (489 bytes)
Event: 1.327 Thread 0x00007fe20805c800 nmethod 167 0x00007fe1f83e0b10 code [0x00007fe1f83e0cc0, 0x00007fe1f83e1098]
Event: 1.327 Thread 0x00007fe20805c800  170  s    4       java.io.BufferedOutputStream::write (67 bytes)
Event: 1.333 Thread 0x00007fe20805c800 nmethod 170 0x00007fe1f83e1490 code [0x00007fe1f83e1640, 0x00007fe1f83e19b8]
Event: 1.333 Thread 0x00007fe20805c800  168       4       sun.nio.cs.StreamEncoder::writeBytes (132 bytes)
Event: 1.660 Thread 0x00007fe20805c800 nmethod 168 0x00007fe1f83e1b10 code [0x00007fe1f83e1d00, 0x00007fe1f83e29a8]
Event: 1.660 Thread 0x00007fe20805c800  163   !   4       java.io.PrintStream::write (83 bytes)
Event: 1.941 Thread 0x00007fe20805c800 nmethod 163 0x00007fe1f83e3010 code [0x00007fe1f83e3200, 0x00007fe1f83e3d18]
Event: 1.941 Thread 0x00007fe20805c800  173       4       java.lang.Integer::stringSize (47 bytes)
Event: 1.943 Thread 0x00007fe20805c800 nmethod 173 0x00007fe1f83e4510 code [0x00007fe1f83e46a0, 0x00007fe1f83e4718]
Event: 1.943 Thread 0x00007fe20805c800  174       4       java.lang.Integer::getChars (131 bytes)
Event: 1.947 Thread 0x00007fe20805c800 nmethod 174 0x00007fe1f83e4810 code [0x00007fe1f83e49a0, 0x00007fe1f83e4ab8]
Event: 1.947 Thread 0x00007fe20805c800  175       4       java.lang.Integer::toString (55 bytes)
Event: 1.954 Thread 0x00007fe20805c800 nmethod 175 0x00007fe1f83e4c10 code [0x00007fe1f83e4dc0, 0x00007fe1f83e4fd8]
Event: 1.954 Thread 0x00007fe20805c800  176       4       java.io.PrintStream::print (9 bytes)
Event: 1.963 Thread 0x00007fe20805c800 nmethod 176 0x00007fe1f83e5190 code [0x00007fe1f83e5340, 0x00007fe1f83e55a8]
Event: 1.963 Thread 0x00007fe20805c800  177       4       java.io.PrintStream::print (9 bytes)
Event: 1.965 Thread 0x00007fe20805c800 nmethod 177 0x00007fe1f83e5810 code [0x00007fe1f83e59c0, 0x00007fe1f83e5a68]

GC Heap History (1 events):
Event: 2.464 GC heap before
{Heap before GC invocations=0 (full 0):
 def new generation   total 9792K, used 8704K [0x00000000e0e00000, 0x00000000e18a0000, 0x00000000eb400000)
  eden space 8704K, 100% used [0x00000000e0e00000, 0x00000000e1680000, 0x00000000e1680000)
  from space 1088K,   0% used [0x00000000e1680000, 0x00000000e1680000, 0x00000000e1790000)
  to   space 1088K,   0% used [0x00000000e1790000, 0x00000000e1790000, 0x00000000e18a0000)
 tenured generation   total 21888K, used 0K [0x00000000eb400000, 0x00000000ec960000, 0x0000000100000000)
   the space 21888K,   0% used [0x00000000eb400000, 0x00000000eb400000, 0x00000000eb400200, 0x00000000ec960000)
 Metaspace       used 237K, capacity 4486K, committed 4864K, reserved 1056768K
  class space    used 5K, capacity 386K, committed 512K, reserved 1048576K
}

Deoptimization events (4 events):
Event: 0.471 Thread 0x00007fe208015800 Uncommon trap: trap_request=0xffffff4d fr.pc=0x00007fe1f83d8be0 relative=0x00000000000001c0
Event: 0.471 Thread 0x00007fe208015800 Uncommon trap: reason=unstable_if action=reinterpret pc=0x00007fe1f83d8be0 method=java.lang.String.hashCode()I @ 14 c2
Event: 0.471 Thread 0x00007fe208015800 DEOPT PACKING pc=0x00007fe1f83d8be0 sp=0x00007fe210d531b0
Event: 0.471 Thread 0x00007fe208015800 DEOPT UNPACKING pc=0x00007fe1f0935325 sp=0x00007fe210d53168 mode 2

Classes redefined (0 events):
No events

Internal exceptions (0 events):
No events

Events (20 events):
Event: 0.087 Protecting memory [0x00007fe1f060a000,0x00007fe1f060e000] with protection modes 0
Event: 0.095 Thread 0x00007fe208060800 Thread added: 0x00007fe208060800
Event: 0.158 Protecting memory [0x00007fe1f0509000,0x00007fe1f050d000] with protection modes 0
Event: 0.420 Thread 0x00007fe2080a3800 Thread added: 0x00007fe2080a3800
Event: 0.420 Executing VM operation: EnableBiasedLocking
Event: 0.422 Protecting memory [0x00007fe1f0408000,0x00007fe1f040c000] with protection modes 0
Event: 0.422 Executing VM operation: EnableBiasedLocking done
Event: 0.422 loading class jdk/internal/vm/PostVMInitHook
Event: 0.422 loading class jdk/internal/vm/PostVMInitHook done
Event: 0.425 loading class Main
Event: 0.425 loading class Main done
Event: 0.472 loading class jdk/internal/loader/URLClassPath$FileLoader
Event: 0.473 loading class jdk/internal/loader/URLClassPath$FileLoader done
Event: 0.474 loading class jdk/internal/loader/URLClassPath$FileLoader$1
Event: 0.474 loading class jdk/internal/loader/URLClassPath$FileLoader$1 done
Event: 0.476 Thread 0x00007fe2080ac800 Thread added: 0x00007fe2080ac800
Event: 0.482 Protecting memory [0x00007fe1f0205000,0x00007fe1f0209000] with protection modes 0
Event: 0.482 Executing VM operation: RevokeBias
Event: 0.482 Executing VM operation: RevokeBias done
Event: 2.464 Executing VM operation: GenCollectForAllocation


Dynamic libraries:
e0e00000-e18a0000 rw-p 00000000 00:00 0 
e18a0000-eb400000 ---p 00000000 00:00 0 
eb400000-ec960000 rw-p 00000000 00:00 0 
ec960000-100000000 ---p 00000000 00:00 0 
800000000-800002000 rwxp 00001000 08:01 551457                           /usr/lib/jvm/java-11-openjdk-amd64/lib/server/classes.jsa
800002000-8003b8000 rw-p 00003000 08:01 551457                           /usr/lib/jvm/java-11-openjdk-amd64/lib/server/classes.jsa
8003b8000-800a7f000 r--p 003b9000 08:01 551457                           /usr/lib/jvm/java-11-openjdk-amd64/lib/server/classes.jsa
800a7f000-800a80000 rw-p 00a80000 08:01 551457                           /usr/lib/jvm/java-11-openjdk-amd64/lib/server/classes.jsa
800a80000-80108c000 r--p 00a81000 08:01 551457                           /usr/lib/jvm/java-11-openjdk-amd64/lib/server/classes.jsa
840000000-840080000 rw-p 00000000 00:00 0 
840080000-880000000 ---p 00000000 00:00 0 
556d44c3e000-556d44c3f000 r-xp 00000000 08:01 551084                     /usr/lib/jvm/java-11-openjdk-amd64/bin/java
556d44e3f000-556d44e40000 r--p 00001000 08:01 551084                     /usr/lib/jvm/java-11-openjdk-amd64/bin/java
556d44e40000-556d44e41000 rw-p 00002000 08:01 551084                     /usr/lib/jvm/java-11-openjdk-amd64/bin/java
556d45422000-556d45443000 rw-p 00000000 00:00 0                          [heap]
7fe1cc000000-7fe1cc021000 rw-p 00000000 00:00 0 
7fe1cc021000-7fe1d0000000 ---p 00000000 00:00 0 
7fe1d4000000-7fe1d4199000 rw-p 00000000 00:00 0 
7fe1d4199000-7fe1d8000000 ---p 00000000 00:00 0 
7fe1d8000000-7fe1d80d9000 rw-p 00000000 00:00 0 
7fe1d80d9000-7fe1dc000000 ---p 00000000 00:00 0 
7fe1dc000000-7fe1dc021000 rw-p 00000000 00:00 0 
7fe1dc021000-7fe1e0000000 ---p 00000000 00:00 0 
7fe1e35e9000-7fe1e4000000 r--p 00000000 08:01 660771                     /usr/lib/locale/locale-archive
7fe1e4000000-7fe1e4021000 rw-p 00000000 00:00 0 
7fe1e4021000-7fe1e8000000 ---p 00000000 00:00 0 
7fe1e8000000-7fe1e8021000 rw-p 00000000 00:00 0 
7fe1e8021000-7fe1ec000000 ---p 00000000 00:00 0 
7fe1ec000000-7fe1ec021000 rw-p 00000000 00:00 0 
7fe1ec021000-7fe1f0000000 ---p 00000000 00:00 0 
7fe1f0205000-7fe1f0209000 ---p 00000000 00:00 0 
7fe1f0209000-7fe1f0306000 rw-p 00000000 00:00 0 
7fe1f0306000-7fe1f0307000 ---p 00000000 00:00 0 
7fe1f0307000-7fe1f0408000 rw-p 00000000 00:00 0 
7fe1f0408000-7fe1f040c000 ---p 00000000 00:00 0 
7fe1f040c000-7fe1f0509000 rw-p 00000000 00:00 0 
7fe1f0509000-7fe1f050d000 ---p 00000000 00:00 0 
7fe1f050d000-7fe1f060a000 rw-p 00000000 00:00 0 
7fe1f060a000-7fe1f060e000 ---p 00000000 00:00 0 
7fe1f060e000-7fe1f070b000 rw-p 00000000 00:00 0 
7fe1f070b000-7fe1f070f000 ---p 00000000 00:00 0 
7fe1f070f000-7fe1f080c000 rw-p 00000000 00:00 0 
7fe1f080c000-7fe1f0810000 ---p 00000000 00:00 0 
7fe1f0810000-7fe1f090d000 rw-p 00000000 00:00 0 
7fe1f090d000-7fe1f0b7d000 rwxp 00000000 00:00 0 
7fe1f0b7d000-7fe1f0e9c000 ---p 00000000 00:00 0 
7fe1f0e9c000-7fe1f110c000 rwxp 00000000 00:00 0 
7fe1f110c000-7fe1f83d4000 ---p 00000000 00:00 0 
7fe1f83d4000-7fe1f8644000 rwxp 00000000 00:00 0 
7fe1f8644000-7fe1ff90d000 ---p 00000000 00:00 0 
7fe1ff90d000-7fe208000000 r--s 00000000 08:01 551289                     /usr/lib/jvm/java-11-openjdk-amd64/lib/modules
7fe208000000-7fe2080b3000 rw-p 00000000 00:00 0 
7fe2080b3000-7fe20c000000 ---p 00000000 00:00 0 
7fe20c012000-7fe20c016000 ---p 00000000 00:00 0 
7fe20c016000-7fe20c113000 rw-p 00000000 00:00 0 
7fe20c113000-7fe20c117000 ---p 00000000 00:00 0 
7fe20c117000-7fe20c214000 rw-p 00000000 00:00 0 
7fe20c214000-7fe20c215000 ---p 00000000 00:00 0 
7fe20c215000-7fe20c85a000 rw-p 00000000 00:00 0 
7fe20c85a000-7fe20cc1a000 ---p 00000000 00:00 0 
7fe20cc1a000-7fe20cc41000 rw-p 00000000 00:00 0 
7fe20cc41000-7fe20cc8e000 ---p 00000000 00:00 0 
7fe20cc8e000-7fe20cc99000 rw-p 00000000 00:00 0 
7fe20cc99000-7fe20cd34000 ---p 00000000 00:00 0 
7fe20cd34000-7fe20cd3a000 rw-p 00000000 00:00 0 
7fe20cd3a000-7fe20ce20000 ---p 00000000 00:00 0 
7fe20ce20000-7fe20ce25000 rw-p 00000000 00:00 0 
7fe20ce25000-7fe20cf0b000 ---p 00000000 00:00 0 
7fe20cf0b000-7fe20cf10000 r-xp 00000000 08:01 551271                     /usr/lib/jvm/java-11-openjdk-amd64/lib/libjimage.so
7fe20cf10000-7fe20d10f000 ---p 00005000 08:01 551271                     /usr/lib/jvm/java-11-openjdk-amd64/lib/libjimage.so
7fe20d10f000-7fe20d110000 r--p 00004000 08:01 551271                     /usr/lib/jvm/java-11-openjdk-amd64/lib/libjimage.so
7fe20d110000-7fe20d111000 rw-p 00005000 08:01 551271                     /usr/lib/jvm/java-11-openjdk-amd64/lib/libjimage.so
7fe20d111000-7fe20d118000 r-xp 00000000 08:01 551288                     /usr/lib/jvm/java-11-openjdk-amd64/lib/libzip.so
7fe20d118000-7fe20d317000 ---p 00007000 08:01 551288                     /usr/lib/jvm/java-11-openjdk-amd64/lib/libzip.so
7fe20d317000-7fe20d318000 r--p 00006000 08:01 551288                     /usr/lib/jvm/java-11-openjdk-amd64/lib/libzip.so
7fe20d318000-7fe20d319000 rw-p 00007000 08:01 551288                     /usr/lib/jvm/java-11-openjdk-amd64/lib/libzip.so
7fe20d319000-7fe20d324000 r-xp 00000000 08:01 399660                     /lib/x86_64-linux-gnu/libnss_files-2.27.so
7fe20d324000-7fe20d523000 ---p 0000b000 08:01 399660                     /lib/x86_64-linux-gnu/libnss_files-2.27.so
7fe20d523000-7fe20d524000 r--p 0000a000 08:01 399660                     /lib/x86_64-linux-gnu/libnss_files-2.27.so
7fe20d524000-7fe20d525000 rw-p 0000b000 08:01 399660                     /lib/x86_64-linux-gnu/libnss_files-2.27.so
7fe20d525000-7fe20d52b000 rw-p 00000000 00:00 0 
7fe20d52b000-7fe20d542000 r-xp 00000000 08:01 399654                     /lib/x86_64-linux-gnu/libnsl-2.27.so
7fe20d542000-7fe20d741000 ---p 00017000 08:01 399654                     /lib/x86_64-linux-gnu/libnsl-2.27.so
7fe20d741000-7fe20d742000 r--p 00016000 08:01 399654                     /lib/x86_64-linux-gnu/libnsl-2.27.so
7fe20d742000-7fe20d743000 rw-p 00017000 08:01 399654                     /lib/x86_64-linux-gnu/libnsl-2.27.so
7fe20d743000-7fe20d745000 rw-p 00000000 00:00 0 
7fe20d745000-7fe20d750000 r-xp 00000000 08:01 399671                     /lib/x86_64-linux-gnu/libnss_nis-2.27.so
7fe20d750000-7fe20d94f000 ---p 0000b000 08:01 399671                     /lib/x86_64-linux-gnu/libnss_nis-2.27.so
7fe20d94f000-7fe20d950000 r--p 0000a000 08:01 399671                     /lib/x86_64-linux-gnu/libnss_nis-2.27.so
7fe20d950000-7fe20d951000 rw-p 0000b000 08:01 399671                     /lib/x86_64-linux-gnu/libnss_nis-2.27.so
7fe20d951000-7fe20d959000 r-xp 00000000 08:01 399656                     /lib/x86_64-linux-gnu/libnss_compat-2.27.so
7fe20d959000-7fe20db59000 ---p 00008000 08:01 399656                     /lib/x86_64-linux-gnu/libnss_compat-2.27.so
7fe20db59000-7fe20db5a000 r--p 00008000 08:01 399656                     /lib/x86_64-linux-gnu/libnss_compat-2.27.so
7fe20db5a000-7fe20db5b000 rw-p 00009000 08:01 399656                     /lib/x86_64-linux-gnu/libnss_compat-2.27.so
7fe20db5b000-7fe20db84000 r-xp 00000000 08:01 551267                     /usr/lib/jvm/java-11-openjdk-amd64/lib/libjava.so
7fe20db84000-7fe20dd83000 ---p 00029000 08:01 551267                     /usr/lib/jvm/java-11-openjdk-amd64/lib/libjava.so
7fe20dd83000-7fe20dd84000 r--p 00028000 08:01 551267                     /usr/lib/jvm/java-11-openjdk-amd64/lib/libjava.so
7fe20dd84000-7fe20dd86000 rw-p 00029000 08:01 551267                     /usr/lib/jvm/java-11-openjdk-amd64/lib/libjava.so
7fe20dd86000-7fe20dd93000 r-xp 00000000 08:01 551287                     /usr/lib/jvm/java-11-openjdk-amd64/lib/libverify.so
7fe20dd93000-7fe20df92000 ---p 0000d000 08:01 551287                     /usr/lib/jvm/java-11-openjdk-amd64/lib/libverify.so
7fe20df92000-7fe20df94000 r--p 0000c000 08:01 551287                     /usr/lib/jvm/java-11-openjdk-amd64/lib/libverify.so
7fe20df94000-7fe20df95000 rw-p 0000e000 08:01 551287                     /usr/lib/jvm/java-11-openjdk-amd64/lib/libverify.so
7fe20df95000-7fe20df9c000 r-xp 00000000 08:01 399711                     /lib/x86_64-linux-gnu/librt-2.27.so
7fe20df9c000-7fe20e19b000 ---p 00007000 08:01 399711                     /lib/x86_64-linux-gnu/librt-2.27.so
7fe20e19b000-7fe20e19c000 r--p 00006000 08:01 399711                     /lib/x86_64-linux-gnu/librt-2.27.so
7fe20e19c000-7fe20e19d000 rw-p 00007000 08:01 399711                     /lib/x86_64-linux-gnu/librt-2.27.so
7fe20e19d000-7fe20e1b4000 r-xp 00000000 08:01 399607                     /lib/x86_64-linux-gnu/libgcc_s.so.1
7fe20e1b4000-7fe20e3b3000 ---p 00017000 08:01 399607                     /lib/x86_64-linux-gnu/libgcc_s.so.1
7fe20e3b3000-7fe20e3b4000 r--p 00016000 08:01 399607                     /lib/x86_64-linux-gnu/libgcc_s.so.1
7fe20e3b4000-7fe20e3b5000 rw-p 00017000 08:01 399607                     /lib/x86_64-linux-gnu/libgcc_s.so.1
7fe20e3b5000-7fe20e552000 r-xp 00000000 08:01 399633                     /lib/x86_64-linux-gnu/libm-2.27.so
7fe20e552000-7fe20e751000 ---p 0019d000 08:01 399633                     /lib/x86_64-linux-gnu/libm-2.27.so
7fe20e751000-7fe20e752000 r--p 0019c000 08:01 399633                     /lib/x86_64-linux-gnu/libm-2.27.so
7fe20e752000-7fe20e753000 rw-p 0019d000 08:01 399633                     /lib/x86_64-linux-gnu/libm-2.27.so
7fe20e753000-7fe20e8cc000 r-xp 00000000 08:01 665875                     /usr/lib/x86_64-linux-gnu/libstdc++.so.6.0.25
7fe20e8cc000-7fe20eacc000 ---p 00179000 08:01 665875                     /usr/lib/x86_64-linux-gnu/libstdc++.so.6.0.25
7fe20eacc000-7fe20ead6000 r--p 00179000 08:01 665875                     /usr/lib/x86_64-linux-gnu/libstdc++.so.6.0.25
7fe20ead6000-7fe20ead8000 rw-p 00183000 08:01 665875                     /usr/lib/x86_64-linux-gnu/libstdc++.so.6.0.25
7fe20ead8000-7fe20eadc000 rw-p 00000000 00:00 0 
7fe20eadc000-7fe20fbb9000 r-xp 00000000 08:01 551294                     /usr/lib/jvm/java-11-openjdk-amd64/lib/server/libjvm.so
7fe20fbb9000-7fe20fdb8000 ---p 010dd000 08:01 551294                     /usr/lib/jvm/java-11-openjdk-amd64/lib/server/libjvm.so
7fe20fdb8000-7fe20fe75000 r--p 010dc000 08:01 551294                     /usr/lib/jvm/java-11-openjdk-amd64/lib/server/libjvm.so
7fe20fe75000-7fe20feaf000 rw-p 01199000 08:01 551294                     /usr/lib/jvm/java-11-openjdk-amd64/lib/server/libjvm.so
7fe20feaf000-7fe20ff05000 rw-p 00000000 00:00 0 
7fe20ff05000-7fe20ff1f000 r-xp 00000000 08:01 399703                     /lib/x86_64-linux-gnu/libpthread-2.27.so
7fe20ff1f000-7fe21011e000 ---p 0001a000 08:01 399703                     /lib/x86_64-linux-gnu/libpthread-2.27.so
7fe21011e000-7fe21011f000 r--p 00019000 08:01 399703                     /lib/x86_64-linux-gnu/libpthread-2.27.so
7fe21011f000-7fe210120000 rw-p 0001a000 08:01 399703                     /lib/x86_64-linux-gnu/libpthread-2.27.so
7fe210120000-7fe210124000 rw-p 00000000 00:00 0 
7fe210124000-7fe210127000 r-xp 00000000 08:01 399593                     /lib/x86_64-linux-gnu/libdl-2.27.so
7fe210127000-7fe210326000 ---p 00003000 08:01 399593                     /lib/x86_64-linux-gnu/libdl-2.27.so
7fe210326000-7fe210327000 r--p 00002000 08:01 399593                     /lib/x86_64-linux-gnu/libdl-2.27.so
7fe210327000-7fe210328000 rw-p 00003000 08:01 399593                     /lib/x86_64-linux-gnu/libdl-2.27.so
7fe210328000-7fe210344000 r-xp 00000000 08:01 399742                     /lib/x86_64-linux-gnu/libz.so.1.2.11
7fe210344000-7fe210543000 ---p 0001c000 08:01 399742                     /lib/x86_64-linux-gnu/libz.so.1.2.11
7fe210543000-7fe210544000 r--p 0001b000 08:01 399742                     /lib/x86_64-linux-gnu/libz.so.1.2.11
7fe210544000-7fe210545000 rw-p 0001c000 08:01 399742                     /lib/x86_64-linux-gnu/libz.so.1.2.11
7fe210545000-7fe21072c000 r-xp 00000000 08:01 399570                     /lib/x86_64-linux-gnu/libc-2.27.so
7fe21072c000-7fe21092c000 ---p 001e7000 08:01 399570                     /lib/x86_64-linux-gnu/libc-2.27.so
7fe21092c000-7fe210930000 r--p 001e7000 08:01 399570                     /lib/x86_64-linux-gnu/libc-2.27.so
7fe210930000-7fe210932000 rw-p 001eb000 08:01 399570                     /lib/x86_64-linux-gnu/libc-2.27.so
7fe210932000-7fe210936000 rw-p 00000000 00:00 0 
7fe210936000-7fe210946000 r-xp 00000000 08:01 551251                     /usr/lib/jvm/java-11-openjdk-amd64/lib/jli/libjli.so
7fe210946000-7fe210b45000 ---p 00010000 08:01 551251                     /usr/lib/jvm/java-11-openjdk-amd64/lib/jli/libjli.so
7fe210b45000-7fe210b46000 r--p 0000f000 08:01 551251                     /usr/lib/jvm/java-11-openjdk-amd64/lib/jli/libjli.so
7fe210b46000-7fe210b47000 rw-p 00010000 08:01 551251                     /usr/lib/jvm/java-11-openjdk-amd64/lib/jli/libjli.so
7fe210b47000-7fe210b6e000 r-xp 00000000 08:01 399542                     /lib/x86_64-linux-gnu/ld-2.27.so
7fe210b81000-7fe210bad000 rw-p 00000000 00:00 0 
7fe210bad000-7fe210c49000 ---p 00000000 00:00 0 
7fe210c49000-7fe210c4e000 rw-p 00000000 00:00 0 
7fe210c4e000-7fe210c55000 ---p 00000000 00:00 0 
7fe210c55000-7fe210c59000 ---p 00000000 00:00 0 
7fe210c59000-7fe210d58000 rw-p 00000000 00:00 0 
7fe210d60000-7fe210d62000 r--s 00007000 08:01 551452                     /usr/share/java/java-atk-wrapper.jar
7fe210d62000-7fe210d6a000 rw-s 00000000 08:01 1052440                    /tmp/hsperfdata_yiyun/31741
7fe210d6a000-7fe210d6b000 ---p 00000000 00:00 0 
7fe210d6b000-7fe210d6c000 r--p 00000000 00:00 0 
7fe210d6c000-7fe210d6e000 rw-p 00000000 00:00 0 
7fe210d6e000-7fe210d6f000 r--p 00027000 08:01 399542                     /lib/x86_64-linux-gnu/ld-2.27.so
7fe210d6f000-7fe210d70000 rw-p 00028000 08:01 399542                     /lib/x86_64-linux-gnu/ld-2.27.so
7fe210d70000-7fe210d71000 rw-p 00000000 00:00 0 
7ffc6b1ce000-7ffc6b1ef000 rw-p 00000000 00:00 0                          [stack]
7ffc6b1f8000-7ffc6b1fb000 r--p 00000000 00:00 0                          [vvar]
7ffc6b1fb000-7ffc6b1fc000 r-xp 00000000 00:00 0                          [vdso]
ffffffffff600000-ffffffffff601000 r-xp 00000000 00:00 0                  [vsyscall]


VM Arguments:
jvm_args: -Xverify:none 
java_command: Main
java_class_path (initial): .
Launcher Type: SUN_STANDARD

[Global flags]
     bool BytecodeVerificationLocal                = false                                     {product} {command line}
     bool BytecodeVerificationRemote               = false                                     {product} {command line}
     intx CICompilerCount                          = 2                                         {product} {ergonomic}
   size_t InitialHeapSize                          = 33554432                                  {product} {ergonomic}
   size_t MaxHeapSize                              = 522190848                                 {product} {ergonomic}
   size_t MaxNewSize                               = 174063616                                 {product} {ergonomic}
   size_t MinHeapDeltaBytes                        = 196608                                    {product} {ergonomic}
   size_t NewSize                                  = 11141120                                  {product} {ergonomic}
    uintx NonNMethodCodeHeapSize                   = 5825164                                {pd product} {ergonomic}
    uintx NonProfiledCodeHeapSize                  = 122916538                              {pd product} {ergonomic}
   size_t OldSize                                  = 22413312                                  {product} {ergonomic}
    uintx ProfiledCodeHeapSize                     = 122916538                              {pd product} {ergonomic}
    uintx ReservedCodeCacheSize                    = 251658240                              {pd product} {ergonomic}
     bool SegmentedCodeCache                       = true                                      {product} {ergonomic}
     bool UseCompressedClassPointers               = true                                 {lp64_product} {ergonomic}
     bool UseCompressedOops                        = true                                 {lp64_product} {ergonomic}
     bool UseSerialGC                              = true                                      {product} {ergonomic}

Logging:
Log output configuration:
 #0: stdout all=warning uptime,level,tags
 #1: stderr all=off uptime,level,tags

Environment Variables:
PATH=/home/yiyun/.local/bin:/usr/local/sbin:/usr/local/bin:/usr/sbin:/usr/bin:/sbin:/bin:/usr/games:/usr/local/games:/snap/bin
USERNAME=yiyun
SHELL=/bin/bash
DISPLAY=:0

Signal Handlers:
SIGSEGV: [libjvm.so+0xdf8d00], sa_mask[0]=11111111011111111101111111111110, sa_flags=SA_RESTART|SA_SIGINFO
SIGBUS: [libjvm.so+0xdf8d00], sa_mask[0]=11111111011111111101111111111110, sa_flags=SA_RESTART|SA_SIGINFO
SIGFPE: [libjvm.so+0xdf8d00], sa_mask[0]=11111111011111111101111111111110, sa_flags=SA_RESTART|SA_SIGINFO
SIGPIPE: [libjvm.so+0xbcbc30], sa_mask[0]=11111111011111111101111111111110, sa_flags=SA_RESTART|SA_SIGINFO
SIGXFSZ: [libjvm.so+0xbcbc30], sa_mask[0]=11111111011111111101111111111110, sa_flags=SA_RESTART|SA_SIGINFO
SIGILL: [libjvm.so+0xdf8d00], sa_mask[0]=11111111011111111101111111111110, sa_flags=SA_RESTART|SA_SIGINFO
SIGUSR2: [libjvm.so+0xbcbad0], sa_mask[0]=00000000000000000000000000000000, sa_flags=SA_RESTART|SA_SIGINFO
SIGHUP: [libjvm.so+0xbcbe30], sa_mask[0]=11111111011111111101111111111110, sa_flags=SA_RESTART|SA_SIGINFO
SIGINT: [libjvm.so+0xbcbe30], sa_mask[0]=11111111011111111101111111111110, sa_flags=SA_RESTART|SA_SIGINFO
SIGTERM: [libjvm.so+0xbcbe30], sa_mask[0]=11111111011111111101111111111110, sa_flags=SA_RESTART|SA_SIGINFO
SIGQUIT: [libjvm.so+0xbcbe30], sa_mask[0]=11111111011111111101111111111110, sa_flags=SA_RESTART|SA_SIGINFO


---------------  S Y S T E M  ---------------

OS:DISTRIB_ID=Ubuntu
DISTRIB_RELEASE=18.04
DISTRIB_CODENAME=bionic
DISTRIB_DESCRIPTION="Ubuntu 18.04.3 LTS"
uname:Linux 5.0.0-36-generic #39~18.04.1-Ubuntu SMP Tue Nov 12 11:09:50 UTC 2019 x86_64
OS uptime: 1 days 11:00 hours
libc:glibc 2.27 NPTL 2.27 
rlimit: STACK 8192k, CORE 0k, NPROC 7775, NOFILE 4096, AS infinity, CPU infinity, DATA infinity, FSIZE infinity
load average:3.15 2.12 1.59

/proc/meminfo:
MemTotal:        2038764 kB
MemFree:          106416 kB
MemAvailable:     414020 kB
Buffers:           24332 kB
Cached:           447136 kB
SwapCached:        46956 kB
Active:          1178980 kB
Inactive:         527960 kB
Active(anon):     960784 kB
Inactive(anon):   326124 kB
Active(file):     218196 kB
Inactive(file):   201836 kB
Unevictable:          16 kB
Mlocked:              16 kB
SwapTotal:        969960 kB
SwapFree:         381672 kB
Dirty:               284 kB
Writeback:             0 kB
AnonPages:       1233888 kB
Mapped:           212552 kB
Shmem:             60028 kB
KReclaimable:      38332 kB
Slab:              79632 kB
SReclaimable:      38332 kB
SUnreclaim:        41300 kB
KernelStack:       10640 kB
PageTables:        54764 kB
NFS_Unstable:          0 kB
Bounce:                0 kB
WritebackTmp:          0 kB
CommitLimit:     1989340 kB
Committed_AS:    6790648 kB
VmallocTotal:   34359738367 kB
VmallocUsed:           0 kB
VmallocChunk:          0 kB
Percpu:              304 kB
HardwareCorrupted:     0 kB
AnonHugePages:         0 kB
ShmemHugePages:        0 kB
ShmemPmdMapped:        0 kB
CmaTotal:              0 kB
CmaFree:               0 kB
HugePages_Total:       0
HugePages_Free:        0
HugePages_Rsvd:        0
HugePages_Surp:        0
Hugepagesize:       2048 kB
Hugetlb:               0 kB
DirectMap4k:      155584 kB
DirectMap2M:     1941504 kB


/proc/sys/kernel/threads-max (system-wide limit on the number of threads):
15550


/proc/sys/vm/max_map_count (maximum number of memory map areas a process may have):
65530


/proc/sys/kernel/pid_max (system-wide limit on number of process identifiers):
32768



container (cgroup) information:
container_type: cgroupv1
cpu_cpuset_cpus: 0
cpu_memory_nodes: 0
active_processor_count: 1
cpu_quota: -1
cpu_period: 100000
cpu_shares: -1
memory_limit_in_bytes: -1
memory_and_swap_limit_in_bytes: -2
memory_soft_limit_in_bytes: -1
memory_usage_in_bytes: 1747050496
memory_max_usage_in_bytes: 49299456

KVM virtualization detected
Steal ticks since vm start: 0
Steal ticks percentage since vm start:  0.000

CPU:total 1 (initial active 1) (1 cores per cpu, 1 threads per core) family 6 model 142 stepping 11, cmov, cx8, fxsr, mmx, sse, sse2, sse3, ssse3, sse4.1, sse4.2, popcnt, avx, avx2, aes, clmul, 3dnowpref, lzcnt, tsc, tscinvbit
CPU Model and flags from /proc/cpuinfo:
model name	: Intel(R) Core(TM) i5-8265U CPU @ 1.60GHz
flags		: fpu vme de pse tsc msr pae mce cx8 apic sep mtrr pge mca cmov pat pse36 clflush mmx fxsr sse sse2 ht syscall nx rdtscp lm constant_tsc rep_good nopl xtopology nonstop_tsc cpuid tsc_known_freq pni pclmulqdq monitor ssse3 cx16 pcid sse4_1 sse4_2 x2apic movbe popcnt aes xsave avx rdrand hypervisor lahf_lm abm 3dnowprefetch invpcid_single fsgsbase avx2 invpcid rdseed clflushopt flush_l1d arch_capabilities

Memory: 4k page, physical 2038764k(106416k free), swap 969960k(381672k free)

vm_info: OpenJDK 64-Bit Server VM (11.0.7+10-post-Ubuntu-2ubuntu218.04) for linux-amd64 JRE (11.0.7+10-post-Ubuntu-2ubuntu218.04), built on Apr 15 2020 21:12:54 by "unknown" with gcc 7.5.0

END.
