#
# A fatal error has been detected by the Java Runtime Environment:
#
#  SIGSEGV (0xb) at pc=0x00007fd52facd284, pid=4926, tid=4927
#
# JRE version: OpenJDK Runtime Environment (11.0.7+10) (build 11.0.7+10-post-Ubuntu-2ubuntu218.04)
# Java VM: OpenJDK 64-Bit Server VM (11.0.7+10-post-Ubuntu-2ubuntu218.04, mixed mode, sharing, tiered, compressed oops, serial gc, linux-amd64)
# Problematic frame:
# C  0x00007fd52facd284
#
# Core dump will be written. Default location: Core dumps may be processed with "/usr/share/apport/apport %p %s %c %d %P %E" (or dumping to /home/yiyun/Compiler_Jasmin/Compiler_StudentID_HW3/core.4926)
#
# If you would like to submit a bug report, please visit:
#   https://bugs.launchpad.net/ubuntu/+source/openjdk-lts
#

---------------  S U M M A R Y ------------

Command Line: -Xverify:none Main

Host: Intel(R) Core(TM) i5-8265U CPU @ 1.60GHz, 1 cores, 1G, Ubuntu 18.04.3 LTS
Time: Thu Jun 11 20:11:24 2020 CST elapsed time: 0 seconds (0d 0h 0m 0s)

---------------  T H R E A D  ---------------

Current thread (0x00007fd548015800):  JavaThread "main" [_thread_in_Java, id=4927, stack(0x00007fd54f614000,0x00007fd54f715000)]

Stack: [0x00007fd54f614000,0x00007fd54f715000],  sp=0x00007fd54f713698,  free space=1021k
Native frames: (J=compiled Java code, A=aot compiled Java code, j=interpreted, Vv=VM code, C=native code)
C  0x00007fd52facd284
v  ~StubRoutines::call_stub
V  [libjvm.so+0x84e319]
V  [libjvm.so+0x8ca02d]
V  [libjvm.so+0x8cc4fe]
C  [libjli.so+0x5856]
C  [libjli.so+0x92cd]


siginfo: si_signo: 11 (SIGSEGV), si_code: 2 (SEGV_ACCERR), si_addr: 0x00007fd52facd284

Register to memory mapping:

RAX=
[error occurred during error reporting (printing register info), id 0xb, SIGSEGV (0xb) at pc=0x00007fd54e16616e]

Registers:
RAX=0x00000000e0ec0ac8, RBX=0x00000000000000e6, RCX=0x0000000000000008, RDX=0x00007fd5480165a0
RSP=0x00007fd54f713698, RBP=0x00007fd54f7136d0, RSI=0x0000000000000001, RDI=0x00007fd548016570
R8 =0x00007fd52facd2b8, R9 =0x0000000000000002, R10=0x0000000000000000, R11=0x00000000e0ec0ac8
R12=0x0000000000000000, R13=0x00007fd52facd284, R14=0x00007fd54f7139f8, R15=0x00007fd548015800
RIP=0x00007fd52facd284, EFLAGS=0x0000000000010246, CSGSFS=0x002b000000000033, ERR=0x0000000000000015
  TRAPNO=0x000000000000000e

Top of Stack: (sp=0x00007fd54f713698)
0x00007fd54f713698:   00007fd54f7139f8 00007fd52facd310
0x00007fd54f7136a8:   0000000000000000 00000000e0ec0380
0x00007fd54f7136b8:   00007fd52facd2b8 0000000000000000
0x00007fd54f7136c8:   00007fd54f7139f8 00007fd54f713a60 

Instructions: (pc=0x00007fd52facd284)
0x00007fd52facd184:   00 00 00 00 10 23 4b 00 08 00 00 00 88 e8 4b 00
0x00007fd52facd194:   08 00 00 00 b8 79 4b 00 08 00 00 00 40 5d 4b 00
0x00007fd52facd1a4:   08 00 00 00 04 00 00 00 00 00 00 00 00 00 00 00
0x00007fd52facd1b4:   00 00 00 00 00 00 00 00 00 00 00 00 00 00 00 00
0x00007fd52facd1c4:   00 00 00 00 00 00 00 00 00 00 00 00 00 00 00 00
0x00007fd52facd1d4:   00 00 00 00 00 00 00 00 00 00 00 00 00 00 00 00
0x00007fd52facd1e4:   00 00 00 00 01 00 00 00 00 00 00 00 b8 d2 ac 2f
0x00007fd52facd1f4:   d5 7f 00 00 00 00 00 00 00 00 00 00 3d 15 00 00
0x00007fd52facd204:   00 00 00 00 68 d0 ac 2f d5 7f 00 00 00 00 00 00
0x00007fd52facd214:   00 00 00 00 30 29 04 48 d5 7f 00 00 17 00 00 00
0x00007fd52facd224:   01 00 0e 00 56 00 11 00 03 00 00 00 64 00 64 00
0x00007fd52facd234:   01 00 00 00 12 14 36 00 12 0a 36 01 e0 00 12 14
0x00007fd52facd244:   64 99 00 07 03 a7 00 04 04 99 00 40 12 19 64 9e
0x00007fd52facd254:   00 07 03 a7 00 04 04 99 00 0f e6 01 b2 00 00 5f
0x00007fd52facd264:   b6 01 00 a7 00 26 12 0a 64 99 00 07 03 a7 00 04
0x00007fd52facd274:   04 99 00 0f e6 02 b2 00 00 5f b6 01 00 a7 00 0c
0x00007fd52facd284:   e6 00 b2 00 00 5f b6 01 00 b1 07 11 11 11 11 11
0x00007fd52facd294:   11 09 19 09 1a 0a 19 11 09 19 09 1a 0a 19 11 19
0x00007fd52facd2a4:   09 19 1a 11 09 19 09 1a 0a 19 11 19 09 19 1a 11
0x00007fd52facd2b4:   19 09 1c 00 b0 ed 82 4e d5 7f 00 00 00 d2 ac 2f
0x00007fd52facd2c4:   d5 7f 00 00 00 00 00 00 00 00 00 00 90 d3 ac 2f
0x00007fd52facd2d4:   d5 7f 00 00 09 00 00 00 fe ff ff ff 00 00 00 00
0x00007fd52facd2e4:   00 00 00 00 40 15 0e 30 d5 7f 00 00 e0 a7 0f 30
0x00007fd52facd2f4:   d5 7f 00 00 00 00 00 00 00 00 00 00 40 15 0e 30
0x00007fd52facd304:   d5 7f 00 00 00 00 00 00 00 00 00 00 02 00 00 00
0x00007fd52facd314:   00 00 00 00 68 d0 ac 2f d5 7f 00 00 90 67 07 48
0x00007fd52facd324:   d5 7f 00 00 78 d3 ac 2f d5 7f 00 00 00 00 00 00
0x00007fd52facd334:   00 00 00 00 12 00 00 00 00 00 00 00 00 00 00 00
0x00007fd52facd344:   00 00 00 00 00 00 00 00 00 00 00 00 00 00 00 00
0x00007fd52facd354:   00 00 00 00 18 00 00 00 00 00 00 00 00 00 00 00
0x00007fd52facd364:   00 00 00 00 00 00 00 00 00 00 00 00 00 00 00 00
0x00007fd52facd374:   00 00 00 00 03 00 00 00 08 00 0c 00 0e 00 00 00 


Stack slot to memory mapping:
stack at sp + 0 slots: 0x00007fd54f7139f8 is pointing into the stack for thread: 0x00007fd548015800
stack at sp + 1 slots: 0x00007fd52facd310 is pointing into metadata
stack at sp + 2 slots: 0x0 is NULL
stack at sp + 3 slots: 
[error occurred during error reporting (inspecting top of stack), id 0xb, SIGSEGV (0xb) at pc=0x00007fd54e16616e]


---------------  P R O C E S S  ---------------

Threads class SMR info:
_java_thread_list=0x00007fd5480a1990, length=9, elements={
0x00007fd548015800, 0x00007fd548051000, 0x00007fd548053000, 0x00007fd54805a000,
0x00007fd54805c800, 0x00007fd54805e800, 0x00007fd548060800, 0x00007fd54809a800,
0x00007fd5480a0000
}

Java Threads: ( => current thread )
=>0x00007fd548015800 JavaThread "main" [_thread_in_Java, id=4927, stack(0x00007fd54f614000,0x00007fd54f715000)]
  0x00007fd548051000 JavaThread "Reference Handler" daemon [_thread_blocked, id=4929, stack(0x00007fd52f3c6000,0x00007fd52f4c7000)]
  0x00007fd548053000 JavaThread "Finalizer" daemon [_thread_blocked, id=4930, stack(0x00007fd52f2c5000,0x00007fd52f3c6000)]
  0x00007fd54805a000 JavaThread "Signal Dispatcher" daemon [_thread_blocked, id=4931, stack(0x00007fd52e7ad000,0x00007fd52e8ae000)]
  0x00007fd54805c800 JavaThread "C2 CompilerThread0" daemon [_thread_in_vm, id=4932, stack(0x00007fd52e6ac000,0x00007fd52e7ad000)]
  0x00007fd54805e800 JavaThread "C1 CompilerThread0" daemon [_thread_blocked, id=4933, stack(0x00007fd52e5ab000,0x00007fd52e6ac000)]
  0x00007fd548060800 JavaThread "Sweeper thread" daemon [_thread_blocked, id=4934, stack(0x00007fd52e4aa000,0x00007fd52e5ab000)]
  0x00007fd54809a800 JavaThread "Service Thread" daemon [_thread_blocked, id=4935, stack(0x00007fd52e3a9000,0x00007fd52e4aa000)]
  0x00007fd5480a0000 JavaThread "Common-Cleaner" daemon [_thread_in_vm, id=4937, stack(0x00007fd52e1a6000,0x00007fd52e2a7000)]

Other Threads:
  0x00007fd54804e000 VMThread "VM Thread" [stack: 0x00007fd52f4c9000,0x00007fd52f5c9000] [id=4928] _threads_hazard_ptr=0x00007fd5480a1990
  0x00007fd54809d000 WatcherThread [stack: 0x00007fd52e2a9000,0x00007fd52e3a9000] [id=4936]

Threads with active compile tasks:
C2 CompilerThread0    168   76       4       java.lang.String::hashCode (49 bytes)

VM state:synchronizing (normal execution)

VM Mutex/Monitor currently owned by a thread:  ([mutex/lock_event])
[0x00007fd548011840] Safepoint_lock - owner thread: 0x00007fd54804e000
[0x00007fd5480118d0] Threads_lock - owner thread: 0x00007fd54804e000

Heap address: 0x00000000e0e00000, size: 498 MB, Compressed Oops mode: 32-bit
Narrow klass base: 0x0000000800000000, Narrow klass shift: 3
Compressed class space size: 1073741824 Address: 0x0000000840000000

Heap:
 def new generation   total 9792K, used 870K [0x00000000e0e00000, 0x00000000e18a0000, 0x00000000eb400000)
  eden space 8704K,  10% used [0x00000000e0e00000, 0x00000000e0ed9a20, 0x00000000e1680000)
  from space 1088K,   0% used [0x00000000e1680000, 0x00000000e1680000, 0x00000000e1790000)
  to   space 1088K,   0% used [0x00000000e1790000, 0x00000000e1790000, 0x00000000e18a0000)
 tenured generation   total 21888K, used 0K [0x00000000eb400000, 0x00000000ec960000, 0x0000000100000000)
   the space 21888K,   0% used [0x00000000eb400000, 0x00000000eb400000, 0x00000000eb400200, 0x00000000ec960000)
 Metaspace       used 177K, capacity 4486K, committed 4864K, reserved 1056768K
  class space    used 5K, capacity 386K, committed 512K, reserved 1048576K

Card table byte_map: [0x00007fd52feee000,0x00007fd52ffe8000] _byte_map_base: 0x00007fd52f7e7000

Polling page: 0x00007fd54f729000

Metaspace:

Usage:
  Non-class:      4.00 MB capacity,   172.44 KB (  4%) used,     3.84 MB ( 96%) free+waste,   128 bytes ( <1%) overhead. 
      Class:    386.00 KB capacity,     5.18 KB (  1%) used,   380.70 KB ( 99%) free+waste,   128 bytes ( <1%) overhead. 
       Both:      4.38 MB capacity,   177.62 KB (  4%) used,     4.21 MB ( 96%) free+waste,   256 bytes ( <1%) overhead. 

Virtual space:
  Non-class space:        8.00 MB reserved,       4.25 MB ( 53%) committed 
      Class space:        1.00 GB reserved,     512.00 KB ( <1%) committed 
             Both:        1.01 GB reserved,       4.75 MB ( <1%) committed 

Chunk freelists:
   Non-Class:  0 bytes
       Class:  0 bytes
        Both:  0 bytes

MaxMetaspaceSize: unlimited
CompressedClassSpaceSize: 1.00 GB

CodeHeap 'non-profiled nmethods': size=120036Kb used=16Kb max_used=16Kb free=120019Kb
 bounds [0x00007fd537b9a000, 0x00007fd537e0a000, 0x00007fd53f0d3000]
CodeHeap 'profiled nmethods': size=120032Kb used=120Kb max_used=120Kb free=119911Kb
 bounds [0x00007fd530662000, 0x00007fd5308d2000, 0x00007fd537b9a000]
CodeHeap 'non-nmethods': size=5692Kb used=993Kb max_used=996Kb free=4698Kb
 bounds [0x00007fd5300d3000, 0x00007fd530343000, 0x00007fd530662000]
 total_blobs=374 nmethods=84 adapters=155
 compilation: enabled
              stopped_count=0, restarted_count=0
 full_count=0

Compilation events (20 events):
Event: 0.094 Thread 0x00007fd54805e800 nmethod 74 0x00007fd53067d410 code [0x00007fd53067d620, 0x00007fd53067db98]
Event: 0.096 Thread 0x00007fd54805c800   75       4       java.util.ImmutableCollections$SetN$SetNIterator::hasNext (13 bytes)
Event: 0.142 Thread 0x00007fd54805e800   77       1       java.lang.module.ModuleDescriptor::isOpen (5 bytes)
Event: 0.142 Thread 0x00007fd54805e800 nmethod 77 0x00007fd537b9d590 code [0x00007fd537b9d740, 0x00007fd537b9d870]
Event: 0.143 Thread 0x00007fd54805e800   79       3       jdk.internal.module.ModuleBootstrap$2::hasNext (30 bytes)
Event: 0.143 Thread 0x00007fd54805e800 nmethod 79 0x00007fd53067dd90 code [0x00007fd53067df60, 0x00007fd53067e318]
Event: 0.143 Thread 0x00007fd54805e800   80       3       jdk.internal.module.ModuleBootstrap$2::next (52 bytes)
Event: 0.144 Thread 0x00007fd54805e800 nmethod 80 0x00007fd53067e410 code [0x00007fd53067e620, 0x00007fd53067ebe8]
Event: 0.144 Thread 0x00007fd54805e800   81       3       java.util.HashMap::putIfAbsent (13 bytes)
Event: 0.144 Thread 0x00007fd54805e800 nmethod 81 0x00007fd53067ed90 code [0x00007fd53067ef60, 0x00007fd53067f2d8]
Event: 0.144 Thread 0x00007fd54805e800   83       1       java.lang.Module::getDescriptor (5 bytes)
Event: 0.144 Thread 0x00007fd54805e800 nmethod 83 0x00007fd537b9dd10 code [0x00007fd537b9dec0, 0x00007fd537b9dff0]
Event: 0.144 Thread 0x00007fd54805e800   84       3       java.util.ImmutableCollections$SetN::iterator (9 bytes)
Event: 0.144 Thread 0x00007fd54805e800 nmethod 84 0x00007fd53067f410 code [0x00007fd53067f5e0, 0x00007fd53067f808]
Event: 0.148 Thread 0x00007fd54805c800 nmethod 75 0x00007fd537b9e090 code [0x00007fd537b9e220, 0x00007fd537b9e298]
Event: 0.148 Thread 0x00007fd54805c800   76       4       java.lang.String::hashCode (49 bytes)
Event: 0.152 Thread 0x00007fd54805e800   85       3       java.lang.StringLatin1::canEncode (13 bytes)
Event: 0.152 Thread 0x00007fd54805e800 nmethod 85 0x00007fd53067f910 code [0x00007fd53067fac0, 0x00007fd53067fc50]
Event: 0.155 Thread 0x00007fd54805e800   86       3       java.lang.CharacterDataLatin1::getProperties (11 bytes)
Event: 0.155 Thread 0x00007fd54805e800 nmethod 86 0x00007fd53067fd10 code [0x00007fd53067fec0, 0x00007fd530680070]

GC Heap History (0 events):
No events

Deoptimization events (0 events):
No events

Classes redefined (0 events):
No events

Internal exceptions (0 events):
No events

Events (20 events):
Event: 0.049 Protecting memory [0x00007fd52e7ad000,0x00007fd52e7b1000] with protection modes 0
Event: 0.049 Thread 0x00007fd54805c800 Thread added: 0x00007fd54805c800
Event: 0.049 Protecting memory [0x00007fd52e6ac000,0x00007fd52e6b0000] with protection modes 0
Event: 0.051 Thread 0x00007fd54805e800 Thread added: 0x00007fd54805e800
Event: 0.051 Protecting memory [0x00007fd52e5ab000,0x00007fd52e5af000] with protection modes 0
Event: 0.054 Thread 0x00007fd548060800 Thread added: 0x00007fd548060800
Event: 0.059 Protecting memory [0x00007fd52e4aa000,0x00007fd52e4ae000] with protection modes 0
Event: 0.145 Thread 0x00007fd54809a800 Thread added: 0x00007fd54809a800
Event: 0.145 Executing VM operation: EnableBiasedLocking
Event: 0.147 Protecting memory [0x00007fd52e3a9000,0x00007fd52e3ad000] with protection modes 0
Event: 0.148 Executing VM operation: EnableBiasedLocking done
Event: 0.148 loading class jdk/internal/vm/PostVMInitHook
Event: 0.148 loading class jdk/internal/vm/PostVMInitHook done
Event: 0.151 loading class Main
Event: 0.151 loading class Main done
Event: 0.152 loading class jdk/internal/loader/URLClassPath$FileLoader
Event: 0.152 loading class jdk/internal/loader/URLClassPath$FileLoader done
Event: 0.153 loading class jdk/internal/loader/URLClassPath$FileLoader$1
Event: 0.153 loading class jdk/internal/loader/URLClassPath$FileLoader$1 done
Event: 0.154 Thread 0x00007fd5480a0000 Thread added: 0x00007fd5480a0000


Dynamic libraries:
e0e00000-e18a0000 rw-p 00000000 00:00 0 
e18a0000-eb400000 ---p 00000000 00:00 0 
eb400000-ec960000 rw-p 00000000 00:00 0 
ec960000-100000000 ---p 00000000 00:00 0 
800000000-800002000 rwxp 00001000 08:01 551457                           /usr/lib/jvm/java-11-openjdk-amd64/lib/server/classes.jsa
800002000-8003b8000 rw-p 00003000 08:01 551457                           /usr/lib/jvm/java-11-openjdk-amd64/lib/server/classes.jsa
8003b8000-800a7f000 r--p 003b9000 08:01 551457                           /usr/lib/jvm/java-11-openjdk-amd64/lib/server/classes.jsa
800a7f000-800a80000 rw-p 00a80000 08:01 551457                           /usr/lib/jvm/java-11-openjdk-amd64/lib/server/classes.jsa
800a80000-80108c000 r--p 00a81000 08:01 551457                           /usr/lib/jvm/java-11-openjdk-amd64/lib/server/classes.jsa
840000000-840080000 rw-p 00000000 00:00 0 
840080000-880000000 ---p 00000000 00:00 0 
562c2b3bb000-562c2b3bc000 r-xp 00000000 08:01 551084                     /usr/lib/jvm/java-11-openjdk-amd64/bin/java
562c2b5bc000-562c2b5bd000 r--p 00001000 08:01 551084                     /usr/lib/jvm/java-11-openjdk-amd64/bin/java
562c2b5bd000-562c2b5be000 rw-p 00002000 08:01 551084                     /usr/lib/jvm/java-11-openjdk-amd64/bin/java
562c2c1b5000-562c2c1d6000 rw-p 00000000 00:00 0                          [heap]
7fd510000000-7fd510087000 rw-p 00000000 00:00 0 
7fd510087000-7fd514000000 ---p 00000000 00:00 0 
7fd514000000-7fd514021000 rw-p 00000000 00:00 0 
7fd514021000-7fd518000000 ---p 00000000 00:00 0 
7fd518000000-7fd518021000 rw-p 00000000 00:00 0 
7fd518021000-7fd51c000000 ---p 00000000 00:00 0 
7fd51c000000-7fd51c06e000 rw-p 00000000 00:00 0 
7fd51c06e000-7fd520000000 ---p 00000000 00:00 0 
7fd520000000-7fd520021000 rw-p 00000000 00:00 0 
7fd520021000-7fd524000000 ---p 00000000 00:00 0 
7fd524000000-7fd524021000 rw-p 00000000 00:00 0 
7fd524021000-7fd528000000 ---p 00000000 00:00 0 
7fd528000000-7fd528021000 rw-p 00000000 00:00 0 
7fd528021000-7fd52c000000 ---p 00000000 00:00 0 
7fd52e1a6000-7fd52e1aa000 ---p 00000000 00:00 0 
7fd52e1aa000-7fd52e2a7000 rw-p 00000000 00:00 0 
7fd52e2a7000-7fd52e2a8000 ---p 00000000 00:00 0 
7fd52e2a8000-7fd52e3a9000 rw-p 00000000 00:00 0 
7fd52e3a9000-7fd52e3ad000 ---p 00000000 00:00 0 
7fd52e3ad000-7fd52e4aa000 rw-p 00000000 00:00 0 
7fd52e4aa000-7fd52e4ae000 ---p 00000000 00:00 0 
7fd52e4ae000-7fd52e5ab000 rw-p 00000000 00:00 0 
7fd52e5ab000-7fd52e5af000 ---p 00000000 00:00 0 
7fd52e5af000-7fd52e6ac000 rw-p 00000000 00:00 0 
7fd52e6ac000-7fd52e6b0000 ---p 00000000 00:00 0 
7fd52e6b0000-7fd52e7ad000 rw-p 00000000 00:00 0 
7fd52e7ad000-7fd52e7b1000 ---p 00000000 00:00 0 
7fd52e7b1000-7fd52e8ae000 rw-p 00000000 00:00 0 
7fd52e8ae000-7fd52f2c5000 r--p 00000000 08:01 660771                     /usr/lib/locale/locale-archive
7fd52f2c5000-7fd52f2c9000 ---p 00000000 00:00 0 
7fd52f2c9000-7fd52f3c6000 rw-p 00000000 00:00 0 
7fd52f3c6000-7fd52f3ca000 ---p 00000000 00:00 0 
7fd52f3ca000-7fd52f4c7000 rw-p 00000000 00:00 0 
7fd52f4c7000-7fd52f4c8000 ---p 00000000 00:00 0 
7fd52f4c8000-7fd52fb0d000 rw-p 00000000 00:00 0 
7fd52fb0d000-7fd52fecd000 ---p 00000000 00:00 0 
7fd52fecd000-7fd52fef4000 rw-p 00000000 00:00 0 
7fd52fef4000-7fd52ff41000 ---p 00000000 00:00 0 
7fd52ff41000-7fd52ff4c000 rw-p 00000000 00:00 0 
7fd52ff4c000-7fd52ffe7000 ---p 00000000 00:00 0 
7fd52ffe7000-7fd52ffed000 rw-p 00000000 00:00 0 
7fd52ffed000-7fd5300d3000 ---p 00000000 00:00 0 
7fd5300d3000-7fd530343000 rwxp 00000000 00:00 0 
7fd530343000-7fd530662000 ---p 00000000 00:00 0 
7fd530662000-7fd5308d2000 rwxp 00000000 00:00 0 
7fd5308d2000-7fd537b9a000 ---p 00000000 00:00 0 
7fd537b9a000-7fd537e0a000 rwxp 00000000 00:00 0 
7fd537e0a000-7fd53f0d3000 ---p 00000000 00:00 0 
7fd53f0d3000-7fd5477c6000 r--s 00000000 08:01 551289                     /usr/lib/jvm/java-11-openjdk-amd64/lib/modules
7fd5477c6000-7fd5477cb000 r-xp 00000000 08:01 551271                     /usr/lib/jvm/java-11-openjdk-amd64/lib/libjimage.so
7fd5477cb000-7fd5479ca000 ---p 00005000 08:01 551271                     /usr/lib/jvm/java-11-openjdk-amd64/lib/libjimage.so
7fd5479ca000-7fd5479cb000 r--p 00004000 08:01 551271                     /usr/lib/jvm/java-11-openjdk-amd64/lib/libjimage.so
7fd5479cb000-7fd5479cc000 rw-p 00005000 08:01 551271                     /usr/lib/jvm/java-11-openjdk-amd64/lib/libjimage.so
7fd5479cc000-7fd5479d3000 r-xp 00000000 08:01 551288                     /usr/lib/jvm/java-11-openjdk-amd64/lib/libzip.so
7fd5479d3000-7fd547bd2000 ---p 00007000 08:01 551288                     /usr/lib/jvm/java-11-openjdk-amd64/lib/libzip.so
7fd547bd2000-7fd547bd3000 r--p 00006000 08:01 551288                     /usr/lib/jvm/java-11-openjdk-amd64/lib/libzip.so
7fd547bd3000-7fd547bd4000 rw-p 00007000 08:01 551288                     /usr/lib/jvm/java-11-openjdk-amd64/lib/libzip.so
7fd547bd4000-7fd547bdf000 r-xp 00000000 08:01 399660                     /lib/x86_64-linux-gnu/libnss_files-2.27.so
7fd547bdf000-7fd547dde000 ---p 0000b000 08:01 399660                     /lib/x86_64-linux-gnu/libnss_files-2.27.so
7fd547dde000-7fd547ddf000 r--p 0000a000 08:01 399660                     /lib/x86_64-linux-gnu/libnss_files-2.27.so
7fd547ddf000-7fd547de0000 rw-p 0000b000 08:01 399660                     /lib/x86_64-linux-gnu/libnss_files-2.27.so
7fd547de0000-7fd547de6000 rw-p 00000000 00:00 0 
7fd547de6000-7fd547dfd000 r-xp 00000000 08:01 399654                     /lib/x86_64-linux-gnu/libnsl-2.27.so
7fd547dfd000-7fd547ffc000 ---p 00017000 08:01 399654                     /lib/x86_64-linux-gnu/libnsl-2.27.so
7fd547ffc000-7fd547ffd000 r--p 00016000 08:01 399654                     /lib/x86_64-linux-gnu/libnsl-2.27.so
7fd547ffd000-7fd547ffe000 rw-p 00017000 08:01 399654                     /lib/x86_64-linux-gnu/libnsl-2.27.so
7fd547ffe000-7fd548000000 rw-p 00000000 00:00 0 
7fd548000000-7fd5480ad000 rw-p 00000000 00:00 0 
7fd5480ad000-7fd54c000000 ---p 00000000 00:00 0 
7fd54c019000-7fd54c01e000 rw-p 00000000 00:00 0 
7fd54c01e000-7fd54c104000 ---p 00000000 00:00 0 
7fd54c104000-7fd54c10f000 r-xp 00000000 08:01 399671                     /lib/x86_64-linux-gnu/libnss_nis-2.27.so
7fd54c10f000-7fd54c30e000 ---p 0000b000 08:01 399671                     /lib/x86_64-linux-gnu/libnss_nis-2.27.so
7fd54c30e000-7fd54c30f000 r--p 0000a000 08:01 399671                     /lib/x86_64-linux-gnu/libnss_nis-2.27.so
7fd54c30f000-7fd54c310000 rw-p 0000b000 08:01 399671                     /lib/x86_64-linux-gnu/libnss_nis-2.27.so
7fd54c310000-7fd54c318000 r-xp 00000000 08:01 399656                     /lib/x86_64-linux-gnu/libnss_compat-2.27.so
7fd54c318000-7fd54c518000 ---p 00008000 08:01 399656                     /lib/x86_64-linux-gnu/libnss_compat-2.27.so
7fd54c518000-7fd54c519000 r--p 00008000 08:01 399656                     /lib/x86_64-linux-gnu/libnss_compat-2.27.so
7fd54c519000-7fd54c51a000 rw-p 00009000 08:01 399656                     /lib/x86_64-linux-gnu/libnss_compat-2.27.so
7fd54c51a000-7fd54c543000 r-xp 00000000 08:01 551267                     /usr/lib/jvm/java-11-openjdk-amd64/lib/libjava.so
7fd54c543000-7fd54c742000 ---p 00029000 08:01 551267                     /usr/lib/jvm/java-11-openjdk-amd64/lib/libjava.so
7fd54c742000-7fd54c743000 r--p 00028000 08:01 551267                     /usr/lib/jvm/java-11-openjdk-amd64/lib/libjava.so
7fd54c743000-7fd54c745000 rw-p 00029000 08:01 551267                     /usr/lib/jvm/java-11-openjdk-amd64/lib/libjava.so
7fd54c745000-7fd54c752000 r-xp 00000000 08:01 551287                     /usr/lib/jvm/java-11-openjdk-amd64/lib/libverify.so
7fd54c752000-7fd54c951000 ---p 0000d000 08:01 551287                     /usr/lib/jvm/java-11-openjdk-amd64/lib/libverify.so
7fd54c951000-7fd54c953000 r--p 0000c000 08:01 551287                     /usr/lib/jvm/java-11-openjdk-amd64/lib/libverify.so
7fd54c953000-7fd54c954000 rw-p 0000e000 08:01 551287                     /usr/lib/jvm/java-11-openjdk-amd64/lib/libverify.so
7fd54c954000-7fd54c95b000 r-xp 00000000 08:01 399711                     /lib/x86_64-linux-gnu/librt-2.27.so
7fd54c95b000-7fd54cb5a000 ---p 00007000 08:01 399711                     /lib/x86_64-linux-gnu/librt-2.27.so
7fd54cb5a000-7fd54cb5b000 r--p 00006000 08:01 399711                     /lib/x86_64-linux-gnu/librt-2.27.so
7fd54cb5b000-7fd54cb5c000 rw-p 00007000 08:01 399711                     /lib/x86_64-linux-gnu/librt-2.27.so
7fd54cb5c000-7fd54cb73000 r-xp 00000000 08:01 399607                     /lib/x86_64-linux-gnu/libgcc_s.so.1
7fd54cb73000-7fd54cd72000 ---p 00017000 08:01 399607                     /lib/x86_64-linux-gnu/libgcc_s.so.1
7fd54cd72000-7fd54cd73000 r--p 00016000 08:01 399607                     /lib/x86_64-linux-gnu/libgcc_s.so.1
7fd54cd73000-7fd54cd74000 rw-p 00017000 08:01 399607                     /lib/x86_64-linux-gnu/libgcc_s.so.1
7fd54cd74000-7fd54cf11000 r-xp 00000000 08:01 399633                     /lib/x86_64-linux-gnu/libm-2.27.so
7fd54cf11000-7fd54d110000 ---p 0019d000 08:01 399633                     /lib/x86_64-linux-gnu/libm-2.27.so
7fd54d110000-7fd54d111000 r--p 0019c000 08:01 399633                     /lib/x86_64-linux-gnu/libm-2.27.so
7fd54d111000-7fd54d112000 rw-p 0019d000 08:01 399633                     /lib/x86_64-linux-gnu/libm-2.27.so
7fd54d112000-7fd54d28b000 r-xp 00000000 08:01 665875                     /usr/lib/x86_64-linux-gnu/libstdc++.so.6.0.25
7fd54d28b000-7fd54d48b000 ---p 00179000 08:01 665875                     /usr/lib/x86_64-linux-gnu/libstdc++.so.6.0.25
7fd54d48b000-7fd54d495000 r--p 00179000 08:01 665875                     /usr/lib/x86_64-linux-gnu/libstdc++.so.6.0.25
7fd54d495000-7fd54d497000 rw-p 00183000 08:01 665875                     /usr/lib/x86_64-linux-gnu/libstdc++.so.6.0.25
7fd54d497000-7fd54d49b000 rw-p 00000000 00:00 0 
7fd54d49b000-7fd54e578000 r-xp 00000000 08:01 551294                     /usr/lib/jvm/java-11-openjdk-amd64/lib/server/libjvm.so
7fd54e578000-7fd54e777000 ---p 010dd000 08:01 551294                     /usr/lib/jvm/java-11-openjdk-amd64/lib/server/libjvm.so
7fd54e777000-7fd54e834000 r--p 010dc000 08:01 551294                     /usr/lib/jvm/java-11-openjdk-amd64/lib/server/libjvm.so
7fd54e834000-7fd54e86e000 rw-p 01199000 08:01 551294                     /usr/lib/jvm/java-11-openjdk-amd64/lib/server/libjvm.so
7fd54e86e000-7fd54e8c4000 rw-p 00000000 00:00 0 
7fd54e8c4000-7fd54e8de000 r-xp 00000000 08:01 399703                     /lib/x86_64-linux-gnu/libpthread-2.27.so
7fd54e8de000-7fd54eadd000 ---p 0001a000 08:01 399703                     /lib/x86_64-linux-gnu/libpthread-2.27.so
7fd54eadd000-7fd54eade000 r--p 00019000 08:01 399703                     /lib/x86_64-linux-gnu/libpthread-2.27.so
7fd54eade000-7fd54eadf000 rw-p 0001a000 08:01 399703                     /lib/x86_64-linux-gnu/libpthread-2.27.so
7fd54eadf000-7fd54eae3000 rw-p 00000000 00:00 0 
7fd54eae3000-7fd54eae6000 r-xp 00000000 08:01 399593                     /lib/x86_64-linux-gnu/libdl-2.27.so
7fd54eae6000-7fd54ece5000 ---p 00003000 08:01 399593                     /lib/x86_64-linux-gnu/libdl-2.27.so
7fd54ece5000-7fd54ece6000 r--p 00002000 08:01 399593                     /lib/x86_64-linux-gnu/libdl-2.27.so
7fd54ece6000-7fd54ece7000 rw-p 00003000 08:01 399593                     /lib/x86_64-linux-gnu/libdl-2.27.so
7fd54ece7000-7fd54ed03000 r-xp 00000000 08:01 399742                     /lib/x86_64-linux-gnu/libz.so.1.2.11
7fd54ed03000-7fd54ef02000 ---p 0001c000 08:01 399742                     /lib/x86_64-linux-gnu/libz.so.1.2.11
7fd54ef02000-7fd54ef03000 r--p 0001b000 08:01 399742                     /lib/x86_64-linux-gnu/libz.so.1.2.11
7fd54ef03000-7fd54ef04000 rw-p 0001c000 08:01 399742                     /lib/x86_64-linux-gnu/libz.so.1.2.11
7fd54ef04000-7fd54f0eb000 r-xp 00000000 08:01 399570                     /lib/x86_64-linux-gnu/libc-2.27.so
7fd54f0eb000-7fd54f2eb000 ---p 001e7000 08:01 399570                     /lib/x86_64-linux-gnu/libc-2.27.so
7fd54f2eb000-7fd54f2ef000 r--p 001e7000 08:01 399570                     /lib/x86_64-linux-gnu/libc-2.27.so
7fd54f2ef000-7fd54f2f1000 rw-p 001eb000 08:01 399570                     /lib/x86_64-linux-gnu/libc-2.27.so
7fd54f2f1000-7fd54f2f5000 rw-p 00000000 00:00 0 
7fd54f2f5000-7fd54f305000 r-xp 00000000 08:01 551251                     /usr/lib/jvm/java-11-openjdk-amd64/lib/jli/libjli.so
7fd54f305000-7fd54f504000 ---p 00010000 08:01 551251                     /usr/lib/jvm/java-11-openjdk-amd64/lib/jli/libjli.so
7fd54f504000-7fd54f505000 r--p 0000f000 08:01 551251                     /usr/lib/jvm/java-11-openjdk-amd64/lib/jli/libjli.so
7fd54f505000-7fd54f506000 rw-p 00010000 08:01 551251                     /usr/lib/jvm/java-11-openjdk-amd64/lib/jli/libjli.so
7fd54f506000-7fd54f52d000 r-xp 00000000 08:01 399542                     /lib/x86_64-linux-gnu/ld-2.27.so
7fd54f540000-7fd54f56c000 rw-p 00000000 00:00 0 
7fd54f56c000-7fd54f608000 ---p 00000000 00:00 0 
7fd54f608000-7fd54f60d000 rw-p 00000000 00:00 0 
7fd54f60d000-7fd54f614000 ---p 00000000 00:00 0 
7fd54f614000-7fd54f618000 ---p 00000000 00:00 0 
7fd54f618000-7fd54f717000 rw-p 00000000 00:00 0 
7fd54f71f000-7fd54f721000 r--s 00007000 08:01 551452                     /usr/share/java/java-atk-wrapper.jar
7fd54f721000-7fd54f729000 rw-s 00000000 08:01 1048702                    /tmp/hsperfdata_yiyun/4926
7fd54f729000-7fd54f72a000 ---p 00000000 00:00 0 
7fd54f72a000-7fd54f72b000 r--p 00000000 00:00 0 
7fd54f72b000-7fd54f72d000 rw-p 00000000 00:00 0 
7fd54f72d000-7fd54f72e000 r--p 00027000 08:01 399542                     /lib/x86_64-linux-gnu/ld-2.27.so
7fd54f72e000-7fd54f72f000 rw-p 00028000 08:01 399542                     /lib/x86_64-linux-gnu/ld-2.27.so
7fd54f72f000-7fd54f730000 rw-p 00000000 00:00 0 
7ffcce331000-7ffcce352000 rw-p 00000000 00:00 0                          [stack]
7ffcce387000-7ffcce38a000 r--p 00000000 00:00 0                          [vvar]
7ffcce38a000-7ffcce38b000 r-xp 00000000 00:00 0                          [vdso]
ffffffffff600000-ffffffffff601000 r-xp 00000000 00:00 0                  [vsyscall]


VM Arguments:
jvm_args: -Xverify:none 
java_command: Main
java_class_path (initial): .
Launcher Type: SUN_STANDARD

[Global flags]
     bool BytecodeVerificationLocal                = false                                     {product} {command line}
     bool BytecodeVerificationRemote               = false                                     {product} {command line}
     intx CICompilerCount                          = 2                                         {product} {ergonomic}
   size_t InitialHeapSize                          = 33554432                                  {product} {ergonomic}
   size_t MaxHeapSize                              = 522190848                                 {product} {ergonomic}
   size_t MaxNewSize                               = 174063616                                 {product} {ergonomic}
   size_t MinHeapDeltaBytes                        = 196608                                    {product} {ergonomic}
   size_t NewSize                                  = 11141120                                  {product} {ergonomic}
    uintx NonNMethodCodeHeapSize                   = 5825164                                {pd product} {ergonomic}
    uintx NonProfiledCodeHeapSize                  = 122916538                              {pd product} {ergonomic}
   size_t OldSize                                  = 22413312                                  {product} {ergonomic}
    uintx ProfiledCodeHeapSize                     = 122916538                              {pd product} {ergonomic}
    uintx ReservedCodeCacheSize                    = 251658240                              {pd product} {ergonomic}
     bool SegmentedCodeCache                       = true                                      {product} {ergonomic}
     bool UseCompressedClassPointers               = true                                 {lp64_product} {ergonomic}
     bool UseCompressedOops                        = true                                 {lp64_product} {ergonomic}
     bool UseSerialGC                              = true                                      {product} {ergonomic}

Logging:
Log output configuration:
 #0: stdout all=warning uptime,level,tags
 #1: stderr all=off uptime,level,tags

Environment Variables:
PATH=/home/yiyun/.local/bin:/usr/local/sbin:/usr/local/bin:/usr/sbin:/usr/bin:/sbin:/bin:/usr/games:/usr/local/games:/snap/bin
USERNAME=yiyun
SHELL=/bin/bash
DISPLAY=:0

Signal Handlers:
SIGSEGV: [libjvm.so+0xdf8d00], sa_mask[0]=11111111011111111101111111111110, sa_flags=SA_RESTART|SA_SIGINFO
SIGBUS: [libjvm.so+0xdf8d00], sa_mask[0]=11111111011111111101111111111110, sa_flags=SA_RESTART|SA_SIGINFO
SIGFPE: [libjvm.so+0xdf8d00], sa_mask[0]=11111111011111111101111111111110, sa_flags=SA_RESTART|SA_SIGINFO
SIGPIPE: [libjvm.so+0xbcbc30], sa_mask[0]=11111111011111111101111111111110, sa_flags=SA_RESTART|SA_SIGINFO
SIGXFSZ: [libjvm.so+0xbcbc30], sa_mask[0]=11111111011111111101111111111110, sa_flags=SA_RESTART|SA_SIGINFO
SIGILL: [libjvm.so+0xdf8d00], sa_mask[0]=11111111011111111101111111111110, sa_flags=SA_RESTART|SA_SIGINFO
SIGUSR2: [libjvm.so+0xbcbad0], sa_mask[0]=00000000000000000000000000000000, sa_flags=SA_RESTART|SA_SIGINFO
SIGHUP: [libjvm.so+0xbcbe30], sa_mask[0]=11111111011111111101111111111110, sa_flags=SA_RESTART|SA_SIGINFO
SIGINT: [libjvm.so+0xbcbe30], sa_mask[0]=11111111011111111101111111111110, sa_flags=SA_RESTART|SA_SIGINFO
SIGTERM: [libjvm.so+0xbcbe30], sa_mask[0]=11111111011111111101111111111110, sa_flags=SA_RESTART|SA_SIGINFO
SIGQUIT: [libjvm.so+0xbcbe30], sa_mask[0]=11111111011111111101111111111110, sa_flags=SA_RESTART|SA_SIGINFO


---------------  S Y S T E M  ---------------

OS:DISTRIB_ID=Ubuntu
DISTRIB_RELEASE=18.04
DISTRIB_CODENAME=bionic
DISTRIB_DESCRIPTION="Ubuntu 18.04.3 LTS"
uname:Linux 5.0.0-36-generic #39~18.04.1-Ubuntu SMP Tue Nov 12 11:09:50 UTC 2019 x86_64
OS uptime: 0 days 0:47 hours
libc:glibc 2.27 NPTL 2.27 
rlimit: STACK 8192k, CORE 0k, NPROC 7775, NOFILE 4096, AS infinity, CPU infinity, DATA infinity, FSIZE infinity
load average:6.62 4.01 2.27

/proc/meminfo:
MemTotal:        2038764 kB
MemFree:           95356 kB
MemAvailable:     485684 kB
Buffers:          106448 kB
Cached:           420592 kB
SwapCached:          592 kB
Active:          1130988 kB
Inactive:         578472 kB
Active(anon):     911988 kB
Inactive(anon):   303632 kB
Active(file):     219000 kB
Inactive(file):   274840 kB
Unevictable:          16 kB
Mlocked:              16 kB
SwapTotal:        969960 kB
SwapFree:         932096 kB
Dirty:               192 kB
Writeback:             0 kB
AnonPages:       1181956 kB
Mapped:           156576 kB
Shmem:             38640 kB
KReclaimable:      56164 kB
Slab:              94972 kB
SReclaimable:      56164 kB
SUnreclaim:        38808 kB
KernelStack:       10400 kB
PageTables:        49948 kB
NFS_Unstable:          0 kB
Bounce:                0 kB
WritebackTmp:          0 kB
CommitLimit:     1989340 kB
Committed_AS:    5835704 kB
VmallocTotal:   34359738367 kB
VmallocUsed:           0 kB
VmallocChunk:          0 kB
Percpu:              292 kB
HardwareCorrupted:     0 kB
AnonHugePages:         0 kB
ShmemHugePages:        0 kB
ShmemPmdMapped:        0 kB
CmaTotal:              0 kB
CmaFree:               0 kB
HugePages_Total:       0
HugePages_Free:        0
HugePages_Rsvd:        0
HugePages_Surp:        0
Hugepagesize:       2048 kB
Hugetlb:               0 kB
DirectMap4k:      110528 kB
DirectMap2M:     1986560 kB


/proc/sys/kernel/threads-max (system-wide limit on the number of threads):
15550


/proc/sys/vm/max_map_count (maximum number of memory map areas a process may have):
65530


/proc/sys/kernel/pid_max (system-wide limit on number of process identifiers):
32768



container (cgroup) information:
container_type: cgroupv1
cpu_cpuset_cpus: 0
cpu_memory_nodes: 0
active_processor_count: 1
cpu_quota: -1
cpu_period: 100000
cpu_shares: -1
memory_limit_in_bytes: -1
memory_and_swap_limit_in_bytes: -2
memory_soft_limit_in_bytes: -1
memory_usage_in_bytes: 1750364160
memory_max_usage_in_bytes: 8261632

KVM virtualization detected
Steal ticks since vm start: 0
Steal ticks percentage since vm start:  0.000

CPU:total 1 (initial active 1) (1 cores per cpu, 1 threads per core) family 6 model 142 stepping 11, cmov, cx8, fxsr, mmx, sse, sse2, sse3, ssse3, sse4.1, sse4.2, popcnt, avx, avx2, aes, clmul, 3dnowpref, lzcnt, tsc, tscinvbit
CPU Model and flags from /proc/cpuinfo:
model name	: Intel(R) Core(TM) i5-8265U CPU @ 1.60GHz
flags		: fpu vme de pse tsc msr pae mce cx8 apic sep mtrr pge mca cmov pat pse36 clflush mmx fxsr sse sse2 ht syscall nx rdtscp lm constant_tsc rep_good nopl xtopology nonstop_tsc cpuid tsc_known_freq pni pclmulqdq monitor ssse3 cx16 pcid sse4_1 sse4_2 x2apic movbe popcnt aes xsave avx rdrand hypervisor lahf_lm abm 3dnowprefetch invpcid_single fsgsbase avx2 invpcid rdseed clflushopt flush_l1d arch_capabilities

Memory: 4k page, physical 2038764k(95356k free), swap 969960k(932096k free)

vm_info: OpenJDK 64-Bit Server VM (11.0.7+10-post-Ubuntu-2ubuntu218.04) for linux-amd64 JRE (11.0.7+10-post-Ubuntu-2ubuntu218.04), built on Apr 15 2020 21:12:54 by "unknown" with gcc 7.5.0

END.
