#
# A fatal error has been detected by the Java Runtime Environment:
#
#  SIGSEGV (0xb) at pc=0x00007fd070714ce5, pid=8545, tid=8546
#
# JRE version: OpenJDK Runtime Environment (11.0.7+10) (build 11.0.7+10-post-Ubuntu-2ubuntu218.04)
# Java VM: OpenJDK 64-Bit Server VM (11.0.7+10-post-Ubuntu-2ubuntu218.04, mixed mode, sharing, tiered, compressed oops, serial gc, linux-amd64)
# Problematic frame:
# j  Main.main([Ljava/lang/String;)V+20
#
# Core dump will be written. Default location: Core dumps may be processed with "/usr/share/apport/apport %p %s %c %d %P %E" (or dumping to /home/yiyun/Compiler_Jasmin/Compiler_StudentID_HW3/core.8545)
#
# If you would like to submit a bug report, please visit:
#   https://bugs.launchpad.net/ubuntu/+source/openjdk-lts
#

---------------  S U M M A R Y ------------

Command Line: -Xverify:none Main

Host: Intel(R) Core(TM) i5-8265U CPU @ 1.60GHz, 1 cores, 1G, Ubuntu 18.04.3 LTS
Time: Wed May 27 23:18:17 2020 CST elapsed time: 0 seconds (0d 0h 0m 0s)

---------------  T H R E A D  ---------------

Current thread (0x00007fd088015800):  JavaThread "main" [_thread_in_Java, id=8546, stack(0x00007fd08fc51000,0x00007fd08fd52000)]

Stack: [0x00007fd08fc51000,0x00007fd08fd52000],  sp=0x00000000e0ec0918,  free space=18014261273184702k
Native frames: (J=compiled Java code, A=aot compiled Java code, j=interpreted, Vv=VM code, C=native code)
j  Main.main([Ljava/lang/String;)V+20
v  ~StubRoutines::call_stub
V  [libjvm.so+0x84e319]
V  [libjvm.so+0x8ca02d]
V  [libjvm.so+0x8cc4fe]
C  [libjli.so+0x5856]
C  [libjli.so+0x92cd]


siginfo: si_signo: 11 (SIGSEGV), si_code: 1 (SEGV_MAPERR), si_addr: 0x0000000300076df0

Register to memory mapping:

RAX=
[error occurred during error reporting (printing register info), id 0xb, SIGSEGV (0xb) at pc=0x00007fd08e7a316e]

Registers:
RAX=0x00000000e0ec0918, RBX=0x00007fd08fd50688, RCX=0x0000000300076df0, RDX=0x00000000e0ec0960
RSP=0x00000000e0ec0918, RBP=0x00007fd08fd506d0, RSI=0x00000000e0ec0918, RDI=0x00007fd088016570
R8 =0x00007fd070122240, R9 =0x0000000000000002, R10=0x0000000000000000, R11=0x00007fd08e980f54
R12=0x0000000000000000, R13=0x00007fd070122224, R14=0x00007fd000000003, R15=0x00007fd088015800
RIP=0x00007fd070714ce5, EFLAGS=0x0000000000010206, CSGSFS=0x002b000000000033, ERR=0x0000000000000004
  TRAPNO=0x000000000000000e

Top of Stack: (sp=0x00000000e0ec0918)
0x00000000e0ec0918:   0000000000000001 0000000000000000
0x00000000e0ec0928:   0000000000000000 0000000000000000
0x00000000e0ec0938:   0000000000000005 000000000006b269
0x00000000e0ec0948:   0000000000000000 0000000000000000 

Instructions: (pc=0x00007fd070714ce5)
0x00007fd070714be5:   6d c0 48 8d 06 48 8b 4e 08 48 c7 46 08 00 00 00
0x00007fd070714bf5:   00 48 8b 11 48 83 e2 07 48 83 fa 05 0f 84 b7 00
0x00007fd070714c05:   00 00 48 8b 10 48 85 d2 0f 84 ab 00 00 00 f0 48
0x00007fd070714c15:   0f b1 11 0f 84 a0 00 00 00 48 89 4e 08 e8 05 00
0x00007fd070714c25:   00 00 e9 92 00 00 00 48 8d 44 24 08 4c 89 6d c0
0x00007fd070714c35:   49 8b ff c5 f8 77 49 89 af 30 03 00 00 49 89 87
0x00007fd070714c45:   20 03 00 00 f7 c4 0f 00 00 00 0f 84 12 00 00 00
0x00007fd070714c55:   48 83 ec 08 e8 12 5d c0 1d 48 83 c4 08 e9 05 00
0x00007fd070714c65:   00 00 e8 04 5d c0 1d 49 ba 00 00 00 00 00 00 00
0x00007fd070714c75:   00 4d 89 97 20 03 00 00 49 ba 00 00 00 00 00 00
0x00007fd070714c85:   00 00 4d 89 97 30 03 00 00 49 ba 00 00 00 00 00
0x00007fd070714c95:   00 00 00 4d 89 97 28 03 00 00 c5 f8 77 49 81 7f
0x00007fd070714ca5:   08 00 00 00 00 0f 84 05 00 00 00 e9 cb 2a ff ff
0x00007fd070714cb5:   4c 8b 6d c0 4c 8b 75 c8 c3 4c 8b 6d c0 48 8b 75
0x00007fd070714cc5:   b8 48 8d 5d b8 e9 95 01 00 00 48 8b f6 4c 89 6d
0x00007fd070714cd5:   c0 48 8d 06 48 8b 4e 08 48 c7 46 08 00 00 00 00
0x00007fd070714ce5:   48 8b 11 48 83 e2 07 48 83 fa 05 0f 84 b7 00 00
0x00007fd070714cf5:   00 48 8b 10 48 85 d2 0f 84 ab 00 00 00 f0 48 0f
0x00007fd070714d05:   b1 11 0f 84 a0 00 00 00 48 89 4e 08 e8 05 00 00
0x00007fd070714d15:   00 e9 92 00 00 00 48 8d 44 24 08 4c 89 6d c0 49
0x00007fd070714d25:   8b ff c5 f8 77 49 89 af 30 03 00 00 49 89 87 20
0x00007fd070714d35:   03 00 00 f7 c4 0f 00 00 00 0f 84 12 00 00 00 48
0x00007fd070714d45:   83 ec 08 e8 23 5c c0 1d 48 83 c4 08 e9 05 00 00
0x00007fd070714d55:   00 e8 15 5c c0 1d 49 ba 00 00 00 00 00 00 00 00
0x00007fd070714d65:   4d 89 97 20 03 00 00 49 ba 00 00 00 00 00 00 00
0x00007fd070714d75:   00 4d 89 97 30 03 00 00 49 ba 00 00 00 00 00 00
0x00007fd070714d85:   00 00 4d 89 97 28 03 00 00 c5 f8 77 49 81 7f 08
0x00007fd070714d95:   00 00 00 00 0f 84 05 00 00 00 e9 dc 29 ff ff 4c
0x00007fd070714da5:   8b 6d c0 4c 8b 75 c8 c3 4c 8b 6d c0 e8 05 00 00
0x00007fd070714db5:   00 e9 92 00 00 00 48 8d 44 24 08 4c 89 6d c0 49
0x00007fd070714dc5:   8b ff c5 f8 77 49 89 af 30 03 00 00 49 89 87 20
0x00007fd070714dd5:   03 00 00 f7 c4 0f 00 00 00 0f 84 12 00 00 00 48 


Stack slot to memory mapping:
stack at sp + 0 slots: 0x0000000000000001 is an unknown value
stack at sp + 1 slots: 0x0 is NULL
stack at sp + 2 slots: 0x0 is NULL
stack at sp + 3 slots: 0x0 is NULL
stack at sp + 4 slots: 0x0000000000000005 is an unknown value
stack at sp + 5 slots: 0x000000000006b269 is an unknown value
stack at sp + 6 slots: 0x0 is NULL
stack at sp + 7 slots: 0x0 is NULL

exception handling  [0x00007fd070714020, 0x00007fd070715060]  4160 bytes

---------------  P R O C E S S  ---------------

Threads class SMR info:
_java_thread_list=0x00007fd0880ada80, length=9, elements={
0x00007fd088015800, 0x00007fd088051000, 0x00007fd088053000, 0x00007fd08805a000,
0x00007fd08805c800, 0x00007fd08805e800, 0x00007fd088060800, 0x00007fd0880a3000,
0x00007fd0880ac000
}

Java Threads: ( => current thread )
=>0x00007fd088015800 JavaThread "main" [_thread_in_Java, id=8546, stack(0x00007fd08fc51000,0x00007fd08fd52000)]
  0x00007fd088051000 JavaThread "Reference Handler" daemon [_thread_blocked, id=8548, stack(0x00007fd06fa1b000,0x00007fd06fb1c000)]
  0x00007fd088053000 JavaThread "Finalizer" daemon [_thread_blocked, id=8549, stack(0x00007fd06f91a000,0x00007fd06fa1b000)]
  0x00007fd08805a000 JavaThread "Signal Dispatcher" daemon [_thread_blocked, id=8550, stack(0x00007fd06ee02000,0x00007fd06ef03000)]
  0x00007fd08805c800 JavaThread "C2 CompilerThread0" daemon [_thread_blocked, id=8551, stack(0x00007fd06ed01000,0x00007fd06ee02000)]
  0x00007fd08805e800 JavaThread "C1 CompilerThread0" daemon [_thread_blocked, id=8552, stack(0x00007fd06ec00000,0x00007fd06ed01000)]
  0x00007fd088060800 JavaThread "Sweeper thread" daemon [_thread_blocked, id=8553, stack(0x00007fd06eaff000,0x00007fd06ec00000)]
  0x00007fd0880a3000 JavaThread "Service Thread" daemon [_thread_blocked, id=8554, stack(0x00007fd06e9fe000,0x00007fd06eaff000)]
  0x00007fd0880ac000 
[error occurred during error reporting (printing all threads), id 0xb, SIGSEGV (0xb) at pc=0x00007fd08e00bfa0]

VM state:not at safepoint (normal execution)

VM Mutex/Monitor currently owned by a thread: None

OutOfMemory and StackOverflow Exception counts:
StackOverflowErrors=1

Heap address: 0x00000000e0e00000, size: 498 MB, Compressed Oops mode: 32-bit
Narrow klass base: 0x0000000800000000, Narrow klass shift: 3
Compressed class space size: 1073741824 Address: 0x0000000840000000

Heap:
 def new generation   total 9792K, used 870K [0x00000000e0e00000, 0x00000000e18a0000, 0x00000000eb400000)
  eden space 8704K,  10% used [0x00000000e0e00000, 0x00000000e0ed9a20, 0x00000000e1680000)
  from space 1088K,   0% used [0x00000000e1680000, 0x00000000e1680000, 0x00000000e1790000)
  to   space 1088K,   0% used [0x00000000e1790000, 0x00000000e1790000, 0x00000000e18a0000)
 tenured generation   total 21888K, used 0K [0x00000000eb400000, 0x00000000ec960000, 0x0000000100000000)
   the space 21888K,   0% used [0x00000000eb400000, 0x00000000eb400000, 0x00000000eb400200, 0x00000000ec960000)
 Metaspace       used 177K, capacity 4486K, committed 4864K, reserved 1056768K
  class space    used 5K, capacity 386K, committed 512K, reserved 1048576K

Card table byte_map: [0x00007fd070522000,0x00007fd07061c000] _byte_map_base: 0x00007fd06fe1b000

Polling page: 0x00007fd08fd66000

Metaspace:

Usage:
  Non-class:      4.00 MB capacity,   172.16 KB (  4%) used,     3.84 MB ( 96%) free+waste,   128 bytes ( <1%) overhead. 
      Class:    386.00 KB capacity,     5.18 KB (  1%) used,   380.70 KB ( 99%) free+waste,   128 bytes ( <1%) overhead. 
       Both:      4.38 MB capacity,   177.34 KB (  4%) used,     4.21 MB ( 96%) free+waste,   256 bytes ( <1%) overhead. 

Virtual space:
  Non-class space:        8.00 MB reserved,       4.25 MB ( 53%) committed 
      Class space:        1.00 GB reserved,     512.00 KB ( <1%) committed 
             Both:        1.01 GB reserved,       4.75 MB ( <1%) committed 

Chunk freelists:
   Non-Class:  0 bytes
       Class:  0 bytes
        Both:  0 bytes

MaxMetaspaceSize: unlimited
CompressedClassSpaceSize: 1.00 GB

CodeHeap 'non-profiled nmethods': size=120036Kb used=19Kb max_used=19Kb free=120016Kb
 bounds [0x00007fd0781ce000, 0x00007fd07843e000, 0x00007fd07f707000]
CodeHeap 'profiled nmethods': size=120032Kb used=119Kb max_used=119Kb free=119912Kb
 bounds [0x00007fd070c96000, 0x00007fd070f06000, 0x00007fd0781ce000]
CodeHeap 'non-nmethods': size=5692Kb used=986Kb max_used=996Kb free=4705Kb
 bounds [0x00007fd070707000, 0x00007fd070977000, 0x00007fd070c96000]
 total_blobs=378 nmethods=85 adapters=155
 compilation: enabled
              stopped_count=0, restarted_count=0
 full_count=0

Compilation events (20 events):
Event: 0.443 Thread 0x00007fd08805e800 nmethod 77 0x00007fd070caf690 code [0x00007fd070caf940, 0x00007fd070cb0ce8]
Event: 0.445 Thread 0x00007fd08805e800   78       3       jdk.internal.module.ModuleBootstrap$2::hasNext (30 bytes)
Event: 0.446 Thread 0x00007fd08805e800 nmethod 78 0x00007fd070cb1110 code [0x00007fd070cb12e0, 0x00007fd070cb1698]
Event: 0.446 Thread 0x00007fd08805e800   80       3       java.util.HashMap::putIfAbsent (13 bytes)
Event: 0.446 Thread 0x00007fd08805e800 nmethod 80 0x00007fd070cb1790 code [0x00007fd070cb1960, 0x00007fd070cb1cd8]
Event: 0.446 Thread 0x00007fd08805e800   79       3       jdk.internal.module.ModuleBootstrap$2::next (52 bytes)
Event: 0.447 Thread 0x00007fd08805e800 nmethod 79 0x00007fd070cb1e10 code [0x00007fd070cb2020, 0x00007fd070cb25e8]
Event: 0.447 Thread 0x00007fd08805e800   82       1       java.lang.Module::getDescriptor (5 bytes)
Event: 0.447 Thread 0x00007fd08805e800 nmethod 82 0x00007fd0781d2510 code [0x00007fd0781d26c0, 0x00007fd0781d27f0]
Event: 0.448 Thread 0x00007fd08805c800 nmethod 74 0x00007fd0781d2890 code [0x00007fd0781d2a20, 0x00007fd0781d2c18]
Event: 0.448 Thread 0x00007fd08805c800   76       4       java.util.HashMap::afterNodeInsertion (1 bytes)
Event: 0.448 Thread 0x00007fd08805c800 nmethod 76 0x00007fd0781d2d10 code [0x00007fd0781d2ea0, 0x00007fd0781d2f18]
Event: 0.452 Thread 0x00007fd08805e800   83       3       java.lang.String::hashCode (49 bytes)
Event: 0.453 Thread 0x00007fd08805e800 nmethod 83 0x00007fd070cb2790 code [0x00007fd070cb2980, 0x00007fd070cb2cf8]
Event: 0.453 Thread 0x00007fd08805e800   84       3       java.lang.String::charAt (25 bytes)
Event: 0.454 Thread 0x00007fd08805e800 nmethod 84 0x00007fd070cb2e10 code [0x00007fd070cb3000, 0x00007fd070cb3438]
Event: 0.455 Thread 0x00007fd08805e800   85       3       java.lang.StringLatin1::canEncode (13 bytes)
Event: 0.455 Thread 0x00007fd08805e800 nmethod 85 0x00007fd070cb3590 code [0x00007fd070cb3740, 0x00007fd070cb38d0]
Event: 0.458 Thread 0x00007fd08805e800   86       3       java.lang.CharacterDataLatin1::getProperties (11 bytes)
Event: 0.459 Thread 0x00007fd08805e800 nmethod 86 0x00007fd070cb3990 code [0x00007fd070cb3b40, 0x00007fd070cb3cf0]

GC Heap History (0 events):
No events

Deoptimization events (4 events):
Event: 0.452 Thread 0x00007fd088015800 Uncommon trap: trap_request=0xffffff4d fr.pc=0x00007fd0781d2bd4 relative=0x00000000000001b4
Event: 0.452 Thread 0x00007fd088015800 Uncommon trap: reason=unstable_if action=reinterpret pc=0x00007fd0781d2bd4 method=java.lang.String.hashCode()I @ 14 c2
Event: 0.452 Thread 0x00007fd088015800 DEOPT PACKING pc=0x00007fd0781d2bd4 sp=0x00007fd08fd4f1b0
Event: 0.452 Thread 0x00007fd088015800 DEOPT UNPACKING pc=0x00007fd07072f325 sp=0x00007fd08fd4f168 mode 2

Classes redefined (0 events):
No events

Internal exceptions (1 events):
Event: 0.460 Thread 0x00007fd088015800 Exception <a 'java/lang/StackOverflowError'{0x00000000e0ec0960}> (0x00000000e0ec0960) thrown at [./src/hotspot/share/runtime/javaCalls.cpp, line 420]

Events (20 events):
Event: 0.118 Protecting memory [0x00007fd06ee02000,0x00007fd06ee06000] with protection modes 0
Event: 0.119 Thread 0x00007fd08805c800 Thread added: 0x00007fd08805c800
Event: 0.119 Protecting memory [0x00007fd06ed01000,0x00007fd06ed05000] with protection modes 0
Event: 0.121 Thread 0x00007fd08805e800 Thread added: 0x00007fd08805e800
Event: 0.123 Protecting memory [0x00007fd06ec00000,0x00007fd06ec04000] with protection modes 0
Event: 0.127 Thread 0x00007fd088060800 Thread added: 0x00007fd088060800
Event: 0.131 Protecting memory [0x00007fd06eaff000,0x00007fd06eb03000] with protection modes 0
Event: 0.448 Thread 0x00007fd0880a3000 Thread added: 0x00007fd0880a3000
Event: 0.448 Executing VM operation: EnableBiasedLocking
Event: 0.450 Protecting memory [0x00007fd06e9fe000,0x00007fd06ea02000] with protection modes 0
Event: 0.450 Executing VM operation: EnableBiasedLocking done
Event: 0.450 loading class jdk/internal/vm/PostVMInitHook
Event: 0.451 loading class jdk/internal/vm/PostVMInitHook done
Event: 0.452 loading class Main
Event: 0.452 loading class Main done
Event: 0.455 loading class jdk/internal/loader/URLClassPath$FileLoader
Event: 0.455 loading class jdk/internal/loader/URLClassPath$FileLoader done
Event: 0.456 loading class jdk/internal/loader/URLClassPath$FileLoader$1
Event: 0.456 loading class jdk/internal/loader/URLClassPath$FileLoader$1 done
Event: 0.457 Thread 0x00007fd0880ac000 Thread added: 0x00007fd0880ac000


Dynamic libraries:
e0e00000-e18a0000 rw-p 00000000 00:00 0 
e18a0000-eb400000 ---p 00000000 00:00 0 
eb400000-ec960000 rw-p 00000000 00:00 0 
ec960000-100000000 ---p 00000000 00:00 0 
800000000-800002000 rwxp 00001000 08:01 551457                           /usr/lib/jvm/java-11-openjdk-amd64/lib/server/classes.jsa
800002000-8003b8000 rw-p 00003000 08:01 551457                           /usr/lib/jvm/java-11-openjdk-amd64/lib/server/classes.jsa
8003b8000-800a7f000 r--p 003b9000 08:01 551457                           /usr/lib/jvm/java-11-openjdk-amd64/lib/server/classes.jsa
800a7f000-800a80000 rw-p 00a80000 08:01 551457                           /usr/lib/jvm/java-11-openjdk-amd64/lib/server/classes.jsa
800a80000-80108c000 r--p 00a81000 08:01 551457                           /usr/lib/jvm/java-11-openjdk-amd64/lib/server/classes.jsa
840000000-840080000 rw-p 00000000 00:00 0 
840080000-880000000 ---p 00000000 00:00 0 
55f847446000-55f847447000 r-xp 00000000 08:01 551084                     /usr/lib/jvm/java-11-openjdk-amd64/bin/java
55f847647000-55f847648000 r--p 00001000 08:01 551084                     /usr/lib/jvm/java-11-openjdk-amd64/bin/java
55f847648000-55f847649000 rw-p 00002000 08:01 551084                     /usr/lib/jvm/java-11-openjdk-amd64/bin/java
55f848e95000-55f848eb6000 rw-p 00000000 00:00 0                          [heap]
7fd050000000-7fd0500d7000 rw-p 00000000 00:00 0 
7fd0500d7000-7fd054000000 ---p 00000000 00:00 0 
7fd054000000-7fd054021000 rw-p 00000000 00:00 0 
7fd054021000-7fd058000000 ---p 00000000 00:00 0 
7fd058000000-7fd058021000 rw-p 00000000 00:00 0 
7fd058021000-7fd05c000000 ---p 00000000 00:00 0 
7fd05c000000-7fd05c06e000 rw-p 00000000 00:00 0 
7fd05c06e000-7fd060000000 ---p 00000000 00:00 0 
7fd060000000-7fd060021000 rw-p 00000000 00:00 0 
7fd060021000-7fd064000000 ---p 00000000 00:00 0 
7fd064000000-7fd064021000 rw-p 00000000 00:00 0 
7fd064021000-7fd068000000 ---p 00000000 00:00 0 
7fd068000000-7fd068021000 rw-p 00000000 00:00 0 
7fd068021000-7fd06c000000 ---p 00000000 00:00 0 
7fd06e7fb000-7fd06e7ff000 ---p 00000000 00:00 0 
7fd06e7ff000-7fd06e8fc000 rw-p 00000000 00:00 0 
7fd06e8fc000-7fd06e8fd000 ---p 00000000 00:00 0 
7fd06e8fd000-7fd06e9fe000 rw-p 00000000 00:00 0 
7fd06e9fe000-7fd06ea02000 ---p 00000000 00:00 0 
7fd06ea02000-7fd06eaff000 rw-p 00000000 00:00 0 
7fd06eaff000-7fd06eb03000 ---p 00000000 00:00 0 
7fd06eb03000-7fd06ec00000 rw-p 00000000 00:00 0 
7fd06ec00000-7fd06ec04000 ---p 00000000 00:00 0 
7fd06ec04000-7fd06ed01000 rw-p 00000000 00:00 0 
7fd06ed01000-7fd06ed05000 ---p 00000000 00:00 0 
7fd06ed05000-7fd06ee02000 rw-p 00000000 00:00 0 
7fd06ee02000-7fd06ee06000 ---p 00000000 00:00 0 
7fd06ee06000-7fd06ef03000 rw-p 00000000 00:00 0 
7fd06ef03000-7fd06f91a000 r--p 00000000 08:01 660771                     /usr/lib/locale/locale-archive
7fd06f91a000-7fd06f91e000 ---p 00000000 00:00 0 
7fd06f91e000-7fd06fa1b000 rw-p 00000000 00:00 0 
7fd06fa1b000-7fd06fa1f000 ---p 00000000 00:00 0 
7fd06fa1f000-7fd06fb1c000 rw-p 00000000 00:00 0 
7fd06fb1c000-7fd06fb1d000 ---p 00000000 00:00 0 
7fd06fb1d000-7fd070162000 rw-p 00000000 00:00 0 
7fd070162000-7fd070522000 ---p 00000000 00:00 0 
7fd070522000-7fd070528000 rw-p 00000000 00:00 0 
7fd070528000-7fd070575000 ---p 00000000 00:00 0 
7fd070575000-7fd070580000 rw-p 00000000 00:00 0 
7fd070580000-7fd07061b000 ---p 00000000 00:00 0 
7fd07061b000-7fd070621000 rw-p 00000000 00:00 0 
7fd070621000-7fd070707000 ---p 00000000 00:00 0 
7fd070707000-7fd070977000 rwxp 00000000 00:00 0 
7fd070977000-7fd070c96000 ---p 00000000 00:00 0 
7fd070c96000-7fd070f06000 rwxp 00000000 00:00 0 
7fd070f06000-7fd0781ce000 ---p 00000000 00:00 0 
7fd0781ce000-7fd07843e000 rwxp 00000000 00:00 0 
7fd07843e000-7fd07f707000 ---p 00000000 00:00 0 
7fd07f707000-7fd087dfa000 r--s 00000000 08:01 551289                     /usr/lib/jvm/java-11-openjdk-amd64/lib/modules
7fd087dfa000-7fd087dff000 r-xp 00000000 08:01 551271                     /usr/lib/jvm/java-11-openjdk-amd64/lib/libjimage.so
7fd087dff000-7fd087ffe000 ---p 00005000 08:01 551271                     /usr/lib/jvm/java-11-openjdk-amd64/lib/libjimage.so
7fd087ffe000-7fd087fff000 r--p 00004000 08:01 551271                     /usr/lib/jvm/java-11-openjdk-amd64/lib/libjimage.so
7fd087fff000-7fd088000000 rw-p 00005000 08:01 551271                     /usr/lib/jvm/java-11-openjdk-amd64/lib/libjimage.so
7fd088000000-7fd0880bb000 rw-p 00000000 00:00 0 
7fd0880bb000-7fd08c000000 ---p 00000000 00:00 0 
7fd08c001000-7fd08c027000 rw-p 00000000 00:00 0 
7fd08c027000-7fd08c10d000 ---p 00000000 00:00 0 
7fd08c10d000-7fd08c114000 r-xp 00000000 08:01 551288                     /usr/lib/jvm/java-11-openjdk-amd64/lib/libzip.so
7fd08c114000-7fd08c313000 ---p 00007000 08:01 551288                     /usr/lib/jvm/java-11-openjdk-amd64/lib/libzip.so
7fd08c313000-7fd08c314000 r--p 00006000 08:01 551288                     /usr/lib/jvm/java-11-openjdk-amd64/lib/libzip.so
7fd08c314000-7fd08c315000 rw-p 00007000 08:01 551288                     /usr/lib/jvm/java-11-openjdk-amd64/lib/libzip.so
7fd08c315000-7fd08c320000 r-xp 00000000 08:01 399660                     /lib/x86_64-linux-gnu/libnss_files-2.27.so
7fd08c320000-7fd08c51f000 ---p 0000b000 08:01 399660                     /lib/x86_64-linux-gnu/libnss_files-2.27.so
7fd08c51f000-7fd08c520000 r--p 0000a000 08:01 399660                     /lib/x86_64-linux-gnu/libnss_files-2.27.so
7fd08c520000-7fd08c521000 rw-p 0000b000 08:01 399660                     /lib/x86_64-linux-gnu/libnss_files-2.27.so
7fd08c521000-7fd08c527000 rw-p 00000000 00:00 0 
7fd08c527000-7fd08c53e000 r-xp 00000000 08:01 399654                     /lib/x86_64-linux-gnu/libnsl-2.27.so
7fd08c53e000-7fd08c73d000 ---p 00017000 08:01 399654                     /lib/x86_64-linux-gnu/libnsl-2.27.so
7fd08c73d000-7fd08c73e000 r--p 00016000 08:01 399654                     /lib/x86_64-linux-gnu/libnsl-2.27.so
7fd08c73e000-7fd08c73f000 rw-p 00017000 08:01 399654                     /lib/x86_64-linux-gnu/libnsl-2.27.so
7fd08c73f000-7fd08c741000 rw-p 00000000 00:00 0 
7fd08c741000-7fd08c74c000 r-xp 00000000 08:01 399671                     /lib/x86_64-linux-gnu/libnss_nis-2.27.so
7fd08c74c000-7fd08c94b000 ---p 0000b000 08:01 399671                     /lib/x86_64-linux-gnu/libnss_nis-2.27.so
7fd08c94b000-7fd08c94c000 r--p 0000a000 08:01 399671                     /lib/x86_64-linux-gnu/libnss_nis-2.27.so
7fd08c94c000-7fd08c94d000 rw-p 0000b000 08:01 399671                     /lib/x86_64-linux-gnu/libnss_nis-2.27.so
7fd08c94d000-7fd08c955000 r-xp 00000000 08:01 399656                     /lib/x86_64-linux-gnu/libnss_compat-2.27.so
7fd08c955000-7fd08cb55000 ---p 00008000 08:01 399656                     /lib/x86_64-linux-gnu/libnss_compat-2.27.so
7fd08cb55000-7fd08cb56000 r--p 00008000 08:01 399656                     /lib/x86_64-linux-gnu/libnss_compat-2.27.so
7fd08cb56000-7fd08cb57000 rw-p 00009000 08:01 399656                     /lib/x86_64-linux-gnu/libnss_compat-2.27.so
7fd08cb57000-7fd08cb80000 r-xp 00000000 08:01 551267                     /usr/lib/jvm/java-11-openjdk-amd64/lib/libjava.so
7fd08cb80000-7fd08cd7f000 ---p 00029000 08:01 551267                     /usr/lib/jvm/java-11-openjdk-amd64/lib/libjava.so
7fd08cd7f000-7fd08cd80000 r--p 00028000 08:01 551267                     /usr/lib/jvm/java-11-openjdk-amd64/lib/libjava.so
7fd08cd80000-7fd08cd82000 rw-p 00029000 08:01 551267                     /usr/lib/jvm/java-11-openjdk-amd64/lib/libjava.so
7fd08cd82000-7fd08cd8f000 r-xp 00000000 08:01 551287                     /usr/lib/jvm/java-11-openjdk-amd64/lib/libverify.so
7fd08cd8f000-7fd08cf8e000 ---p 0000d000 08:01 551287                     /usr/lib/jvm/java-11-openjdk-amd64/lib/libverify.so
7fd08cf8e000-7fd08cf90000 r--p 0000c000 08:01 551287                     /usr/lib/jvm/java-11-openjdk-amd64/lib/libverify.so
7fd08cf90000-7fd08cf91000 rw-p 0000e000 08:01 551287                     /usr/lib/jvm/java-11-openjdk-amd64/lib/libverify.so
7fd08cf91000-7fd08cf98000 r-xp 00000000 08:01 399711                     /lib/x86_64-linux-gnu/librt-2.27.so
7fd08cf98000-7fd08d197000 ---p 00007000 08:01 399711                     /lib/x86_64-linux-gnu/librt-2.27.so
7fd08d197000-7fd08d198000 r--p 00006000 08:01 399711                     /lib/x86_64-linux-gnu/librt-2.27.so
7fd08d198000-7fd08d199000 rw-p 00007000 08:01 399711                     /lib/x86_64-linux-gnu/librt-2.27.so
7fd08d199000-7fd08d1b0000 r-xp 00000000 08:01 399607                     /lib/x86_64-linux-gnu/libgcc_s.so.1
7fd08d1b0000-7fd08d3af000 ---p 00017000 08:01 399607                     /lib/x86_64-linux-gnu/libgcc_s.so.1
7fd08d3af000-7fd08d3b0000 r--p 00016000 08:01 399607                     /lib/x86_64-linux-gnu/libgcc_s.so.1
7fd08d3b0000-7fd08d3b1000 rw-p 00017000 08:01 399607                     /lib/x86_64-linux-gnu/libgcc_s.so.1
7fd08d3b1000-7fd08d54e000 r-xp 00000000 08:01 399633                     /lib/x86_64-linux-gnu/libm-2.27.so
7fd08d54e000-7fd08d74d000 ---p 0019d000 08:01 399633                     /lib/x86_64-linux-gnu/libm-2.27.so
7fd08d74d000-7fd08d74e000 r--p 0019c000 08:01 399633                     /lib/x86_64-linux-gnu/libm-2.27.so
7fd08d74e000-7fd08d74f000 rw-p 0019d000 08:01 399633                     /lib/x86_64-linux-gnu/libm-2.27.so
7fd08d74f000-7fd08d8c8000 r-xp 00000000 08:01 665875                     /usr/lib/x86_64-linux-gnu/libstdc++.so.6.0.25
7fd08d8c8000-7fd08dac8000 ---p 00179000 08:01 665875                     /usr/lib/x86_64-linux-gnu/libstdc++.so.6.0.25
7fd08dac8000-7fd08dad2000 r--p 00179000 08:01 665875                     /usr/lib/x86_64-linux-gnu/libstdc++.so.6.0.25
7fd08dad2000-7fd08dad4000 rw-p 00183000 08:01 665875                     /usr/lib/x86_64-linux-gnu/libstdc++.so.6.0.25
7fd08dad4000-7fd08dad8000 rw-p 00000000 00:00 0 
7fd08dad8000-7fd08ebb5000 r-xp 00000000 08:01 551294                     /usr/lib/jvm/java-11-openjdk-amd64/lib/server/libjvm.so
7fd08ebb5000-7fd08edb4000 ---p 010dd000 08:01 551294                     /usr/lib/jvm/java-11-openjdk-amd64/lib/server/libjvm.so
7fd08edb4000-7fd08ee71000 r--p 010dc000 08:01 551294                     /usr/lib/jvm/java-11-openjdk-amd64/lib/server/libjvm.so
7fd08ee71000-7fd08eeab000 rw-p 01199000 08:01 551294                     /usr/lib/jvm/java-11-openjdk-amd64/lib/server/libjvm.so
7fd08eeab000-7fd08ef01000 rw-p 00000000 00:00 0 
7fd08ef01000-7fd08ef1b000 r-xp 00000000 08:01 399703                     /lib/x86_64-linux-gnu/libpthread-2.27.so
7fd08ef1b000-7fd08f11a000 ---p 0001a000 08:01 399703                     /lib/x86_64-linux-gnu/libpthread-2.27.so
7fd08f11a000-7fd08f11b000 r--p 00019000 08:01 399703                     /lib/x86_64-linux-gnu/libpthread-2.27.so
7fd08f11b000-7fd08f11c000 rw-p 0001a000 08:01 399703                     /lib/x86_64-linux-gnu/libpthread-2.27.so
7fd08f11c000-7fd08f120000 rw-p 00000000 00:00 0 
7fd08f120000-7fd08f123000 r-xp 00000000 08:01 399593                     /lib/x86_64-linux-gnu/libdl-2.27.so
7fd08f123000-7fd08f322000 ---p 00003000 08:01 399593                     /lib/x86_64-linux-gnu/libdl-2.27.so
7fd08f322000-7fd08f323000 r--p 00002000 08:01 399593                     /lib/x86_64-linux-gnu/libdl-2.27.so
7fd08f323000-7fd08f324000 rw-p 00003000 08:01 399593                     /lib/x86_64-linux-gnu/libdl-2.27.so
7fd08f324000-7fd08f340000 r-xp 00000000 08:01 399742                     /lib/x86_64-linux-gnu/libz.so.1.2.11
7fd08f340000-7fd08f53f000 ---p 0001c000 08:01 399742                     /lib/x86_64-linux-gnu/libz.so.1.2.11
7fd08f53f000-7fd08f540000 r--p 0001b000 08:01 399742                     /lib/x86_64-linux-gnu/libz.so.1.2.11
7fd08f540000-7fd08f541000 rw-p 0001c000 08:01 399742                     /lib/x86_64-linux-gnu/libz.so.1.2.11
7fd08f541000-7fd08f728000 r-xp 00000000 08:01 399570                     /lib/x86_64-linux-gnu/libc-2.27.so
7fd08f728000-7fd08f928000 ---p 001e7000 08:01 399570                     /lib/x86_64-linux-gnu/libc-2.27.so
7fd08f928000-7fd08f92c000 r--p 001e7000 08:01 399570                     /lib/x86_64-linux-gnu/libc-2.27.so
7fd08f92c000-7fd08f92e000 rw-p 001eb000 08:01 399570                     /lib/x86_64-linux-gnu/libc-2.27.so
7fd08f92e000-7fd08f932000 rw-p 00000000 00:00 0 
7fd08f932000-7fd08f942000 r-xp 00000000 08:01 551251                     /usr/lib/jvm/java-11-openjdk-amd64/lib/jli/libjli.so
7fd08f942000-7fd08fb41000 ---p 00010000 08:01 551251                     /usr/lib/jvm/java-11-openjdk-amd64/lib/jli/libjli.so
7fd08fb41000-7fd08fb42000 r--p 0000f000 08:01 551251                     /usr/lib/jvm/java-11-openjdk-amd64/lib/jli/libjli.so
7fd08fb42000-7fd08fb43000 rw-p 00010000 08:01 551251                     /usr/lib/jvm/java-11-openjdk-amd64/lib/jli/libjli.so
7fd08fb43000-7fd08fb6a000 r-xp 00000000 08:01 399542                     /lib/x86_64-linux-gnu/ld-2.27.so
7fd08fb7d000-7fd08fba9000 rw-p 00000000 00:00 0 
7fd08fba9000-7fd08fc45000 ---p 00000000 00:00 0 
7fd08fc45000-7fd08fc4a000 rw-p 00000000 00:00 0 
7fd08fc4a000-7fd08fc51000 ---p 00000000 00:00 0 
7fd08fc51000-7fd08fc55000 ---p 00000000 00:00 0 
7fd08fc55000-7fd08fd54000 rw-p 00000000 00:00 0 
7fd08fd5c000-7fd08fd5e000 r--s 00007000 08:01 551452                     /usr/share/java/java-atk-wrapper.jar
7fd08fd5e000-7fd08fd66000 rw-s 00000000 08:01 1051043                    /tmp/hsperfdata_yiyun/8545
7fd08fd66000-7fd08fd67000 ---p 00000000 00:00 0 
7fd08fd67000-7fd08fd68000 r--p 00000000 00:00 0 
7fd08fd68000-7fd08fd6a000 rw-p 00000000 00:00 0 
7fd08fd6a000-7fd08fd6b000 r--p 00027000 08:01 399542                     /lib/x86_64-linux-gnu/ld-2.27.so
7fd08fd6b000-7fd08fd6c000 rw-p 00028000 08:01 399542                     /lib/x86_64-linux-gnu/ld-2.27.so
7fd08fd6c000-7fd08fd6d000 rw-p 00000000 00:00 0 
7ffeebbb7000-7ffeebbd8000 rw-p 00000000 00:00 0                          [stack]
7ffeebbd8000-7ffeebbdb000 r--p 00000000 00:00 0                          [vvar]
7ffeebbdb000-7ffeebbdc000 r-xp 00000000 00:00 0                          [vdso]
ffffffffff600000-ffffffffff601000 r-xp 00000000 00:00 0                  [vsyscall]


VM Arguments:
jvm_args: -Xverify:none 
java_command: Main
java_class_path (initial): .
Launcher Type: SUN_STANDARD

[Global flags]
     bool BytecodeVerificationLocal                = false                                     {product} {command line}
     bool BytecodeVerificationRemote               = false                                     {product} {command line}
     intx CICompilerCount                          = 2                                         {product} {ergonomic}
   size_t InitialHeapSize                          = 33554432                                  {product} {ergonomic}
   size_t MaxHeapSize                              = 522190848                                 {product} {ergonomic}
   size_t MaxNewSize                               = 174063616                                 {product} {ergonomic}
   size_t MinHeapDeltaBytes                        = 196608                                    {product} {ergonomic}
   size_t NewSize                                  = 11141120                                  {product} {ergonomic}
    uintx NonNMethodCodeHeapSize                   = 5825164                                {pd product} {ergonomic}
    uintx NonProfiledCodeHeapSize                  = 122916538                              {pd product} {ergonomic}
   size_t OldSize                                  = 22413312                                  {product} {ergonomic}
    uintx ProfiledCodeHeapSize                     = 122916538                              {pd product} {ergonomic}
    uintx ReservedCodeCacheSize                    = 251658240                              {pd product} {ergonomic}
     bool SegmentedCodeCache                       = true                                      {product} {ergonomic}
     bool UseCompressedClassPointers               = true                                 {lp64_product} {ergonomic}
     bool UseCompressedOops                        = true                                 {lp64_product} {ergonomic}
     bool UseSerialGC                              = true                                      {product} {ergonomic}

Logging:
Log output configuration:
 #0: stdout all=warning uptime,level,tags
 #1: stderr all=off uptime,level,tags

Environment Variables:
PATH=/home/yiyun/.local/bin:/usr/local/sbin:/usr/local/bin:/usr/sbin:/usr/bin:/sbin:/bin:/usr/games:/usr/local/games:/snap/bin
USERNAME=yiyun
SHELL=/bin/bash
DISPLAY=:0

Signal Handlers:
SIGSEGV: [libjvm.so+0xdf8d00], sa_mask[0]=11111111011111111101111111111110, sa_flags=SA_RESTART|SA_SIGINFO
SIGBUS: [libjvm.so+0xdf8d00], sa_mask[0]=11111111011111111101111111111110, sa_flags=SA_RESTART|SA_SIGINFO
SIGFPE: [libjvm.so+0xdf8d00], sa_mask[0]=11111111011111111101111111111110, sa_flags=SA_RESTART|SA_SIGINFO
SIGPIPE: [libjvm.so+0xbcbc30], sa_mask[0]=11111111011111111101111111111110, sa_flags=SA_RESTART|SA_SIGINFO
SIGXFSZ: [libjvm.so+0xbcbc30], sa_mask[0]=11111111011111111101111111111110, sa_flags=SA_RESTART|SA_SIGINFO
SIGILL: [libjvm.so+0xdf8d00], sa_mask[0]=11111111011111111101111111111110, sa_flags=SA_RESTART|SA_SIGINFO
SIGUSR2: [libjvm.so+0xbcbad0], sa_mask[0]=00000000000000000000000000000000, sa_flags=SA_RESTART|SA_SIGINFO
SIGHUP: [libjvm.so+0xbcbe30], sa_mask[0]=11111111011111111101111111111110, sa_flags=SA_RESTART|SA_SIGINFO
SIGINT: [libjvm.so+0xbcbe30], sa_mask[0]=11111111011111111101111111111110, sa_flags=SA_RESTART|SA_SIGINFO
SIGTERM: [libjvm.so+0xbcbe30], sa_mask[0]=11111111011111111101111111111110, sa_flags=SA_RESTART|SA_SIGINFO
SIGQUIT: [libjvm.so+0xbcbe30], sa_mask[0]=11111111011111111101111111111110, sa_flags=SA_RESTART|SA_SIGINFO


---------------  S Y S T E M  ---------------

OS:DISTRIB_ID=Ubuntu
DISTRIB_RELEASE=18.04
DISTRIB_CODENAME=bionic
DISTRIB_DESCRIPTION="Ubuntu 18.04.3 LTS"
uname:Linux 5.0.0-36-generic #39~18.04.1-Ubuntu SMP Tue Nov 12 11:09:50 UTC 2019 x86_64
OS uptime: 0 days 22:19 hours
libc:glibc 2.27 NPTL 2.27 
rlimit: STACK 8192k, CORE 0k, NPROC 7775, NOFILE 4096, AS infinity, CPU infinity, DATA infinity, FSIZE infinity
load average:1.79 1.77 1.37

/proc/meminfo:
MemTotal:        2038764 kB
MemFree:          110372 kB
MemAvailable:     416264 kB
Buffers:          137968 kB
Cached:           317452 kB
SwapCached:        47996 kB
Active:          1202728 kB
Inactive:         468512 kB
Active(anon):     950092 kB
Inactive(anon):   319740 kB
Active(file):     252636 kB
Inactive(file):   148772 kB
Unevictable:          16 kB
Mlocked:              16 kB
SwapTotal:        969960 kB
SwapFree:         468576 kB
Dirty:                96 kB
Writeback:             0 kB
AnonPages:       1214276 kB
Mapped:           201132 kB
Shmem:             61520 kB
KReclaimable:      72160 kB
Slab:             113336 kB
SReclaimable:      72160 kB
SUnreclaim:        41176 kB
KernelStack:       10584 kB
PageTables:        53808 kB
NFS_Unstable:          0 kB
Bounce:                0 kB
WritebackTmp:          0 kB
CommitLimit:     1989340 kB
Committed_AS:    6716544 kB
VmallocTotal:   34359738367 kB
VmallocUsed:           0 kB
VmallocChunk:          0 kB
Percpu:              304 kB
HardwareCorrupted:     0 kB
AnonHugePages:         0 kB
ShmemHugePages:        0 kB
ShmemPmdMapped:        0 kB
CmaTotal:              0 kB
CmaFree:               0 kB
HugePages_Total:       0
HugePages_Free:        0
HugePages_Rsvd:        0
HugePages_Surp:        0
Hugepagesize:       2048 kB
Hugetlb:               0 kB
DirectMap4k:      155584 kB
DirectMap2M:     1941504 kB


/proc/sys/kernel/threads-max (system-wide limit on the number of threads):
15550


/proc/sys/vm/max_map_count (maximum number of memory map areas a process may have):
65530


/proc/sys/kernel/pid_max (system-wide limit on number of process identifiers):
32768



container (cgroup) information:
container_type: cgroupv1
cpu_cpuset_cpus: 0
cpu_memory_nodes: 0
active_processor_count: 1
cpu_quota: -1
cpu_period: 100000
cpu_shares: -1
memory_limit_in_bytes: -1
memory_and_swap_limit_in_bytes: -2
memory_soft_limit_in_bytes: -1
memory_usage_in_bytes: 1711050752
memory_max_usage_in_bytes: 40153088

KVM virtualization detected
Steal ticks since vm start: 0
Steal ticks percentage since vm start:  0.000

CPU:total 1 (initial active 1) (1 cores per cpu, 1 threads per core) family 6 model 142 stepping 11, cmov, cx8, fxsr, mmx, sse, sse2, sse3, ssse3, sse4.1, sse4.2, popcnt, avx, avx2, aes, clmul, 3dnowpref, lzcnt, tsc, tscinvbit
CPU Model and flags from /proc/cpuinfo:
model name	: Intel(R) Core(TM) i5-8265U CPU @ 1.60GHz
flags		: fpu vme de pse tsc msr pae mce cx8 apic sep mtrr pge mca cmov pat pse36 clflush mmx fxsr sse sse2 ht syscall nx rdtscp lm constant_tsc rep_good nopl xtopology nonstop_tsc cpuid tsc_known_freq pni pclmulqdq monitor ssse3 cx16 pcid sse4_1 sse4_2 x2apic movbe popcnt aes xsave avx rdrand hypervisor lahf_lm abm 3dnowprefetch invpcid_single fsgsbase avx2 invpcid rdseed clflushopt flush_l1d arch_capabilities

Memory: 4k page, physical 2038764k(110372k free), swap 969960k(468576k free)

vm_info: OpenJDK 64-Bit Server VM (11.0.7+10-post-Ubuntu-2ubuntu218.04) for linux-amd64 JRE (11.0.7+10-post-Ubuntu-2ubuntu218.04), built on Apr 15 2020 21:12:54 by "unknown" with gcc 7.5.0

END.
