#
# A fatal error has been detected by the Java Runtime Environment:
#
#  Internal Error (generateOopMap.cpp:2164), pid=29878, tid=29880
#  fatal error: Illegal class file encountered. Try running with -Xverify:all in method main
#
# JRE version: OpenJDK Runtime Environment (11.0.7+10) (build 11.0.7+10-post-Ubuntu-2ubuntu218.04)
# Java VM: OpenJDK 64-Bit Server VM (11.0.7+10-post-Ubuntu-2ubuntu218.04, mixed mode, sharing, tiered, compressed oops, serial gc, linux-amd64)
# Core dump will be written. Default location: Core dumps may be processed with "/usr/share/apport/apport %p %s %c %d %P %E" (or dumping to /home/yiyun/Compiler_Jasmin/Compiler_StudentID_HW3/core.29878)
#
# If you would like to submit a bug report, please visit:
#   https://bugs.launchpad.net/ubuntu/+source/openjdk-lts
#

---------------  S U M M A R Y ------------

Command Line: -Xverify:none Main

Host: Intel(R) Core(TM) i5-8265U CPU @ 1.60GHz, 1 cores, 1G, Ubuntu 18.04.3 LTS
Time: Sun Jun  7 17:22:13 2020 CST elapsed time: 2 seconds (0d 0h 0m 2s)

---------------  T H R E A D  ---------------

Current thread (0x00007fb78804e000):  VMThread "VM Thread" [stack: 0x00007fb78dcc6000,0x00007fb78ddc6000] [id=29880]

Stack: [0x00007fb78dcc6000,0x00007fb78ddc6000],  sp=0x00007fb78ddc1d10,  free space=1007k
Native frames: (J=compiled Java code, A=aot compiled Java code, j=interpreted, Vv=VM code, C=native code)
V  [libjvm.so+0xdf8009]
V  [libjvm.so+0xdf8c5f]
V  [libjvm.so+0x6513fa]
V  [libjvm.so+0x7b8978]
V  [libjvm.so+0x7b8a4b]
V  [libjvm.so+0x7bda38]
V  [libjvm.so+0x7c018d]
V  [libjvm.so+0x7c0539]
V  [libjvm.so+0xbbdb8a]
V  [libjvm.so+0xbbe7d5]
V  [libjvm.so+0xb4ab1a]
V  [libjvm.so+0x714fd4]
V  [libjvm.so+0xd7e727]
V  [libjvm.so+0xd83ba2]
V  [libjvm.so+0x7aee5d]
V  [libjvm.so+0x6587c5]
V  [libjvm.so+0x7b0117]
V  [libjvm.so+0x7b0aa6]
V  [libjvm.so+0x7b19f8]
V  [libjvm.so+0xdf92df]
V  [libjvm.so+0xdfa8d8]
V  [libjvm.so+0xe00a96]
V  [libjvm.so+0xe00fa0]
V  [libjvm.so+0xe01423]
V  [libjvm.so+0xd85acf]
V  [libjvm.so+0xbd59de]

JavaThread 0x00007fb788015800 (nid = 29879) was being processed
Java frames: (J=compiled Java code, j=interpreted, Vv=VM code)
v  ~RuntimeStub::_new_array_Java
J 180 c2 java.io.PrintStream.print(I)V java.base@11.0.7 (9 bytes) @ 0x00007fb7783e2efc [0x00007fb7783e2d40+0x00000000000001bc]
j  Main.main([Ljava/lang/String;)V+410
v  ~StubRoutines::call_stub
VM_Operation (0x00007fb7927d3700): GenCollectForAllocation, mode: safepoint, requested by thread 0x00007fb788015800


---------------  P R O C E S S  ---------------

Threads class SMR info:
_java_thread_list=0x00007fb7880a56c0, length=9, elements={
0x00007fb788015800, 0x00007fb788051000, 0x00007fb788053000, 0x00007fb78805a000,
0x00007fb78805c800, 0x00007fb78805e800, 0x00007fb788060800, 0x00007fb78809b000,
0x00007fb7880a4000
}

Java Threads: ( => current thread )
  0x00007fb788015800 JavaThread "main" [_thread_blocked, id=29879, stack(0x00007fb792705000,0x00007fb792806000)]
  0x00007fb788051000 JavaThread "Reference Handler" daemon [_thread_blocked, id=29881, stack(0x00007fb78dbc3000,0x00007fb78dcc4000)]
  0x00007fb788053000 JavaThread "Finalizer" daemon [_thread_blocked, id=29882, stack(0x00007fb78dac2000,0x00007fb78dbc3000)]
  0x00007fb78805a000 JavaThread "Signal Dispatcher" daemon [_thread_blocked, id=29883, stack(0x00007fb78cfaa000,0x00007fb78d0ab000)]
  0x00007fb78805c800 JavaThread "C2 CompilerThread0" daemon [_thread_blocked, id=29884, stack(0x00007fb78cea9000,0x00007fb78cfaa000)]
  0x00007fb78805e800 JavaThread "C1 CompilerThread0" daemon [_thread_blocked, id=29885, stack(0x00007fb78cda8000,0x00007fb78cea9000)]
  0x00007fb788060800 JavaThread "Sweeper thread" daemon [_thread_blocked, id=29886, stack(0x00007fb78cca7000,0x00007fb78cda8000)]
  0x00007fb78809b000 JavaThread "Service Thread" daemon [_thread_blocked, id=29887, stack(0x00007fb78cba6000,0x00007fb78cca7000)]
  0x00007fb7880a4000 JavaThread "Common-Cleaner" daemon [_thread_blocked, id=29889, stack(0x00007fb78c9a3000,0x00007fb78caa4000)]

Other Threads:
=>0x00007fb78804e000 VMThread "VM Thread" [stack: 0x00007fb78dcc6000,0x00007fb78ddc6000] [id=29880]
  0x00007fb78809d000 WatcherThread [stack: 0x00007fb78caa6000,0x00007fb78cba6000] [id=29888]

Threads with active compile tasks:

VM state:at safepoint (normal execution)

VM Mutex/Monitor currently owned by a thread:  ([mutex/lock_event])
[0x00007fb7880118d0] Threads_lock - owner thread: 0x00007fb78804e000
[0x00007fb7880120b0] Heap_lock - owner thread: 0x00007fb788015800

Heap address: 0x00000000e0e00000, size: 498 MB, Compressed Oops mode: 32-bit
Narrow klass base: 0x0000000800000000, Narrow klass shift: 3
Compressed class space size: 1073741824 Address: 0x0000000840000000

Heap:
 def new generation   total 9792K, used 8704K [0x00000000e0e00000, 0x00000000e18a0000, 0x00000000eb400000)
  eden space 8704K, 100% used [0x00000000e0e00000, 0x00000000e1680000, 0x00000000e1680000)
  from space 1088K,   0% used [0x00000000e1680000, 0x00000000e1680000, 0x00000000e1790000)
  to   space 1088K,   7% used [0x00000000e1790000, 0x00000000e17a4840, 0x00000000e18a0000)
 tenured generation   total 21888K, used 0K [0x00000000eb400000, 0x00000000ec960000, 0x0000000100000000)
   the space 21888K,   0% used [0x00000000eb400000, 0x00000000eb400000, 0x00000000eb400200, 0x00000000ec960000)
 Metaspace       used 241K, capacity 4486K, committed 4864K, reserved 1056768K
  class space    used 5K, capacity 386K, committed 512K, reserved 1048576K

Card table byte_map: [0x00007fb78e6eb000,0x00007fb78e7e5000] _byte_map_base: 0x00007fb78dfe4000

Polling page: 0x00007fb79281a000

Metaspace:

Usage:
  Non-class:      4.00 MB capacity,   235.76 KB (  6%) used,     3.77 MB ( 94%) free+waste,   128 bytes ( <1%) overhead. 
      Class:    386.00 KB capacity,     5.67 KB (  1%) used,   380.20 KB ( 98%) free+waste,   128 bytes ( <1%) overhead. 
       Both:      4.38 MB capacity,   241.43 KB (  5%) used,     4.14 MB ( 95%) free+waste,   256 bytes ( <1%) overhead. 

Virtual space:
  Non-class space:        8.00 MB reserved,       4.25 MB ( 53%) committed 
      Class space:        1.00 GB reserved,     512.00 KB ( <1%) committed 
             Both:        1.01 GB reserved,       4.75 MB ( <1%) committed 

Chunk freelists:
   Non-Class:  0 bytes
       Class:  0 bytes
        Both:  0 bytes

MaxMetaspaceSize: unlimited
CompressedClassSpaceSize: 1.00 GB

CodeHeap 'non-profiled nmethods': size=120036Kb used=61Kb max_used=61Kb free=119974Kb
 bounds [0x00007fb7783d4000, 0x00007fb778644000, 0x00007fb77f90d000]
CodeHeap 'profiled nmethods': size=120032Kb used=258Kb max_used=258Kb free=119773Kb
 bounds [0x00007fb770e9c000, 0x00007fb77110c000, 0x00007fb7783d4000]
CodeHeap 'non-nmethods': size=5692Kb used=988Kb max_used=1009Kb free=4703Kb
 bounds [0x00007fb77090d000, 0x00007fb770b7d000, 0x00007fb770e9c000]
 total_blobs=504 nmethods=171 adapters=155
 compilation: enabled
              stopped_count=0, restarted_count=0
 full_count=0

Compilation events (20 events):
Event: 0.722 Thread 0x00007fb78805c800  162       4       java.lang.String::checkBoundsOffCount (61 bytes)
Event: 0.724 Thread 0x00007fb78805c800 nmethod 162 0x00007fb7783dbd10 code [0x00007fb7783dbea0, 0x00007fb7783dbf38]
Event: 0.724 Thread 0x00007fb78805c800  163       4       java.lang.StringLatin1::inflate (34 bytes)
Event: 0.733 Thread 0x00007fb78805c800 nmethod 163 0x00007fb7783dc010 code [0x00007fb7783dc1a0, 0x00007fb7783dc298]
Event: 0.733 Thread 0x00007fb78805c800  164   !   4       java.io.PrintStream::write (83 bytes)
Event: 1.187 Thread 0x00007fb78805c800 nmethod 164 0x00007fb7783dc390 code [0x00007fb7783dc640, 0x00007fb7783dedf0]
Event: 1.187 Thread 0x00007fb78805c800  165   !   4       java.io.BufferedWriter::write (117 bytes)
Event: 1.551 Thread 0x00007fb78805c800 nmethod 165 0x00007fb7783e0710 code [0x00007fb7783e08c0, 0x00007fb7783e1078]
Event: 1.551 Thread 0x00007fb78805c800  173       4       sun.nio.cs.UTF_8$Encoder::encodeArrayLoop (489 bytes)
Event: 1.567 Thread 0x00007fb78805c800 nmethod 173 0x00007fb7783e1590 code [0x00007fb7783e1740, 0x00007fb7783e1b18]
Event: 1.567 Thread 0x00007fb78805c800  177       4       java.lang.Integer::stringSize (47 bytes)
Event: 1.568 Thread 0x00007fb78805c800 nmethod 177 0x00007fb7783e1f10 code [0x00007fb7783e20a0, 0x00007fb7783e2118]
Event: 1.577 Thread 0x00007fb78805c800  178       4       java.lang.Integer::getChars (131 bytes)
Event: 1.580 Thread 0x00007fb78805c800 nmethod 178 0x00007fb7783e2210 code [0x00007fb7783e23a0, 0x00007fb7783e24b8]
Event: 1.583 Thread 0x00007fb78805c800  179       4       java.lang.Integer::toString (55 bytes)
Event: 1.594 Thread 0x00007fb78805c800 nmethod 179 0x00007fb7783e2610 code [0x00007fb7783e27c0, 0x00007fb7783e29d8]
Event: 1.594 Thread 0x00007fb78805c800  180       4       java.io.PrintStream::print (9 bytes)
Event: 1.653 Thread 0x00007fb78805c800 nmethod 180 0x00007fb7783e2b90 code [0x00007fb7783e2d40, 0x00007fb7783e2fa8]
Event: 1.653 Thread 0x00007fb78805c800  181       4       java.io.PrintStream::print (9 bytes)
Event: 1.655 Thread 0x00007fb78805c800 nmethod 181 0x00007fb7783e3210 code [0x00007fb7783e33c0, 0x00007fb7783e3468]

GC Heap History (1 events):
Event: 2.211 GC heap before
{Heap before GC invocations=0 (full 0):
 def new generation   total 9792K, used 8704K [0x00000000e0e00000, 0x00000000e18a0000, 0x00000000eb400000)
  eden space 8704K, 100% used [0x00000000e0e00000, 0x00000000e1680000, 0x00000000e1680000)
  from space 1088K,   0% used [0x00000000e1680000, 0x00000000e1680000, 0x00000000e1790000)
  to   space 1088K,   0% used [0x00000000e1790000, 0x00000000e1790000, 0x00000000e18a0000)
 tenured generation   total 21888K, used 0K [0x00000000eb400000, 0x00000000ec960000, 0x0000000100000000)
   the space 21888K,   0% used [0x00000000eb400000, 0x00000000eb400000, 0x00000000eb400200, 0x00000000ec960000)
 Metaspace       used 241K, capacity 4486K, committed 4864K, reserved 1056768K
  class space    used 5K, capacity 386K, committed 512K, reserved 1048576K
}

Deoptimization events (4 events):
Event: 0.336 Thread 0x00007fb788015800 Uncommon trap: trap_request=0xffffff4d fr.pc=0x00007fb7783d8bd4 relative=0x00000000000001b4
Event: 0.336 Thread 0x00007fb788015800 Uncommon trap: reason=unstable_if action=reinterpret pc=0x00007fb7783d8bd4 method=java.lang.String.hashCode()I @ 14 c2
Event: 0.336 Thread 0x00007fb788015800 DEOPT PACKING pc=0x00007fb7783d8bd4 sp=0x00007fb7928031b0
Event: 0.336 Thread 0x00007fb788015800 DEOPT UNPACKING pc=0x00007fb770935325 sp=0x00007fb792803168 mode 2

Classes redefined (0 events):
No events

Internal exceptions (0 events):
No events

Events (20 events):
Event: 0.044 Protecting memory [0x00007fb78cda8000,0x00007fb78cdac000] with protection modes 0
Event: 0.045 Thread 0x00007fb788060800 Thread added: 0x00007fb788060800
Event: 0.096 Protecting memory [0x00007fb78cca7000,0x00007fb78ccab000] with protection modes 0
Event: 0.332 Thread 0x00007fb78809b000 Thread added: 0x00007fb78809b000
Event: 0.332 Executing VM operation: EnableBiasedLocking
Event: 0.334 Protecting memory [0x00007fb78cba6000,0x00007fb78cbaa000] with protection modes 0
Event: 0.334 Executing VM operation: EnableBiasedLocking done
Event: 0.334 loading class jdk/internal/vm/PostVMInitHook
Event: 0.334 loading class jdk/internal/vm/PostVMInitHook done
Event: 0.336 loading class Main
Event: 0.336 loading class Main done
Event: 0.339 loading class jdk/internal/loader/URLClassPath$FileLoader
Event: 0.339 loading class jdk/internal/loader/URLClassPath$FileLoader done
Event: 0.340 loading class jdk/internal/loader/URLClassPath$FileLoader$1
Event: 0.340 loading class jdk/internal/loader/URLClassPath$FileLoader$1 done
Event: 0.342 Thread 0x00007fb7880a4000 Thread added: 0x00007fb7880a4000
Event: 0.347 Protecting memory [0x00007fb78c9a3000,0x00007fb78c9a7000] with protection modes 0
Event: 0.347 Executing VM operation: RevokeBias
Event: 0.351 Executing VM operation: RevokeBias done
Event: 2.211 Executing VM operation: GenCollectForAllocation


Dynamic libraries:
e0e00000-e18a0000 rw-p 00000000 00:00 0 
e18a0000-eb400000 ---p 00000000 00:00 0 
eb400000-ec960000 rw-p 00000000 00:00 0 
ec960000-100000000 ---p 00000000 00:00 0 
800000000-800002000 rwxp 00001000 08:01 551457                           /usr/lib/jvm/java-11-openjdk-amd64/lib/server/classes.jsa
800002000-8003b8000 rw-p 00003000 08:01 551457                           /usr/lib/jvm/java-11-openjdk-amd64/lib/server/classes.jsa
8003b8000-800a7f000 r--p 003b9000 08:01 551457                           /usr/lib/jvm/java-11-openjdk-amd64/lib/server/classes.jsa
800a7f000-800a80000 rw-p 00a80000 08:01 551457                           /usr/lib/jvm/java-11-openjdk-amd64/lib/server/classes.jsa
800a80000-80108c000 r--p 00a81000 08:01 551457                           /usr/lib/jvm/java-11-openjdk-amd64/lib/server/classes.jsa
840000000-840080000 rw-p 00000000 00:00 0 
840080000-880000000 ---p 00000000 00:00 0 
55aaf490b000-55aaf490c000 r-xp 00000000 08:01 551084                     /usr/lib/jvm/java-11-openjdk-amd64/bin/java
55aaf4b0c000-55aaf4b0d000 r--p 00001000 08:01 551084                     /usr/lib/jvm/java-11-openjdk-amd64/bin/java
55aaf4b0d000-55aaf4b0e000 rw-p 00002000 08:01 551084                     /usr/lib/jvm/java-11-openjdk-amd64/bin/java
55aaf54da000-55aaf54fb000 rw-p 00000000 00:00 0                          [heap]
7fb754000000-7fb7540e9000 rw-p 00000000 00:00 0 
7fb7540e9000-7fb758000000 ---p 00000000 00:00 0 
7fb758000000-7fb758021000 rw-p 00000000 00:00 0 
7fb758021000-7fb75c000000 ---p 00000000 00:00 0 
7fb75c000000-7fb75c021000 rw-p 00000000 00:00 0 
7fb75c021000-7fb760000000 ---p 00000000 00:00 0 
7fb760000000-7fb760547000 rw-p 00000000 00:00 0 
7fb760547000-7fb764000000 ---p 00000000 00:00 0 
7fb764000000-7fb764021000 rw-p 00000000 00:00 0 
7fb764021000-7fb768000000 ---p 00000000 00:00 0 
7fb768000000-7fb768021000 rw-p 00000000 00:00 0 
7fb768021000-7fb76c000000 ---p 00000000 00:00 0 
7fb76c000000-7fb76c021000 rw-p 00000000 00:00 0 
7fb76c021000-7fb770000000 ---p 00000000 00:00 0 
7fb77090d000-7fb770b7d000 rwxp 00000000 00:00 0 
7fb770b7d000-7fb770e9c000 ---p 00000000 00:00 0 
7fb770e9c000-7fb77110c000 rwxp 00000000 00:00 0 
7fb77110c000-7fb7783d4000 ---p 00000000 00:00 0 
7fb7783d4000-7fb778644000 rwxp 00000000 00:00 0 
7fb778644000-7fb77f90d000 ---p 00000000 00:00 0 
7fb77f90d000-7fb788000000 r--s 00000000 08:01 551289                     /usr/lib/jvm/java-11-openjdk-amd64/lib/modules
7fb788000000-7fb7880ab000 rw-p 00000000 00:00 0 
7fb7880ab000-7fb78c000000 ---p 00000000 00:00 0 
7fb78c9a3000-7fb78c9a7000 ---p 00000000 00:00 0 
7fb78c9a7000-7fb78caa4000 rw-p 00000000 00:00 0 
7fb78caa4000-7fb78caa5000 ---p 00000000 00:00 0 
7fb78caa5000-7fb78cba6000 rw-p 00000000 00:00 0 
7fb78cba6000-7fb78cbaa000 ---p 00000000 00:00 0 
7fb78cbaa000-7fb78cca7000 rw-p 00000000 00:00 0 
7fb78cca7000-7fb78ccab000 ---p 00000000 00:00 0 
7fb78ccab000-7fb78cda8000 rw-p 00000000 00:00 0 
7fb78cda8000-7fb78cdac000 ---p 00000000 00:00 0 
7fb78cdac000-7fb78cea9000 rw-p 00000000 00:00 0 
7fb78cea9000-7fb78cead000 ---p 00000000 00:00 0 
7fb78cead000-7fb78cfaa000 rw-p 00000000 00:00 0 
7fb78cfaa000-7fb78cfae000 ---p 00000000 00:00 0 
7fb78cfae000-7fb78d0ab000 rw-p 00000000 00:00 0 
7fb78d0ab000-7fb78dac2000 r--p 00000000 08:01 660771                     /usr/lib/locale/locale-archive
7fb78dac2000-7fb78dac6000 ---p 00000000 00:00 0 
7fb78dac6000-7fb78dbc3000 rw-p 00000000 00:00 0 
7fb78dbc3000-7fb78dbc7000 ---p 00000000 00:00 0 
7fb78dbc7000-7fb78dcc4000 rw-p 00000000 00:00 0 
7fb78dcc4000-7fb78dcc5000 ---p 00000000 00:00 0 
7fb78dcc5000-7fb78e30a000 rw-p 00000000 00:00 0 
7fb78e30a000-7fb78e6ca000 ---p 00000000 00:00 0 
7fb78e6ca000-7fb78e6f1000 rw-p 00000000 00:00 0 
7fb78e6f1000-7fb78e73e000 ---p 00000000 00:00 0 
7fb78e73e000-7fb78e749000 rw-p 00000000 00:00 0 
7fb78e749000-7fb78e7e4000 ---p 00000000 00:00 0 
7fb78e7e4000-7fb78e7ea000 rw-p 00000000 00:00 0 
7fb78e7ea000-7fb78e8d0000 ---p 00000000 00:00 0 
7fb78e8d0000-7fb78e8d5000 rw-p 00000000 00:00 0 
7fb78e8d5000-7fb78e9bb000 ---p 00000000 00:00 0 
7fb78e9bb000-7fb78e9c0000 r-xp 00000000 08:01 551271                     /usr/lib/jvm/java-11-openjdk-amd64/lib/libjimage.so
7fb78e9c0000-7fb78ebbf000 ---p 00005000 08:01 551271                     /usr/lib/jvm/java-11-openjdk-amd64/lib/libjimage.so
7fb78ebbf000-7fb78ebc0000 r--p 00004000 08:01 551271                     /usr/lib/jvm/java-11-openjdk-amd64/lib/libjimage.so
7fb78ebc0000-7fb78ebc1000 rw-p 00005000 08:01 551271                     /usr/lib/jvm/java-11-openjdk-amd64/lib/libjimage.so
7fb78ebc1000-7fb78ebc8000 r-xp 00000000 08:01 551288                     /usr/lib/jvm/java-11-openjdk-amd64/lib/libzip.so
7fb78ebc8000-7fb78edc7000 ---p 00007000 08:01 551288                     /usr/lib/jvm/java-11-openjdk-amd64/lib/libzip.so
7fb78edc7000-7fb78edc8000 r--p 00006000 08:01 551288                     /usr/lib/jvm/java-11-openjdk-amd64/lib/libzip.so
7fb78edc8000-7fb78edc9000 rw-p 00007000 08:01 551288                     /usr/lib/jvm/java-11-openjdk-amd64/lib/libzip.so
7fb78edc9000-7fb78edd4000 r-xp 00000000 08:01 399660                     /lib/x86_64-linux-gnu/libnss_files-2.27.so
7fb78edd4000-7fb78efd3000 ---p 0000b000 08:01 399660                     /lib/x86_64-linux-gnu/libnss_files-2.27.so
7fb78efd3000-7fb78efd4000 r--p 0000a000 08:01 399660                     /lib/x86_64-linux-gnu/libnss_files-2.27.so
7fb78efd4000-7fb78efd5000 rw-p 0000b000 08:01 399660                     /lib/x86_64-linux-gnu/libnss_files-2.27.so
7fb78efd5000-7fb78efdb000 rw-p 00000000 00:00 0 
7fb78efdb000-7fb78eff2000 r-xp 00000000 08:01 399654                     /lib/x86_64-linux-gnu/libnsl-2.27.so
7fb78eff2000-7fb78f1f1000 ---p 00017000 08:01 399654                     /lib/x86_64-linux-gnu/libnsl-2.27.so
7fb78f1f1000-7fb78f1f2000 r--p 00016000 08:01 399654                     /lib/x86_64-linux-gnu/libnsl-2.27.so
7fb78f1f2000-7fb78f1f3000 rw-p 00017000 08:01 399654                     /lib/x86_64-linux-gnu/libnsl-2.27.so
7fb78f1f3000-7fb78f1f5000 rw-p 00000000 00:00 0 
7fb78f1f5000-7fb78f200000 r-xp 00000000 08:01 399671                     /lib/x86_64-linux-gnu/libnss_nis-2.27.so
7fb78f200000-7fb78f3ff000 ---p 0000b000 08:01 399671                     /lib/x86_64-linux-gnu/libnss_nis-2.27.so
7fb78f3ff000-7fb78f400000 r--p 0000a000 08:01 399671                     /lib/x86_64-linux-gnu/libnss_nis-2.27.so
7fb78f400000-7fb78f401000 rw-p 0000b000 08:01 399671                     /lib/x86_64-linux-gnu/libnss_nis-2.27.so
7fb78f401000-7fb78f409000 r-xp 00000000 08:01 399656                     /lib/x86_64-linux-gnu/libnss_compat-2.27.so
7fb78f409000-7fb78f609000 ---p 00008000 08:01 399656                     /lib/x86_64-linux-gnu/libnss_compat-2.27.so
7fb78f609000-7fb78f60a000 r--p 00008000 08:01 399656                     /lib/x86_64-linux-gnu/libnss_compat-2.27.so
7fb78f60a000-7fb78f60b000 rw-p 00009000 08:01 399656                     /lib/x86_64-linux-gnu/libnss_compat-2.27.so
7fb78f60b000-7fb78f634000 r-xp 00000000 08:01 551267                     /usr/lib/jvm/java-11-openjdk-amd64/lib/libjava.so
7fb78f634000-7fb78f833000 ---p 00029000 08:01 551267                     /usr/lib/jvm/java-11-openjdk-amd64/lib/libjava.so
7fb78f833000-7fb78f834000 r--p 00028000 08:01 551267                     /usr/lib/jvm/java-11-openjdk-amd64/lib/libjava.so
7fb78f834000-7fb78f836000 rw-p 00029000 08:01 551267                     /usr/lib/jvm/java-11-openjdk-amd64/lib/libjava.so
7fb78f836000-7fb78f843000 r-xp 00000000 08:01 551287                     /usr/lib/jvm/java-11-openjdk-amd64/lib/libverify.so
7fb78f843000-7fb78fa42000 ---p 0000d000 08:01 551287                     /usr/lib/jvm/java-11-openjdk-amd64/lib/libverify.so
7fb78fa42000-7fb78fa44000 r--p 0000c000 08:01 551287                     /usr/lib/jvm/java-11-openjdk-amd64/lib/libverify.so
7fb78fa44000-7fb78fa45000 rw-p 0000e000 08:01 551287                     /usr/lib/jvm/java-11-openjdk-amd64/lib/libverify.so
7fb78fa45000-7fb78fa4c000 r-xp 00000000 08:01 399711                     /lib/x86_64-linux-gnu/librt-2.27.so
7fb78fa4c000-7fb78fc4b000 ---p 00007000 08:01 399711                     /lib/x86_64-linux-gnu/librt-2.27.so
7fb78fc4b000-7fb78fc4c000 r--p 00006000 08:01 399711                     /lib/x86_64-linux-gnu/librt-2.27.so
7fb78fc4c000-7fb78fc4d000 rw-p 00007000 08:01 399711                     /lib/x86_64-linux-gnu/librt-2.27.so
7fb78fc4d000-7fb78fc64000 r-xp 00000000 08:01 399607                     /lib/x86_64-linux-gnu/libgcc_s.so.1
7fb78fc64000-7fb78fe63000 ---p 00017000 08:01 399607                     /lib/x86_64-linux-gnu/libgcc_s.so.1
7fb78fe63000-7fb78fe64000 r--p 00016000 08:01 399607                     /lib/x86_64-linux-gnu/libgcc_s.so.1
7fb78fe64000-7fb78fe65000 rw-p 00017000 08:01 399607                     /lib/x86_64-linux-gnu/libgcc_s.so.1
7fb78fe65000-7fb790002000 r-xp 00000000 08:01 399633                     /lib/x86_64-linux-gnu/libm-2.27.so
7fb790002000-7fb790201000 ---p 0019d000 08:01 399633                     /lib/x86_64-linux-gnu/libm-2.27.so
7fb790201000-7fb790202000 r--p 0019c000 08:01 399633                     /lib/x86_64-linux-gnu/libm-2.27.so
7fb790202000-7fb790203000 rw-p 0019d000 08:01 399633                     /lib/x86_64-linux-gnu/libm-2.27.so
7fb790203000-7fb79037c000 r-xp 00000000 08:01 665875                     /usr/lib/x86_64-linux-gnu/libstdc++.so.6.0.25
7fb79037c000-7fb79057c000 ---p 00179000 08:01 665875                     /usr/lib/x86_64-linux-gnu/libstdc++.so.6.0.25
7fb79057c000-7fb790586000 r--p 00179000 08:01 665875                     /usr/lib/x86_64-linux-gnu/libstdc++.so.6.0.25
7fb790586000-7fb790588000 rw-p 00183000 08:01 665875                     /usr/lib/x86_64-linux-gnu/libstdc++.so.6.0.25
7fb790588000-7fb79058c000 rw-p 00000000 00:00 0 
7fb79058c000-7fb791669000 r-xp 00000000 08:01 551294                     /usr/lib/jvm/java-11-openjdk-amd64/lib/server/libjvm.so
7fb791669000-7fb791868000 ---p 010dd000 08:01 551294                     /usr/lib/jvm/java-11-openjdk-amd64/lib/server/libjvm.so
7fb791868000-7fb791925000 r--p 010dc000 08:01 551294                     /usr/lib/jvm/java-11-openjdk-amd64/lib/server/libjvm.so
7fb791925000-7fb79195f000 rw-p 01199000 08:01 551294                     /usr/lib/jvm/java-11-openjdk-amd64/lib/server/libjvm.so
7fb79195f000-7fb7919b5000 rw-p 00000000 00:00 0 
7fb7919b5000-7fb7919cf000 r-xp 00000000 08:01 399703                     /lib/x86_64-linux-gnu/libpthread-2.27.so
7fb7919cf000-7fb791bce000 ---p 0001a000 08:01 399703                     /lib/x86_64-linux-gnu/libpthread-2.27.so
7fb791bce000-7fb791bcf000 r--p 00019000 08:01 399703                     /lib/x86_64-linux-gnu/libpthread-2.27.so
7fb791bcf000-7fb791bd0000 rw-p 0001a000 08:01 399703                     /lib/x86_64-linux-gnu/libpthread-2.27.so
7fb791bd0000-7fb791bd4000 rw-p 00000000 00:00 0 
7fb791bd4000-7fb791bd7000 r-xp 00000000 08:01 399593                     /lib/x86_64-linux-gnu/libdl-2.27.so
7fb791bd7000-7fb791dd6000 ---p 00003000 08:01 399593                     /lib/x86_64-linux-gnu/libdl-2.27.so
7fb791dd6000-7fb791dd7000 r--p 00002000 08:01 399593                     /lib/x86_64-linux-gnu/libdl-2.27.so
7fb791dd7000-7fb791dd8000 rw-p 00003000 08:01 399593                     /lib/x86_64-linux-gnu/libdl-2.27.so
7fb791dd8000-7fb791df4000 r-xp 00000000 08:01 399742                     /lib/x86_64-linux-gnu/libz.so.1.2.11
7fb791df4000-7fb791ff3000 ---p 0001c000 08:01 399742                     /lib/x86_64-linux-gnu/libz.so.1.2.11
7fb791ff3000-7fb791ff4000 r--p 0001b000 08:01 399742                     /lib/x86_64-linux-gnu/libz.so.1.2.11
7fb791ff4000-7fb791ff5000 rw-p 0001c000 08:01 399742                     /lib/x86_64-linux-gnu/libz.so.1.2.11
7fb791ff5000-7fb7921dc000 r-xp 00000000 08:01 399570                     /lib/x86_64-linux-gnu/libc-2.27.so
7fb7921dc000-7fb7923dc000 ---p 001e7000 08:01 399570                     /lib/x86_64-linux-gnu/libc-2.27.so
7fb7923dc000-7fb7923e0000 r--p 001e7000 08:01 399570                     /lib/x86_64-linux-gnu/libc-2.27.so
7fb7923e0000-7fb7923e2000 rw-p 001eb000 08:01 399570                     /lib/x86_64-linux-gnu/libc-2.27.so
7fb7923e2000-7fb7923e6000 rw-p 00000000 00:00 0 
7fb7923e6000-7fb7923f6000 r-xp 00000000 08:01 551251                     /usr/lib/jvm/java-11-openjdk-amd64/lib/jli/libjli.so
7fb7923f6000-7fb7925f5000 ---p 00010000 08:01 551251                     /usr/lib/jvm/java-11-openjdk-amd64/lib/jli/libjli.so
7fb7925f5000-7fb7925f6000 r--p 0000f000 08:01 551251                     /usr/lib/jvm/java-11-openjdk-amd64/lib/jli/libjli.so
7fb7925f6000-7fb7925f7000 rw-p 00010000 08:01 551251                     /usr/lib/jvm/java-11-openjdk-amd64/lib/jli/libjli.so
7fb7925f7000-7fb79261e000 r-xp 00000000 08:01 399542                     /lib/x86_64-linux-gnu/ld-2.27.so
7fb792631000-7fb79265d000 rw-p 00000000 00:00 0 
7fb79265d000-7fb7926f9000 ---p 00000000 00:00 0 
7fb7926f9000-7fb7926fe000 rw-p 00000000 00:00 0 
7fb7926fe000-7fb792705000 ---p 00000000 00:00 0 
7fb792705000-7fb792709000 ---p 00000000 00:00 0 
7fb792709000-7fb792808000 rw-p 00000000 00:00 0 
7fb792810000-7fb792812000 r--s 00007000 08:01 551452                     /usr/share/java/java-atk-wrapper.jar
7fb792812000-7fb79281a000 rw-s 00000000 08:01 1052441                    /tmp/hsperfdata_yiyun/29878
7fb79281a000-7fb79281b000 ---p 00000000 00:00 0 
7fb79281b000-7fb79281c000 r--p 00000000 00:00 0 
7fb79281c000-7fb79281e000 rw-p 00000000 00:00 0 
7fb79281e000-7fb79281f000 r--p 00027000 08:01 399542                     /lib/x86_64-linux-gnu/ld-2.27.so
7fb79281f000-7fb792820000 rw-p 00028000 08:01 399542                     /lib/x86_64-linux-gnu/ld-2.27.so
7fb792820000-7fb792821000 rw-p 00000000 00:00 0 
7ffff7178000-7ffff7199000 rw-p 00000000 00:00 0                          [stack]
7ffff71db000-7ffff71de000 r--p 00000000 00:00 0                          [vvar]
7ffff71de000-7ffff71df000 r-xp 00000000 00:00 0                          [vdso]
ffffffffff600000-ffffffffff601000 r-xp 00000000 00:00 0                  [vsyscall]


VM Arguments:
jvm_args: -Xverify:none 
java_command: Main
java_class_path (initial): .
Launcher Type: SUN_STANDARD

[Global flags]
     bool BytecodeVerificationLocal                = false                                     {product} {command line}
     bool BytecodeVerificationRemote               = false                                     {product} {command line}
     intx CICompilerCount                          = 2                                         {product} {ergonomic}
   size_t InitialHeapSize                          = 33554432                                  {product} {ergonomic}
   size_t MaxHeapSize                              = 522190848                                 {product} {ergonomic}
   size_t MaxNewSize                               = 174063616                                 {product} {ergonomic}
   size_t MinHeapDeltaBytes                        = 196608                                    {product} {ergonomic}
   size_t NewSize                                  = 11141120                                  {product} {ergonomic}
    uintx NonNMethodCodeHeapSize                   = 5825164                                {pd product} {ergonomic}
    uintx NonProfiledCodeHeapSize                  = 122916538                              {pd product} {ergonomic}
   size_t OldSize                                  = 22413312                                  {product} {ergonomic}
    uintx ProfiledCodeHeapSize                     = 122916538                              {pd product} {ergonomic}
    uintx ReservedCodeCacheSize                    = 251658240                              {pd product} {ergonomic}
     bool SegmentedCodeCache                       = true                                      {product} {ergonomic}
     bool UseCompressedClassPointers               = true                                 {lp64_product} {ergonomic}
     bool UseCompressedOops                        = true                                 {lp64_product} {ergonomic}
     bool UseSerialGC                              = true                                      {product} {ergonomic}

Logging:
Log output configuration:
 #0: stdout all=warning uptime,level,tags
 #1: stderr all=off uptime,level,tags

Environment Variables:
PATH=/home/yiyun/.local/bin:/usr/local/sbin:/usr/local/bin:/usr/sbin:/usr/bin:/sbin:/bin:/usr/games:/usr/local/games:/snap/bin
USERNAME=yiyun
SHELL=/bin/bash
DISPLAY=:0

Signal Handlers:
SIGSEGV: [libjvm.so+0xdf8d00], sa_mask[0]=11111111011111111101111111111110, sa_flags=SA_RESTART|SA_SIGINFO
SIGBUS: [libjvm.so+0xdf8d00], sa_mask[0]=11111111011111111101111111111110, sa_flags=SA_RESTART|SA_SIGINFO
SIGFPE: [libjvm.so+0xdf8d00], sa_mask[0]=11111111011111111101111111111110, sa_flags=SA_RESTART|SA_SIGINFO
SIGPIPE: [libjvm.so+0xbcbc30], sa_mask[0]=11111111011111111101111111111110, sa_flags=SA_RESTART|SA_SIGINFO
SIGXFSZ: [libjvm.so+0xbcbc30], sa_mask[0]=11111111011111111101111111111110, sa_flags=SA_RESTART|SA_SIGINFO
SIGILL: [libjvm.so+0xdf8d00], sa_mask[0]=11111111011111111101111111111110, sa_flags=SA_RESTART|SA_SIGINFO
SIGUSR2: [libjvm.so+0xbcbad0], sa_mask[0]=00000000000000000000000000000000, sa_flags=SA_RESTART|SA_SIGINFO
SIGHUP: [libjvm.so+0xbcbe30], sa_mask[0]=11111111011111111101111111111110, sa_flags=SA_RESTART|SA_SIGINFO
SIGINT: [libjvm.so+0xbcbe30], sa_mask[0]=11111111011111111101111111111110, sa_flags=SA_RESTART|SA_SIGINFO
SIGTERM: [libjvm.so+0xbcbe30], sa_mask[0]=11111111011111111101111111111110, sa_flags=SA_RESTART|SA_SIGINFO
SIGQUIT: [libjvm.so+0xbcbe30], sa_mask[0]=11111111011111111101111111111110, sa_flags=SA_RESTART|SA_SIGINFO


---------------  S Y S T E M  ---------------

OS:DISTRIB_ID=Ubuntu
DISTRIB_RELEASE=18.04
DISTRIB_CODENAME=bionic
DISTRIB_DESCRIPTION="Ubuntu 18.04.3 LTS"
uname:Linux 5.0.0-36-generic #39~18.04.1-Ubuntu SMP Tue Nov 12 11:09:50 UTC 2019 x86_64
OS uptime: 1 days 10:43 hours
libc:glibc 2.27 NPTL 2.27 
rlimit: STACK 8192k, CORE 0k, NPROC 7775, NOFILE 4096, AS infinity, CPU infinity, DATA infinity, FSIZE infinity
load average:2.30 1.23 1.02

/proc/meminfo:
MemTotal:        2038764 kB
MemFree:           83212 kB
MemAvailable:     430568 kB
Buffers:           33552 kB
Cached:           469892 kB
SwapCached:        46936 kB
Active:          1189464 kB
Inactive:         537844 kB
Active(anon):     953764 kB
Inactive(anon):   315216 kB
Active(file):     235700 kB
Inactive(file):   222628 kB
Unevictable:          16 kB
Mlocked:              16 kB
SwapTotal:        969960 kB
SwapFree:         381928 kB
Dirty:               264 kB
Writeback:             0 kB
AnonPages:       1222296 kB
Mapped:           207076 kB
Shmem:             53664 kB
KReclaimable:      41244 kB
Slab:              82552 kB
SReclaimable:      41244 kB
SUnreclaim:        41308 kB
KernelStack:       10624 kB
PageTables:        54616 kB
NFS_Unstable:          0 kB
Bounce:                0 kB
WritebackTmp:          0 kB
CommitLimit:     1989340 kB
Committed_AS:    6779372 kB
VmallocTotal:   34359738367 kB
VmallocUsed:           0 kB
VmallocChunk:          0 kB
Percpu:              304 kB
HardwareCorrupted:     0 kB
AnonHugePages:         0 kB
ShmemHugePages:        0 kB
ShmemPmdMapped:        0 kB
CmaTotal:              0 kB
CmaFree:               0 kB
HugePages_Total:       0
HugePages_Free:        0
HugePages_Rsvd:        0
HugePages_Surp:        0
Hugepagesize:       2048 kB
Hugetlb:               0 kB
DirectMap4k:      155584 kB
DirectMap2M:     1941504 kB


/proc/sys/kernel/threads-max (system-wide limit on the number of threads):
15550


/proc/sys/vm/max_map_count (maximum number of memory map areas a process may have):
65530


/proc/sys/kernel/pid_max (system-wide limit on number of process identifiers):
32768



container (cgroup) information:
container_type: cgroupv1
cpu_cpuset_cpus: 0
cpu_memory_nodes: 0
active_processor_count: 1
cpu_quota: -1
cpu_period: 100000
cpu_shares: -1
memory_limit_in_bytes: -1
memory_and_swap_limit_in_bytes: -2
memory_soft_limit_in_bytes: -1
memory_usage_in_bytes: 1767993344
memory_max_usage_in_bytes: 49299456

KVM virtualization detected
Steal ticks since vm start: 0
Steal ticks percentage since vm start:  0.000

CPU:total 1 (initial active 1) (1 cores per cpu, 1 threads per core) family 6 model 142 stepping 11, cmov, cx8, fxsr, mmx, sse, sse2, sse3, ssse3, sse4.1, sse4.2, popcnt, avx, avx2, aes, clmul, 3dnowpref, lzcnt, tsc, tscinvbit
CPU Model and flags from /proc/cpuinfo:
model name	: Intel(R) Core(TM) i5-8265U CPU @ 1.60GHz
flags		: fpu vme de pse tsc msr pae mce cx8 apic sep mtrr pge mca cmov pat pse36 clflush mmx fxsr sse sse2 ht syscall nx rdtscp lm constant_tsc rep_good nopl xtopology nonstop_tsc cpuid tsc_known_freq pni pclmulqdq monitor ssse3 cx16 pcid sse4_1 sse4_2 x2apic movbe popcnt aes xsave avx rdrand hypervisor lahf_lm abm 3dnowprefetch invpcid_single fsgsbase avx2 invpcid rdseed clflushopt flush_l1d arch_capabilities

Memory: 4k page, physical 2038764k(83212k free), swap 969960k(381928k free)

vm_info: OpenJDK 64-Bit Server VM (11.0.7+10-post-Ubuntu-2ubuntu218.04) for linux-amd64 JRE (11.0.7+10-post-Ubuntu-2ubuntu218.04), built on Apr 15 2020 21:12:54 by "unknown" with gcc 7.5.0

END.
