#
# A fatal error has been detected by the Java Runtime Environment:
#
#  SIGSEGV (0xb) at pc=0x00007fb200000005, pid=14532, tid=14533
#
# JRE version: OpenJDK Runtime Environment (11.0.7+10) (build 11.0.7+10-post-Ubuntu-2ubuntu218.04)
# Java VM: OpenJDK 64-Bit Server VM (11.0.7+10-post-Ubuntu-2ubuntu218.04, mixed mode, sharing, tiered, compressed oops, serial gc, linux-amd64)
# Problematic frame:
# C  0x00007fb200000005
#
# Core dump will be written. Default location: Core dumps may be processed with "/usr/share/apport/apport %p %s %c %d %P %E" (or dumping to /home/yiyun/Compiler_Jasmin/Compiler_StudentID_HW3/core.14532)
#
# If you would like to submit a bug report, please visit:
#   https://bugs.launchpad.net/ubuntu/+source/openjdk-lts
#

---------------  S U M M A R Y ------------

Command Line: -Xverify:none Main

Host: Intel(R) Core(TM) i5-8265U CPU @ 1.60GHz, 1 cores, 1G, Ubuntu 18.04.3 LTS
Time: Sun May 24 21:21:28 2020 CST elapsed time: 0 seconds (0d 0h 0m 0s)

---------------  T H R E A D  ---------------

Current thread (0x00007fb27c015800):  JavaThread "main" [_thread_in_Java, id=14533, stack(0x00007fb284012000,0x00007fb284113000)]

Stack: [0x00007fb284012000,0x00007fb284113000],  sp=0x00007fb2841119f8,  free space=1022k
Native frames: (J=compiled Java code, A=aot compiled Java code, j=interpreted, Vv=VM code, C=native code)
C  0x00007fb200000005
V  [libjvm.so+0x84e319]
V  [libjvm.so+0x8ca02d]
V  [libjvm.so+0x8cc4fe]
C  [libjli.so+0x5856]
C  [libjli.so+0x92cd]


siginfo: si_signo: 11 (SIGSEGV), si_code: 1 (SEGV_MAPERR), si_addr: 0x00007fb200000005

Register to memory mapping:

RAX=0x0 is NULL
RBX=0x00007fb2841119f8 is pointing into the stack for thread: 0x00007fb27c015800
RCX=0x0000000000000009 is an unknown value
RDX=0x0000000000000008 is an unknown value
RSP=0x00007fb2841119f8 is pointing into the stack for thread: 0x00007fb27c015800
RBP=0x00007fb284111a60 is pointing into the stack for thread: 0x00007fb27c015800
RSI=0x00007fb284111688 is pointing into the stack for thread: 0x00007fb27c015800
RDI=0x00007fb264916cb3 is at code_begin+2355 in an Interpreter codelet
invoke return entry points  [0x00007fb264916380, 0x00007fb264916da0]  2592 bytes
R8 =0x0 is NULL
R9 =0x00000000e0e0ede8 points into unknown readable memory: 01 00 00 00 00 00 00 00
R10=0x00007fb2832af500: <offset 0x0000000001416500> in /usr/lib/jvm/java-11-openjdk-amd64/lib/server/libjvm.so at 0x00007fb281e99000
R11=0x00007fb2841111c0 is pointing into the stack for thread: 0x00007fb27c015800
R12=0x0 is NULL
R13=0x00007fb200000005 is an unknown value
R14=0x00007fb2841119f8 is pointing into the stack for thread: 0x00007fb27c015800
R15=0x00007fb27c015800 is a thread


Registers:
RAX=0x0000000000000000, RBX=0x00007fb2841119f8, RCX=0x0000000000000009, RDX=0x0000000000000008
RSP=0x00007fb2841119f8, RBP=0x00007fb284111a60, RSI=0x00007fb284111688, RDI=0x00007fb264916cb3
R8 =0x0000000000000000, R9 =0x00000000e0e0ede8, R10=0x00007fb2832af500, R11=0x00007fb2841111c0
R12=0x0000000000000000, R13=0x00007fb200000005, R14=0x00007fb2841119f8, R15=0x00007fb27c015800
RIP=0x00007fb200000005, EFLAGS=0x0000000000010246, CSGSFS=0x002b000000000033, ERR=0x0000000000000014
  TRAPNO=0x000000000000000e

Top of Stack: (sp=0x00007fb2841119f8)
0x00007fb2841119f8:   0000000000000003 00007fb200001fa0
0x00007fb284111a08:   00007fb284111ce0 00007fb284111c10
0x00007fb284111a18:   00007fb284111af0 00007fb284111b90
0x00007fb284111a28:   00007fb27c015800 00007fb284111af0 

Instructions: (pc=0x00007fb200000005)
0x00007fb1ffffff05:   ?? ?? ?? ?? ?? ?? ?? ?? ?? ?? ?? ?? ?? ?? ?? ??
0x00007fb1ffffff15:   ?? ?? ?? ?? ?? ?? ?? ?? ?? ?? ?? ?? ?? ?? ?? ??
0x00007fb1ffffff25:   ?? ?? ?? ?? ?? ?? ?? ?? ?? ?? ?? ?? ?? ?? ?? ??
0x00007fb1ffffff35:   ?? ?? ?? ?? ?? ?? ?? ?? ?? ?? ?? ?? ?? ?? ?? ??
0x00007fb1ffffff45:   ?? ?? ?? ?? ?? ?? ?? ?? ?? ?? ?? ?? ?? ?? ?? ??
0x00007fb1ffffff55:   ?? ?? ?? ?? ?? ?? ?? ?? ?? ?? ?? ?? ?? ?? ?? ??
0x00007fb1ffffff65:   ?? ?? ?? ?? ?? ?? ?? ?? ?? ?? ?? ?? ?? ?? ?? ??
0x00007fb1ffffff75:   ?? ?? ?? ?? ?? ?? ?? ?? ?? ?? ?? ?? ?? ?? ?? ??
0x00007fb1ffffff85:   ?? ?? ?? ?? ?? ?? ?? ?? ?? ?? ?? ?? ?? ?? ?? ??
0x00007fb1ffffff95:   ?? ?? ?? ?? ?? ?? ?? ?? ?? ?? ?? ?? ?? ?? ?? ??
0x00007fb1ffffffa5:   ?? ?? ?? ?? ?? ?? ?? ?? ?? ?? ?? ?? ?? ?? ?? ??
0x00007fb1ffffffb5:   ?? ?? ?? ?? ?? ?? ?? ?? ?? ?? ?? ?? ?? ?? ?? ??
0x00007fb1ffffffc5:   ?? ?? ?? ?? ?? ?? ?? ?? ?? ?? ?? ?? ?? ?? ?? ??
0x00007fb1ffffffd5:   ?? ?? ?? ?? ?? ?? ?? ?? ?? ?? ?? ?? ?? ?? ?? ??
0x00007fb1ffffffe5:   ?? ?? ?? ?? ?? ?? ?? ?? ?? ?? ?? ?? ?? ?? ?? ??
0x00007fb1fffffff5:   ?? ?? ?? ?? ?? ?? ?? ?? ?? ?? ?? ?? ?? ?? ?? ??
0x00007fb200000005:   ?? ?? ?? ?? ?? ?? ?? ?? ?? ?? ?? ?? ?? ?? ?? ??
0x00007fb200000015:   ?? ?? ?? ?? ?? ?? ?? ?? ?? ?? ?? ?? ?? ?? ?? ??
0x00007fb200000025:   ?? ?? ?? ?? ?? ?? ?? ?? ?? ?? ?? ?? ?? ?? ?? ??
0x00007fb200000035:   ?? ?? ?? ?? ?? ?? ?? ?? ?? ?? ?? ?? ?? ?? ?? ??
0x00007fb200000045:   ?? ?? ?? ?? ?? ?? ?? ?? ?? ?? ?? ?? ?? ?? ?? ??
0x00007fb200000055:   ?? ?? ?? ?? ?? ?? ?? ?? ?? ?? ?? ?? ?? ?? ?? ??
0x00007fb200000065:   ?? ?? ?? ?? ?? ?? ?? ?? ?? ?? ?? ?? ?? ?? ?? ??
0x00007fb200000075:   ?? ?? ?? ?? ?? ?? ?? ?? ?? ?? ?? ?? ?? ?? ?? ??
0x00007fb200000085:   ?? ?? ?? ?? ?? ?? ?? ?? ?? ?? ?? ?? ?? ?? ?? ??
0x00007fb200000095:   ?? ?? ?? ?? ?? ?? ?? ?? ?? ?? ?? ?? ?? ?? ?? ??
0x00007fb2000000a5:   ?? ?? ?? ?? ?? ?? ?? ?? ?? ?? ?? ?? ?? ?? ?? ??
0x00007fb2000000b5:   ?? ?? ?? ?? ?? ?? ?? ?? ?? ?? ?? ?? ?? ?? ?? ??
0x00007fb2000000c5:   ?? ?? ?? ?? ?? ?? ?? ?? ?? ?? ?? ?? ?? ?? ?? ??
0x00007fb2000000d5:   ?? ?? ?? ?? ?? ?? ?? ?? ?? ?? ?? ?? ?? ?? ?? ??
0x00007fb2000000e5:   ?? ?? ?? ?? ?? ?? ?? ?? ?? ?? ?? ?? ?? ?? ?? ??
0x00007fb2000000f5:   ?? ?? ?? ?? ?? ?? ?? ?? ?? ?? ?? ?? ?? ?? ?? ?? 


Stack slot to memory mapping:
stack at sp + 0 slots: 0x0000000000000003 is an unknown value
stack at sp + 1 slots: 0x00007fb200001fa0 is an unknown value
stack at sp + 2 slots: 0x00007fb284111ce0 is pointing into the stack for thread: 0x00007fb27c015800
stack at sp + 3 slots: 0x00007fb284111c10 is pointing into the stack for thread: 0x00007fb27c015800
stack at sp + 4 slots: 0x00007fb284111af0 is pointing into the stack for thread: 0x00007fb27c015800
stack at sp + 5 slots: 0x00007fb284111b90 is pointing into the stack for thread: 0x00007fb27c015800
stack at sp + 6 slots: 0x00007fb27c015800 is a thread
stack at sp + 7 slots: 0x00007fb284111af0 is pointing into the stack for thread: 0x00007fb27c015800


---------------  P R O C E S S  ---------------

Threads class SMR info:
_java_thread_list=0x00007fb27c0a5d30, length=9, elements={
0x00007fb27c015800, 0x00007fb27c051000, 0x00007fb27c053000, 0x00007fb27c05a000,
0x00007fb27c05c800, 0x00007fb27c05e800, 0x00007fb27c060800, 0x00007fb27c09b000,
0x00007fb27c0a4800
}

Java Threads: ( => current thread )
=>0x00007fb27c015800 JavaThread "main" [_thread_in_Java, id=14533, stack(0x00007fb284012000,0x00007fb284113000)]
  0x00007fb27c051000 JavaThread "Reference Handler" daemon [_thread_blocked, id=14535, stack(0x00007fb263d8f000,0x00007fb263e90000)]
  0x00007fb27c053000 JavaThread "Finalizer" daemon [_thread_blocked, id=14536, stack(0x00007fb263c8e000,0x00007fb263d8f000)]
  0x00007fb27c05a000 JavaThread "Signal Dispatcher" daemon [_thread_blocked, id=14537, stack(0x00007fb263176000,0x00007fb263277000)]
  0x00007fb27c05c800 JavaThread "C2 CompilerThread0" daemon [_thread_blocked, id=14538, stack(0x00007fb263075000,0x00007fb263176000)]
  0x00007fb27c05e800 JavaThread "C1 CompilerThread0" daemon [_thread_blocked, id=14539, stack(0x00007fb262f74000,0x00007fb263075000)]
  0x00007fb27c060800 JavaThread "Sweeper thread" daemon [_thread_blocked, id=14540, stack(0x00007fb262e73000,0x00007fb262f74000)]
  0x00007fb27c09b000 JavaThread "Service Thread" daemon [_thread_blocked, id=14541, stack(0x00007fb262d72000,0x00007fb262e73000)]
  0x00007fb27c0a4800 JavaThread "Common-Cleaner" daemon [_thread_blocked, id=14543, stack(0x00007fb262b6f000,0x00007fb262c70000)]

Other Threads:
  0x00007fb27c04e000 VMThread "VM Thread" [stack: 0x00007fb263e92000,0x00007fb263f92000] [id=14534]
  0x00007fb27c09d800 WatcherThread [stack: 0x00007fb262c72000,0x00007fb262d72000] [id=14542]

Threads with active compile tasks:

VM state:not at safepoint (normal execution)

VM Mutex/Monitor currently owned by a thread: None

Heap address: 0x00000000e0e00000, size: 498 MB, Compressed Oops mode: 32-bit
Narrow klass base: 0x0000000800000000, Narrow klass shift: 3
Compressed class space size: 1073741824 Address: 0x0000000840000000

Heap:
 def new generation   total 9792K, used 871K [0x00000000e0e00000, 0x00000000e18a0000, 0x00000000eb400000)
  eden space 8704K,  10% used [0x00000000e0e00000, 0x00000000e0ed9c10, 0x00000000e1680000)
  from space 1088K,   0% used [0x00000000e1680000, 0x00000000e1680000, 0x00000000e1790000)
  to   space 1088K,   0% used [0x00000000e1790000, 0x00000000e1790000, 0x00000000e18a0000)
 tenured generation   total 21888K, used 0K [0x00000000eb400000, 0x00000000ec960000, 0x0000000100000000)
   the space 21888K,   0% used [0x00000000eb400000, 0x00000000eb400000, 0x00000000eb400200, 0x00000000ec960000)
 Metaspace       used 177K, capacity 4486K, committed 4864K, reserved 1056768K
  class space    used 5K, capacity 386K, committed 512K, reserved 1048576K

Card table byte_map: [0x00007fb264813000,0x00007fb26490d000] _byte_map_base: 0x00007fb26410c000

Polling page: 0x00007fb284127000

Metaspace:

Usage:
  Non-class:      4.00 MB capacity,   171.73 KB (  4%) used,     3.84 MB ( 96%) free+waste,   128 bytes ( <1%) overhead. 
      Class:    386.00 KB capacity,     5.67 KB (  1%) used,   380.20 KB ( 98%) free+waste,   128 bytes ( <1%) overhead. 
       Both:      4.38 MB capacity,   177.41 KB (  4%) used,     4.21 MB ( 96%) free+waste,   256 bytes ( <1%) overhead. 

Virtual space:
  Non-class space:        8.00 MB reserved,       4.25 MB ( 53%) committed 
      Class space:        1.00 GB reserved,     512.00 KB ( <1%) committed 
             Both:        1.01 GB reserved,       4.75 MB ( <1%) committed 

Chunk freelists:
   Non-Class:  0 bytes
       Class:  0 bytes
        Both:  0 bytes

MaxMetaspaceSize: unlimited
CompressedClassSpaceSize: 1.00 GB

CodeHeap 'non-profiled nmethods': size=120036Kb used=18Kb max_used=18Kb free=120017Kb
 bounds [0x00007fb26c3d4000, 0x00007fb26c644000, 0x00007fb27390d000]
CodeHeap 'profiled nmethods': size=120032Kb used=99Kb max_used=99Kb free=119932Kb
 bounds [0x00007fb264e9c000, 0x00007fb26510c000, 0x00007fb26c3d4000]
CodeHeap 'non-nmethods': size=5692Kb used=988Kb max_used=997Kb free=4703Kb
 bounds [0x00007fb26490d000, 0x00007fb264b7d000, 0x00007fb264e9c000]
 total_blobs=371 nmethods=76 adapters=155
 compilation: enabled
              stopped_count=0, restarted_count=0
 full_count=0

Compilation events (20 events):
Event: 0.395 Thread 0x00007fb27c05e800   62       3       java.util.ImmutableCollections$Set12::size (13 bytes)
Event: 0.396 Thread 0x00007fb27c05e800 nmethod 62 0x00007fb264eb3290 code [0x00007fb264eb3440, 0x00007fb264eb3630]
Event: 0.396 Thread 0x00007fb27c05e800   64       3       java.util.AbstractCollection::isEmpty (13 bytes)
Event: 0.396 Thread 0x00007fb27c05e800 nmethod 64 0x00007fb264eb3690 code [0x00007fb264eb3860, 0x00007fb264eb3b08]
Event: 0.396 Thread 0x00007fb27c05e800   63       3       java.util.AbstractMap::<init> (5 bytes)
Event: 0.396 Thread 0x00007fb27c05e800 nmethod 63 0x00007fb264eb3b90 code [0x00007fb264eb3d40, 0x00007fb264eb3f10]
Event: 0.396 Thread 0x00007fb27c05e800   69       1       java.lang.module.ModuleDescriptor::isOpen (5 bytes)
Event: 0.396 Thread 0x00007fb27c05e800 nmethod 69 0x00007fb26c3d7c10 code [0x00007fb26c3d7dc0, 0x00007fb26c3d7ef0]
Event: 0.397 Thread 0x00007fb27c05e800   73       1       java.lang.Module::getDescriptor (5 bytes)
Event: 0.397 Thread 0x00007fb27c05e800 nmethod 73 0x00007fb26c3d7f90 code [0x00007fb26c3d8140, 0x00007fb26c3d8270]
Event: 0.397 Thread 0x00007fb27c05e800   65       1       java.lang.module.ResolvedModule::configuration (5 bytes)
Event: 0.397 Thread 0x00007fb27c05e800 nmethod 65 0x00007fb26c3d8310 code [0x00007fb26c3d84c0, 0x00007fb26c3d85f0]
Event: 0.397 Thread 0x00007fb27c05e800   66       1       java.lang.module.ModuleDescriptor$Exports::targets (5 bytes)
Event: 0.397 Thread 0x00007fb27c05e800 nmethod 66 0x00007fb26c3d8690 code [0x00007fb26c3d8840, 0x00007fb26c3d8970]
Event: 0.405 Thread 0x00007fb27c05e800   74       3       java.lang.String::hashCode (49 bytes)
Event: 0.406 Thread 0x00007fb27c05e800 nmethod 74 0x00007fb264eb4010 code [0x00007fb264eb4200, 0x00007fb264eb4578]
Event: 0.406 Thread 0x00007fb27c05e800   75       3       java.lang.StringLatin1::canEncode (13 bytes)
Event: 0.407 Thread 0x00007fb27c05e800 nmethod 75 0x00007fb264eb4690 code [0x00007fb264eb4840, 0x00007fb264eb49d0]
Event: 0.412 Thread 0x00007fb27c05e800   76       3       java.lang.CharacterDataLatin1::getProperties (11 bytes)
Event: 0.412 Thread 0x00007fb27c05e800 nmethod 76 0x00007fb264eb4a90 code [0x00007fb264eb4c40, 0x00007fb264eb4df0]

GC Heap History (0 events):
No events

Deoptimization events (4 events):
Event: 0.400 Thread 0x00007fb27c015800 Uncommon trap: trap_request=0xffffff4d fr.pc=0x00007fb26c3d75d4 relative=0x00000000000001b4
Event: 0.400 Thread 0x00007fb27c015800 Uncommon trap: reason=unstable_if action=reinterpret pc=0x00007fb26c3d75d4 method=java.lang.String.hashCode()I @ 14 c2
Event: 0.401 Thread 0x00007fb27c015800 DEOPT PACKING pc=0x00007fb26c3d75d4 sp=0x00007fb2841101b0
Event: 0.401 Thread 0x00007fb27c015800 DEOPT UNPACKING pc=0x00007fb264935325 sp=0x00007fb284110168 mode 2

Classes redefined (0 events):
No events

Internal exceptions (0 events):
No events

Events (20 events):
Event: 0.159 Thread 0x00007fb27c05e800 Thread added: 0x00007fb27c05e800
Event: 0.159 Protecting memory [0x00007fb262f74000,0x00007fb262f78000] with protection modes 0
Event: 0.164 Thread 0x00007fb27c060800 Thread added: 0x00007fb27c060800
Event: 0.167 Protecting memory [0x00007fb262e73000,0x00007fb262e77000] with protection modes 0
Event: 0.390 Thread 0x00007fb27c09b000 Thread added: 0x00007fb27c09b000
Event: 0.390 Executing VM operation: EnableBiasedLocking
Event: 0.392 Protecting memory [0x00007fb262d72000,0x00007fb262d76000] with protection modes 0
Event: 0.393 Executing VM operation: EnableBiasedLocking done
Event: 0.393 loading class jdk/internal/vm/PostVMInitHook
Event: 0.393 loading class jdk/internal/vm/PostVMInitHook done
Event: 0.399 loading class Main
Event: 0.399 loading class Main done
Event: 0.403 loading class jdk/internal/loader/URLClassPath$FileLoader
Event: 0.403 loading class jdk/internal/loader/URLClassPath$FileLoader done
Event: 0.405 loading class jdk/internal/loader/URLClassPath$FileLoader$1
Event: 0.405 loading class jdk/internal/loader/URLClassPath$FileLoader$1 done
Event: 0.408 Thread 0x00007fb27c0a4800 Thread added: 0x00007fb27c0a4800
Event: 0.412 Protecting memory [0x00007fb262b6f000,0x00007fb262b73000] with protection modes 0
Event: 0.413 Executing VM operation: RevokeBias
Event: 0.413 Executing VM operation: RevokeBias done


Dynamic libraries:
e0e00000-e18a0000 rw-p 00000000 00:00 0 
e18a0000-eb400000 ---p 00000000 00:00 0 
eb400000-ec960000 rw-p 00000000 00:00 0 
ec960000-100000000 ---p 00000000 00:00 0 
800000000-800002000 rwxp 00001000 08:01 551457                           /usr/lib/jvm/java-11-openjdk-amd64/lib/server/classes.jsa
800002000-8003b8000 rw-p 00003000 08:01 551457                           /usr/lib/jvm/java-11-openjdk-amd64/lib/server/classes.jsa
8003b8000-800a7f000 r--p 003b9000 08:01 551457                           /usr/lib/jvm/java-11-openjdk-amd64/lib/server/classes.jsa
800a7f000-800a80000 rw-p 00a80000 08:01 551457                           /usr/lib/jvm/java-11-openjdk-amd64/lib/server/classes.jsa
800a80000-80108c000 r--p 00a81000 08:01 551457                           /usr/lib/jvm/java-11-openjdk-amd64/lib/server/classes.jsa
840000000-840080000 rw-p 00000000 00:00 0 
840080000-880000000 ---p 00000000 00:00 0 
557d49bc2000-557d49bc3000 r-xp 00000000 08:01 551084                     /usr/lib/jvm/java-11-openjdk-amd64/bin/java
557d49dc3000-557d49dc4000 r--p 00001000 08:01 551084                     /usr/lib/jvm/java-11-openjdk-amd64/bin/java
557d49dc4000-557d49dc5000 rw-p 00002000 08:01 551084                     /usr/lib/jvm/java-11-openjdk-amd64/bin/java
557d49ea6000-557d49ec7000 rw-p 00000000 00:00 0                          [heap]
7fb244000000-7fb24408f000 rw-p 00000000 00:00 0 
7fb24408f000-7fb248000000 ---p 00000000 00:00 0 
7fb248000000-7fb248021000 rw-p 00000000 00:00 0 
7fb248021000-7fb24c000000 ---p 00000000 00:00 0 
7fb24c000000-7fb24c021000 rw-p 00000000 00:00 0 
7fb24c021000-7fb250000000 ---p 00000000 00:00 0 
7fb250000000-7fb250066000 rw-p 00000000 00:00 0 
7fb250066000-7fb254000000 ---p 00000000 00:00 0 
7fb254000000-7fb254021000 rw-p 00000000 00:00 0 
7fb254021000-7fb258000000 ---p 00000000 00:00 0 
7fb258000000-7fb258021000 rw-p 00000000 00:00 0 
7fb258021000-7fb25c000000 ---p 00000000 00:00 0 
7fb25c000000-7fb25c021000 rw-p 00000000 00:00 0 
7fb25c021000-7fb260000000 ---p 00000000 00:00 0 
7fb262b6f000-7fb262b73000 ---p 00000000 00:00 0 
7fb262b73000-7fb262c70000 rw-p 00000000 00:00 0 
7fb262c70000-7fb262c71000 ---p 00000000 00:00 0 
7fb262c71000-7fb262d72000 rw-p 00000000 00:00 0 
7fb262d72000-7fb262d76000 ---p 00000000 00:00 0 
7fb262d76000-7fb262e73000 rw-p 00000000 00:00 0 
7fb262e73000-7fb262e77000 ---p 00000000 00:00 0 
7fb262e77000-7fb262f74000 rw-p 00000000 00:00 0 
7fb262f74000-7fb262f78000 ---p 00000000 00:00 0 
7fb262f78000-7fb263075000 rw-p 00000000 00:00 0 
7fb263075000-7fb263079000 ---p 00000000 00:00 0 
7fb263079000-7fb263176000 rw-p 00000000 00:00 0 
7fb263176000-7fb26317a000 ---p 00000000 00:00 0 
7fb26317a000-7fb263277000 rw-p 00000000 00:00 0 
7fb263277000-7fb263c8e000 r--p 00000000 08:01 660771                     /usr/lib/locale/locale-archive
7fb263c8e000-7fb263c92000 ---p 00000000 00:00 0 
7fb263c92000-7fb263d8f000 rw-p 00000000 00:00 0 
7fb263d8f000-7fb263d93000 ---p 00000000 00:00 0 
7fb263d93000-7fb263e90000 rw-p 00000000 00:00 0 
7fb263e90000-7fb263e91000 ---p 00000000 00:00 0 
7fb263e91000-7fb264453000 rw-p 00000000 00:00 0 
7fb264453000-7fb264813000 ---p 00000000 00:00 0 
7fb264813000-7fb264819000 rw-p 00000000 00:00 0 
7fb264819000-7fb264866000 ---p 00000000 00:00 0 
7fb264866000-7fb264871000 rw-p 00000000 00:00 0 
7fb264871000-7fb26490c000 ---p 00000000 00:00 0 
7fb26490c000-7fb26490d000 rw-p 00000000 00:00 0 
7fb26490d000-7fb264b7d000 rwxp 00000000 00:00 0 
7fb264b7d000-7fb264e9c000 ---p 00000000 00:00 0 
7fb264e9c000-7fb26510c000 rwxp 00000000 00:00 0 
7fb26510c000-7fb26c3d4000 ---p 00000000 00:00 0 
7fb26c3d4000-7fb26c644000 rwxp 00000000 00:00 0 
7fb26c644000-7fb27390d000 ---p 00000000 00:00 0 
7fb27390d000-7fb27c000000 r--s 00000000 08:01 551289                     /usr/lib/jvm/java-11-openjdk-amd64/lib/modules
7fb27c000000-7fb27c0b2000 rw-p 00000000 00:00 0 
7fb27c0b2000-7fb280000000 ---p 00000000 00:00 0 
7fb28004e000-7fb2800f7000 rw-p 00000000 00:00 0 
7fb2800f7000-7fb2801dd000 ---p 00000000 00:00 0 
7fb2801dd000-7fb2801e2000 rw-p 00000000 00:00 0 
7fb2801e2000-7fb2802c8000 ---p 00000000 00:00 0 
7fb2802c8000-7fb2802cd000 r-xp 00000000 08:01 551271                     /usr/lib/jvm/java-11-openjdk-amd64/lib/libjimage.so
7fb2802cd000-7fb2804cc000 ---p 00005000 08:01 551271                     /usr/lib/jvm/java-11-openjdk-amd64/lib/libjimage.so
7fb2804cc000-7fb2804cd000 r--p 00004000 08:01 551271                     /usr/lib/jvm/java-11-openjdk-amd64/lib/libjimage.so
7fb2804cd000-7fb2804ce000 rw-p 00005000 08:01 551271                     /usr/lib/jvm/java-11-openjdk-amd64/lib/libjimage.so
7fb2804ce000-7fb2804d5000 r-xp 00000000 08:01 551288                     /usr/lib/jvm/java-11-openjdk-amd64/lib/libzip.so
7fb2804d5000-7fb2806d4000 ---p 00007000 08:01 551288                     /usr/lib/jvm/java-11-openjdk-amd64/lib/libzip.so
7fb2806d4000-7fb2806d5000 r--p 00006000 08:01 551288                     /usr/lib/jvm/java-11-openjdk-amd64/lib/libzip.so
7fb2806d5000-7fb2806d6000 rw-p 00007000 08:01 551288                     /usr/lib/jvm/java-11-openjdk-amd64/lib/libzip.so
7fb2806d6000-7fb2806e1000 r-xp 00000000 08:01 399660                     /lib/x86_64-linux-gnu/libnss_files-2.27.so
7fb2806e1000-7fb2808e0000 ---p 0000b000 08:01 399660                     /lib/x86_64-linux-gnu/libnss_files-2.27.so
7fb2808e0000-7fb2808e1000 r--p 0000a000 08:01 399660                     /lib/x86_64-linux-gnu/libnss_files-2.27.so
7fb2808e1000-7fb2808e2000 rw-p 0000b000 08:01 399660                     /lib/x86_64-linux-gnu/libnss_files-2.27.so
7fb2808e2000-7fb2808e8000 rw-p 00000000 00:00 0 
7fb2808e8000-7fb2808ff000 r-xp 00000000 08:01 399654                     /lib/x86_64-linux-gnu/libnsl-2.27.so
7fb2808ff000-7fb280afe000 ---p 00017000 08:01 399654                     /lib/x86_64-linux-gnu/libnsl-2.27.so
7fb280afe000-7fb280aff000 r--p 00016000 08:01 399654                     /lib/x86_64-linux-gnu/libnsl-2.27.so
7fb280aff000-7fb280b00000 rw-p 00017000 08:01 399654                     /lib/x86_64-linux-gnu/libnsl-2.27.so
7fb280b00000-7fb280b02000 rw-p 00000000 00:00 0 
7fb280b02000-7fb280b0d000 r-xp 00000000 08:01 399671                     /lib/x86_64-linux-gnu/libnss_nis-2.27.so
7fb280b0d000-7fb280d0c000 ---p 0000b000 08:01 399671                     /lib/x86_64-linux-gnu/libnss_nis-2.27.so
7fb280d0c000-7fb280d0d000 r--p 0000a000 08:01 399671                     /lib/x86_64-linux-gnu/libnss_nis-2.27.so
7fb280d0d000-7fb280d0e000 rw-p 0000b000 08:01 399671                     /lib/x86_64-linux-gnu/libnss_nis-2.27.so
7fb280d0e000-7fb280d16000 r-xp 00000000 08:01 399656                     /lib/x86_64-linux-gnu/libnss_compat-2.27.so
7fb280d16000-7fb280f16000 ---p 00008000 08:01 399656                     /lib/x86_64-linux-gnu/libnss_compat-2.27.so
7fb280f16000-7fb280f17000 r--p 00008000 08:01 399656                     /lib/x86_64-linux-gnu/libnss_compat-2.27.so
7fb280f17000-7fb280f18000 rw-p 00009000 08:01 399656                     /lib/x86_64-linux-gnu/libnss_compat-2.27.so
7fb280f18000-7fb280f41000 r-xp 00000000 08:01 551267                     /usr/lib/jvm/java-11-openjdk-amd64/lib/libjava.so
7fb280f41000-7fb281140000 ---p 00029000 08:01 551267                     /usr/lib/jvm/java-11-openjdk-amd64/lib/libjava.so
7fb281140000-7fb281141000 r--p 00028000 08:01 551267                     /usr/lib/jvm/java-11-openjdk-amd64/lib/libjava.so
7fb281141000-7fb281143000 rw-p 00029000 08:01 551267                     /usr/lib/jvm/java-11-openjdk-amd64/lib/libjava.so
7fb281143000-7fb281150000 r-xp 00000000 08:01 551287                     /usr/lib/jvm/java-11-openjdk-amd64/lib/libverify.so
7fb281150000-7fb28134f000 ---p 0000d000 08:01 551287                     /usr/lib/jvm/java-11-openjdk-amd64/lib/libverify.so
7fb28134f000-7fb281351000 r--p 0000c000 08:01 551287                     /usr/lib/jvm/java-11-openjdk-amd64/lib/libverify.so
7fb281351000-7fb281352000 rw-p 0000e000 08:01 551287                     /usr/lib/jvm/java-11-openjdk-amd64/lib/libverify.so
7fb281352000-7fb281359000 r-xp 00000000 08:01 399711                     /lib/x86_64-linux-gnu/librt-2.27.so
7fb281359000-7fb281558000 ---p 00007000 08:01 399711                     /lib/x86_64-linux-gnu/librt-2.27.so
7fb281558000-7fb281559000 r--p 00006000 08:01 399711                     /lib/x86_64-linux-gnu/librt-2.27.so
7fb281559000-7fb28155a000 rw-p 00007000 08:01 399711                     /lib/x86_64-linux-gnu/librt-2.27.so
7fb28155a000-7fb281571000 r-xp 00000000 08:01 399607                     /lib/x86_64-linux-gnu/libgcc_s.so.1
7fb281571000-7fb281770000 ---p 00017000 08:01 399607                     /lib/x86_64-linux-gnu/libgcc_s.so.1
7fb281770000-7fb281771000 r--p 00016000 08:01 399607                     /lib/x86_64-linux-gnu/libgcc_s.so.1
7fb281771000-7fb281772000 rw-p 00017000 08:01 399607                     /lib/x86_64-linux-gnu/libgcc_s.so.1
7fb281772000-7fb28190f000 r-xp 00000000 08:01 399633                     /lib/x86_64-linux-gnu/libm-2.27.so
7fb28190f000-7fb281b0e000 ---p 0019d000 08:01 399633                     /lib/x86_64-linux-gnu/libm-2.27.so
7fb281b0e000-7fb281b0f000 r--p 0019c000 08:01 399633                     /lib/x86_64-linux-gnu/libm-2.27.so
7fb281b0f000-7fb281b10000 rw-p 0019d000 08:01 399633                     /lib/x86_64-linux-gnu/libm-2.27.so
7fb281b10000-7fb281c89000 r-xp 00000000 08:01 665875                     /usr/lib/x86_64-linux-gnu/libstdc++.so.6.0.25
7fb281c89000-7fb281e89000 ---p 00179000 08:01 665875                     /usr/lib/x86_64-linux-gnu/libstdc++.so.6.0.25
7fb281e89000-7fb281e93000 r--p 00179000 08:01 665875                     /usr/lib/x86_64-linux-gnu/libstdc++.so.6.0.25
7fb281e93000-7fb281e95000 rw-p 00183000 08:01 665875                     /usr/lib/x86_64-linux-gnu/libstdc++.so.6.0.25
7fb281e95000-7fb281e99000 rw-p 00000000 00:00 0 
7fb281e99000-7fb282f76000 r-xp 00000000 08:01 551294                     /usr/lib/jvm/java-11-openjdk-amd64/lib/server/libjvm.so
7fb282f76000-7fb283175000 ---p 010dd000 08:01 551294                     /usr/lib/jvm/java-11-openjdk-amd64/lib/server/libjvm.so
7fb283175000-7fb283232000 r--p 010dc000 08:01 551294                     /usr/lib/jvm/java-11-openjdk-amd64/lib/server/libjvm.so
7fb283232000-7fb28326c000 rw-p 01199000 08:01 551294                     /usr/lib/jvm/java-11-openjdk-amd64/lib/server/libjvm.so
7fb28326c000-7fb2832c2000 rw-p 00000000 00:00 0 
7fb2832c2000-7fb2832dc000 r-xp 00000000 08:01 399703                     /lib/x86_64-linux-gnu/libpthread-2.27.so
7fb2832dc000-7fb2834db000 ---p 0001a000 08:01 399703                     /lib/x86_64-linux-gnu/libpthread-2.27.so
7fb2834db000-7fb2834dc000 r--p 00019000 08:01 399703                     /lib/x86_64-linux-gnu/libpthread-2.27.so
7fb2834dc000-7fb2834dd000 rw-p 0001a000 08:01 399703                     /lib/x86_64-linux-gnu/libpthread-2.27.so
7fb2834dd000-7fb2834e1000 rw-p 00000000 00:00 0 
7fb2834e1000-7fb2834e4000 r-xp 00000000 08:01 399593                     /lib/x86_64-linux-gnu/libdl-2.27.so
7fb2834e4000-7fb2836e3000 ---p 00003000 08:01 399593                     /lib/x86_64-linux-gnu/libdl-2.27.so
7fb2836e3000-7fb2836e4000 r--p 00002000 08:01 399593                     /lib/x86_64-linux-gnu/libdl-2.27.so
7fb2836e4000-7fb2836e5000 rw-p 00003000 08:01 399593                     /lib/x86_64-linux-gnu/libdl-2.27.so
7fb2836e5000-7fb283701000 r-xp 00000000 08:01 399742                     /lib/x86_64-linux-gnu/libz.so.1.2.11
7fb283701000-7fb283900000 ---p 0001c000 08:01 399742                     /lib/x86_64-linux-gnu/libz.so.1.2.11
7fb283900000-7fb283901000 r--p 0001b000 08:01 399742                     /lib/x86_64-linux-gnu/libz.so.1.2.11
7fb283901000-7fb283902000 rw-p 0001c000 08:01 399742                     /lib/x86_64-linux-gnu/libz.so.1.2.11
7fb283902000-7fb283ae9000 r-xp 00000000 08:01 399570                     /lib/x86_64-linux-gnu/libc-2.27.so
7fb283ae9000-7fb283ce9000 ---p 001e7000 08:01 399570                     /lib/x86_64-linux-gnu/libc-2.27.so
7fb283ce9000-7fb283ced000 r--p 001e7000 08:01 399570                     /lib/x86_64-linux-gnu/libc-2.27.so
7fb283ced000-7fb283cef000 rw-p 001eb000 08:01 399570                     /lib/x86_64-linux-gnu/libc-2.27.so
7fb283cef000-7fb283cf3000 rw-p 00000000 00:00 0 
7fb283cf3000-7fb283d03000 r-xp 00000000 08:01 551251                     /usr/lib/jvm/java-11-openjdk-amd64/lib/jli/libjli.so
7fb283d03000-7fb283f02000 ---p 00010000 08:01 551251                     /usr/lib/jvm/java-11-openjdk-amd64/lib/jli/libjli.so
7fb283f02000-7fb283f03000 r--p 0000f000 08:01 551251                     /usr/lib/jvm/java-11-openjdk-amd64/lib/jli/libjli.so
7fb283f03000-7fb283f04000 rw-p 00010000 08:01 551251                     /usr/lib/jvm/java-11-openjdk-amd64/lib/jli/libjli.so
7fb283f04000-7fb283f2b000 r-xp 00000000 08:01 399542                     /lib/x86_64-linux-gnu/ld-2.27.so
7fb283f3e000-7fb283f6a000 rw-p 00000000 00:00 0 
7fb283f6a000-7fb284006000 ---p 00000000 00:00 0 
7fb284006000-7fb28400b000 rw-p 00000000 00:00 0 
7fb28400b000-7fb284012000 ---p 00000000 00:00 0 
7fb284012000-7fb284016000 ---p 00000000 00:00 0 
7fb284016000-7fb284115000 rw-p 00000000 00:00 0 
7fb28411d000-7fb28411f000 r--s 00007000 08:01 551452                     /usr/share/java/java-atk-wrapper.jar
7fb28411f000-7fb284127000 rw-s 00000000 08:01 1049051                    /tmp/hsperfdata_yiyun/14532
7fb284127000-7fb284128000 ---p 00000000 00:00 0 
7fb284128000-7fb284129000 r--p 00000000 00:00 0 
7fb284129000-7fb28412b000 rw-p 00000000 00:00 0 
7fb28412b000-7fb28412c000 r--p 00027000 08:01 399542                     /lib/x86_64-linux-gnu/ld-2.27.so
7fb28412c000-7fb28412d000 rw-p 00028000 08:01 399542                     /lib/x86_64-linux-gnu/ld-2.27.so
7fb28412d000-7fb28412e000 rw-p 00000000 00:00 0 
7ffc7c5f3000-7ffc7c614000 rw-p 00000000 00:00 0                          [stack]
7ffc7c631000-7ffc7c634000 r--p 00000000 00:00 0                          [vvar]
7ffc7c634000-7ffc7c635000 r-xp 00000000 00:00 0                          [vdso]
ffffffffff600000-ffffffffff601000 r-xp 00000000 00:00 0                  [vsyscall]


VM Arguments:
jvm_args: -Xverify:none 
java_command: Main
java_class_path (initial): .
Launcher Type: SUN_STANDARD

[Global flags]
     bool BytecodeVerificationLocal                = false                                     {product} {command line}
     bool BytecodeVerificationRemote               = false                                     {product} {command line}
     intx CICompilerCount                          = 2                                         {product} {ergonomic}
   size_t InitialHeapSize                          = 33554432                                  {product} {ergonomic}
   size_t MaxHeapSize                              = 522190848                                 {product} {ergonomic}
   size_t MaxNewSize                               = 174063616                                 {product} {ergonomic}
   size_t MinHeapDeltaBytes                        = 196608                                    {product} {ergonomic}
   size_t NewSize                                  = 11141120                                  {product} {ergonomic}
    uintx NonNMethodCodeHeapSize                   = 5825164                                {pd product} {ergonomic}
    uintx NonProfiledCodeHeapSize                  = 122916538                              {pd product} {ergonomic}
   size_t OldSize                                  = 22413312                                  {product} {ergonomic}
    uintx ProfiledCodeHeapSize                     = 122916538                              {pd product} {ergonomic}
    uintx ReservedCodeCacheSize                    = 251658240                              {pd product} {ergonomic}
     bool SegmentedCodeCache                       = true                                      {product} {ergonomic}
     bool UseCompressedClassPointers               = true                                 {lp64_product} {ergonomic}
     bool UseCompressedOops                        = true                                 {lp64_product} {ergonomic}
     bool UseSerialGC                              = true                                      {product} {ergonomic}

Logging:
Log output configuration:
 #0: stdout all=warning uptime,level,tags
 #1: stderr all=off uptime,level,tags

Environment Variables:
PATH=/home/yiyun/.local/bin:/usr/local/sbin:/usr/local/bin:/usr/sbin:/usr/bin:/sbin:/bin:/usr/games:/usr/local/games:/snap/bin
USERNAME=yiyun
SHELL=/bin/bash
DISPLAY=:0

Signal Handlers:
SIGSEGV: [libjvm.so+0xdf8d00], sa_mask[0]=11111111011111111101111111111110, sa_flags=SA_RESTART|SA_SIGINFO
SIGBUS: [libjvm.so+0xdf8d00], sa_mask[0]=11111111011111111101111111111110, sa_flags=SA_RESTART|SA_SIGINFO
SIGFPE: [libjvm.so+0xdf8d00], sa_mask[0]=11111111011111111101111111111110, sa_flags=SA_RESTART|SA_SIGINFO
SIGPIPE: [libjvm.so+0xbcbc30], sa_mask[0]=11111111011111111101111111111110, sa_flags=SA_RESTART|SA_SIGINFO
SIGXFSZ: [libjvm.so+0xbcbc30], sa_mask[0]=11111111011111111101111111111110, sa_flags=SA_RESTART|SA_SIGINFO
SIGILL: [libjvm.so+0xdf8d00], sa_mask[0]=11111111011111111101111111111110, sa_flags=SA_RESTART|SA_SIGINFO
SIGUSR2: [libjvm.so+0xbcbad0], sa_mask[0]=00000000000000000000000000000000, sa_flags=SA_RESTART|SA_SIGINFO
SIGHUP: [libjvm.so+0xbcbe30], sa_mask[0]=11111111011111111101111111111110, sa_flags=SA_RESTART|SA_SIGINFO
SIGINT: [libjvm.so+0xbcbe30], sa_mask[0]=11111111011111111101111111111110, sa_flags=SA_RESTART|SA_SIGINFO
SIGTERM: [libjvm.so+0xbcbe30], sa_mask[0]=11111111011111111101111111111110, sa_flags=SA_RESTART|SA_SIGINFO
SIGQUIT: [libjvm.so+0xbcbe30], sa_mask[0]=11111111011111111101111111111110, sa_flags=SA_RESTART|SA_SIGINFO


---------------  S Y S T E M  ---------------

OS:DISTRIB_ID=Ubuntu
DISTRIB_RELEASE=18.04
DISTRIB_CODENAME=bionic
DISTRIB_DESCRIPTION="Ubuntu 18.04.3 LTS"
uname:Linux 5.0.0-36-generic #39~18.04.1-Ubuntu SMP Tue Nov 12 11:09:50 UTC 2019 x86_64
OS uptime: 0 days 6:30 hours
libc:glibc 2.27 NPTL 2.27 
rlimit: STACK 8192k, CORE 0k, NPROC 7775, NOFILE 4096, AS infinity, CPU infinity, DATA infinity, FSIZE infinity
load average:1.34 1.22 1.87

/proc/meminfo:
MemTotal:        2038764 kB
MemFree:          179600 kB
MemAvailable:     537700 kB
Buffers:           17904 kB
Cached:           506828 kB
SwapCached:        53848 kB
Active:          1168460 kB
Inactive:         458300 kB
Active(anon):     834532 kB
Inactive(anon):   327244 kB
Active(file):     333928 kB
Inactive(file):   131056 kB
Unevictable:          16 kB
Mlocked:              16 kB
SwapTotal:        969960 kB
SwapFree:         586472 kB
Dirty:                72 kB
Writeback:             0 kB
AnonPages:       1094432 kB
Mapped:           201500 kB
Shmem:             63336 kB
KReclaimable:      49420 kB
Slab:              89688 kB
SReclaimable:      49420 kB
SUnreclaim:        40268 kB
KernelStack:       10572 kB
PageTables:        52648 kB
NFS_Unstable:          0 kB
Bounce:                0 kB
WritebackTmp:          0 kB
CommitLimit:     1989340 kB
Committed_AS:    6444524 kB
VmallocTotal:   34359738367 kB
VmallocUsed:           0 kB
VmallocChunk:          0 kB
Percpu:              304 kB
HardwareCorrupted:     0 kB
AnonHugePages:         0 kB
ShmemHugePages:        0 kB
ShmemPmdMapped:        0 kB
CmaTotal:              0 kB
CmaFree:               0 kB
HugePages_Total:       0
HugePages_Free:        0
HugePages_Rsvd:        0
HugePages_Surp:        0
Hugepagesize:       2048 kB
Hugetlb:               0 kB
DirectMap4k:      155584 kB
DirectMap2M:     1941504 kB


/proc/sys/kernel/threads-max (system-wide limit on the number of threads):
15550


/proc/sys/vm/max_map_count (maximum number of memory map areas a process may have):
65530


/proc/sys/kernel/pid_max (system-wide limit on number of process identifiers):
32768



container (cgroup) information:
container_type: cgroupv1
cpu_cpuset_cpus: 0
cpu_memory_nodes: 0
active_processor_count: 1
cpu_quota: -1
cpu_period: 100000
cpu_shares: -1
memory_limit_in_bytes: -1
memory_and_swap_limit_in_bytes: -2
memory_soft_limit_in_bytes: -1
memory_usage_in_bytes: 1659387904
memory_max_usage_in_bytes: 28061696

KVM virtualization detected
Steal ticks since vm start: 0
Steal ticks percentage since vm start:  0.000

CPU:total 1 (initial active 1) (1 cores per cpu, 1 threads per core) family 6 model 142 stepping 11, cmov, cx8, fxsr, mmx, sse, sse2, sse3, ssse3, sse4.1, sse4.2, popcnt, avx, avx2, aes, clmul, 3dnowpref, lzcnt, tsc, tscinvbit
CPU Model and flags from /proc/cpuinfo:
model name	: Intel(R) Core(TM) i5-8265U CPU @ 1.60GHz
flags		: fpu vme de pse tsc msr pae mce cx8 apic sep mtrr pge mca cmov pat pse36 clflush mmx fxsr sse sse2 ht syscall nx rdtscp lm constant_tsc rep_good nopl xtopology nonstop_tsc cpuid tsc_known_freq pni pclmulqdq monitor ssse3 cx16 pcid sse4_1 sse4_2 x2apic movbe popcnt aes xsave avx rdrand hypervisor lahf_lm abm 3dnowprefetch invpcid_single fsgsbase avx2 invpcid rdseed clflushopt flush_l1d arch_capabilities

Memory: 4k page, physical 2038764k(179600k free), swap 969960k(586472k free)

vm_info: OpenJDK 64-Bit Server VM (11.0.7+10-post-Ubuntu-2ubuntu218.04) for linux-amd64 JRE (11.0.7+10-post-Ubuntu-2ubuntu218.04), built on Apr 15 2020 21:12:54 by "unknown" with gcc 7.5.0

END.
