#
# A fatal error has been detected by the Java Runtime Environment:
#
#  Internal Error (generateOopMap.cpp:2164), pid=24982, tid=24984
#  fatal error: Illegal class file encountered. Try running with -Xverify:all in method main
#
# JRE version: OpenJDK Runtime Environment (11.0.7+10) (build 11.0.7+10-post-Ubuntu-2ubuntu218.04)
# Java VM: OpenJDK 64-Bit Server VM (11.0.7+10-post-Ubuntu-2ubuntu218.04, mixed mode, sharing, tiered, compressed oops, serial gc, linux-amd64)
# Core dump will be written. Default location: Core dumps may be processed with "/usr/share/apport/apport %p %s %c %d %P %E" (or dumping to /home/yiyun/Compiler_Jasmin/Compiler_StudentID_HW3/core.24982)
#
# If you would like to submit a bug report, please visit:
#   https://bugs.launchpad.net/ubuntu/+source/openjdk-lts
#

---------------  S U M M A R Y ------------

Command Line: -Xverify:none Main

Host: Intel(R) Core(TM) i5-8265U CPU @ 1.60GHz, 1 cores, 1G, Ubuntu 18.04.3 LTS
Time: Sun Jun  7 12:29:06 2020 CST elapsed time: 4 seconds (0d 0h 0m 4s)

---------------  T H R E A D  ---------------

Current thread (0x00007f1c6004e000):  VMThread "VM Thread" [stack: 0x00007f1c641af000,0x00007f1c642af000] [id=24984]

Stack: [0x00007f1c641af000,0x00007f1c642af000],  sp=0x00007f1c642aad10,  free space=1007k
Native frames: (J=compiled Java code, A=aot compiled Java code, j=interpreted, Vv=VM code, C=native code)
V  [libjvm.so+0xdf8009]
V  [libjvm.so+0xdf8c5f]
V  [libjvm.so+0x6513fa]
V  [libjvm.so+0x7b8978]
V  [libjvm.so+0x7b8a4b]
V  [libjvm.so+0x7bda38]
V  [libjvm.so+0x7c018d]
V  [libjvm.so+0x7c0539]
V  [libjvm.so+0xbbdb8a]
V  [libjvm.so+0xbbe7d5]
V  [libjvm.so+0xb4ab1a]
V  [libjvm.so+0x714fd4]
V  [libjvm.so+0xd7e727]
V  [libjvm.so+0xd83ba2]
V  [libjvm.so+0x7aee5d]
V  [libjvm.so+0x6587c5]
V  [libjvm.so+0x7b0117]
V  [libjvm.so+0x7b0aa6]
V  [libjvm.so+0x7b19f8]
V  [libjvm.so+0xdf92df]
V  [libjvm.so+0xdfa8d8]
V  [libjvm.so+0xe00a96]
V  [libjvm.so+0xe00fa0]
V  [libjvm.so+0xe01423]
V  [libjvm.so+0xd85acf]
V  [libjvm.so+0xbd59de]

JavaThread 0x00007f1c60015800 (nid = 24983) was being processed
Java frames: (J=compiled Java code, j=interpreted, Vv=VM code)
v  ~RuntimeStub::_new_instance_Java
J 177 c2 java.io.PrintStream.write(Ljava/lang/String;)V java.base@11.0.7 (83 bytes) @ 0x00007f1c503dcb00 [0x00007f1c503dc140+0x00000000000009c0]
J 196 c2 java.io.PrintStream.print(Ljava/lang/String;)V java.base@11.0.7 (9 bytes) @ 0x00007f1c503e2888 [0x00007f1c503e2840+0x0000000000000048]
j  Main.main([Ljava/lang/String;)V+115
v  ~StubRoutines::call_stub
VM_Operation (0x00007f1c68ca4100): GenCollectForAllocation, mode: safepoint, requested by thread 0x00007f1c60015800


---------------  P R O C E S S  ---------------

Threads class SMR info:
_java_thread_list=0x00007f1c600a62a0, length=9, elements={
0x00007f1c60015800, 0x00007f1c60051000, 0x00007f1c60053000, 0x00007f1c6005a000,
0x00007f1c6005c800, 0x00007f1c6005e800, 0x00007f1c60060800, 0x00007f1c6009b800,
0x00007f1c600a4800
}

Java Threads: ( => current thread )
  0x00007f1c60015800 JavaThread "main" [_thread_blocked, id=24983, stack(0x00007f1c68bee000,0x00007f1c68cef000)]
  0x00007f1c60051000 JavaThread "Reference Handler" daemon [_thread_blocked, id=24985, stack(0x00007f1c640ac000,0x00007f1c641ad000)]
  0x00007f1c60053000 JavaThread "Finalizer" daemon [_thread_blocked, id=24986, stack(0x00007f1c4880c000,0x00007f1c4890d000)]
  0x00007f1c6005a000 JavaThread "Signal Dispatcher" daemon [_thread_blocked, id=24987, stack(0x00007f1c4870b000,0x00007f1c4880c000)]
  0x00007f1c6005c800 JavaThread "C2 CompilerThread0" daemon [_thread_blocked, id=24988, stack(0x00007f1c4860a000,0x00007f1c4870b000)]
  0x00007f1c6005e800 JavaThread "C1 CompilerThread0" daemon [_thread_blocked, id=24989, stack(0x00007f1c48509000,0x00007f1c4860a000)]
  0x00007f1c60060800 JavaThread "Sweeper thread" daemon [_thread_blocked, id=24990, stack(0x00007f1c48408000,0x00007f1c48509000)]
  0x00007f1c6009b800 JavaThread "Service Thread" daemon [_thread_blocked, id=24991, stack(0x00007f1c48307000,0x00007f1c48408000)]
  0x00007f1c600a4800 JavaThread "Common-Cleaner" daemon [_thread_blocked, id=24993, stack(0x00007f1c48104000,0x00007f1c48205000)]

Other Threads:
=>0x00007f1c6004e000 VMThread "VM Thread" [stack: 0x00007f1c641af000,0x00007f1c642af000] [id=24984]
  0x00007f1c6009e000 WatcherThread [stack: 0x00007f1c48207000,0x00007f1c48307000] [id=24992]

Threads with active compile tasks:

VM state:at safepoint (normal execution)

VM Mutex/Monitor currently owned by a thread:  ([mutex/lock_event])
[0x00007f1c600118d0] Threads_lock - owner thread: 0x00007f1c6004e000
[0x00007f1c600120b0] Heap_lock - owner thread: 0x00007f1c60015800

Heap address: 0x00000000e0e00000, size: 498 MB, Compressed Oops mode: 32-bit
Narrow klass base: 0x0000000800000000, Narrow klass shift: 3
Compressed class space size: 1073741824 Address: 0x0000000840000000

Heap:
 def new generation   total 9792K, used 8704K [0x00000000e0e00000, 0x00000000e18a0000, 0x00000000eb400000)
  eden space 8704K, 100% used [0x00000000e0e00000, 0x00000000e1680000, 0x00000000e1680000)
  from space 1088K,   0% used [0x00000000e1680000, 0x00000000e1680000, 0x00000000e1790000)
  to   space 1088K,   9% used [0x00000000e1790000, 0x00000000e17a88c8, 0x00000000e18a0000)
 tenured generation   total 21888K, used 0K [0x00000000eb400000, 0x00000000ec960000, 0x0000000100000000)
   the space 21888K,   0% used [0x00000000eb400000, 0x00000000eb400000, 0x00000000eb400200, 0x00000000ec960000)
 Metaspace       used 232K, capacity 4486K, committed 4864K, reserved 1056768K
  class space    used 5K, capacity 386K, committed 512K, reserved 1048576K

Card table byte_map: [0x00007f1c64bd4000,0x00007f1c64cce000] _byte_map_base: 0x00007f1c644cd000

Polling page: 0x00007f1c68d03000

Metaspace:

Usage:
  Non-class:      4.00 MB capacity,   226.98 KB (  6%) used,     3.78 MB ( 94%) free+waste,   128 bytes ( <1%) overhead. 
      Class:    386.00 KB capacity,     5.67 KB (  1%) used,   380.20 KB ( 98%) free+waste,   128 bytes ( <1%) overhead. 
       Both:      4.38 MB capacity,   232.65 KB (  5%) used,     4.15 MB ( 95%) free+waste,   256 bytes ( <1%) overhead. 

Virtual space:
  Non-class space:        8.00 MB reserved,       4.25 MB ( 53%) committed 
      Class space:        1.00 GB reserved,     512.00 KB ( <1%) committed 
             Both:        1.01 GB reserved,       4.75 MB ( <1%) committed 

Chunk freelists:
   Non-Class:  0 bytes
       Class:  0 bytes
        Both:  0 bytes

MaxMetaspaceSize: unlimited
CompressedClassSpaceSize: 1.00 GB

CodeHeap 'non-profiled nmethods': size=120036Kb used=60Kb max_used=60Kb free=119976Kb
 bounds [0x00007f1c503d4000, 0x00007f1c50644000, 0x00007f1c5790d000]
CodeHeap 'profiled nmethods': size=120032Kb used=237Kb max_used=237Kb free=119794Kb
 bounds [0x00007f1c48e9c000, 0x00007f1c4910c000, 0x00007f1c503d4000]
CodeHeap 'non-nmethods': size=5692Kb used=986Kb max_used=1008Kb free=4705Kb
 bounds [0x00007f1c4890d000, 0x00007f1c48b7d000, 0x00007f1c48e9c000]
 total_blobs=490 nmethods=161 adapters=155
 compilation: enabled
              stopped_count=0, restarted_count=0
 full_count=0

Compilation events (20 events):
Event: 1.221 Thread 0x00007f1c6005c800  175       4       java.lang.String::checkBoundsOffCount (61 bytes)
Event: 1.222 Thread 0x00007f1c6005c800 nmethod 175 0x00007f1c503db810 code [0x00007f1c503db9a0, 0x00007f1c503dba38]
Event: 1.223 Thread 0x00007f1c6005c800  176       4       java.lang.StringLatin1::inflate (34 bytes)
Event: 1.234 Thread 0x00007f1c6005c800 nmethod 176 0x00007f1c503dbb10 code [0x00007f1c503dbca0, 0x00007f1c503dbd98]
Event: 1.234 Thread 0x00007f1c6005c800  177   !   4       java.io.PrintStream::write (83 bytes)
Event: 2.564 Thread 0x00007f1c6005c800 nmethod 177 0x00007f1c503dbe90 code [0x00007f1c503dc140, 0x00007f1c503de8f0]
Event: 2.565 Thread 0x00007f1c6005c800  178   !   4       java.io.BufferedWriter::write (117 bytes)
Event: 2.874 Thread 0x00007f1c6005c800 nmethod 178 0x00007f1c503e0210 code [0x00007f1c503e03c0, 0x00007f1c503e0b78]
Event: 2.875 Thread 0x00007f1c6005c800  186       4       sun.nio.cs.UTF_8$Encoder::encodeArrayLoop (489 bytes)
Event: 2.969 Thread 0x00007f1c6005c800 nmethod 186 0x00007f1c503e1090 code [0x00007f1c503e1240, 0x00007f1c503e1618]
Event: 2.969 Thread 0x00007f1c6005c800  195       4       java.lang.Integer::toString (55 bytes)
Event: 2.987 Thread 0x00007f1c6005c800 nmethod 195 0x00007f1c503e1a10 code [0x00007f1c503e1bc0, 0x00007f1c503e1dd8]
Event: 2.988 Thread 0x00007f1c6005c800  192       4       java.lang.Integer::stringSize (47 bytes)
Event: 2.991 Thread 0x00007f1c6005c800 nmethod 192 0x00007f1c503e1f90 code [0x00007f1c503e2120, 0x00007f1c503e2198]
Event: 2.992 Thread 0x00007f1c6005c800  193       4       java.lang.Integer::getChars (131 bytes)
Event: 3.024 Thread 0x00007f1c6005c800 nmethod 193 0x00007f1c503e2290 code [0x00007f1c503e2420, 0x00007f1c503e2538]
Event: 3.025 Thread 0x00007f1c6005c800  196       4       java.io.PrintStream::print (9 bytes)
Event: 3.026 Thread 0x00007f1c6005c800 nmethod 196 0x00007f1c503e2690 code [0x00007f1c503e2840, 0x00007f1c503e28e8]
Event: 3.026 Thread 0x00007f1c6005c800  194       4       java.io.PrintStream::print (9 bytes)
Event: 3.088 Thread 0x00007f1c6005c800 nmethod 194 0x00007f1c503e2990 code [0x00007f1c503e2b40, 0x00007f1c503e2da8]

GC Heap History (1 events):
Event: 4.667 GC heap before
{Heap before GC invocations=0 (full 0):
 def new generation   total 9792K, used 8704K [0x00000000e0e00000, 0x00000000e18a0000, 0x00000000eb400000)
  eden space 8704K, 100% used [0x00000000e0e00000, 0x00000000e1680000, 0x00000000e1680000)
  from space 1088K,   0% used [0x00000000e1680000, 0x00000000e1680000, 0x00000000e1790000)
  to   space 1088K,   0% used [0x00000000e1790000, 0x00000000e1790000, 0x00000000e18a0000)
 tenured generation   total 21888K, used 0K [0x00000000eb400000, 0x00000000ec960000, 0x0000000100000000)
   the space 21888K,   0% used [0x00000000eb400000, 0x00000000eb400000, 0x00000000eb400200, 0x00000000ec960000)
 Metaspace       used 232K, capacity 4486K, committed 4864K, reserved 1056768K
  class space    used 5K, capacity 386K, committed 512K, reserved 1048576K
}

Deoptimization events (4 events):
Event: 0.487 Thread 0x00007f1c60015800 Uncommon trap: trap_request=0xffffff4d fr.pc=0x00007f1c503d8be0 relative=0x00000000000001c0
Event: 0.487 Thread 0x00007f1c60015800 Uncommon trap: reason=unstable_if action=reinterpret pc=0x00007f1c503d8be0 method=java.lang.String.hashCode()I @ 14 c2
Event: 0.487 Thread 0x00007f1c60015800 DEOPT PACKING pc=0x00007f1c503d8be0 sp=0x00007f1c68cec1b0
Event: 0.487 Thread 0x00007f1c60015800 DEOPT UNPACKING pc=0x00007f1c48935325 sp=0x00007f1c68cec168 mode 2

Classes redefined (0 events):
No events

Internal exceptions (0 events):
No events

Events (20 events):
Event: 0.099 Protecting memory [0x00007f1c48509000,0x00007f1c4850d000] with protection modes 0
Event: 0.104 Thread 0x00007f1c60060800 Thread added: 0x00007f1c60060800
Event: 0.108 Protecting memory [0x00007f1c48408000,0x00007f1c4840c000] with protection modes 0
Event: 0.431 Thread 0x00007f1c6009b800 Thread added: 0x00007f1c6009b800
Event: 0.432 Executing VM operation: EnableBiasedLocking
Event: 0.482 Protecting memory [0x00007f1c48307000,0x00007f1c4830b000] with protection modes 0
Event: 0.482 Executing VM operation: EnableBiasedLocking done
Event: 0.483 loading class jdk/internal/vm/PostVMInitHook
Event: 0.483 loading class jdk/internal/vm/PostVMInitHook done
Event: 0.486 loading class Main
Event: 0.486 loading class Main done
Event: 0.493 loading class jdk/internal/loader/URLClassPath$FileLoader
Event: 0.493 loading class jdk/internal/loader/URLClassPath$FileLoader done
Event: 0.495 loading class jdk/internal/loader/URLClassPath$FileLoader$1
Event: 0.495 loading class jdk/internal/loader/URLClassPath$FileLoader$1 done
Event: 0.497 Thread 0x00007f1c600a4800 Thread added: 0x00007f1c600a4800
Event: 0.499 Protecting memory [0x00007f1c48104000,0x00007f1c48108000] with protection modes 0
Event: 0.499 Executing VM operation: RevokeBias
Event: 0.499 Executing VM operation: RevokeBias done
Event: 4.666 Executing VM operation: GenCollectForAllocation


Dynamic libraries:
e0e00000-e18a0000 rw-p 00000000 00:00 0 
e18a0000-eb400000 ---p 00000000 00:00 0 
eb400000-ec960000 rw-p 00000000 00:00 0 
ec960000-100000000 ---p 00000000 00:00 0 
800000000-800002000 rwxp 00001000 08:01 551457                           /usr/lib/jvm/java-11-openjdk-amd64/lib/server/classes.jsa
800002000-8003b8000 rw-p 00003000 08:01 551457                           /usr/lib/jvm/java-11-openjdk-amd64/lib/server/classes.jsa
8003b8000-800a7f000 r--p 003b9000 08:01 551457                           /usr/lib/jvm/java-11-openjdk-amd64/lib/server/classes.jsa
800a7f000-800a80000 rw-p 00a80000 08:01 551457                           /usr/lib/jvm/java-11-openjdk-amd64/lib/server/classes.jsa
800a80000-80108c000 r--p 00a81000 08:01 551457                           /usr/lib/jvm/java-11-openjdk-amd64/lib/server/classes.jsa
840000000-840080000 rw-p 00000000 00:00 0 
840080000-880000000 ---p 00000000 00:00 0 
55e995b89000-55e995b8a000 r-xp 00000000 08:01 551084                     /usr/lib/jvm/java-11-openjdk-amd64/bin/java
55e995d8a000-55e995d8b000 r--p 00001000 08:01 551084                     /usr/lib/jvm/java-11-openjdk-amd64/bin/java
55e995d8b000-55e995d8c000 rw-p 00002000 08:01 551084                     /usr/lib/jvm/java-11-openjdk-amd64/bin/java
55e996498000-55e9964b9000 rw-p 00000000 00:00 0                          [heap]
7f1c24000000-7f1c24021000 rw-p 00000000 00:00 0 
7f1c24021000-7f1c28000000 ---p 00000000 00:00 0 
7f1c2c000000-7f1c2c57e000 rw-p 00000000 00:00 0 
7f1c2c57e000-7f1c30000000 ---p 00000000 00:00 0 
7f1c30000000-7f1c300b1000 rw-p 00000000 00:00 0 
7f1c300b1000-7f1c34000000 ---p 00000000 00:00 0 
7f1c34000000-7f1c34021000 rw-p 00000000 00:00 0 
7f1c34021000-7f1c38000000 ---p 00000000 00:00 0 
7f1c3b5e9000-7f1c3c000000 r--p 00000000 08:01 660771                     /usr/lib/locale/locale-archive
7f1c3c000000-7f1c3c021000 rw-p 00000000 00:00 0 
7f1c3c021000-7f1c40000000 ---p 00000000 00:00 0 
7f1c40000000-7f1c40021000 rw-p 00000000 00:00 0 
7f1c40021000-7f1c44000000 ---p 00000000 00:00 0 
7f1c44000000-7f1c44021000 rw-p 00000000 00:00 0 
7f1c44021000-7f1c48000000 ---p 00000000 00:00 0 
7f1c48104000-7f1c48108000 ---p 00000000 00:00 0 
7f1c48108000-7f1c48205000 rw-p 00000000 00:00 0 
7f1c48205000-7f1c48206000 ---p 00000000 00:00 0 
7f1c48206000-7f1c48307000 rw-p 00000000 00:00 0 
7f1c48307000-7f1c4830b000 ---p 00000000 00:00 0 
7f1c4830b000-7f1c48408000 rw-p 00000000 00:00 0 
7f1c48408000-7f1c4840c000 ---p 00000000 00:00 0 
7f1c4840c000-7f1c48509000 rw-p 00000000 00:00 0 
7f1c48509000-7f1c4850d000 ---p 00000000 00:00 0 
7f1c4850d000-7f1c4860a000 rw-p 00000000 00:00 0 
7f1c4860a000-7f1c4860e000 ---p 00000000 00:00 0 
7f1c4860e000-7f1c4870b000 rw-p 00000000 00:00 0 
7f1c4870b000-7f1c4870f000 ---p 00000000 00:00 0 
7f1c4870f000-7f1c4880c000 rw-p 00000000 00:00 0 
7f1c4880c000-7f1c48810000 ---p 00000000 00:00 0 
7f1c48810000-7f1c4890d000 rw-p 00000000 00:00 0 
7f1c4890d000-7f1c48b7d000 rwxp 00000000 00:00 0 
7f1c48b7d000-7f1c48e9c000 ---p 00000000 00:00 0 
7f1c48e9c000-7f1c4910c000 rwxp 00000000 00:00 0 
7f1c4910c000-7f1c503d4000 ---p 00000000 00:00 0 
7f1c503d4000-7f1c50644000 rwxp 00000000 00:00 0 
7f1c50644000-7f1c5790d000 ---p 00000000 00:00 0 
7f1c5790d000-7f1c60000000 r--s 00000000 08:01 551289                     /usr/lib/jvm/java-11-openjdk-amd64/lib/modules
7f1c60000000-7f1c600ac000 rw-p 00000000 00:00 0 
7f1c600ac000-7f1c64000000 ---p 00000000 00:00 0 
7f1c640ac000-7f1c640b0000 ---p 00000000 00:00 0 
7f1c640b0000-7f1c641ad000 rw-p 00000000 00:00 0 
7f1c641ad000-7f1c641ae000 ---p 00000000 00:00 0 
7f1c641ae000-7f1c647f3000 rw-p 00000000 00:00 0 
7f1c647f3000-7f1c64bb3000 ---p 00000000 00:00 0 
7f1c64bb3000-7f1c64bda000 rw-p 00000000 00:00 0 
7f1c64bda000-7f1c64c27000 ---p 00000000 00:00 0 
7f1c64c27000-7f1c64c32000 rw-p 00000000 00:00 0 
7f1c64c32000-7f1c64ccd000 ---p 00000000 00:00 0 
7f1c64ccd000-7f1c64cd3000 rw-p 00000000 00:00 0 
7f1c64cd3000-7f1c64db9000 ---p 00000000 00:00 0 
7f1c64db9000-7f1c64dbe000 rw-p 00000000 00:00 0 
7f1c64dbe000-7f1c64ea4000 ---p 00000000 00:00 0 
7f1c64ea4000-7f1c64ea9000 r-xp 00000000 08:01 551271                     /usr/lib/jvm/java-11-openjdk-amd64/lib/libjimage.so
7f1c64ea9000-7f1c650a8000 ---p 00005000 08:01 551271                     /usr/lib/jvm/java-11-openjdk-amd64/lib/libjimage.so
7f1c650a8000-7f1c650a9000 r--p 00004000 08:01 551271                     /usr/lib/jvm/java-11-openjdk-amd64/lib/libjimage.so
7f1c650a9000-7f1c650aa000 rw-p 00005000 08:01 551271                     /usr/lib/jvm/java-11-openjdk-amd64/lib/libjimage.so
7f1c650aa000-7f1c650b1000 r-xp 00000000 08:01 551288                     /usr/lib/jvm/java-11-openjdk-amd64/lib/libzip.so
7f1c650b1000-7f1c652b0000 ---p 00007000 08:01 551288                     /usr/lib/jvm/java-11-openjdk-amd64/lib/libzip.so
7f1c652b0000-7f1c652b1000 r--p 00006000 08:01 551288                     /usr/lib/jvm/java-11-openjdk-amd64/lib/libzip.so
7f1c652b1000-7f1c652b2000 rw-p 00007000 08:01 551288                     /usr/lib/jvm/java-11-openjdk-amd64/lib/libzip.so
7f1c652b2000-7f1c652bd000 r-xp 00000000 08:01 399660                     /lib/x86_64-linux-gnu/libnss_files-2.27.so
7f1c652bd000-7f1c654bc000 ---p 0000b000 08:01 399660                     /lib/x86_64-linux-gnu/libnss_files-2.27.so
7f1c654bc000-7f1c654bd000 r--p 0000a000 08:01 399660                     /lib/x86_64-linux-gnu/libnss_files-2.27.so
7f1c654bd000-7f1c654be000 rw-p 0000b000 08:01 399660                     /lib/x86_64-linux-gnu/libnss_files-2.27.so
7f1c654be000-7f1c654c4000 rw-p 00000000 00:00 0 
7f1c654c4000-7f1c654db000 r-xp 00000000 08:01 399654                     /lib/x86_64-linux-gnu/libnsl-2.27.so
7f1c654db000-7f1c656da000 ---p 00017000 08:01 399654                     /lib/x86_64-linux-gnu/libnsl-2.27.so
7f1c656da000-7f1c656db000 r--p 00016000 08:01 399654                     /lib/x86_64-linux-gnu/libnsl-2.27.so
7f1c656db000-7f1c656dc000 rw-p 00017000 08:01 399654                     /lib/x86_64-linux-gnu/libnsl-2.27.so
7f1c656dc000-7f1c656de000 rw-p 00000000 00:00 0 
7f1c656de000-7f1c656e9000 r-xp 00000000 08:01 399671                     /lib/x86_64-linux-gnu/libnss_nis-2.27.so
7f1c656e9000-7f1c658e8000 ---p 0000b000 08:01 399671                     /lib/x86_64-linux-gnu/libnss_nis-2.27.so
7f1c658e8000-7f1c658e9000 r--p 0000a000 08:01 399671                     /lib/x86_64-linux-gnu/libnss_nis-2.27.so
7f1c658e9000-7f1c658ea000 rw-p 0000b000 08:01 399671                     /lib/x86_64-linux-gnu/libnss_nis-2.27.so
7f1c658ea000-7f1c658f2000 r-xp 00000000 08:01 399656                     /lib/x86_64-linux-gnu/libnss_compat-2.27.so
7f1c658f2000-7f1c65af2000 ---p 00008000 08:01 399656                     /lib/x86_64-linux-gnu/libnss_compat-2.27.so
7f1c65af2000-7f1c65af3000 r--p 00008000 08:01 399656                     /lib/x86_64-linux-gnu/libnss_compat-2.27.so
7f1c65af3000-7f1c65af4000 rw-p 00009000 08:01 399656                     /lib/x86_64-linux-gnu/libnss_compat-2.27.so
7f1c65af4000-7f1c65b1d000 r-xp 00000000 08:01 551267                     /usr/lib/jvm/java-11-openjdk-amd64/lib/libjava.so
7f1c65b1d000-7f1c65d1c000 ---p 00029000 08:01 551267                     /usr/lib/jvm/java-11-openjdk-amd64/lib/libjava.so
7f1c65d1c000-7f1c65d1d000 r--p 00028000 08:01 551267                     /usr/lib/jvm/java-11-openjdk-amd64/lib/libjava.so
7f1c65d1d000-7f1c65d1f000 rw-p 00029000 08:01 551267                     /usr/lib/jvm/java-11-openjdk-amd64/lib/libjava.so
7f1c65d1f000-7f1c65d2c000 r-xp 00000000 08:01 551287                     /usr/lib/jvm/java-11-openjdk-amd64/lib/libverify.so
7f1c65d2c000-7f1c65f2b000 ---p 0000d000 08:01 551287                     /usr/lib/jvm/java-11-openjdk-amd64/lib/libverify.so
7f1c65f2b000-7f1c65f2d000 r--p 0000c000 08:01 551287                     /usr/lib/jvm/java-11-openjdk-amd64/lib/libverify.so
7f1c65f2d000-7f1c65f2e000 rw-p 0000e000 08:01 551287                     /usr/lib/jvm/java-11-openjdk-amd64/lib/libverify.so
7f1c65f2e000-7f1c65f35000 r-xp 00000000 08:01 399711                     /lib/x86_64-linux-gnu/librt-2.27.so
7f1c65f35000-7f1c66134000 ---p 00007000 08:01 399711                     /lib/x86_64-linux-gnu/librt-2.27.so
7f1c66134000-7f1c66135000 r--p 00006000 08:01 399711                     /lib/x86_64-linux-gnu/librt-2.27.so
7f1c66135000-7f1c66136000 rw-p 00007000 08:01 399711                     /lib/x86_64-linux-gnu/librt-2.27.so
7f1c66136000-7f1c6614d000 r-xp 00000000 08:01 399607                     /lib/x86_64-linux-gnu/libgcc_s.so.1
7f1c6614d000-7f1c6634c000 ---p 00017000 08:01 399607                     /lib/x86_64-linux-gnu/libgcc_s.so.1
7f1c6634c000-7f1c6634d000 r--p 00016000 08:01 399607                     /lib/x86_64-linux-gnu/libgcc_s.so.1
7f1c6634d000-7f1c6634e000 rw-p 00017000 08:01 399607                     /lib/x86_64-linux-gnu/libgcc_s.so.1
7f1c6634e000-7f1c664eb000 r-xp 00000000 08:01 399633                     /lib/x86_64-linux-gnu/libm-2.27.so
7f1c664eb000-7f1c666ea000 ---p 0019d000 08:01 399633                     /lib/x86_64-linux-gnu/libm-2.27.so
7f1c666ea000-7f1c666eb000 r--p 0019c000 08:01 399633                     /lib/x86_64-linux-gnu/libm-2.27.so
7f1c666eb000-7f1c666ec000 rw-p 0019d000 08:01 399633                     /lib/x86_64-linux-gnu/libm-2.27.so
7f1c666ec000-7f1c66865000 r-xp 00000000 08:01 665875                     /usr/lib/x86_64-linux-gnu/libstdc++.so.6.0.25
7f1c66865000-7f1c66a65000 ---p 00179000 08:01 665875                     /usr/lib/x86_64-linux-gnu/libstdc++.so.6.0.25
7f1c66a65000-7f1c66a6f000 r--p 00179000 08:01 665875                     /usr/lib/x86_64-linux-gnu/libstdc++.so.6.0.25
7f1c66a6f000-7f1c66a71000 rw-p 00183000 08:01 665875                     /usr/lib/x86_64-linux-gnu/libstdc++.so.6.0.25
7f1c66a71000-7f1c66a75000 rw-p 00000000 00:00 0 
7f1c66a75000-7f1c67b52000 r-xp 00000000 08:01 551294                     /usr/lib/jvm/java-11-openjdk-amd64/lib/server/libjvm.so
7f1c67b52000-7f1c67d51000 ---p 010dd000 08:01 551294                     /usr/lib/jvm/java-11-openjdk-amd64/lib/server/libjvm.so
7f1c67d51000-7f1c67e0e000 r--p 010dc000 08:01 551294                     /usr/lib/jvm/java-11-openjdk-amd64/lib/server/libjvm.so
7f1c67e0e000-7f1c67e48000 rw-p 01199000 08:01 551294                     /usr/lib/jvm/java-11-openjdk-amd64/lib/server/libjvm.so
7f1c67e48000-7f1c67e9e000 rw-p 00000000 00:00 0 
7f1c67e9e000-7f1c67eb8000 r-xp 00000000 08:01 399703                     /lib/x86_64-linux-gnu/libpthread-2.27.so
7f1c67eb8000-7f1c680b7000 ---p 0001a000 08:01 399703                     /lib/x86_64-linux-gnu/libpthread-2.27.so
7f1c680b7000-7f1c680b8000 r--p 00019000 08:01 399703                     /lib/x86_64-linux-gnu/libpthread-2.27.so
7f1c680b8000-7f1c680b9000 rw-p 0001a000 08:01 399703                     /lib/x86_64-linux-gnu/libpthread-2.27.so
7f1c680b9000-7f1c680bd000 rw-p 00000000 00:00 0 
7f1c680bd000-7f1c680c0000 r-xp 00000000 08:01 399593                     /lib/x86_64-linux-gnu/libdl-2.27.so
7f1c680c0000-7f1c682bf000 ---p 00003000 08:01 399593                     /lib/x86_64-linux-gnu/libdl-2.27.so
7f1c682bf000-7f1c682c0000 r--p 00002000 08:01 399593                     /lib/x86_64-linux-gnu/libdl-2.27.so
7f1c682c0000-7f1c682c1000 rw-p 00003000 08:01 399593                     /lib/x86_64-linux-gnu/libdl-2.27.so
7f1c682c1000-7f1c682dd000 r-xp 00000000 08:01 399742                     /lib/x86_64-linux-gnu/libz.so.1.2.11
7f1c682dd000-7f1c684dc000 ---p 0001c000 08:01 399742                     /lib/x86_64-linux-gnu/libz.so.1.2.11
7f1c684dc000-7f1c684dd000 r--p 0001b000 08:01 399742                     /lib/x86_64-linux-gnu/libz.so.1.2.11
7f1c684dd000-7f1c684de000 rw-p 0001c000 08:01 399742                     /lib/x86_64-linux-gnu/libz.so.1.2.11
7f1c684de000-7f1c686c5000 r-xp 00000000 08:01 399570                     /lib/x86_64-linux-gnu/libc-2.27.so
7f1c686c5000-7f1c688c5000 ---p 001e7000 08:01 399570                     /lib/x86_64-linux-gnu/libc-2.27.so
7f1c688c5000-7f1c688c9000 r--p 001e7000 08:01 399570                     /lib/x86_64-linux-gnu/libc-2.27.so
7f1c688c9000-7f1c688cb000 rw-p 001eb000 08:01 399570                     /lib/x86_64-linux-gnu/libc-2.27.so
7f1c688cb000-7f1c688cf000 rw-p 00000000 00:00 0 
7f1c688cf000-7f1c688df000 r-xp 00000000 08:01 551251                     /usr/lib/jvm/java-11-openjdk-amd64/lib/jli/libjli.so
7f1c688df000-7f1c68ade000 ---p 00010000 08:01 551251                     /usr/lib/jvm/java-11-openjdk-amd64/lib/jli/libjli.so
7f1c68ade000-7f1c68adf000 r--p 0000f000 08:01 551251                     /usr/lib/jvm/java-11-openjdk-amd64/lib/jli/libjli.so
7f1c68adf000-7f1c68ae0000 rw-p 00010000 08:01 551251                     /usr/lib/jvm/java-11-openjdk-amd64/lib/jli/libjli.so
7f1c68ae0000-7f1c68b07000 r-xp 00000000 08:01 399542                     /lib/x86_64-linux-gnu/ld-2.27.so
7f1c68b1a000-7f1c68b46000 rw-p 00000000 00:00 0 
7f1c68b46000-7f1c68be2000 ---p 00000000 00:00 0 
7f1c68be2000-7f1c68be7000 rw-p 00000000 00:00 0 
7f1c68be7000-7f1c68bee000 ---p 00000000 00:00 0 
7f1c68bee000-7f1c68bf2000 ---p 00000000 00:00 0 
7f1c68bf2000-7f1c68cf1000 rw-p 00000000 00:00 0 
7f1c68cf9000-7f1c68cfb000 r--s 00007000 08:01 551452                     /usr/share/java/java-atk-wrapper.jar
7f1c68cfb000-7f1c68d03000 rw-s 00000000 08:01 1052441                    /tmp/hsperfdata_yiyun/24982
7f1c68d03000-7f1c68d04000 ---p 00000000 00:00 0 
7f1c68d04000-7f1c68d05000 r--p 00000000 00:00 0 
7f1c68d05000-7f1c68d07000 rw-p 00000000 00:00 0 
7f1c68d07000-7f1c68d08000 r--p 00027000 08:01 399542                     /lib/x86_64-linux-gnu/ld-2.27.so
7f1c68d08000-7f1c68d09000 rw-p 00028000 08:01 399542                     /lib/x86_64-linux-gnu/ld-2.27.so
7f1c68d09000-7f1c68d0a000 rw-p 00000000 00:00 0 
7ffc55f12000-7ffc55f33000 rw-p 00000000 00:00 0                          [stack]
7ffc55fd5000-7ffc55fd8000 r--p 00000000 00:00 0                          [vvar]
7ffc55fd8000-7ffc55fd9000 r-xp 00000000 00:00 0                          [vdso]
ffffffffff600000-ffffffffff601000 r-xp 00000000 00:00 0                  [vsyscall]


VM Arguments:
jvm_args: -Xverify:none 
java_command: Main
java_class_path (initial): .
Launcher Type: SUN_STANDARD

[Global flags]
     bool BytecodeVerificationLocal                = false                                     {product} {command line}
     bool BytecodeVerificationRemote               = false                                     {product} {command line}
     intx CICompilerCount                          = 2                                         {product} {ergonomic}
   size_t InitialHeapSize                          = 33554432                                  {product} {ergonomic}
   size_t MaxHeapSize                              = 522190848                                 {product} {ergonomic}
   size_t MaxNewSize                               = 174063616                                 {product} {ergonomic}
   size_t MinHeapDeltaBytes                        = 196608                                    {product} {ergonomic}
   size_t NewSize                                  = 11141120                                  {product} {ergonomic}
    uintx NonNMethodCodeHeapSize                   = 5825164                                {pd product} {ergonomic}
    uintx NonProfiledCodeHeapSize                  = 122916538                              {pd product} {ergonomic}
   size_t OldSize                                  = 22413312                                  {product} {ergonomic}
    uintx ProfiledCodeHeapSize                     = 122916538                              {pd product} {ergonomic}
    uintx ReservedCodeCacheSize                    = 251658240                              {pd product} {ergonomic}
     bool SegmentedCodeCache                       = true                                      {product} {ergonomic}
     bool UseCompressedClassPointers               = true                                 {lp64_product} {ergonomic}
     bool UseCompressedOops                        = true                                 {lp64_product} {ergonomic}
     bool UseSerialGC                              = true                                      {product} {ergonomic}

Logging:
Log output configuration:
 #0: stdout all=warning uptime,level,tags
 #1: stderr all=off uptime,level,tags

Environment Variables:
PATH=/home/yiyun/.local/bin:/usr/local/sbin:/usr/local/bin:/usr/sbin:/usr/bin:/sbin:/bin:/usr/games:/usr/local/games:/snap/bin
USERNAME=yiyun
SHELL=/bin/bash
DISPLAY=:0

Signal Handlers:
SIGSEGV: [libjvm.so+0xdf8d00], sa_mask[0]=11111111011111111101111111111110, sa_flags=SA_RESTART|SA_SIGINFO
SIGBUS: [libjvm.so+0xdf8d00], sa_mask[0]=11111111011111111101111111111110, sa_flags=SA_RESTART|SA_SIGINFO
SIGFPE: [libjvm.so+0xdf8d00], sa_mask[0]=11111111011111111101111111111110, sa_flags=SA_RESTART|SA_SIGINFO
SIGPIPE: [libjvm.so+0xbcbc30], sa_mask[0]=11111111011111111101111111111110, sa_flags=SA_RESTART|SA_SIGINFO
SIGXFSZ: [libjvm.so+0xbcbc30], sa_mask[0]=11111111011111111101111111111110, sa_flags=SA_RESTART|SA_SIGINFO
SIGILL: [libjvm.so+0xdf8d00], sa_mask[0]=11111111011111111101111111111110, sa_flags=SA_RESTART|SA_SIGINFO
SIGUSR2: [libjvm.so+0xbcbad0], sa_mask[0]=00000000000000000000000000000000, sa_flags=SA_RESTART|SA_SIGINFO
SIGHUP: [libjvm.so+0xbcbe30], sa_mask[0]=11111111011111111101111111111110, sa_flags=SA_RESTART|SA_SIGINFO
SIGINT: [libjvm.so+0xbcbe30], sa_mask[0]=11111111011111111101111111111110, sa_flags=SA_RESTART|SA_SIGINFO
SIGTERM: [libjvm.so+0xbcbe30], sa_mask[0]=11111111011111111101111111111110, sa_flags=SA_RESTART|SA_SIGINFO
SIGQUIT: [libjvm.so+0xbcbe30], sa_mask[0]=11111111011111111101111111111110, sa_flags=SA_RESTART|SA_SIGINFO


---------------  S Y S T E M  ---------------

OS:DISTRIB_ID=Ubuntu
DISTRIB_RELEASE=18.04
DISTRIB_CODENAME=bionic
DISTRIB_DESCRIPTION="Ubuntu 18.04.3 LTS"
uname:Linux 5.0.0-36-generic #39~18.04.1-Ubuntu SMP Tue Nov 12 11:09:50 UTC 2019 x86_64
OS uptime: 1 days 8:07 hours
libc:glibc 2.27 NPTL 2.27 
rlimit: STACK 8192k, CORE 0k, NPROC 7775, NOFILE 4096, AS infinity, CPU infinity, DATA infinity, FSIZE infinity
load average:2.29 2.11 2.28

/proc/meminfo:
MemTotal:        2038764 kB
MemFree:           64488 kB
MemAvailable:     423728 kB
Buffers:           24464 kB
Cached:           497108 kB
SwapCached:        47200 kB
Active:          1218396 kB
Inactive:         526316 kB
Active(anon):     962700 kB
Inactive(anon):   312392 kB
Active(file):     255696 kB
Inactive(file):   213924 kB
Unevictable:          16 kB
Mlocked:              16 kB
SwapTotal:        969960 kB
SwapFree:         381672 kB
Dirty:               472 kB
Writeback:             0 kB
AnonPages:       1221292 kB
Mapped:           201568 kB
Shmem:             60472 kB
KReclaimable:      42428 kB
Slab:              83764 kB
SReclaimable:      42428 kB
SUnreclaim:        41336 kB
KernelStack:       10640 kB
PageTables:        54728 kB
NFS_Unstable:          0 kB
Bounce:                0 kB
WritebackTmp:          0 kB
CommitLimit:     1989340 kB
Committed_AS:    6787508 kB
VmallocTotal:   34359738367 kB
VmallocUsed:           0 kB
VmallocChunk:          0 kB
Percpu:              304 kB
HardwareCorrupted:     0 kB
AnonHugePages:         0 kB
ShmemHugePages:        0 kB
ShmemPmdMapped:        0 kB
CmaTotal:              0 kB
CmaFree:               0 kB
HugePages_Total:       0
HugePages_Free:        0
HugePages_Rsvd:        0
HugePages_Surp:        0
Hugepagesize:       2048 kB
Hugetlb:               0 kB
DirectMap4k:      155584 kB
DirectMap2M:     1941504 kB


/proc/sys/kernel/threads-max (system-wide limit on the number of threads):
15550


/proc/sys/vm/max_map_count (maximum number of memory map areas a process may have):
65530


/proc/sys/kernel/pid_max (system-wide limit on number of process identifiers):
32768



container (cgroup) information:
container_type: cgroupv1
cpu_cpuset_cpus: 0
cpu_memory_nodes: 0
active_processor_count: 1
cpu_quota: -1
cpu_period: 100000
cpu_shares: -1
memory_limit_in_bytes: -1
memory_and_swap_limit_in_bytes: -2
memory_soft_limit_in_bytes: -1
memory_usage_in_bytes: 1785937920
memory_max_usage_in_bytes: 49299456

KVM virtualization detected
Steal ticks since vm start: 0
Steal ticks percentage since vm start:  0.000

CPU:total 1 (initial active 1) (1 cores per cpu, 1 threads per core) family 6 model 142 stepping 11, cmov, cx8, fxsr, mmx, sse, sse2, sse3, ssse3, sse4.1, sse4.2, popcnt, avx, avx2, aes, clmul, 3dnowpref, lzcnt, tsc, tscinvbit
CPU Model and flags from /proc/cpuinfo:
model name	: Intel(R) Core(TM) i5-8265U CPU @ 1.60GHz
flags		: fpu vme de pse tsc msr pae mce cx8 apic sep mtrr pge mca cmov pat pse36 clflush mmx fxsr sse sse2 ht syscall nx rdtscp lm constant_tsc rep_good nopl xtopology nonstop_tsc cpuid tsc_known_freq pni pclmulqdq monitor ssse3 cx16 pcid sse4_1 sse4_2 x2apic movbe popcnt aes xsave avx rdrand hypervisor lahf_lm abm 3dnowprefetch invpcid_single fsgsbase avx2 invpcid rdseed clflushopt flush_l1d arch_capabilities

Memory: 4k page, physical 2038764k(64488k free), swap 969960k(381672k free)

vm_info: OpenJDK 64-Bit Server VM (11.0.7+10-post-Ubuntu-2ubuntu218.04) for linux-amd64 JRE (11.0.7+10-post-Ubuntu-2ubuntu218.04), built on Apr 15 2020 21:12:54 by "unknown" with gcc 7.5.0

END.
