#
# A fatal error has been detected by the Java Runtime Environment:
#
#  SIGSEGV (0xb) at pc=0x00007f89ec91fd5a, pid=25735, tid=25736
#
# JRE version: OpenJDK Runtime Environment (11.0.7+10) (build 11.0.7+10-post-Ubuntu-2ubuntu218.04)
# Java VM: OpenJDK 64-Bit Server VM (11.0.7+10-post-Ubuntu-2ubuntu218.04, mixed mode, sharing, tiered, compressed oops, serial gc, linux-amd64)
# Problematic frame:
# j  Main.main([Ljava/lang/String;)V+2
#
# Core dump will be written. Default location: Core dumps may be processed with "/usr/share/apport/apport %p %s %c %d %P %E" (or dumping to /home/yiyun/Compiler_Jasmin/Compiler_StudentID_HW3/core.25735)
#
# If you would like to submit a bug report, please visit:
#   https://bugs.launchpad.net/ubuntu/+source/openjdk-lts
#

---------------  S U M M A R Y ------------

Command Line: -Xverify:none Main

Host: Intel(R) Core(TM) i5-8265U CPU @ 1.60GHz, 1 cores, 1G, Ubuntu 18.04.3 LTS
Time: Mon May 25 21:56:58 2020 CST elapsed time: 0 seconds (0d 0h 0m 0s)

---------------  T H R E A D  ---------------

Current thread (0x00007f8a04015800):  JavaThread "main" [_thread_in_Java, id=25736, stack(0x00007f8a0c12b000,0x00007f8a0c22c000)]

Stack: [0x00007f8a0c12b000,0x00007f8a0c22c000],  sp=0x00007f8a0c22a698,  free space=1021k
Native frames: (J=compiled Java code, A=aot compiled Java code, j=interpreted, Vv=VM code, C=native code)
j  Main.main([Ljava/lang/String;)V+2
v  ~StubRoutines::call_stub
V  [libjvm.so+0x84e319]
V  [libjvm.so+0x8ca02d]
V  [libjvm.so+0x8cc4fe]
C  [libjli.so+0x5856]
C  [libjli.so+0x92cd]


siginfo: si_signo: 11 (SIGSEGV), si_code: 1 (SEGV_MAPERR), si_addr: 0x00007f8a1cdb6c42

Register to memory mapping:

RAX=0x000000000c22a688 is an unknown value
RBX=0x000000000c22a688 is an unknown value
RCX=0x00007f89ec50d068 is pointing into metadata
RDX=0x00007f89ec50d212 is pointing into metadata
RSP=0x00007f8a0c22a698 is pointing into the stack for thread: 0x00007f8a04015800
RBP=0x00007f8a0c22a6d0 is pointing into the stack for thread: 0x00007f8a04015800
RSI=
[error occurred during error reporting (printing register info), id 0xb, SIGSEGV (0xb) at pc=0x00007f8a0ac7d16e]

Registers:
RAX=0x000000000c22a688, RBX=0x000000000c22a688, RCX=0x00007f89ec50d068, RDX=0x00007f89ec50d212
RSP=0x00007f8a0c22a698, RBP=0x00007f8a0c22a6d0, RSI=0x00000000e0eec0f0, RDI=0x00007f8a0c22a470
R8 =0x0000000000000001, R9 =0x00007f8a04015800, R10=0x00007f8a0b3c8500, R11=0x00000008003b6f80
R12=0x0000000000000000, R13=0x00007f89ec50d220, R14=0x00007f8a0c22a9f8, R15=0x00007f8a04015800
RIP=0x00007f89ec91fd5a, EFLAGS=0x0000000000010207, CSGSFS=0x002b000000000033, ERR=0x0000000000000004
  TRAPNO=0x000000000000000e

Top of Stack: (sp=0x00007f8a0c22a698)
0x00007f8a0c22a698:   00007f8a0c22a9f8 00007f89ec50d290
0x00007f8a0c22a6a8:   0000000000000000 00000000e0eeb9c8
0x00007f8a0c22a6b8:   00007f89ec50d238 0000000000000000
0x00007f8a0c22a6c8:   00007f8a0c22a9f8 00007f8a0c22aa60 

Instructions: (pc=0x00007f89ec91fd5a)
0x00007f89ec91fc5a:   11 04 24 e9 1d 00 00 00 48 83 ec 10 48 89 04 24
0x00007f89ec91fc6a:   49 ba 00 00 00 00 00 00 00 00 4c 89 54 24 08 e9
0x00007f89ec91fc7a:   01 00 00 00 50 49 8b 46 f0 41 0f b6 5d 01 49 ff
0x00007f89ec91fc8a:   c5 49 ba 00 7d 3c 0b 8a 7f 00 00 41 ff 24 da 0f
0x00007f89ec91fc9a:   1f 80 00 00 00 00 80 00 00 00 00 00 00 00 70 90
0x00007f89ec91fcaa:   e3 0a 8a 7f 00 00 2d 00 00 00 00 00 00 00 00 00
0x00007f89ec91fcba:   00 00 00 00 00 00 50 e9 39 00 00 00 48 83 ec 08
0x00007f89ec91fcca:   c5 fa 11 04 24 e9 2b 00 00 00 48 83 ec 10 c5 fb
0x00007f89ec91fcda:   11 04 24 e9 1d 00 00 00 48 83 ec 10 48 89 04 24
0x00007f89ec91fcea:   49 ba 00 00 00 00 00 00 00 00 4c 89 54 24 08 e9
0x00007f89ec91fcfa:   01 00 00 00 50 49 8b 46 e8 41 0f b6 5d 01 49 ff
0x00007f89ec91fd0a:   c5 49 ba 00 7d 3c 0b 8a 7f 00 00 41 ff 24 da 0f
0x00007f89ec91fd1a:   1f 80 00 00 00 00 60 00 00 00 00 00 00 00 78 90
0x00007f89ec91fd2a:   e3 0a 8a 7f 00 00 2e 00 00 00 00 00 00 00 00 00
0x00007f89ec91fd3a:   00 00 00 00 00 00 8b 04 24 48 83 c4 08 5a 48 63
0x00007f89ec91fd4a:   c0 3b 42 0c 8b d8 72 08 48 8b f2 e9 26 b3 ff ff
0x00007f89ec91fd5a:   8b 44 82 10 41 0f b6 5d 01 49 ff c5 49 ba 00 5d
0x00007f89ec91fd6a:   3c 0b 8a 7f 00 00 41 ff 24 da 0f 1f 40 00 00 00
0x00007f89ec91fd7a:   00 00 00 00 00 00 60 00 00 00 00 00 00 00 7f 90
0x00007f89ec91fd8a:   e3 0a 8a 7f 00 00 2f 00 00 00 00 00 00 00 00 00
0x00007f89ec91fd9a:   00 00 00 00 00 00 8b 04 24 48 83 c4 08 5a 48 63
0x00007f89ec91fdaa:   c0 3b 42 0c 8b d8 72 08 48 8b f2 e9 c6 b2 ff ff
0x00007f89ec91fdba:   48 8b 44 da 10 41 0f b6 5d 01 49 ff c5 49 ba 00
0x00007f89ec91fdca:   65 3c 0b 8a 7f 00 00 41 ff 24 da 66 66 90 00 00
0x00007f89ec91fdda:   00 00 00 00 00 00 60 00 00 00 00 00 00 00 86 90
0x00007f89ec91fdea:   e3 0a 8a 7f 00 00 30 00 00 00 00 00 00 00 00 00
0x00007f89ec91fdfa:   00 00 00 00 00 00 8b 04 24 48 83 c4 08 5a 48 63
0x00007f89ec91fe0a:   c0 3b 42 0c 8b d8 72 08 48 8b f2 e9 66 b2 ff ff
0x00007f89ec91fe1a:   c5 fa 10 44 82 10 41 0f b6 5d 01 49 ff c5 49 ba
0x00007f89ec91fe2a:   00 6d 3c 0b 8a 7f 00 00 41 ff 24 da 66 90 00 00
0x00007f89ec91fe3a:   00 00 00 00 00 00 60 00 00 00 00 00 00 00 8d 90
0x00007f89ec91fe4a:   e3 0a 8a 7f 00 00 31 00 00 00 00 00 00 00 00 00 


Stack slot to memory mapping:
stack at sp + 0 slots: 0x00007f8a0c22a9f8 is pointing into the stack for thread: 0x00007f8a04015800
stack at sp + 1 slots: 0x00007f89ec50d290 is pointing into metadata
stack at sp + 2 slots: 0x0 is NULL
stack at sp + 3 slots: 
[error occurred during error reporting (inspecting top of stack), id 0xb, SIGSEGV (0xb) at pc=0x00007f8a0ac7d16e]

iaload  46 iaload  [0x00007f89ec91fd40, 0x00007f89ec91fd80]  64 bytes

---------------  P R O C E S S  ---------------

Threads class SMR info:
_java_thread_list=0x00007f8a040a60b0, length=9, elements={
0x00007f8a04015800, 0x00007f8a04051000, 0x00007f8a04053000, 0x00007f8a0405a000,
0x00007f8a0405c800, 0x00007f8a0405e800, 0x00007f8a04060800, 0x00007f8a0409b800,
0x00007f8a040a4800
}

Java Threads: ( => current thread )
=>0x00007f8a04015800 JavaThread "main" [_thread_in_Java, id=25736, stack(0x00007f8a0c12b000,0x00007f8a0c22c000)]
  0x00007f8a04051000 JavaThread "Reference Handler" daemon [_thread_blocked, id=25738, stack(0x00007f89ebe89000,0x00007f89ebf8a000)]
  0x00007f8a04053000 JavaThread "Finalizer" daemon [_thread_blocked, id=25739, stack(0x00007f89ebd88000,0x00007f89ebe89000)]
  0x00007f8a0405a000 JavaThread "Signal Dispatcher" daemon [_thread_blocked, id=25740, stack(0x00007f89eb270000,0x00007f89eb371000)]
  0x00007f8a0405c800 JavaThread "C2 CompilerThread0" daemon [_thread_blocked, id=25741, stack(0x00007f89eb16f000,0x00007f89eb270000)]
  0x00007f8a0405e800 JavaThread "C1 CompilerThread0" daemon [_thread_blocked, id=25742, stack(0x00007f89eb06e000,0x00007f89eb16f000)]
  0x00007f8a04060800 JavaThread "Sweeper thread" daemon [_thread_blocked, id=25743, stack(0x00007f89eaf6d000,0x00007f89eb06e000)]
  0x00007f8a0409b800 JavaThread "Service Thread" daemon [_thread_blocked, id=25744, stack(0x00007f89eae6c000,0x00007f89eaf6d000)]
  0x00007f8a040a4800 JavaThread "Common-Cleaner" daemon [_thread_blocked, id=25746, stack(0x00007f89eac69000,0x00007f89ead6a000)]

Other Threads:
  0x00007f8a0404e000 VMThread "VM Thread" [stack: 0x00007f89ebf8c000,0x00007f89ec08c000] [id=25737]
  0x00007f8a0409e000 WatcherThread [stack: 0x00007f89ead6c000,0x00007f89eae6c000] [id=25745]

Threads with active compile tasks:

VM state:not at safepoint (normal execution)

VM Mutex/Monitor currently owned by a thread: None

Heap address: 0x00000000e0e00000, size: 498 MB, Compressed Oops mode: 32-bit
Narrow klass base: 0x0000000800000000, Narrow klass shift: 3
Compressed class space size: 1073741824 Address: 0x0000000840000000

Heap:
 def new generation   total 9792K, used 1044K [0x00000000e0e00000, 0x00000000e18a0000, 0x00000000eb400000)
  eden space 8704K,  12% used [0x00000000e0e00000, 0x00000000e0f05318, 0x00000000e1680000)
  from space 1088K,   0% used [0x00000000e1680000, 0x00000000e1680000, 0x00000000e1790000)
  to   space 1088K,   0% used [0x00000000e1790000, 0x00000000e1790000, 0x00000000e18a0000)
 tenured generation   total 21888K, used 0K [0x00000000eb400000, 0x00000000ec960000, 0x0000000100000000)
   the space 21888K,   0% used [0x00000000eb400000, 0x00000000eb400000, 0x00000000eb400200, 0x00000000ec960000)
 Metaspace       used 172K, capacity 4486K, committed 4864K, reserved 1056768K
  class space    used 5K, capacity 386K, committed 512K, reserved 1048576K

Card table byte_map: [0x00007f8a08111000,0x00007f8a0820b000] _byte_map_base: 0x00007f8a07a0a000

Polling page: 0x00007f8a0c240000

Metaspace:

Usage:
  Non-class:      4.00 MB capacity,   166.84 KB (  4%) used,     3.84 MB ( 96%) free+waste,   128 bytes ( <1%) overhead. 
      Class:    386.00 KB capacity,     5.18 KB (  1%) used,   380.70 KB ( 99%) free+waste,   128 bytes ( <1%) overhead. 
       Both:      4.38 MB capacity,   172.02 KB (  4%) used,     4.21 MB ( 96%) free+waste,   256 bytes ( <1%) overhead. 

Virtual space:
  Non-class space:        8.00 MB reserved,       4.25 MB ( 53%) committed 
      Class space:        1.00 GB reserved,     512.00 KB ( <1%) committed 
             Both:        1.01 GB reserved,       4.75 MB ( <1%) committed 

Chunk freelists:
   Non-Class:  0 bytes
       Class:  0 bytes
        Both:  0 bytes

MaxMetaspaceSize: unlimited
CompressedClassSpaceSize: 1.00 GB

CodeHeap 'non-profiled nmethods': size=120036Kb used=16Kb max_used=16Kb free=120019Kb
 bounds [0x00007f89f43d4000, 0x00007f89f4644000, 0x00007f89fb90d000]
CodeHeap 'profiled nmethods': size=120032Kb used=100Kb max_used=100Kb free=119932Kb
 bounds [0x00007f89ece9c000, 0x00007f89ed10c000, 0x00007f89f43d4000]
CodeHeap 'non-nmethods': size=5692Kb used=986Kb max_used=995Kb free=4705Kb
 bounds [0x00007f89ec90d000, 0x00007f89ecb7d000, 0x00007f89ece9c000]
 total_blobs=368 nmethods=75 adapters=155
 compilation: enabled
              stopped_count=0, restarted_count=0
 full_count=0

Compilation events (20 events):
Event: 0.635 Thread 0x00007f8a0405e800   74       3       java.lang.String::hashCode (49 bytes)
Event: 0.636 Thread 0x00007f8a0405e800 nmethod 74 0x00007f89eceb2810 code [0x00007f89eceb2a00, 0x00007f89eceb2d78]
Event: 0.636 Thread 0x00007f8a0405e800   61       3       java.util.ImmutableCollections$Set12$1::next (92 bytes)
Event: 0.636 Thread 0x00007f8a0405e800 nmethod 61 0x00007f89eceb2e90 code [0x00007f89eceb3060, 0x00007f89eceb3348]
Event: 0.637 Thread 0x00007f8a0405e800   73       3       jdk.internal.module.ModuleBootstrap$2::hasNext (30 bytes)
Event: 0.637 Thread 0x00007f8a0405e800 nmethod 73 0x00007f89eceb3490 code [0x00007f89eceb3660, 0x00007f89eceb3a18]
Event: 0.637 Thread 0x00007f8a0405e800   68       1       java.lang.module.ModuleDescriptor::isOpen (5 bytes)
Event: 0.637 Thread 0x00007f8a0405e800 nmethod 68 0x00007f89f43d7910 code [0x00007f89f43d7ac0, 0x00007f89f43d7bf0]
Event: 0.637 Thread 0x00007f8a0405e800   63       1       java.lang.module.ModuleDescriptor::isAutomatic (5 bytes)
Event: 0.638 Thread 0x00007f8a0405e800 nmethod 63 0x00007f89f43d7c90 code [0x00007f89f43d7e40, 0x00007f89f43d7f70]
Event: 0.638 Thread 0x00007f8a0405e800   72       1       java.lang.Module::getDescriptor (5 bytes)
Event: 0.688 Thread 0x00007f8a0405e800 nmethod 72 0x00007f89f43d8010 code [0x00007f89f43d81c0, 0x00007f89f43d82f0]
Event: 0.689 Thread 0x00007f8a0405e800   75       3       java.lang.String::charAt (25 bytes)
Event: 0.690 Thread 0x00007f8a0405e800 nmethod 75 0x00007f89eceb3b10 code [0x00007f89eceb3d00, 0x00007f89eceb4138]
Event: 0.690 Thread 0x00007f8a0405e800   76       3       java.lang.StringLatin1::charAt (28 bytes)
Event: 0.691 Thread 0x00007f8a0405e800 nmethod 76 0x00007f89eceb4290 code [0x00007f89eceb4460, 0x00007f89eceb46a8]
Event: 0.691 Thread 0x00007f8a0405e800   77       3       java.lang.StringLatin1::canEncode (13 bytes)
Event: 0.691 Thread 0x00007f8a0405e800 nmethod 77 0x00007f89eceb4790 code [0x00007f89eceb4940, 0x00007f89eceb4ad0]
Event: 0.694 Thread 0x00007f8a0405e800   78       3       java.lang.CharacterDataLatin1::getProperties (11 bytes)
Event: 0.695 Thread 0x00007f8a0405e800 nmethod 78 0x00007f89eceb4b90 code [0x00007f89eceb4d40, 0x00007f89eceb4ef0]

GC Heap History (0 events):
No events

Deoptimization events (4 events):
Event: 0.633 Thread 0x00007f8a04015800 Uncommon trap: trap_request=0xffffff4d fr.pc=0x00007f89f43d74e0 relative=0x00000000000001c0
Event: 0.633 Thread 0x00007f8a04015800 Uncommon trap: reason=unstable_if action=reinterpret pc=0x00007f89f43d74e0 method=java.lang.String.hashCode()I @ 14 c2
Event: 0.633 Thread 0x00007f8a04015800 DEOPT PACKING pc=0x00007f89f43d74e0 sp=0x00007f8a0c2291b0
Event: 0.633 Thread 0x00007f8a04015800 DEOPT UNPACKING pc=0x00007f89ec935325 sp=0x00007f8a0c229168 mode 2

Classes redefined (0 events):
No events

Internal exceptions (0 events):
No events

Events (20 events):
Event: 0.164 Thread 0x00007f8a0405e800 Thread added: 0x00007f8a0405e800
Event: 0.164 Protecting memory [0x00007f89eb06e000,0x00007f89eb072000] with protection modes 0
Event: 0.165 Thread 0x00007f8a04060800 Thread added: 0x00007f8a04060800
Event: 0.170 Protecting memory [0x00007f89eaf6d000,0x00007f89eaf71000] with protection modes 0
Event: 0.618 Thread 0x00007f8a0409b800 Thread added: 0x00007f8a0409b800
Event: 0.619 Executing VM operation: EnableBiasedLocking
Event: 0.621 Protecting memory [0x00007f89eae6c000,0x00007f89eae70000] with protection modes 0
Event: 0.625 Executing VM operation: EnableBiasedLocking done
Event: 0.626 loading class jdk/internal/vm/PostVMInitHook
Event: 0.626 loading class jdk/internal/vm/PostVMInitHook done
Event: 0.632 loading class Main
Event: 0.632 loading class Main done
Event: 0.640 loading class jdk/internal/loader/URLClassPath$FileLoader
Event: 0.640 loading class jdk/internal/loader/URLClassPath$FileLoader done
Event: 0.642 loading class jdk/internal/loader/URLClassPath$FileLoader$1
Event: 0.642 loading class jdk/internal/loader/URLClassPath$FileLoader$1 done
Event: 0.693 Thread 0x00007f8a040a4800 Thread added: 0x00007f8a040a4800
Event: 0.698 Protecting memory [0x00007f89eac69000,0x00007f89eac6d000] with protection modes 0
Event: 0.698 Executing VM operation: RevokeBias
Event: 0.699 Executing VM operation: RevokeBias done


Dynamic libraries:
e0e00000-e18a0000 rw-p 00000000 00:00 0 
e18a0000-eb400000 ---p 00000000 00:00 0 
eb400000-ec960000 rw-p 00000000 00:00 0 
ec960000-100000000 ---p 00000000 00:00 0 
800000000-800002000 rwxp 00001000 08:01 551457                           /usr/lib/jvm/java-11-openjdk-amd64/lib/server/classes.jsa
800002000-8003b8000 rw-p 00003000 08:01 551457                           /usr/lib/jvm/java-11-openjdk-amd64/lib/server/classes.jsa
8003b8000-800a7f000 r--p 003b9000 08:01 551457                           /usr/lib/jvm/java-11-openjdk-amd64/lib/server/classes.jsa
800a7f000-800a80000 rw-p 00a80000 08:01 551457                           /usr/lib/jvm/java-11-openjdk-amd64/lib/server/classes.jsa
800a80000-80108c000 r--p 00a81000 08:01 551457                           /usr/lib/jvm/java-11-openjdk-amd64/lib/server/classes.jsa
840000000-840080000 rw-p 00000000 00:00 0 
840080000-880000000 ---p 00000000 00:00 0 
563b5e423000-563b5e424000 r-xp 00000000 08:01 551084                     /usr/lib/jvm/java-11-openjdk-amd64/bin/java
563b5e624000-563b5e625000 r--p 00001000 08:01 551084                     /usr/lib/jvm/java-11-openjdk-amd64/bin/java
563b5e625000-563b5e626000 rw-p 00002000 08:01 551084                     /usr/lib/jvm/java-11-openjdk-amd64/bin/java
563b5f91b000-563b5f93c000 rw-p 00000000 00:00 0                          [heap]
7f89cc000000-7f89cc09e000 rw-p 00000000 00:00 0 
7f89cc09e000-7f89d0000000 ---p 00000000 00:00 0 
7f89d0000000-7f89d0021000 rw-p 00000000 00:00 0 
7f89d0021000-7f89d4000000 ---p 00000000 00:00 0 
7f89d4000000-7f89d4021000 rw-p 00000000 00:00 0 
7f89d4021000-7f89d8000000 ---p 00000000 00:00 0 
7f89d8000000-7f89d8056000 rw-p 00000000 00:00 0 
7f89d8056000-7f89dc000000 ---p 00000000 00:00 0 
7f89dc000000-7f89dc021000 rw-p 00000000 00:00 0 
7f89dc021000-7f89e0000000 ---p 00000000 00:00 0 
7f89e0000000-7f89e0021000 rw-p 00000000 00:00 0 
7f89e0021000-7f89e4000000 ---p 00000000 00:00 0 
7f89e4000000-7f89e4021000 rw-p 00000000 00:00 0 
7f89e4021000-7f89e8000000 ---p 00000000 00:00 0 
7f89eac69000-7f89eac6d000 ---p 00000000 00:00 0 
7f89eac6d000-7f89ead6a000 rw-p 00000000 00:00 0 
7f89ead6a000-7f89ead6b000 ---p 00000000 00:00 0 
7f89ead6b000-7f89eae6c000 rw-p 00000000 00:00 0 
7f89eae6c000-7f89eae70000 ---p 00000000 00:00 0 
7f89eae70000-7f89eaf6d000 rw-p 00000000 00:00 0 
7f89eaf6d000-7f89eaf71000 ---p 00000000 00:00 0 
7f89eaf71000-7f89eb06e000 rw-p 00000000 00:00 0 
7f89eb06e000-7f89eb072000 ---p 00000000 00:00 0 
7f89eb072000-7f89eb16f000 rw-p 00000000 00:00 0 
7f89eb16f000-7f89eb173000 ---p 00000000 00:00 0 
7f89eb173000-7f89eb270000 rw-p 00000000 00:00 0 
7f89eb270000-7f89eb274000 ---p 00000000 00:00 0 
7f89eb274000-7f89eb371000 rw-p 00000000 00:00 0 
7f89eb371000-7f89ebd88000 r--p 00000000 08:01 660771                     /usr/lib/locale/locale-archive
7f89ebd88000-7f89ebd8c000 ---p 00000000 00:00 0 
7f89ebd8c000-7f89ebe89000 rw-p 00000000 00:00 0 
7f89ebe89000-7f89ebe8d000 ---p 00000000 00:00 0 
7f89ebe8d000-7f89ebf8a000 rw-p 00000000 00:00 0 
7f89ebf8a000-7f89ebf8b000 ---p 00000000 00:00 0 
7f89ebf8b000-7f89ec54d000 rw-p 00000000 00:00 0 
7f89ec54d000-7f89ec90d000 ---p 00000000 00:00 0 
7f89ec90d000-7f89ecb7d000 rwxp 00000000 00:00 0 
7f89ecb7d000-7f89ece9c000 ---p 00000000 00:00 0 
7f89ece9c000-7f89ed10c000 rwxp 00000000 00:00 0 
7f89ed10c000-7f89f43d4000 ---p 00000000 00:00 0 
7f89f43d4000-7f89f4644000 rwxp 00000000 00:00 0 
7f89f4644000-7f89fb90d000 ---p 00000000 00:00 0 
7f89fb90d000-7f8a04000000 r--s 00000000 08:01 551289                     /usr/lib/jvm/java-11-openjdk-amd64/lib/modules
7f8a04000000-7f8a040b4000 rw-p 00000000 00:00 0 
7f8a040b4000-7f8a08000000 ---p 00000000 00:00 0 
7f8a0806d000-7f8a08117000 rw-p 00000000 00:00 0 
7f8a08117000-7f8a08164000 ---p 00000000 00:00 0 
7f8a08164000-7f8a0816f000 rw-p 00000000 00:00 0 
7f8a0816f000-7f8a0820a000 ---p 00000000 00:00 0 
7f8a0820a000-7f8a08210000 rw-p 00000000 00:00 0 
7f8a08210000-7f8a082f6000 ---p 00000000 00:00 0 
7f8a082f6000-7f8a082fb000 rw-p 00000000 00:00 0 
7f8a082fb000-7f8a083e1000 ---p 00000000 00:00 0 
7f8a083e1000-7f8a083e6000 r-xp 00000000 08:01 551271                     /usr/lib/jvm/java-11-openjdk-amd64/lib/libjimage.so
7f8a083e6000-7f8a085e5000 ---p 00005000 08:01 551271                     /usr/lib/jvm/java-11-openjdk-amd64/lib/libjimage.so
7f8a085e5000-7f8a085e6000 r--p 00004000 08:01 551271                     /usr/lib/jvm/java-11-openjdk-amd64/lib/libjimage.so
7f8a085e6000-7f8a085e7000 rw-p 00005000 08:01 551271                     /usr/lib/jvm/java-11-openjdk-amd64/lib/libjimage.so
7f8a085e7000-7f8a085ee000 r-xp 00000000 08:01 551288                     /usr/lib/jvm/java-11-openjdk-amd64/lib/libzip.so
7f8a085ee000-7f8a087ed000 ---p 00007000 08:01 551288                     /usr/lib/jvm/java-11-openjdk-amd64/lib/libzip.so
7f8a087ed000-7f8a087ee000 r--p 00006000 08:01 551288                     /usr/lib/jvm/java-11-openjdk-amd64/lib/libzip.so
7f8a087ee000-7f8a087ef000 rw-p 00007000 08:01 551288                     /usr/lib/jvm/java-11-openjdk-amd64/lib/libzip.so
7f8a087ef000-7f8a087fa000 r-xp 00000000 08:01 399660                     /lib/x86_64-linux-gnu/libnss_files-2.27.so
7f8a087fa000-7f8a089f9000 ---p 0000b000 08:01 399660                     /lib/x86_64-linux-gnu/libnss_files-2.27.so
7f8a089f9000-7f8a089fa000 r--p 0000a000 08:01 399660                     /lib/x86_64-linux-gnu/libnss_files-2.27.so
7f8a089fa000-7f8a089fb000 rw-p 0000b000 08:01 399660                     /lib/x86_64-linux-gnu/libnss_files-2.27.so
7f8a089fb000-7f8a08a01000 rw-p 00000000 00:00 0 
7f8a08a01000-7f8a08a18000 r-xp 00000000 08:01 399654                     /lib/x86_64-linux-gnu/libnsl-2.27.so
7f8a08a18000-7f8a08c17000 ---p 00017000 08:01 399654                     /lib/x86_64-linux-gnu/libnsl-2.27.so
7f8a08c17000-7f8a08c18000 r--p 00016000 08:01 399654                     /lib/x86_64-linux-gnu/libnsl-2.27.so
7f8a08c18000-7f8a08c19000 rw-p 00017000 08:01 399654                     /lib/x86_64-linux-gnu/libnsl-2.27.so
7f8a08c19000-7f8a08c1b000 rw-p 00000000 00:00 0 
7f8a08c1b000-7f8a08c26000 r-xp 00000000 08:01 399671                     /lib/x86_64-linux-gnu/libnss_nis-2.27.so
7f8a08c26000-7f8a08e25000 ---p 0000b000 08:01 399671                     /lib/x86_64-linux-gnu/libnss_nis-2.27.so
7f8a08e25000-7f8a08e26000 r--p 0000a000 08:01 399671                     /lib/x86_64-linux-gnu/libnss_nis-2.27.so
7f8a08e26000-7f8a08e27000 rw-p 0000b000 08:01 399671                     /lib/x86_64-linux-gnu/libnss_nis-2.27.so
7f8a08e27000-7f8a08e2f000 r-xp 00000000 08:01 399656                     /lib/x86_64-linux-gnu/libnss_compat-2.27.so
7f8a08e2f000-7f8a0902f000 ---p 00008000 08:01 399656                     /lib/x86_64-linux-gnu/libnss_compat-2.27.so
7f8a0902f000-7f8a09030000 r--p 00008000 08:01 399656                     /lib/x86_64-linux-gnu/libnss_compat-2.27.so
7f8a09030000-7f8a09031000 rw-p 00009000 08:01 399656                     /lib/x86_64-linux-gnu/libnss_compat-2.27.so
7f8a09031000-7f8a0905a000 r-xp 00000000 08:01 551267                     /usr/lib/jvm/java-11-openjdk-amd64/lib/libjava.so
7f8a0905a000-7f8a09259000 ---p 00029000 08:01 551267                     /usr/lib/jvm/java-11-openjdk-amd64/lib/libjava.so
7f8a09259000-7f8a0925a000 r--p 00028000 08:01 551267                     /usr/lib/jvm/java-11-openjdk-amd64/lib/libjava.so
7f8a0925a000-7f8a0925c000 rw-p 00029000 08:01 551267                     /usr/lib/jvm/java-11-openjdk-amd64/lib/libjava.so
7f8a0925c000-7f8a09269000 r-xp 00000000 08:01 551287                     /usr/lib/jvm/java-11-openjdk-amd64/lib/libverify.so
7f8a09269000-7f8a09468000 ---p 0000d000 08:01 551287                     /usr/lib/jvm/java-11-openjdk-amd64/lib/libverify.so
7f8a09468000-7f8a0946a000 r--p 0000c000 08:01 551287                     /usr/lib/jvm/java-11-openjdk-amd64/lib/libverify.so
7f8a0946a000-7f8a0946b000 rw-p 0000e000 08:01 551287                     /usr/lib/jvm/java-11-openjdk-amd64/lib/libverify.so
7f8a0946b000-7f8a09472000 r-xp 00000000 08:01 399711                     /lib/x86_64-linux-gnu/librt-2.27.so
7f8a09472000-7f8a09671000 ---p 00007000 08:01 399711                     /lib/x86_64-linux-gnu/librt-2.27.so
7f8a09671000-7f8a09672000 r--p 00006000 08:01 399711                     /lib/x86_64-linux-gnu/librt-2.27.so
7f8a09672000-7f8a09673000 rw-p 00007000 08:01 399711                     /lib/x86_64-linux-gnu/librt-2.27.so
7f8a09673000-7f8a0968a000 r-xp 00000000 08:01 399607                     /lib/x86_64-linux-gnu/libgcc_s.so.1
7f8a0968a000-7f8a09889000 ---p 00017000 08:01 399607                     /lib/x86_64-linux-gnu/libgcc_s.so.1
7f8a09889000-7f8a0988a000 r--p 00016000 08:01 399607                     /lib/x86_64-linux-gnu/libgcc_s.so.1
7f8a0988a000-7f8a0988b000 rw-p 00017000 08:01 399607                     /lib/x86_64-linux-gnu/libgcc_s.so.1
7f8a0988b000-7f8a09a28000 r-xp 00000000 08:01 399633                     /lib/x86_64-linux-gnu/libm-2.27.so
7f8a09a28000-7f8a09c27000 ---p 0019d000 08:01 399633                     /lib/x86_64-linux-gnu/libm-2.27.so
7f8a09c27000-7f8a09c28000 r--p 0019c000 08:01 399633                     /lib/x86_64-linux-gnu/libm-2.27.so
7f8a09c28000-7f8a09c29000 rw-p 0019d000 08:01 399633                     /lib/x86_64-linux-gnu/libm-2.27.so
7f8a09c29000-7f8a09da2000 r-xp 00000000 08:01 665875                     /usr/lib/x86_64-linux-gnu/libstdc++.so.6.0.25
7f8a09da2000-7f8a09fa2000 ---p 00179000 08:01 665875                     /usr/lib/x86_64-linux-gnu/libstdc++.so.6.0.25
7f8a09fa2000-7f8a09fac000 r--p 00179000 08:01 665875                     /usr/lib/x86_64-linux-gnu/libstdc++.so.6.0.25
7f8a09fac000-7f8a09fae000 rw-p 00183000 08:01 665875                     /usr/lib/x86_64-linux-gnu/libstdc++.so.6.0.25
7f8a09fae000-7f8a09fb2000 rw-p 00000000 00:00 0 
7f8a09fb2000-7f8a0b08f000 r-xp 00000000 08:01 551294                     /usr/lib/jvm/java-11-openjdk-amd64/lib/server/libjvm.so
7f8a0b08f000-7f8a0b28e000 ---p 010dd000 08:01 551294                     /usr/lib/jvm/java-11-openjdk-amd64/lib/server/libjvm.so
7f8a0b28e000-7f8a0b34b000 r--p 010dc000 08:01 551294                     /usr/lib/jvm/java-11-openjdk-amd64/lib/server/libjvm.so
7f8a0b34b000-7f8a0b385000 rw-p 01199000 08:01 551294                     /usr/lib/jvm/java-11-openjdk-amd64/lib/server/libjvm.so
7f8a0b385000-7f8a0b3db000 rw-p 00000000 00:00 0 
7f8a0b3db000-7f8a0b3f5000 r-xp 00000000 08:01 399703                     /lib/x86_64-linux-gnu/libpthread-2.27.so
7f8a0b3f5000-7f8a0b5f4000 ---p 0001a000 08:01 399703                     /lib/x86_64-linux-gnu/libpthread-2.27.so
7f8a0b5f4000-7f8a0b5f5000 r--p 00019000 08:01 399703                     /lib/x86_64-linux-gnu/libpthread-2.27.so
7f8a0b5f5000-7f8a0b5f6000 rw-p 0001a000 08:01 399703                     /lib/x86_64-linux-gnu/libpthread-2.27.so
7f8a0b5f6000-7f8a0b5fa000 rw-p 00000000 00:00 0 
7f8a0b5fa000-7f8a0b5fd000 r-xp 00000000 08:01 399593                     /lib/x86_64-linux-gnu/libdl-2.27.so
7f8a0b5fd000-7f8a0b7fc000 ---p 00003000 08:01 399593                     /lib/x86_64-linux-gnu/libdl-2.27.so
7f8a0b7fc000-7f8a0b7fd000 r--p 00002000 08:01 399593                     /lib/x86_64-linux-gnu/libdl-2.27.so
7f8a0b7fd000-7f8a0b7fe000 rw-p 00003000 08:01 399593                     /lib/x86_64-linux-gnu/libdl-2.27.so
7f8a0b7fe000-7f8a0b81a000 r-xp 00000000 08:01 399742                     /lib/x86_64-linux-gnu/libz.so.1.2.11
7f8a0b81a000-7f8a0ba19000 ---p 0001c000 08:01 399742                     /lib/x86_64-linux-gnu/libz.so.1.2.11
7f8a0ba19000-7f8a0ba1a000 r--p 0001b000 08:01 399742                     /lib/x86_64-linux-gnu/libz.so.1.2.11
7f8a0ba1a000-7f8a0ba1b000 rw-p 0001c000 08:01 399742                     /lib/x86_64-linux-gnu/libz.so.1.2.11
7f8a0ba1b000-7f8a0bc02000 r-xp 00000000 08:01 399570                     /lib/x86_64-linux-gnu/libc-2.27.so
7f8a0bc02000-7f8a0be02000 ---p 001e7000 08:01 399570                     /lib/x86_64-linux-gnu/libc-2.27.so
7f8a0be02000-7f8a0be06000 r--p 001e7000 08:01 399570                     /lib/x86_64-linux-gnu/libc-2.27.so
7f8a0be06000-7f8a0be08000 rw-p 001eb000 08:01 399570                     /lib/x86_64-linux-gnu/libc-2.27.so
7f8a0be08000-7f8a0be0c000 rw-p 00000000 00:00 0 
7f8a0be0c000-7f8a0be1c000 r-xp 00000000 08:01 551251                     /usr/lib/jvm/java-11-openjdk-amd64/lib/jli/libjli.so
7f8a0be1c000-7f8a0c01b000 ---p 00010000 08:01 551251                     /usr/lib/jvm/java-11-openjdk-amd64/lib/jli/libjli.so
7f8a0c01b000-7f8a0c01c000 r--p 0000f000 08:01 551251                     /usr/lib/jvm/java-11-openjdk-amd64/lib/jli/libjli.so
7f8a0c01c000-7f8a0c01d000 rw-p 00010000 08:01 551251                     /usr/lib/jvm/java-11-openjdk-amd64/lib/jli/libjli.so
7f8a0c01d000-7f8a0c044000 r-xp 00000000 08:01 399542                     /lib/x86_64-linux-gnu/ld-2.27.so
7f8a0c057000-7f8a0c083000 rw-p 00000000 00:00 0 
7f8a0c083000-7f8a0c11f000 ---p 00000000 00:00 0 
7f8a0c11f000-7f8a0c124000 rw-p 00000000 00:00 0 
7f8a0c124000-7f8a0c12b000 ---p 00000000 00:00 0 
7f8a0c12b000-7f8a0c12f000 ---p 00000000 00:00 0 
7f8a0c12f000-7f8a0c22e000 rw-p 00000000 00:00 0 
7f8a0c236000-7f8a0c238000 r--s 00007000 08:01 551452                     /usr/share/java/java-atk-wrapper.jar
7f8a0c238000-7f8a0c240000 rw-s 00000000 08:01 1052439                    /tmp/hsperfdata_yiyun/25735
7f8a0c240000-7f8a0c241000 ---p 00000000 00:00 0 
7f8a0c241000-7f8a0c242000 r--p 00000000 00:00 0 
7f8a0c242000-7f8a0c244000 rw-p 00000000 00:00 0 
7f8a0c244000-7f8a0c245000 r--p 00027000 08:01 399542                     /lib/x86_64-linux-gnu/ld-2.27.so
7f8a0c245000-7f8a0c246000 rw-p 00028000 08:01 399542                     /lib/x86_64-linux-gnu/ld-2.27.so
7f8a0c246000-7f8a0c247000 rw-p 00000000 00:00 0 
7ffd6df30000-7ffd6df51000 rw-p 00000000 00:00 0                          [stack]
7ffd6dfc7000-7ffd6dfca000 r--p 00000000 00:00 0                          [vvar]
7ffd6dfca000-7ffd6dfcb000 r-xp 00000000 00:00 0                          [vdso]
ffffffffff600000-ffffffffff601000 r-xp 00000000 00:00 0                  [vsyscall]


VM Arguments:
jvm_args: -Xverify:none 
java_command: Main
java_class_path (initial): .
Launcher Type: SUN_STANDARD

[Global flags]
     bool BytecodeVerificationLocal                = false                                     {product} {command line}
     bool BytecodeVerificationRemote               = false                                     {product} {command line}
     intx CICompilerCount                          = 2                                         {product} {ergonomic}
   size_t InitialHeapSize                          = 33554432                                  {product} {ergonomic}
   size_t MaxHeapSize                              = 522190848                                 {product} {ergonomic}
   size_t MaxNewSize                               = 174063616                                 {product} {ergonomic}
   size_t MinHeapDeltaBytes                        = 196608                                    {product} {ergonomic}
   size_t NewSize                                  = 11141120                                  {product} {ergonomic}
    uintx NonNMethodCodeHeapSize                   = 5825164                                {pd product} {ergonomic}
    uintx NonProfiledCodeHeapSize                  = 122916538                              {pd product} {ergonomic}
   size_t OldSize                                  = 22413312                                  {product} {ergonomic}
    uintx ProfiledCodeHeapSize                     = 122916538                              {pd product} {ergonomic}
    uintx ReservedCodeCacheSize                    = 251658240                              {pd product} {ergonomic}
     bool SegmentedCodeCache                       = true                                      {product} {ergonomic}
     bool UseCompressedClassPointers               = true                                 {lp64_product} {ergonomic}
     bool UseCompressedOops                        = true                                 {lp64_product} {ergonomic}
     bool UseSerialGC                              = true                                      {product} {ergonomic}

Logging:
Log output configuration:
 #0: stdout all=warning uptime,level,tags
 #1: stderr all=off uptime,level,tags

Environment Variables:
PATH=/home/yiyun/.local/bin:/usr/local/sbin:/usr/local/bin:/usr/sbin:/usr/bin:/sbin:/bin:/usr/games:/usr/local/games:/snap/bin
USERNAME=yiyun
SHELL=/bin/bash
DISPLAY=:0

Signal Handlers:
SIGSEGV: [libjvm.so+0xdf8d00], sa_mask[0]=11111111011111111101111111111110, sa_flags=SA_RESTART|SA_SIGINFO
SIGBUS: [libjvm.so+0xdf8d00], sa_mask[0]=11111111011111111101111111111110, sa_flags=SA_RESTART|SA_SIGINFO
SIGFPE: [libjvm.so+0xdf8d00], sa_mask[0]=11111111011111111101111111111110, sa_flags=SA_RESTART|SA_SIGINFO
SIGPIPE: [libjvm.so+0xbcbc30], sa_mask[0]=11111111011111111101111111111110, sa_flags=SA_RESTART|SA_SIGINFO
SIGXFSZ: [libjvm.so+0xbcbc30], sa_mask[0]=11111111011111111101111111111110, sa_flags=SA_RESTART|SA_SIGINFO
SIGILL: [libjvm.so+0xdf8d00], sa_mask[0]=11111111011111111101111111111110, sa_flags=SA_RESTART|SA_SIGINFO
SIGUSR2: [libjvm.so+0xbcbad0], sa_mask[0]=00000000000000000000000000000000, sa_flags=SA_RESTART|SA_SIGINFO
SIGHUP: [libjvm.so+0xbcbe30], sa_mask[0]=11111111011111111101111111111110, sa_flags=SA_RESTART|SA_SIGINFO
SIGINT: [libjvm.so+0xbcbe30], sa_mask[0]=11111111011111111101111111111110, sa_flags=SA_RESTART|SA_SIGINFO
SIGTERM: [libjvm.so+0xbcbe30], sa_mask[0]=11111111011111111101111111111110, sa_flags=SA_RESTART|SA_SIGINFO
SIGQUIT: [libjvm.so+0xbcbe30], sa_mask[0]=11111111011111111101111111111110, sa_flags=SA_RESTART|SA_SIGINFO


---------------  S Y S T E M  ---------------

OS:DISTRIB_ID=Ubuntu
DISTRIB_RELEASE=18.04
DISTRIB_CODENAME=bionic
DISTRIB_DESCRIPTION="Ubuntu 18.04.3 LTS"
uname:Linux 5.0.0-36-generic #39~18.04.1-Ubuntu SMP Tue Nov 12 11:09:50 UTC 2019 x86_64
OS uptime: 0 days 14:07 hours
libc:glibc 2.27 NPTL 2.27 
rlimit: STACK 8192k, CORE 0k, NPROC 7775, NOFILE 4096, AS infinity, CPU infinity, DATA infinity, FSIZE infinity
load average:1.33 1.14 1.20

/proc/meminfo:
MemTotal:        2038764 kB
MemFree:          103444 kB
MemAvailable:     511056 kB
Buffers:          154344 kB
Cached:           415376 kB
SwapCached:        50424 kB
Active:          1190952 kB
Inactive:         501760 kB
Active(anon):     885700 kB
Inactive(anon):   297356 kB
Active(file):     305252 kB
Inactive(file):   204404 kB
Unevictable:          16 kB
Mlocked:              16 kB
SwapTotal:        969960 kB
SwapFree:         537064 kB
Dirty:                76 kB
Writeback:             0 kB
AnonPages:       1119456 kB
Mapped:           284336 kB
Shmem:             68808 kB
KReclaimable:      59104 kB
Slab:             100012 kB
SReclaimable:      59104 kB
SUnreclaim:        40908 kB
KernelStack:       10544 kB
PageTables:        52804 kB
NFS_Unstable:          0 kB
Bounce:                0 kB
WritebackTmp:          0 kB
CommitLimit:     1989340 kB
Committed_AS:    6519436 kB
VmallocTotal:   34359738367 kB
VmallocUsed:           0 kB
VmallocChunk:          0 kB
Percpu:              304 kB
HardwareCorrupted:     0 kB
AnonHugePages:         0 kB
ShmemHugePages:        0 kB
ShmemPmdMapped:        0 kB
CmaTotal:              0 kB
CmaFree:               0 kB
HugePages_Total:       0
HugePages_Free:        0
HugePages_Rsvd:        0
HugePages_Surp:        0
Hugepagesize:       2048 kB
Hugetlb:               0 kB
DirectMap4k:      155584 kB
DirectMap2M:     1941504 kB


/proc/sys/kernel/threads-max (system-wide limit on the number of threads):
15550


/proc/sys/vm/max_map_count (maximum number of memory map areas a process may have):
65530


/proc/sys/kernel/pid_max (system-wide limit on number of process identifiers):
32768



container (cgroup) information:
container_type: cgroupv1
cpu_cpuset_cpus: 0
cpu_memory_nodes: 0
active_processor_count: 1
cpu_quota: -1
cpu_period: 100000
cpu_shares: -1
memory_limit_in_bytes: -1
memory_and_swap_limit_in_bytes: -2
memory_soft_limit_in_bytes: -1
memory_usage_in_bytes: 1730551808
memory_max_usage_in_bytes: 30167040

KVM virtualization detected
Steal ticks since vm start: 0
Steal ticks percentage since vm start:  0.000

CPU:total 1 (initial active 1) (1 cores per cpu, 1 threads per core) family 6 model 142 stepping 11, cmov, cx8, fxsr, mmx, sse, sse2, sse3, ssse3, sse4.1, sse4.2, popcnt, avx, avx2, aes, clmul, 3dnowpref, lzcnt, tsc, tscinvbit
CPU Model and flags from /proc/cpuinfo:
model name	: Intel(R) Core(TM) i5-8265U CPU @ 1.60GHz
flags		: fpu vme de pse tsc msr pae mce cx8 apic sep mtrr pge mca cmov pat pse36 clflush mmx fxsr sse sse2 ht syscall nx rdtscp lm constant_tsc rep_good nopl xtopology nonstop_tsc cpuid tsc_known_freq pni pclmulqdq monitor ssse3 cx16 pcid sse4_1 sse4_2 x2apic movbe popcnt aes xsave avx rdrand hypervisor lahf_lm abm 3dnowprefetch invpcid_single fsgsbase avx2 invpcid rdseed clflushopt flush_l1d arch_capabilities

Memory: 4k page, physical 2038764k(103444k free), swap 969960k(537064k free)

vm_info: OpenJDK 64-Bit Server VM (11.0.7+10-post-Ubuntu-2ubuntu218.04) for linux-amd64 JRE (11.0.7+10-post-Ubuntu-2ubuntu218.04), built on Apr 15 2020 21:12:54 by "unknown" with gcc 7.5.0

END.
