#
# A fatal error has been detected by the Java Runtime Environment:
#
#  SIGSEGV (0xb) at pc=0x00007f768fa8b9fa, pid=16091, tid=16092
#
# JRE version: OpenJDK Runtime Environment (11.0.7+10) (build 11.0.7+10-post-Ubuntu-2ubuntu218.04)
# Java VM: OpenJDK 64-Bit Server VM (11.0.7+10-post-Ubuntu-2ubuntu218.04, mixed mode, sharing, tiered, compressed oops, serial gc, linux-amd64)
# Problematic frame:
# V  [libjvm.so+0xa3b9fa]
#
# Core dump will be written. Default location: Core dumps may be processed with "/usr/share/apport/apport %p %s %c %d %P %E" (or dumping to /home/yiyun/Compiler_Jasmin/Compiler_StudentID_HW3/core.16091)
#
# If you would like to submit a bug report, please visit:
#   https://bugs.launchpad.net/ubuntu/+source/openjdk-lts
#

---------------  S U M M A R Y ------------

Command Line: -Xverify:none Main

Host: Intel(R) Core(TM) i5-8265U CPU @ 1.60GHz, 1 cores, 1G, Ubuntu 18.04.3 LTS
Time: Sun May 24 22:41:50 2020 CST elapsed time: 0 seconds (0d 0h 0m 0s)

---------------  T H R E A D  ---------------

Current thread (0x00007f7688015800):  JavaThread "main" [_thread_in_vm, id=16092, stack(0x00007f76911c9000,0x00007f76912ca000)]

Stack: [0x00007f76911c9000,0x00007f76912ca000],  sp=0x00007f76912c82f0,  free space=1020k
Native frames: (J=compiled Java code, A=aot compiled Java code, j=interpreted, Vv=VM code, C=native code)
V  [libjvm.so+0xa3b9fa]
V  [libjvm.so+0x843946]
V  [libjvm.so+0x84483d]
j  java.lang.String.valueOf(Ljava/lang/Object;)Ljava/lang/String;+10 java.base@11.0.7
j  java.io.PrintStream.print(Ljava/lang/String;)V+2 java.base@11.0.7
j  java.io.PrintStream.println(Ljava/lang/String;)V+6 java.base@11.0.7
j  Main.main([Ljava/lang/String;)V+29
v  ~StubRoutines::call_stub
V  [libjvm.so+0x84e319]
V  [libjvm.so+0x8ca02d]
V  [libjvm.so+0x8cc4fe]
C  [libjli.so+0x5856]
C  [libjli.so+0x92cd]

Java frames: (J=compiled Java code, j=interpreted, Vv=VM code)
j  java.lang.String.valueOf(Ljava/lang/Object;)Ljava/lang/String;+10 java.base@11.0.7
j  java.io.PrintStream.print(Ljava/lang/String;)V+2 java.base@11.0.7
j  java.io.PrintStream.println(Ljava/lang/String;)V+6 java.base@11.0.7
j  Main.main([Ljava/lang/String;)V+29
v  ~StubRoutines::call_stub

siginfo: si_signo: 11 (SIGSEGV), si_code: 1 (SEGV_MAPERR), si_addr: 0x0000000000000009

Register to memory mapping:

RAX=0x0000000000000001 is an unknown value
RBX=0x00007f76912c8460 is pointing into the stack for thread: 0x00007f7688015800
RCX=0x0000000000000010 is an unknown value
RDX=0x00007f7690435f4c: <offset 0x00000000013e5f4c> in /usr/lib/jvm/java-11-openjdk-amd64/lib/server/libjvm.so at 0x00007f768f050000
RSP=0x00007f76912c82f0 is pointing into the stack for thread: 0x00007f7688015800
RBP=0x00007f76912c8390 is pointing into the stack for thread: 0x00007f7688015800
RSI=0x00007f76912c8310 is pointing into the stack for thread: 0x00007f7688015800
RDI=0x00007f76912c8310 is pointing into the stack for thread: 0x00007f7688015800
R8 =0x0 is NULL
R9 =0x0 is NULL
R10=0x00007f76912c8320 is pointing into the stack for thread: 0x00007f7688015800
R11=0x000000080094e5c0 is pointing into metadata
R12=0x00007f76912c8310 is pointing into the stack for thread: 0x00007f7688015800
R13=0x00007f7688016490 points into unknown readable memory: 01 00 00 00 00 00 00 00
R14=0x0 is NULL
R15=0x00007f7688015800 is a thread


Registers:
RAX=0x0000000000000001, RBX=0x00007f76912c8460, RCX=0x0000000000000010, RDX=0x00007f7690435f4c
RSP=0x00007f76912c82f0, RBP=0x00007f76912c8390, RSI=0x00007f76912c8310, RDI=0x00007f76912c8310
R8 =0x0000000000000000, R9 =0x0000000000000000, R10=0x00007f76912c8320, R11=0x000000080094e5c0
R12=0x00007f76912c8310, R13=0x00007f7688016490, R14=0x0000000000000000, R15=0x00007f7688015800
RIP=0x00007f768fa8b9fa, EFLAGS=0x0000000000010202, CSGSFS=0x002b000000000033, ERR=0x0000000000000004
  TRAPNO=0x000000000000000e

Top of Stack: (sp=0x00007f76912c82f0)
0x00007f76912c82f0:   0000000000000001 00007f76912c8320
0x00007f76912c8300:   00007f76912c8320 00007f768fd18359
0x00007f76912c8310:   0000000000000000 0000000000000000
0x00007f76912c8320:   00000008004b5b00 00000008004b7e08 

Instructions: (pc=0x00007f768fa8b9fa)
0x00007f768fa8b8fa:   29 5d b0 e8 9e b3 c0 ff 4c 8d 55 90 49 83 7f 08
0x00007f768fa8b90a:   00 48 89 45 a0 0f 84 6b 03 00 00 0f 1f 00 49 8d
0x00007f768fa8b91a:   7a 20 e8 8f b8 d9 ff 48 8d 65 d8 5b 41 5c 41 5d
0x00007f768fa8b92a:   41 5e 41 5f 5d c3 66 0f ef d2 49 8b 3c 24 4c 89
0x00007f768fa8b93a:   ca 89 ce c6 45 c1 00 0f 29 55 b0 e8 56 b3 c0 ff
0x00007f768fa8b94a:   4c 8d 55 90 49 83 7f 08 00 48 89 45 a0 75 bf 49
0x00007f768fa8b95a:   8b 3c 24 31 d2 44 89 f6 4c 89 95 68 ff ff ff e8
0x00007f768fa8b96a:   c2 5d c0 ff 49 8b 3c 24 31 d2 44 89 f6 48 89 45
0x00007f768fa8b97a:   90 e8 50 5e c0 ff 49 8b 3c 24 31 d2 44 89 f6 48
0x00007f768fa8b98a:   89 45 98 e8 5e 5f c0 ff 88 45 c1 49 8b 04 24 4c
0x00007f768fa8b99a:   8d 65 80 4c 8b 95 68 ff ff ff 66 0f ef f6 4c 89
0x00007f768fa8b9aa:   e6 48 8b 40 18 49 8d 7a 20 0f 29 75 80 48 89 45
0x00007f768fa8b9ba:   a8 e8 d0 b5 d9 ff 4c 89 e7 e8 e8 b7 d9 ff 49 83
0x00007f768fa8b9ca:   7f 08 00 c6 45 c0 01 4c 8b 95 68 ff ff ff 0f 85
0x00007f768fa8b9da:   3a ff ff ff 45 31 f6 4d 85 ed 74 28 48 8d 15 5f
0x00007f768fa8b9ea:   a5 9a 00 49 8b 45 00 80 3a 00 0f 84 e6 03 00 00
0x00007f768fa8b9fa:   44 8b 70 08 48 8d 05 cb dc 97 00 8b 48 08 49 d3
0x00007f768fa8ba0a:   e6 4c 03 30 4c 89 d6 4c 89 fa 4c 89 e7 4c 89 95
0x00007f768fa8ba1a:   68 ff ff ff e8 7d b3 ff ff 49 83 7f 08 00 4c 8b
0x00007f768fa8ba2a:   95 68 ff ff ff 0f 85 0b 01 00 00 48 83 ec 08 48
0x00007f768fa8ba3a:   8b 55 a0 41 b9 01 00 00 00 41 57 4d 89 f0 4c 89
0x00007f768fa8ba4a:   e9 4c 89 e6 48 89 df e8 8a 87 ff ff 58 4c 8b 95
0x00007f768fa8ba5a:   68 ff ff ff 5a e9 dc 00 00 00 0f 1f 40 00 66 0f
0x00007f768fa8ba6a:   ef c9 49 8b 3c 24 4c 89 ca 89 ce c6 45 c1 00 0f
0x00007f768fa8ba7a:   29 4d b0 e8 1e b2 c0 ff 4c 8d 55 90 49 83 7f 08
0x00007f768fa8ba8a:   00 48 89 45 a0 0f 85 83 fe ff ff 49 8b 3c 24 31
0x00007f768fa8ba9a:   d2 44 89 f6 4c 89 95 68 ff ff ff e8 86 5c c0 ff
0x00007f768fa8baaa:   49 8b 3c 24 31 d2 44 89 f6 48 89 45 90 e8 14 5d
0x00007f768fa8baba:   c0 ff 49 8b 3c 24 31 d2 44 89 f6 48 89 45 98 e8
0x00007f768fa8baca:   22 5e c0 ff 88 45 c1 49 8b 04 24 4c 8d 65 80 4c
0x00007f768fa8bada:   8b 95 68 ff ff ff 66 0f ef ed 4c 89 e6 48 8b 40
0x00007f768fa8baea:   18 49 8d 7a 20 0f 29 6d 80 48 89 45 a8 e8 94 b4 


Stack slot to memory mapping:
stack at sp + 0 slots: 0x0000000000000001 is an unknown value
stack at sp + 1 slots: 0x00007f76912c8320 is pointing into the stack for thread: 0x00007f7688015800
stack at sp + 2 slots: 0x00007f76912c8320 is pointing into the stack for thread: 0x00007f7688015800
stack at sp + 3 slots: 0x00007f768fd18359: <offset 0x0000000000cc8359> in /usr/lib/jvm/java-11-openjdk-amd64/lib/server/libjvm.so at 0x00007f768f050000
stack at sp + 4 slots: 0x0 is NULL
stack at sp + 5 slots: 0x0 is NULL
stack at sp + 6 slots: 0x00000008004b5b00 is pointing into metadata
stack at sp + 7 slots: 0x00000008004b7e08 is pointing into metadata


---------------  P R O C E S S  ---------------

Threads class SMR info:
_java_thread_list=0x00007f76880a6410, length=9, elements={
0x00007f7688015800, 0x00007f7688051000, 0x00007f7688053000, 0x00007f768805a000,
0x00007f768805c800, 0x00007f768805e800, 0x00007f7688060800, 0x00007f768809b800,
0x00007f76880a5000
}

Java Threads: ( => current thread )
=>0x00007f7688015800 JavaThread "main" [_thread_in_vm, id=16092, stack(0x00007f76911c9000,0x00007f76912ca000)]
  0x00007f7688051000 JavaThread "Reference Handler" daemon [_thread_blocked, id=16094, stack(0x00007f768c687000,0x00007f768c788000)]
  0x00007f7688053000 JavaThread "Finalizer" daemon [_thread_blocked, id=16095, stack(0x00007f768c586000,0x00007f768c687000)]
  0x00007f768805a000 JavaThread "Signal Dispatcher" daemon [_thread_blocked, id=16096, stack(0x00007f768c485000,0x00007f768c586000)]
  0x00007f768805c800 JavaThread "C2 CompilerThread0" daemon [_thread_blocked, id=16097, stack(0x00007f768c384000,0x00007f768c485000)]
  0x00007f768805e800 JavaThread "C1 CompilerThread0" daemon [_thread_blocked, id=16098, stack(0x00007f768c283000,0x00007f768c384000)]
  0x00007f7688060800 JavaThread "Sweeper thread" daemon [_thread_blocked, id=16099, stack(0x00007f768c182000,0x00007f768c283000)]
  0x00007f768809b800 JavaThread "Service Thread" daemon [_thread_blocked, id=16100, stack(0x00007f768c081000,0x00007f768c182000)]
  0x00007f76880a5000 JavaThread "Common-Cleaner" daemon [_thread_blocked, id=16102, stack(0x00007f767070a000,0x00007f767080b000)]

Other Threads:
  0x00007f768804e000 VMThread "VM Thread" [stack: 0x00007f768c78a000,0x00007f768c88a000] [id=16093]
  0x00007f768809e000 WatcherThread [stack: 0x00007f767080d000,0x00007f767090d000] [id=16101]

Threads with active compile tasks:

VM state:not at safepoint (normal execution)

VM Mutex/Monitor currently owned by a thread: None

Heap address: 0x00000000e0e00000, size: 498 MB, Compressed Oops mode: 32-bit
Narrow klass base: 0x0000000800000000, Narrow klass shift: 3
Compressed class space size: 1073741824 Address: 0x0000000840000000

Heap:
 def new generation   total 9792K, used 870K [0x00000000e0e00000, 0x00000000e18a0000, 0x00000000eb400000)
  eden space 8704K,  10% used [0x00000000e0e00000, 0x00000000e0ed9a88, 0x00000000e1680000)
  from space 1088K,   0% used [0x00000000e1680000, 0x00000000e1680000, 0x00000000e1790000)
  to   space 1088K,   0% used [0x00000000e1790000, 0x00000000e1790000, 0x00000000e18a0000)
 tenured generation   total 21888K, used 0K [0x00000000eb400000, 0x00000000ec960000, 0x0000000100000000)
   the space 21888K,   0% used [0x00000000eb400000, 0x00000000eb400000, 0x00000000eb400200, 0x00000000ec960000)
 Metaspace       used 171K, capacity 4486K, committed 4864K, reserved 1056768K
  class space    used 5K, capacity 386K, committed 512K, reserved 1048576K

Card table byte_map: [0x00007f768d1af000,0x00007f768d2a9000] _byte_map_base: 0x00007f768caa8000

Polling page: 0x00007f76912de000

Metaspace:

Usage:
  Non-class:      4.00 MB capacity,   166.16 KB (  4%) used,     3.84 MB ( 96%) free+waste,   128 bytes ( <1%) overhead. 
      Class:    386.00 KB capacity,     5.67 KB (  1%) used,   380.20 KB ( 98%) free+waste,   128 bytes ( <1%) overhead. 
       Both:      4.38 MB capacity,   171.84 KB (  4%) used,     4.21 MB ( 96%) free+waste,   256 bytes ( <1%) overhead. 

Virtual space:
  Non-class space:        8.00 MB reserved,       4.25 MB ( 53%) committed 
      Class space:        1.00 GB reserved,     512.00 KB ( <1%) committed 
             Both:        1.01 GB reserved,       4.75 MB ( <1%) committed 

Chunk freelists:
   Non-Class:  0 bytes
       Class:  0 bytes
        Both:  0 bytes

MaxMetaspaceSize: unlimited
CompressedClassSpaceSize: 1.00 GB

CodeHeap 'non-profiled nmethods': size=120036Kb used=17Kb max_used=17Kb free=120018Kb
 bounds [0x00007f76783d4000, 0x00007f7678644000, 0x00007f767f90d000]
CodeHeap 'profiled nmethods': size=120032Kb used=79Kb max_used=79Kb free=119952Kb
 bounds [0x00007f7670e9c000, 0x00007f767110c000, 0x00007f76783d4000]
CodeHeap 'non-nmethods': size=5692Kb used=987Kb max_used=997Kb free=4704Kb
 bounds [0x00007f767090d000, 0x00007f7670b7d000, 0x00007f7670e9c000]
 total_blobs=352 nmethods=61 adapters=155
 compilation: enabled
              stopped_count=0, restarted_count=0
 full_count=0

Compilation events (20 events):
Event: 0.517 Thread 0x00007f768805e800   46       1       java.util.ImmutableCollections$SetN::size (5 bytes)
Event: 0.517 Thread 0x00007f768805e800 nmethod 46 0x00007f76783d6890 code [0x00007f76783d6a40, 0x00007f76783d6b70]
Event: 0.517 Thread 0x00007f768805e800   50       1       java.lang.module.ModuleDescriptor$Exports::source (5 bytes)
Event: 0.517 Thread 0x00007f768805e800 nmethod 50 0x00007f76783d6c10 code [0x00007f76783d6dc0, 0x00007f76783d6ef0]
Event: 0.517 Thread 0x00007f768805e800   45       3       java.util.concurrent.ConcurrentHashMap::putIfAbsent (8 bytes)
Event: 0.517 Thread 0x00007f768805e800 nmethod 45 0x00007f7670eaf090 code [0x00007f7670eaf240, 0x00007f7670eaf3e8]
Event: 0.517 Thread 0x00007f768805e800   37       1       java.lang.module.ResolvedModule::reference (5 bytes)
Event: 0.517 Thread 0x00007f768805e800 nmethod 37 0x00007f76783d6f90 code [0x00007f76783d7140, 0x00007f76783d7270]
Event: 0.517 Thread 0x00007f768805e800   57       1       java.lang.module.ModuleDescriptor::isOpen (5 bytes)
Event: 0.517 Thread 0x00007f768805e800 nmethod 57 0x00007f76783d7310 code [0x00007f76783d74c0, 0x00007f76783d75f0]
Event: 0.517 Thread 0x00007f768805e800   54       1       java.lang.module.ModuleDescriptor::isAutomatic (5 bytes)
Event: 0.518 Thread 0x00007f768805e800 nmethod 54 0x00007f76783d7690 code [0x00007f76783d7840, 0x00007f76783d7970]
Event: 0.518 Thread 0x00007f768805e800   60       1       java.lang.Module::getDescriptor (5 bytes)
Event: 0.518 Thread 0x00007f768805e800 nmethod 60 0x00007f76783d7a10 code [0x00007f76783d7bc0, 0x00007f76783d7cf0]
Event: 0.518 Thread 0x00007f768805e800   34       3       jdk.internal.module.ModuleReferenceImpl::hashCode (56 bytes)
Event: 0.518 Thread 0x00007f768805e800 nmethod 34 0x00007f7670eaf490 code [0x00007f7670eaf680, 0x00007f7670eafb68]
Event: 0.518 Thread 0x00007f768805e800   55       1       java.lang.module.ResolvedModule::configuration (5 bytes)
Event: 0.518 Thread 0x00007f768805e800 nmethod 55 0x00007f76783d7d90 code [0x00007f76783d7f40, 0x00007f76783d8070]
Event: 0.518 Thread 0x00007f768805e800   56       1       java.lang.module.ModuleDescriptor$Exports::targets (5 bytes)
Event: 0.518 Thread 0x00007f768805e800 nmethod 56 0x00007f76783d8110 code [0x00007f76783d82c0, 0x00007f76783d83f0]

GC Heap History (0 events):
No events

Deoptimization events (4 events):
Event: 0.505 Thread 0x00007f7688015800 Uncommon trap: trap_request=0xffffff4d fr.pc=0x00007f76783d63e0 relative=0x00000000000001c0
Event: 0.505 Thread 0x00007f7688015800 Uncommon trap: reason=unstable_if action=reinterpret pc=0x00007f76783d63e0 method=java.lang.String.hashCode()I @ 14 c2
Event: 0.505 Thread 0x00007f7688015800 DEOPT PACKING pc=0x00007f76783d63e0 sp=0x00007f76912c71b0
Event: 0.505 Thread 0x00007f7688015800 DEOPT UNPACKING pc=0x00007f7670935325 sp=0x00007f76912c7168 mode 2

Classes redefined (0 events):
No events

Internal exceptions (0 events):
No events

Events (20 events):
Event: 0.085 Thread 0x00007f768805e800 Thread added: 0x00007f768805e800
Event: 0.085 Protecting memory [0x00007f768c283000,0x00007f768c287000] with protection modes 0
Event: 0.088 Thread 0x00007f7688060800 Thread added: 0x00007f7688060800
Event: 0.095 Protecting memory [0x00007f768c182000,0x00007f768c186000] with protection modes 0
Event: 0.499 Thread 0x00007f768809b800 Thread added: 0x00007f768809b800
Event: 0.499 Executing VM operation: EnableBiasedLocking
Event: 0.501 Protecting memory [0x00007f768c081000,0x00007f768c085000] with protection modes 0
Event: 0.502 Executing VM operation: EnableBiasedLocking done
Event: 0.502 loading class jdk/internal/vm/PostVMInitHook
Event: 0.502 loading class jdk/internal/vm/PostVMInitHook done
Event: 0.505 loading class Main
Event: 0.505 loading class Main done
Event: 0.509 loading class jdk/internal/loader/URLClassPath$FileLoader
Event: 0.509 loading class jdk/internal/loader/URLClassPath$FileLoader done
Event: 0.510 loading class jdk/internal/loader/URLClassPath$FileLoader$1
Event: 0.510 loading class jdk/internal/loader/URLClassPath$FileLoader$1 done
Event: 0.511 Thread 0x00007f76880a5000 Thread added: 0x00007f76880a5000
Event: 0.517 Protecting memory [0x00007f767070a000,0x00007f767070e000] with protection modes 0
Event: 0.517 Executing VM operation: RevokeBias
Event: 0.517 Executing VM operation: RevokeBias done


Dynamic libraries:
e0e00000-e18a0000 rw-p 00000000 00:00 0 
e18a0000-eb400000 ---p 00000000 00:00 0 
eb400000-ec960000 rw-p 00000000 00:00 0 
ec960000-100000000 ---p 00000000 00:00 0 
800000000-800002000 rwxp 00001000 08:01 551457                           /usr/lib/jvm/java-11-openjdk-amd64/lib/server/classes.jsa
800002000-8003b8000 rw-p 00003000 08:01 551457                           /usr/lib/jvm/java-11-openjdk-amd64/lib/server/classes.jsa
8003b8000-800a7f000 r--p 003b9000 08:01 551457                           /usr/lib/jvm/java-11-openjdk-amd64/lib/server/classes.jsa
800a7f000-800a80000 rw-p 00a80000 08:01 551457                           /usr/lib/jvm/java-11-openjdk-amd64/lib/server/classes.jsa
800a80000-80108c000 r--p 00a81000 08:01 551457                           /usr/lib/jvm/java-11-openjdk-amd64/lib/server/classes.jsa
840000000-840080000 rw-p 00000000 00:00 0 
840080000-880000000 ---p 00000000 00:00 0 
563c965a2000-563c965a3000 r-xp 00000000 08:01 551084                     /usr/lib/jvm/java-11-openjdk-amd64/bin/java
563c967a3000-563c967a4000 r--p 00001000 08:01 551084                     /usr/lib/jvm/java-11-openjdk-amd64/bin/java
563c967a4000-563c967a5000 rw-p 00002000 08:01 551084                     /usr/lib/jvm/java-11-openjdk-amd64/bin/java
563c97743000-563c97764000 rw-p 00000000 00:00 0                          [heap]
7f764c000000-7f764c021000 rw-p 00000000 00:00 0 
7f764c021000-7f7650000000 ---p 00000000 00:00 0 
7f7654000000-7f765406e000 rw-p 00000000 00:00 0 
7f765406e000-7f7658000000 ---p 00000000 00:00 0 
7f7658000000-7f7658085000 rw-p 00000000 00:00 0 
7f7658085000-7f765c000000 ---p 00000000 00:00 0 
7f765c000000-7f765c021000 rw-p 00000000 00:00 0 
7f765c021000-7f7660000000 ---p 00000000 00:00 0 
7f76635e9000-7f7664000000 r--p 00000000 08:01 660771                     /usr/lib/locale/locale-archive
7f7664000000-7f7664021000 rw-p 00000000 00:00 0 
7f7664021000-7f7668000000 ---p 00000000 00:00 0 
7f7668000000-7f7668021000 rw-p 00000000 00:00 0 
7f7668021000-7f766c000000 ---p 00000000 00:00 0 
7f766c000000-7f766c021000 rw-p 00000000 00:00 0 
7f766c021000-7f7670000000 ---p 00000000 00:00 0 
7f767070a000-7f767070e000 ---p 00000000 00:00 0 
7f767070e000-7f767080b000 rw-p 00000000 00:00 0 
7f767080b000-7f767080c000 ---p 00000000 00:00 0 
7f767080c000-7f767090d000 rw-p 00000000 00:00 0 
7f767090d000-7f7670b7d000 rwxp 00000000 00:00 0 
7f7670b7d000-7f7670e9c000 ---p 00000000 00:00 0 
7f7670e9c000-7f767110c000 rwxp 00000000 00:00 0 
7f767110c000-7f76783d4000 ---p 00000000 00:00 0 
7f76783d4000-7f7678644000 rwxp 00000000 00:00 0 
7f7678644000-7f767f90d000 ---p 00000000 00:00 0 
7f767f90d000-7f7688000000 r--s 00000000 08:01 551289                     /usr/lib/jvm/java-11-openjdk-amd64/lib/modules
7f7688000000-7f76880b3000 rw-p 00000000 00:00 0 
7f76880b3000-7f768c000000 ---p 00000000 00:00 0 
7f768c081000-7f768c085000 ---p 00000000 00:00 0 
7f768c085000-7f768c182000 rw-p 00000000 00:00 0 
7f768c182000-7f768c186000 ---p 00000000 00:00 0 
7f768c186000-7f768c283000 rw-p 00000000 00:00 0 
7f768c283000-7f768c287000 ---p 00000000 00:00 0 
7f768c287000-7f768c384000 rw-p 00000000 00:00 0 
7f768c384000-7f768c388000 ---p 00000000 00:00 0 
7f768c388000-7f768c485000 rw-p 00000000 00:00 0 
7f768c485000-7f768c489000 ---p 00000000 00:00 0 
7f768c489000-7f768c586000 rw-p 00000000 00:00 0 
7f768c586000-7f768c58a000 ---p 00000000 00:00 0 
7f768c58a000-7f768c687000 rw-p 00000000 00:00 0 
7f768c687000-7f768c68b000 ---p 00000000 00:00 0 
7f768c68b000-7f768c788000 rw-p 00000000 00:00 0 
7f768c788000-7f768c789000 ---p 00000000 00:00 0 
7f768c789000-7f768cdce000 rw-p 00000000 00:00 0 
7f768cdce000-7f768d18e000 ---p 00000000 00:00 0 
7f768d18e000-7f768d1b5000 rw-p 00000000 00:00 0 
7f768d1b5000-7f768d202000 ---p 00000000 00:00 0 
7f768d202000-7f768d20d000 rw-p 00000000 00:00 0 
7f768d20d000-7f768d2a8000 ---p 00000000 00:00 0 
7f768d2a8000-7f768d2ae000 rw-p 00000000 00:00 0 
7f768d2ae000-7f768d394000 ---p 00000000 00:00 0 
7f768d394000-7f768d399000 rw-p 00000000 00:00 0 
7f768d399000-7f768d47f000 ---p 00000000 00:00 0 
7f768d47f000-7f768d484000 r-xp 00000000 08:01 551271                     /usr/lib/jvm/java-11-openjdk-amd64/lib/libjimage.so
7f768d484000-7f768d683000 ---p 00005000 08:01 551271                     /usr/lib/jvm/java-11-openjdk-amd64/lib/libjimage.so
7f768d683000-7f768d684000 r--p 00004000 08:01 551271                     /usr/lib/jvm/java-11-openjdk-amd64/lib/libjimage.so
7f768d684000-7f768d685000 rw-p 00005000 08:01 551271                     /usr/lib/jvm/java-11-openjdk-amd64/lib/libjimage.so
7f768d685000-7f768d68c000 r-xp 00000000 08:01 551288                     /usr/lib/jvm/java-11-openjdk-amd64/lib/libzip.so
7f768d68c000-7f768d88b000 ---p 00007000 08:01 551288                     /usr/lib/jvm/java-11-openjdk-amd64/lib/libzip.so
7f768d88b000-7f768d88c000 r--p 00006000 08:01 551288                     /usr/lib/jvm/java-11-openjdk-amd64/lib/libzip.so
7f768d88c000-7f768d88d000 rw-p 00007000 08:01 551288                     /usr/lib/jvm/java-11-openjdk-amd64/lib/libzip.so
7f768d88d000-7f768d898000 r-xp 00000000 08:01 399660                     /lib/x86_64-linux-gnu/libnss_files-2.27.so
7f768d898000-7f768da97000 ---p 0000b000 08:01 399660                     /lib/x86_64-linux-gnu/libnss_files-2.27.so
7f768da97000-7f768da98000 r--p 0000a000 08:01 399660                     /lib/x86_64-linux-gnu/libnss_files-2.27.so
7f768da98000-7f768da99000 rw-p 0000b000 08:01 399660                     /lib/x86_64-linux-gnu/libnss_files-2.27.so
7f768da99000-7f768da9f000 rw-p 00000000 00:00 0 
7f768da9f000-7f768dab6000 r-xp 00000000 08:01 399654                     /lib/x86_64-linux-gnu/libnsl-2.27.so
7f768dab6000-7f768dcb5000 ---p 00017000 08:01 399654                     /lib/x86_64-linux-gnu/libnsl-2.27.so
7f768dcb5000-7f768dcb6000 r--p 00016000 08:01 399654                     /lib/x86_64-linux-gnu/libnsl-2.27.so
7f768dcb6000-7f768dcb7000 rw-p 00017000 08:01 399654                     /lib/x86_64-linux-gnu/libnsl-2.27.so
7f768dcb7000-7f768dcb9000 rw-p 00000000 00:00 0 
7f768dcb9000-7f768dcc4000 r-xp 00000000 08:01 399671                     /lib/x86_64-linux-gnu/libnss_nis-2.27.so
7f768dcc4000-7f768dec3000 ---p 0000b000 08:01 399671                     /lib/x86_64-linux-gnu/libnss_nis-2.27.so
7f768dec3000-7f768dec4000 r--p 0000a000 08:01 399671                     /lib/x86_64-linux-gnu/libnss_nis-2.27.so
7f768dec4000-7f768dec5000 rw-p 0000b000 08:01 399671                     /lib/x86_64-linux-gnu/libnss_nis-2.27.so
7f768dec5000-7f768decd000 r-xp 00000000 08:01 399656                     /lib/x86_64-linux-gnu/libnss_compat-2.27.so
7f768decd000-7f768e0cd000 ---p 00008000 08:01 399656                     /lib/x86_64-linux-gnu/libnss_compat-2.27.so
7f768e0cd000-7f768e0ce000 r--p 00008000 08:01 399656                     /lib/x86_64-linux-gnu/libnss_compat-2.27.so
7f768e0ce000-7f768e0cf000 rw-p 00009000 08:01 399656                     /lib/x86_64-linux-gnu/libnss_compat-2.27.so
7f768e0cf000-7f768e0f8000 r-xp 00000000 08:01 551267                     /usr/lib/jvm/java-11-openjdk-amd64/lib/libjava.so
7f768e0f8000-7f768e2f7000 ---p 00029000 08:01 551267                     /usr/lib/jvm/java-11-openjdk-amd64/lib/libjava.so
7f768e2f7000-7f768e2f8000 r--p 00028000 08:01 551267                     /usr/lib/jvm/java-11-openjdk-amd64/lib/libjava.so
7f768e2f8000-7f768e2fa000 rw-p 00029000 08:01 551267                     /usr/lib/jvm/java-11-openjdk-amd64/lib/libjava.so
7f768e2fa000-7f768e307000 r-xp 00000000 08:01 551287                     /usr/lib/jvm/java-11-openjdk-amd64/lib/libverify.so
7f768e307000-7f768e506000 ---p 0000d000 08:01 551287                     /usr/lib/jvm/java-11-openjdk-amd64/lib/libverify.so
7f768e506000-7f768e508000 r--p 0000c000 08:01 551287                     /usr/lib/jvm/java-11-openjdk-amd64/lib/libverify.so
7f768e508000-7f768e509000 rw-p 0000e000 08:01 551287                     /usr/lib/jvm/java-11-openjdk-amd64/lib/libverify.so
7f768e509000-7f768e510000 r-xp 00000000 08:01 399711                     /lib/x86_64-linux-gnu/librt-2.27.so
7f768e510000-7f768e70f000 ---p 00007000 08:01 399711                     /lib/x86_64-linux-gnu/librt-2.27.so
7f768e70f000-7f768e710000 r--p 00006000 08:01 399711                     /lib/x86_64-linux-gnu/librt-2.27.so
7f768e710000-7f768e711000 rw-p 00007000 08:01 399711                     /lib/x86_64-linux-gnu/librt-2.27.so
7f768e711000-7f768e728000 r-xp 00000000 08:01 399607                     /lib/x86_64-linux-gnu/libgcc_s.so.1
7f768e728000-7f768e927000 ---p 00017000 08:01 399607                     /lib/x86_64-linux-gnu/libgcc_s.so.1
7f768e927000-7f768e928000 r--p 00016000 08:01 399607                     /lib/x86_64-linux-gnu/libgcc_s.so.1
7f768e928000-7f768e929000 rw-p 00017000 08:01 399607                     /lib/x86_64-linux-gnu/libgcc_s.so.1
7f768e929000-7f768eac6000 r-xp 00000000 08:01 399633                     /lib/x86_64-linux-gnu/libm-2.27.so
7f768eac6000-7f768ecc5000 ---p 0019d000 08:01 399633                     /lib/x86_64-linux-gnu/libm-2.27.so
7f768ecc5000-7f768ecc6000 r--p 0019c000 08:01 399633                     /lib/x86_64-linux-gnu/libm-2.27.so
7f768ecc6000-7f768ecc7000 rw-p 0019d000 08:01 399633                     /lib/x86_64-linux-gnu/libm-2.27.so
7f768ecc7000-7f768ee40000 r-xp 00000000 08:01 665875                     /usr/lib/x86_64-linux-gnu/libstdc++.so.6.0.25
7f768ee40000-7f768f040000 ---p 00179000 08:01 665875                     /usr/lib/x86_64-linux-gnu/libstdc++.so.6.0.25
7f768f040000-7f768f04a000 r--p 00179000 08:01 665875                     /usr/lib/x86_64-linux-gnu/libstdc++.so.6.0.25
7f768f04a000-7f768f04c000 rw-p 00183000 08:01 665875                     /usr/lib/x86_64-linux-gnu/libstdc++.so.6.0.25
7f768f04c000-7f768f050000 rw-p 00000000 00:00 0 
7f768f050000-7f769012d000 r-xp 00000000 08:01 551294                     /usr/lib/jvm/java-11-openjdk-amd64/lib/server/libjvm.so
7f769012d000-7f769032c000 ---p 010dd000 08:01 551294                     /usr/lib/jvm/java-11-openjdk-amd64/lib/server/libjvm.so
7f769032c000-7f76903e9000 r--p 010dc000 08:01 551294                     /usr/lib/jvm/java-11-openjdk-amd64/lib/server/libjvm.so
7f76903e9000-7f7690423000 rw-p 01199000 08:01 551294                     /usr/lib/jvm/java-11-openjdk-amd64/lib/server/libjvm.so
7f7690423000-7f7690479000 rw-p 00000000 00:00 0 
7f7690479000-7f7690493000 r-xp 00000000 08:01 399703                     /lib/x86_64-linux-gnu/libpthread-2.27.so
7f7690493000-7f7690692000 ---p 0001a000 08:01 399703                     /lib/x86_64-linux-gnu/libpthread-2.27.so
7f7690692000-7f7690693000 r--p 00019000 08:01 399703                     /lib/x86_64-linux-gnu/libpthread-2.27.so
7f7690693000-7f7690694000 rw-p 0001a000 08:01 399703                     /lib/x86_64-linux-gnu/libpthread-2.27.so
7f7690694000-7f7690698000 rw-p 00000000 00:00 0 
7f7690698000-7f769069b000 r-xp 00000000 08:01 399593                     /lib/x86_64-linux-gnu/libdl-2.27.so
7f769069b000-7f769089a000 ---p 00003000 08:01 399593                     /lib/x86_64-linux-gnu/libdl-2.27.so
7f769089a000-7f769089b000 r--p 00002000 08:01 399593                     /lib/x86_64-linux-gnu/libdl-2.27.so
7f769089b000-7f769089c000 rw-p 00003000 08:01 399593                     /lib/x86_64-linux-gnu/libdl-2.27.so
7f769089c000-7f76908b8000 r-xp 00000000 08:01 399742                     /lib/x86_64-linux-gnu/libz.so.1.2.11
7f76908b8000-7f7690ab7000 ---p 0001c000 08:01 399742                     /lib/x86_64-linux-gnu/libz.so.1.2.11
7f7690ab7000-7f7690ab8000 r--p 0001b000 08:01 399742                     /lib/x86_64-linux-gnu/libz.so.1.2.11
7f7690ab8000-7f7690ab9000 rw-p 0001c000 08:01 399742                     /lib/x86_64-linux-gnu/libz.so.1.2.11
7f7690ab9000-7f7690ca0000 r-xp 00000000 08:01 399570                     /lib/x86_64-linux-gnu/libc-2.27.so
7f7690ca0000-7f7690ea0000 ---p 001e7000 08:01 399570                     /lib/x86_64-linux-gnu/libc-2.27.so
7f7690ea0000-7f7690ea4000 r--p 001e7000 08:01 399570                     /lib/x86_64-linux-gnu/libc-2.27.so
7f7690ea4000-7f7690ea6000 rw-p 001eb000 08:01 399570                     /lib/x86_64-linux-gnu/libc-2.27.so
7f7690ea6000-7f7690eaa000 rw-p 00000000 00:00 0 
7f7690eaa000-7f7690eba000 r-xp 00000000 08:01 551251                     /usr/lib/jvm/java-11-openjdk-amd64/lib/jli/libjli.so
7f7690eba000-7f76910b9000 ---p 00010000 08:01 551251                     /usr/lib/jvm/java-11-openjdk-amd64/lib/jli/libjli.so
7f76910b9000-7f76910ba000 r--p 0000f000 08:01 551251                     /usr/lib/jvm/java-11-openjdk-amd64/lib/jli/libjli.so
7f76910ba000-7f76910bb000 rw-p 00010000 08:01 551251                     /usr/lib/jvm/java-11-openjdk-amd64/lib/jli/libjli.so
7f76910bb000-7f76910e2000 r-xp 00000000 08:01 399542                     /lib/x86_64-linux-gnu/ld-2.27.so
7f76910f5000-7f7691121000 rw-p 00000000 00:00 0 
7f7691121000-7f76911bd000 ---p 00000000 00:00 0 
7f76911bd000-7f76911c2000 rw-p 00000000 00:00 0 
7f76911c2000-7f76911c9000 ---p 00000000 00:00 0 
7f76911c9000-7f76911cd000 ---p 00000000 00:00 0 
7f76911cd000-7f76912cc000 rw-p 00000000 00:00 0 
7f76912d4000-7f76912d6000 r--s 00007000 08:01 551452                     /usr/share/java/java-atk-wrapper.jar
7f76912d6000-7f76912de000 rw-s 00000000 08:01 1052296                    /tmp/hsperfdata_yiyun/16091
7f76912de000-7f76912df000 ---p 00000000 00:00 0 
7f76912df000-7f76912e0000 r--p 00000000 00:00 0 
7f76912e0000-7f76912e2000 rw-p 00000000 00:00 0 
7f76912e2000-7f76912e3000 r--p 00027000 08:01 399542                     /lib/x86_64-linux-gnu/ld-2.27.so
7f76912e3000-7f76912e4000 rw-p 00028000 08:01 399542                     /lib/x86_64-linux-gnu/ld-2.27.so
7f76912e4000-7f76912e5000 rw-p 00000000 00:00 0 
7ffdc515f000-7ffdc5180000 rw-p 00000000 00:00 0                          [stack]
7ffdc519b000-7ffdc519e000 r--p 00000000 00:00 0                          [vvar]
7ffdc519e000-7ffdc519f000 r-xp 00000000 00:00 0                          [vdso]
ffffffffff600000-ffffffffff601000 r-xp 00000000 00:00 0                  [vsyscall]


VM Arguments:
jvm_args: -Xverify:none 
java_command: Main
java_class_path (initial): .
Launcher Type: SUN_STANDARD

[Global flags]
     bool BytecodeVerificationLocal                = false                                     {product} {command line}
     bool BytecodeVerificationRemote               = false                                     {product} {command line}
     intx CICompilerCount                          = 2                                         {product} {ergonomic}
   size_t InitialHeapSize                          = 33554432                                  {product} {ergonomic}
   size_t MaxHeapSize                              = 522190848                                 {product} {ergonomic}
   size_t MaxNewSize                               = 174063616                                 {product} {ergonomic}
   size_t MinHeapDeltaBytes                        = 196608                                    {product} {ergonomic}
   size_t NewSize                                  = 11141120                                  {product} {ergonomic}
    uintx NonNMethodCodeHeapSize                   = 5825164                                {pd product} {ergonomic}
    uintx NonProfiledCodeHeapSize                  = 122916538                              {pd product} {ergonomic}
   size_t OldSize                                  = 22413312                                  {product} {ergonomic}
    uintx ProfiledCodeHeapSize                     = 122916538                              {pd product} {ergonomic}
    uintx ReservedCodeCacheSize                    = 251658240                              {pd product} {ergonomic}
     bool SegmentedCodeCache                       = true                                      {product} {ergonomic}
     bool UseCompressedClassPointers               = true                                 {lp64_product} {ergonomic}
     bool UseCompressedOops                        = true                                 {lp64_product} {ergonomic}
     bool UseSerialGC                              = true                                      {product} {ergonomic}

Logging:
Log output configuration:
 #0: stdout all=warning uptime,level,tags
 #1: stderr all=off uptime,level,tags

Environment Variables:
PATH=/home/yiyun/.local/bin:/usr/local/sbin:/usr/local/bin:/usr/sbin:/usr/bin:/sbin:/bin:/usr/games:/usr/local/games:/snap/bin
USERNAME=yiyun
SHELL=/bin/bash
DISPLAY=:0

Signal Handlers:
SIGSEGV: [libjvm.so+0xdf8d00], sa_mask[0]=11111111011111111101111111111110, sa_flags=SA_RESTART|SA_SIGINFO
SIGBUS: [libjvm.so+0xdf8d00], sa_mask[0]=11111111011111111101111111111110, sa_flags=SA_RESTART|SA_SIGINFO
SIGFPE: [libjvm.so+0xdf8d00], sa_mask[0]=11111111011111111101111111111110, sa_flags=SA_RESTART|SA_SIGINFO
SIGPIPE: [libjvm.so+0xbcbc30], sa_mask[0]=11111111011111111101111111111110, sa_flags=SA_RESTART|SA_SIGINFO
SIGXFSZ: [libjvm.so+0xbcbc30], sa_mask[0]=11111111011111111101111111111110, sa_flags=SA_RESTART|SA_SIGINFO
SIGILL: [libjvm.so+0xdf8d00], sa_mask[0]=11111111011111111101111111111110, sa_flags=SA_RESTART|SA_SIGINFO
SIGUSR2: [libjvm.so+0xbcbad0], sa_mask[0]=00000000000000000000000000000000, sa_flags=SA_RESTART|SA_SIGINFO
SIGHUP: [libjvm.so+0xbcbe30], sa_mask[0]=11111111011111111101111111111110, sa_flags=SA_RESTART|SA_SIGINFO
SIGINT: [libjvm.so+0xbcbe30], sa_mask[0]=11111111011111111101111111111110, sa_flags=SA_RESTART|SA_SIGINFO
SIGTERM: [libjvm.so+0xbcbe30], sa_mask[0]=11111111011111111101111111111110, sa_flags=SA_RESTART|SA_SIGINFO
SIGQUIT: [libjvm.so+0xbcbe30], sa_mask[0]=11111111011111111101111111111110, sa_flags=SA_RESTART|SA_SIGINFO


---------------  S Y S T E M  ---------------

OS:DISTRIB_ID=Ubuntu
DISTRIB_RELEASE=18.04
DISTRIB_CODENAME=bionic
DISTRIB_DESCRIPTION="Ubuntu 18.04.3 LTS"
uname:Linux 5.0.0-36-generic #39~18.04.1-Ubuntu SMP Tue Nov 12 11:09:50 UTC 2019 x86_64
OS uptime: 0 days 7:50 hours
libc:glibc 2.27 NPTL 2.27 
rlimit: STACK 8192k, CORE 0k, NPROC 7775, NOFILE 4096, AS infinity, CPU infinity, DATA infinity, FSIZE infinity
load average:3.53 2.48 1.73

/proc/meminfo:
MemTotal:        2038764 kB
MemFree:           82224 kB
MemAvailable:     469556 kB
Buffers:           17408 kB
Cached:           544572 kB
SwapCached:        54512 kB
Active:          1262796 kB
Inactive:         467060 kB
Active(anon):     918268 kB
Inactive(anon):   313520 kB
Active(file):     344528 kB
Inactive(file):   153540 kB
Unevictable:          16 kB
Mlocked:              16 kB
SwapTotal:        969960 kB
SwapFree:         556776 kB
Dirty:               268 kB
Writeback:             0 kB
AnonPages:       1159728 kB
Mapped:           239024 kB
Shmem:             65136 kB
KReclaimable:      41720 kB
Slab:              82412 kB
SReclaimable:      41720 kB
SUnreclaim:        40692 kB
KernelStack:       10696 kB
PageTables:        54212 kB
NFS_Unstable:          0 kB
Bounce:                0 kB
WritebackTmp:          0 kB
CommitLimit:     1989340 kB
Committed_AS:    6639352 kB
VmallocTotal:   34359738367 kB
VmallocUsed:           0 kB
VmallocChunk:          0 kB
Percpu:              304 kB
HardwareCorrupted:     0 kB
AnonHugePages:         0 kB
ShmemHugePages:        0 kB
ShmemPmdMapped:        0 kB
CmaTotal:              0 kB
CmaFree:               0 kB
HugePages_Total:       0
HugePages_Free:        0
HugePages_Rsvd:        0
HugePages_Surp:        0
Hugepagesize:       2048 kB
Hugetlb:               0 kB
DirectMap4k:      155584 kB
DirectMap2M:     1941504 kB


/proc/sys/kernel/threads-max (system-wide limit on the number of threads):
15550


/proc/sys/vm/max_map_count (maximum number of memory map areas a process may have):
65530


/proc/sys/kernel/pid_max (system-wide limit on number of process identifiers):
32768



container (cgroup) information:
container_type: cgroupv1
cpu_cpuset_cpus: 0
cpu_memory_nodes: 0
active_processor_count: 1
cpu_quota: -1
cpu_period: 100000
cpu_shares: -1
memory_limit_in_bytes: -1
memory_and_swap_limit_in_bytes: -2
memory_soft_limit_in_bytes: -1
memory_usage_in_bytes: 1764859904
memory_max_usage_in_bytes: 30167040

KVM virtualization detected
Steal ticks since vm start: 0
Steal ticks percentage since vm start:  0.000

CPU:total 1 (initial active 1) (1 cores per cpu, 1 threads per core) family 6 model 142 stepping 11, cmov, cx8, fxsr, mmx, sse, sse2, sse3, ssse3, sse4.1, sse4.2, popcnt, avx, avx2, aes, clmul, 3dnowpref, lzcnt, tsc, tscinvbit
CPU Model and flags from /proc/cpuinfo:
model name	: Intel(R) Core(TM) i5-8265U CPU @ 1.60GHz
flags		: fpu vme de pse tsc msr pae mce cx8 apic sep mtrr pge mca cmov pat pse36 clflush mmx fxsr sse sse2 ht syscall nx rdtscp lm constant_tsc rep_good nopl xtopology nonstop_tsc cpuid tsc_known_freq pni pclmulqdq monitor ssse3 cx16 pcid sse4_1 sse4_2 x2apic movbe popcnt aes xsave avx rdrand hypervisor lahf_lm abm 3dnowprefetch invpcid_single fsgsbase avx2 invpcid rdseed clflushopt flush_l1d arch_capabilities

Memory: 4k page, physical 2038764k(82224k free), swap 969960k(556776k free)

vm_info: OpenJDK 64-Bit Server VM (11.0.7+10-post-Ubuntu-2ubuntu218.04) for linux-amd64 JRE (11.0.7+10-post-Ubuntu-2ubuntu218.04), built on Apr 15 2020 21:12:54 by "unknown" with gcc 7.5.0

END.
