#
# A fatal error has been detected by the Java Runtime Environment:
#
#  SIGSEGV (0xb) at pc=0x00007f28d892a3fb, pid=14016, tid=14017
#
# JRE version: OpenJDK Runtime Environment (11.0.7+10) (build 11.0.7+10-post-Ubuntu-2ubuntu218.04)
# Java VM: OpenJDK 64-Bit Server VM (11.0.7+10-post-Ubuntu-2ubuntu218.04, mixed mode, sharing, tiered, compressed oops, serial gc, linux-amd64)
# Problematic frame:
# j  Main.main([Ljava/lang/String;)V+25
#
# Core dump will be written. Default location: Core dumps may be processed with "/usr/share/apport/apport %p %s %c %d %P %E" (or dumping to /home/yiyun/Compiler_Jasmin/Compiler_StudentID_HW3/core.14016)
#
# If you would like to submit a bug report, please visit:
#   https://bugs.launchpad.net/ubuntu/+source/openjdk-lts
#

---------------  S U M M A R Y ------------

Command Line: -Xverify:none Main

Host: Intel(R) Core(TM) i5-8265U CPU @ 1.60GHz, 1 cores, 1G, Ubuntu 18.04.3 LTS
Time: Sun May 24 20:58:57 2020 CST elapsed time: 0 seconds (0d 0h 0m 0s)

---------------  T H R E A D  ---------------

Current thread (0x00007f28f0015800):  JavaThread "main" [_thread_in_Java, id=14017, stack(0x00007f28f88a4000,0x00007f28f89a5000)]

Stack: [0x00007f28f88a4000,0x00007f28f89a5000],  sp=0x00007f28f89a3680,  free space=1021k
Native frames: (J=compiled Java code, A=aot compiled Java code, j=interpreted, Vv=VM code, C=native code)
j  Main.main([Ljava/lang/String;)V+25
v  ~StubRoutines::call_stub
V  [libjvm.so+0x84e319]
V  [libjvm.so+0x8ca02d]
V  [libjvm.so+0x8cc4fe]
C  [libjli.so+0x5856]
C  [libjli.so+0x92cd]


siginfo: si_signo: 11 (SIGSEGV), si_code: 2 (SEGV_ACCERR), si_addr: 0x0000000848c88af0

Register to memory mapping:

RAX=0x0000000848c88888 is an unknown value
RBX=0x0000000000000013 is an unknown value
RCX=0x00007f28f4469211 is pointing into metadata
RDX=0x0000000090000002 is an unknown value
RSP=0x00007f28f89a3680 is pointing into the stack for thread: 0x00007f28f0015800
RBP=0x00007f28f89a36d0 is pointing into the stack for thread: 0x00007f28f0015800
RSI=0x00007f28f89a3610 is pointing into the stack for thread: 0x00007f28f0015800
RDI=0x00007f28d8916cb3 is at code_begin+2355 in an Interpreter codelet
invoke return entry points  [0x00007f28d8916380, 0x00007f28d8916da0]  2592 bytes
R8 =0x0 is NULL
R9 =0x00000000e0e0ede8 points into unknown readable memory: 01 00 00 00 00 00 00 00
R10=0x00007f28f7b41dc0: <offset 0x0000000001416dc0> in /usr/lib/jvm/java-11-openjdk-amd64/lib/server/libjvm.so at 0x00007f28f672b000
R11=0x00007f28f89a31c0 is pointing into the stack for thread: 0x00007f28f0015800
R12=0x0 is NULL
R13=0x00007f28f4469211 is pointing into metadata
R14=0x0 is NULL
R15=0x00007f28f0015800 is a thread


Registers:
RAX=0x0000000848c88888, RBX=0x0000000000000013, RCX=0x00007f28f4469211, RDX=0x0000000090000002
RSP=0x00007f28f89a3680, RBP=0x00007f28f89a36d0, RSI=0x00007f28f89a3610, RDI=0x00007f28d8916cb3
R8 =0x0000000000000000, R9 =0x00000000e0e0ede8, R10=0x00007f28f7b41dc0, R11=0x00007f28f89a31c0
R12=0x0000000000000000, R13=0x00007f28f4469211, R14=0x0000000000000000, R15=0x00007f28f0015800
RIP=0x00007f28d892a3fb, EFLAGS=0x0000000000010246, CSGSFS=0x002b000000000033, ERR=0x0000000000000004
  TRAPNO=0x000000000000000e

Top of Stack: (sp=0x00007f28f89a3680)
0x00007f28f89a3680:   00007f28d8916cb3 00000000fbac5b7d
0x00007f28f89a3690:   00007f28f4469211 00007f28f89a39f8
0x00007f28f89a36a0:   00007f28f4469280 0000000000000000
0x00007f28f89a36b0:   00000000e0ec01a8 00007f28f4469228 

Instructions: (pc=0x00007f28d892a3fb)
0x00007f28d892a2fb:   81 78 08 01 00 00 00 74 17 4c 33 68 08 49 f7 c5
0x00007f28d892a30b:   fc ff ff ff 74 0e 48 81 48 08 02 00 00 00 eb 04
0x00007f28d892a31b:   4c 89 68 08 48 83 c0 10 4c 8b 68 d8 41 83 ed 04
0x00007f28d892a32b:   41 c1 e5 03 49 03 c5 48 89 45 d8 4c 8d 6c 24 08
0x00007f28d892a33b:   4c 89 6d f0 ff 63 48 8b 41 08 48 c1 e0 03 49 bc
0x00007f28d892a34b:   00 00 00 00 08 00 00 00 49 03 c4 4d 33 e4 4c 8b
0x00007f28d892a35b:   75 d8 4d 85 f6 0f 84 95 00 00 00 49 8b 56 18 48
0x00007f28d892a36b:   3b d0 0f 85 0f 00 00 00 49 83 46 20 01 49 83 5e
0x00007f28d892a37b:   20 00 e9 71 00 00 00 48 85 d2 0f 84 42 00 00 00
0x00007f28d892a38b:   49 8b 56 28 48 3b d0 0f 85 0f 00 00 00 49 83 46
0x00007f28d892a39b:   30 01 49 83 5e 30 00 e9 4c 00 00 00 48 85 d2 74
0x00007f28d892a3ab:   0f 49 83 46 08 01 49 83 5e 08 00 e9 38 00 00 00
0x00007f28d892a3bb:   49 89 46 28 ba 01 00 00 00 49 89 56 30 e9 26 00
0x00007f28d892a3cb:   00 00 49 3b 46 28 0f 85 0f 00 00 00 49 83 46 30
0x00007f28d892a3db:   01 49 83 5e 30 00 e9 0d 00 00 00 49 89 46 18 ba
0x00007f28d892a3eb:   01 00 00 00 49 89 56 20 49 83 c6 38 4c 89 75 d8
0x00007f28d892a3fb:   48 8b 9c d8 d0 01 00 00 48 8b 55 d8 48 85 d2 0f
0x00007f28d892a40b:   84 4f 01 00 00 80 7a c8 0b 0f 85 45 01 00 00 48
0x00007f28d892a41b:   83 c2 08 4c 8b 6a f8 41 83 ed 00 41 83 fd 02 0f
0x00007f28d892a42b:   8c 24 01 00 00 4c 8b 6b 08 45 0f b7 6d 34 4c 2b
0x00007f28d892a43b:   2a 41 83 ed 01 4e 8b 6c ec 08 4d 85 ed 75 0a 48
0x00007f28d892a44b:   81 4a 08 01 00 00 00 eb 5d 45 8b 6d 08 49 c1 e5
0x00007f28d892a45b:   03 49 bc 00 00 00 00 08 00 00 00 4d 03 ec 4d 33
0x00007f28d892a46b:   e4 4c 33 6a 08 49 f7 c5 fc ff ff ff 74 38 49 f7
0x00007f28d892a47b:   c5 02 00 00 00 75 2f 48 81 7a 08 00 00 00 00 74
0x00007f28d892a48b:   21 48 81 7a 08 01 00 00 00 74 17 4c 33 6a 08 49
0x00007f28d892a49b:   f7 c5 fc ff ff ff 74 0e 48 81 4a 08 02 00 00 00
0x00007f28d892a4ab:   eb 04 4c 89 6a 08 48 83 c2 10 4c 8b 6a e8 41 83
0x00007f28d892a4bb:   ed 02 41 83 fd 02 0f 8c 8d 00 00 00 4c 8b 6b 08
0x00007f28d892a4cb:   45 0f b7 6d 34 4c 2b 2a 41 83 ed 01 4e 8b 6c ec
0x00007f28d892a4db:   08 4d 85 ed 75 0a 48 81 4a 08 01 00 00 00 eb 5d
0x00007f28d892a4eb:   45 8b 6d 08 49 c1 e5 03 49 bc 00 00 00 00 08 00 


Stack slot to memory mapping:
stack at sp + 0 slots: 0x00007f28d8916cb3 is at code_begin+2355 in an Interpreter codelet
invoke return entry points  [0x00007f28d8916380, 0x00007f28d8916da0]  2592 bytes
stack at sp + 1 slots: 0x00000000fbac5b7d is an unallocated location in the heap
stack at sp + 2 slots: 0x00007f28f4469211 is pointing into metadata
stack at sp + 3 slots: 0x00007f28f89a39f8 is pointing into the stack for thread: 0x00007f28f0015800
stack at sp + 4 slots: 0x00007f28f4469280 is pointing into metadata
stack at sp + 5 slots: 0x0 is NULL
stack at sp + 6 slots: 
[error occurred during error reporting (inspecting top of stack), id 0xb, SIGSEGV (0xb) at pc=0x00007f28f73f616e]

invokevirtual  182 invokevirtual  [0x00007f28d892a060, 0x00007f28d892a580]  1312 bytes

---------------  P R O C E S S  ---------------

Threads class SMR info:
_java_thread_list=0x00007f28f00a5340, length=9, elements={
0x00007f28f0015800, 0x00007f28f0051000, 0x00007f28f0053000, 0x00007f28f005a000,
0x00007f28f005c800, 0x00007f28f005e800, 0x00007f28f0060800, 0x00007f28f009b000,
0x00007f28f00a4000
}

Java Threads: ( => current thread )
=>0x00007f28f0015800 JavaThread "main" [_thread_in_Java, id=14017, stack(0x00007f28f88a4000,0x00007f28f89a5000)]
  0x00007f28f0051000 JavaThread "Reference Handler" daemon [_thread_blocked, id=14019, stack(0x00007f28d862e000,0x00007f28d872f000)]
  0x00007f28f0053000 JavaThread "Finalizer" daemon [_thread_blocked, id=14020, stack(0x00007f28d852d000,0x00007f28d862e000)]
  0x00007f28f005a000 JavaThread "Signal Dispatcher" daemon [_thread_blocked, id=14021, stack(0x00007f28d842c000,0x00007f28d852d000)]
  0x00007f28f005c800 JavaThread "C2 CompilerThread0" daemon [_thread_blocked, id=14022, stack(0x00007f28d832b000,0x00007f28d842c000)]
  0x00007f28f005e800 JavaThread "C1 CompilerThread0" daemon [_thread_blocked, id=14023, stack(0x00007f28d822a000,0x00007f28d832b000)]
  0x00007f28f0060800 JavaThread "Sweeper thread" daemon [_thread_blocked, id=14024, stack(0x00007f28d8129000,0x00007f28d822a000)]
  0x00007f28f009b000 JavaThread "Service Thread" daemon [_thread_blocked, id=14025, stack(0x00007f28d8028000,0x00007f28d8129000)]
  0x00007f28f00a4000 JavaThread "Common-Cleaner" daemon [_thread_blocked, id=14027, stack(0x00007f28cb3e6000,0x00007f28cb4e7000)]

Other Threads:
  0x00007f28f004e000 VMThread "VM Thread" [stack: 0x00007f28d8731000,0x00007f28d8831000] [id=14018]
  0x00007f28f009d000 WatcherThread [stack: 0x00007f28cb4e9000,0x00007f28cb5e9000] [id=14026]

Threads with active compile tasks:

VM state:not at safepoint (normal execution)

VM Mutex/Monitor currently owned by a thread: None

Heap address: 0x00000000e0e00000, size: 498 MB, Compressed Oops mode: 32-bit
Narrow klass base: 0x0000000800000000, Narrow klass shift: 3
Compressed class space size: 1073741824 Address: 0x0000000840000000

Heap:
 def new generation   total 9792K, used 870K [0x00000000e0e00000, 0x00000000e18a0000, 0x00000000eb400000)
  eden space 8704K,  10% used [0x00000000e0e00000, 0x00000000e0ed9a20, 0x00000000e1680000)
  from space 1088K,   0% used [0x00000000e1680000, 0x00000000e1680000, 0x00000000e1790000)
  to   space 1088K,   0% used [0x00000000e1790000, 0x00000000e1790000, 0x00000000e18a0000)
 tenured generation   total 21888K, used 0K [0x00000000eb400000, 0x00000000ec960000, 0x0000000100000000)
   the space 21888K,   0% used [0x00000000eb400000, 0x00000000eb400000, 0x00000000eb400200, 0x00000000ec960000)
 Metaspace       used 182K, capacity 4486K, committed 4864K, reserved 1056768K
  class space    used 5K, capacity 386K, committed 512K, reserved 1048576K

Card table byte_map: [0x00007f28f488a000,0x00007f28f4984000] _byte_map_base: 0x00007f28f4183000

Polling page: 0x00007f28f89b9000

Metaspace:

Usage:
  Non-class:      4.00 MB capacity,   176.80 KB (  4%) used,     3.83 MB ( 96%) free+waste,   128 bytes ( <1%) overhead. 
      Class:    386.00 KB capacity,     5.67 KB (  1%) used,   380.20 KB ( 98%) free+waste,   128 bytes ( <1%) overhead. 
       Both:      4.38 MB capacity,   182.47 KB (  4%) used,     4.20 MB ( 96%) free+waste,   256 bytes ( <1%) overhead. 

Virtual space:
  Non-class space:        8.00 MB reserved,       4.25 MB ( 53%) committed 
      Class space:        1.00 GB reserved,     512.00 KB ( <1%) committed 
             Both:        1.01 GB reserved,       4.75 MB ( <1%) committed 

Chunk freelists:
   Non-Class:  0 bytes
       Class:  0 bytes
        Both:  0 bytes

MaxMetaspaceSize: unlimited
CompressedClassSpaceSize: 1.00 GB

CodeHeap 'non-profiled nmethods': size=120036Kb used=20Kb max_used=20Kb free=120015Kb
 bounds [0x00007f28e03d4000, 0x00007f28e0644000, 0x00007f28e790d000]
CodeHeap 'profiled nmethods': size=120032Kb used=120Kb max_used=120Kb free=119911Kb
 bounds [0x00007f28d8e9c000, 0x00007f28d910c000, 0x00007f28e03d4000]
CodeHeap 'non-nmethods': size=5692Kb used=988Kb max_used=998Kb free=4703Kb
 bounds [0x00007f28d890d000, 0x00007f28d8b7d000, 0x00007f28d8e9c000]
 total_blobs=383 nmethods=88 adapters=155
 compilation: enabled
              stopped_count=0, restarted_count=0
 full_count=0

Compilation events (20 events):
Event: 0.727 Thread 0x00007f28f005e800 nmethod 81 0x00007f28d8eb6310 code [0x00007f28d8eb65c0, 0x00007f28d8eb7968]
Event: 0.727 Thread 0x00007f28f005e800   82       3       jdk.internal.module.ModuleBootstrap$2::hasNext (30 bytes)
Event: 0.727 Thread 0x00007f28f005e800 nmethod 82 0x00007f28d8eb7d90 code [0x00007f28d8eb7f60, 0x00007f28d8eb8318]
Event: 0.730 Thread 0x00007f28f005e800   83       3       jdk.internal.module.ModuleBootstrap$2::next (52 bytes)
Event: 0.730 Thread 0x00007f28f005e800 nmethod 83 0x00007f28d8eb8410 code [0x00007f28d8eb8620, 0x00007f28d8eb8be8]
Event: 0.731 Thread 0x00007f28f005e800   84       3       java.util.HashMap::putIfAbsent (13 bytes)
Event: 0.731 Thread 0x00007f28f005e800 nmethod 84 0x00007f28d8eb8d90 code [0x00007f28d8eb8f60, 0x00007f28d8eb92d8]
Event: 0.731 Thread 0x00007f28f005e800   86       1       java.lang.Module::getDescriptor (5 bytes)
Event: 0.731 Thread 0x00007f28f005e800 nmethod 86 0x00007f28e03d8510 code [0x00007f28e03d86c0, 0x00007f28e03d87f0]
Event: 0.731 Thread 0x00007f28f005c800 nmethod 77 0x00007f28e03d8890 code [0x00007f28e03d8a20, 0x00007f28e03d8c18]
Event: 0.731 Thread 0x00007f28f005c800   78       4       java.util.ImmutableCollections$SetN$SetNIterator::hasNext (13 bytes)
Event: 0.732 Thread 0x00007f28f005c800 nmethod 78 0x00007f28e03d8d10 code [0x00007f28e03d8ea0, 0x00007f28e03d8f18]
Event: 0.732 Thread 0x00007f28f005c800   80       4       java.util.HashMap::afterNodeInsertion (1 bytes)
Event: 0.732 Thread 0x00007f28f005c800 nmethod 80 0x00007f28e03d8f90 code [0x00007f28e03d9120, 0x00007f28e03d9198]
Event: 0.785 Thread 0x00007f28f005e800   87       3       java.lang.String::hashCode (49 bytes)
Event: 0.786 Thread 0x00007f28f005e800 nmethod 87 0x00007f28d8eb9410 code [0x00007f28d8eb9600, 0x00007f28d8eb9978]
Event: 0.788 Thread 0x00007f28f005e800   88       3       java.lang.StringLatin1::canEncode (13 bytes)
Event: 0.789 Thread 0x00007f28f005e800 nmethod 88 0x00007f28d8eb9a90 code [0x00007f28d8eb9c40, 0x00007f28d8eb9dd0]
Event: 0.800 Thread 0x00007f28f005e800   89       3       java.lang.CharacterDataLatin1::getProperties (11 bytes)
Event: 0.800 Thread 0x00007f28f005e800 nmethod 89 0x00007f28d8eb9e90 code [0x00007f28d8eba040, 0x00007f28d8eba1f0]

GC Heap History (0 events):
No events

Deoptimization events (4 events):
Event: 0.784 Thread 0x00007f28f0015800 Uncommon trap: trap_request=0xffffff4d fr.pc=0x00007f28e03d8bd4 relative=0x00000000000001b4
Event: 0.784 Thread 0x00007f28f0015800 Uncommon trap: reason=unstable_if action=reinterpret pc=0x00007f28e03d8bd4 method=java.lang.String.hashCode()I @ 14 c2
Event: 0.784 Thread 0x00007f28f0015800 DEOPT PACKING pc=0x00007f28e03d8bd4 sp=0x00007f28f89a21b0
Event: 0.784 Thread 0x00007f28f0015800 DEOPT UNPACKING pc=0x00007f28d8935325 sp=0x00007f28f89a2168 mode 2

Classes redefined (0 events):
No events

Internal exceptions (0 events):
No events

Events (20 events):
Event: 0.303 Thread 0x00007f28f005e800 Thread added: 0x00007f28f005e800
Event: 0.303 Protecting memory [0x00007f28d822a000,0x00007f28d822e000] with protection modes 0
Event: 0.311 Thread 0x00007f28f0060800 Thread added: 0x00007f28f0060800
Event: 0.364 Protecting memory [0x00007f28d8129000,0x00007f28d812d000] with protection modes 0
Event: 0.732 Thread 0x00007f28f009b000 Thread added: 0x00007f28f009b000
Event: 0.733 Executing VM operation: EnableBiasedLocking
Event: 0.735 Protecting memory [0x00007f28d8028000,0x00007f28d802c000] with protection modes 0
Event: 0.735 Executing VM operation: EnableBiasedLocking done
Event: 0.735 loading class jdk/internal/vm/PostVMInitHook
Event: 0.735 loading class jdk/internal/vm/PostVMInitHook done
Event: 0.783 loading class Main
Event: 0.783 loading class Main done
Event: 0.788 loading class jdk/internal/loader/URLClassPath$FileLoader
Event: 0.788 loading class jdk/internal/loader/URLClassPath$FileLoader done
Event: 0.790 loading class jdk/internal/loader/URLClassPath$FileLoader$1
Event: 0.790 loading class jdk/internal/loader/URLClassPath$FileLoader$1 done
Event: 0.792 Thread 0x00007f28f00a4000 Thread added: 0x00007f28f00a4000
Event: 0.803 Protecting memory [0x00007f28cb3e6000,0x00007f28cb3ea000] with protection modes 0
Event: 0.803 Executing VM operation: RevokeBias
Event: 0.807 Executing VM operation: RevokeBias done


Dynamic libraries:
e0e00000-e18a0000 rw-p 00000000 00:00 0 
e18a0000-eb400000 ---p 00000000 00:00 0 
eb400000-ec960000 rw-p 00000000 00:00 0 
ec960000-100000000 ---p 00000000 00:00 0 
800000000-800002000 rwxp 00001000 08:01 551457                           /usr/lib/jvm/java-11-openjdk-amd64/lib/server/classes.jsa
800002000-8003b8000 rw-p 00003000 08:01 551457                           /usr/lib/jvm/java-11-openjdk-amd64/lib/server/classes.jsa
8003b8000-800a7f000 r--p 003b9000 08:01 551457                           /usr/lib/jvm/java-11-openjdk-amd64/lib/server/classes.jsa
800a7f000-800a80000 rw-p 00a80000 08:01 551457                           /usr/lib/jvm/java-11-openjdk-amd64/lib/server/classes.jsa
800a80000-80108c000 r--p 00a81000 08:01 551457                           /usr/lib/jvm/java-11-openjdk-amd64/lib/server/classes.jsa
840000000-840080000 rw-p 00000000 00:00 0 
840080000-880000000 ---p 00000000 00:00 0 
56530b9f4000-56530b9f5000 r-xp 00000000 08:01 551084                     /usr/lib/jvm/java-11-openjdk-amd64/bin/java
56530bbf5000-56530bbf6000 r--p 00001000 08:01 551084                     /usr/lib/jvm/java-11-openjdk-amd64/bin/java
56530bbf6000-56530bbf7000 rw-p 00002000 08:01 551084                     /usr/lib/jvm/java-11-openjdk-amd64/bin/java
56530d8b2000-56530d8d3000 rw-p 00000000 00:00 0                          [heap]
7f28b4000000-7f28b4021000 rw-p 00000000 00:00 0 
7f28b4021000-7f28b8000000 ---p 00000000 00:00 0 
7f28bc000000-7f28bc08e000 rw-p 00000000 00:00 0 
7f28bc08e000-7f28c0000000 ---p 00000000 00:00 0 
7f28c0000000-7f28c0067000 rw-p 00000000 00:00 0 
7f28c0067000-7f28c4000000 ---p 00000000 00:00 0 
7f28c4000000-7f28c4021000 rw-p 00000000 00:00 0 
7f28c4021000-7f28c8000000 ---p 00000000 00:00 0 
7f28cb3e6000-7f28cb3ea000 ---p 00000000 00:00 0 
7f28cb3ea000-7f28cb4e7000 rw-p 00000000 00:00 0 
7f28cb4e7000-7f28cb4e8000 ---p 00000000 00:00 0 
7f28cb4e8000-7f28cb5e9000 rw-p 00000000 00:00 0 
7f28cb5e9000-7f28cc000000 r--p 00000000 08:01 660771                     /usr/lib/locale/locale-archive
7f28cc000000-7f28cc021000 rw-p 00000000 00:00 0 
7f28cc021000-7f28d0000000 ---p 00000000 00:00 0 
7f28d0000000-7f28d0021000 rw-p 00000000 00:00 0 
7f28d0021000-7f28d4000000 ---p 00000000 00:00 0 
7f28d4000000-7f28d4021000 rw-p 00000000 00:00 0 
7f28d4021000-7f28d8000000 ---p 00000000 00:00 0 
7f28d8028000-7f28d802c000 ---p 00000000 00:00 0 
7f28d802c000-7f28d8129000 rw-p 00000000 00:00 0 
7f28d8129000-7f28d812d000 ---p 00000000 00:00 0 
7f28d812d000-7f28d822a000 rw-p 00000000 00:00 0 
7f28d822a000-7f28d822e000 ---p 00000000 00:00 0 
7f28d822e000-7f28d832b000 rw-p 00000000 00:00 0 
7f28d832b000-7f28d832f000 ---p 00000000 00:00 0 
7f28d832f000-7f28d842c000 rw-p 00000000 00:00 0 
7f28d842c000-7f28d8430000 ---p 00000000 00:00 0 
7f28d8430000-7f28d852d000 rw-p 00000000 00:00 0 
7f28d852d000-7f28d8531000 ---p 00000000 00:00 0 
7f28d8531000-7f28d862e000 rw-p 00000000 00:00 0 
7f28d862e000-7f28d8632000 ---p 00000000 00:00 0 
7f28d8632000-7f28d872f000 rw-p 00000000 00:00 0 
7f28d872f000-7f28d8730000 ---p 00000000 00:00 0 
7f28d8730000-7f28d890d000 rw-p 00000000 00:00 0 
7f28d890d000-7f28d8b7d000 rwxp 00000000 00:00 0 
7f28d8b7d000-7f28d8e9c000 ---p 00000000 00:00 0 
7f28d8e9c000-7f28d910c000 rwxp 00000000 00:00 0 
7f28d910c000-7f28e03d4000 ---p 00000000 00:00 0 
7f28e03d4000-7f28e0644000 rwxp 00000000 00:00 0 
7f28e0644000-7f28e790d000 ---p 00000000 00:00 0 
7f28e790d000-7f28f0000000 r--s 00000000 08:01 551289                     /usr/lib/jvm/java-11-openjdk-amd64/lib/modules
7f28f0000000-7f28f00b3000 rw-p 00000000 00:00 0 
7f28f00b3000-7f28f4000000 ---p 00000000 00:00 0 
7f28f4041000-7f28f44a9000 rw-p 00000000 00:00 0 
7f28f44a9000-7f28f4869000 ---p 00000000 00:00 0 
7f28f4869000-7f28f4890000 rw-p 00000000 00:00 0 
7f28f4890000-7f28f48dd000 ---p 00000000 00:00 0 
7f28f48dd000-7f28f48e8000 rw-p 00000000 00:00 0 
7f28f48e8000-7f28f4983000 ---p 00000000 00:00 0 
7f28f4983000-7f28f4989000 rw-p 00000000 00:00 0 
7f28f4989000-7f28f4a6f000 ---p 00000000 00:00 0 
7f28f4a6f000-7f28f4a74000 rw-p 00000000 00:00 0 
7f28f4a74000-7f28f4b5a000 ---p 00000000 00:00 0 
7f28f4b5a000-7f28f4b5f000 r-xp 00000000 08:01 551271                     /usr/lib/jvm/java-11-openjdk-amd64/lib/libjimage.so
7f28f4b5f000-7f28f4d5e000 ---p 00005000 08:01 551271                     /usr/lib/jvm/java-11-openjdk-amd64/lib/libjimage.so
7f28f4d5e000-7f28f4d5f000 r--p 00004000 08:01 551271                     /usr/lib/jvm/java-11-openjdk-amd64/lib/libjimage.so
7f28f4d5f000-7f28f4d60000 rw-p 00005000 08:01 551271                     /usr/lib/jvm/java-11-openjdk-amd64/lib/libjimage.so
7f28f4d60000-7f28f4d67000 r-xp 00000000 08:01 551288                     /usr/lib/jvm/java-11-openjdk-amd64/lib/libzip.so
7f28f4d67000-7f28f4f66000 ---p 00007000 08:01 551288                     /usr/lib/jvm/java-11-openjdk-amd64/lib/libzip.so
7f28f4f66000-7f28f4f67000 r--p 00006000 08:01 551288                     /usr/lib/jvm/java-11-openjdk-amd64/lib/libzip.so
7f28f4f67000-7f28f4f68000 rw-p 00007000 08:01 551288                     /usr/lib/jvm/java-11-openjdk-amd64/lib/libzip.so
7f28f4f68000-7f28f4f73000 r-xp 00000000 08:01 399660                     /lib/x86_64-linux-gnu/libnss_files-2.27.so
7f28f4f73000-7f28f5172000 ---p 0000b000 08:01 399660                     /lib/x86_64-linux-gnu/libnss_files-2.27.so
7f28f5172000-7f28f5173000 r--p 0000a000 08:01 399660                     /lib/x86_64-linux-gnu/libnss_files-2.27.so
7f28f5173000-7f28f5174000 rw-p 0000b000 08:01 399660                     /lib/x86_64-linux-gnu/libnss_files-2.27.so
7f28f5174000-7f28f517a000 rw-p 00000000 00:00 0 
7f28f517a000-7f28f5191000 r-xp 00000000 08:01 399654                     /lib/x86_64-linux-gnu/libnsl-2.27.so
7f28f5191000-7f28f5390000 ---p 00017000 08:01 399654                     /lib/x86_64-linux-gnu/libnsl-2.27.so
7f28f5390000-7f28f5391000 r--p 00016000 08:01 399654                     /lib/x86_64-linux-gnu/libnsl-2.27.so
7f28f5391000-7f28f5392000 rw-p 00017000 08:01 399654                     /lib/x86_64-linux-gnu/libnsl-2.27.so
7f28f5392000-7f28f5394000 rw-p 00000000 00:00 0 
7f28f5394000-7f28f539f000 r-xp 00000000 08:01 399671                     /lib/x86_64-linux-gnu/libnss_nis-2.27.so
7f28f539f000-7f28f559e000 ---p 0000b000 08:01 399671                     /lib/x86_64-linux-gnu/libnss_nis-2.27.so
7f28f559e000-7f28f559f000 r--p 0000a000 08:01 399671                     /lib/x86_64-linux-gnu/libnss_nis-2.27.so
7f28f559f000-7f28f55a0000 rw-p 0000b000 08:01 399671                     /lib/x86_64-linux-gnu/libnss_nis-2.27.so
7f28f55a0000-7f28f55a8000 r-xp 00000000 08:01 399656                     /lib/x86_64-linux-gnu/libnss_compat-2.27.so
7f28f55a8000-7f28f57a8000 ---p 00008000 08:01 399656                     /lib/x86_64-linux-gnu/libnss_compat-2.27.so
7f28f57a8000-7f28f57a9000 r--p 00008000 08:01 399656                     /lib/x86_64-linux-gnu/libnss_compat-2.27.so
7f28f57a9000-7f28f57aa000 rw-p 00009000 08:01 399656                     /lib/x86_64-linux-gnu/libnss_compat-2.27.so
7f28f57aa000-7f28f57d3000 r-xp 00000000 08:01 551267                     /usr/lib/jvm/java-11-openjdk-amd64/lib/libjava.so
7f28f57d3000-7f28f59d2000 ---p 00029000 08:01 551267                     /usr/lib/jvm/java-11-openjdk-amd64/lib/libjava.so
7f28f59d2000-7f28f59d3000 r--p 00028000 08:01 551267                     /usr/lib/jvm/java-11-openjdk-amd64/lib/libjava.so
7f28f59d3000-7f28f59d5000 rw-p 00029000 08:01 551267                     /usr/lib/jvm/java-11-openjdk-amd64/lib/libjava.so
7f28f59d5000-7f28f59e2000 r-xp 00000000 08:01 551287                     /usr/lib/jvm/java-11-openjdk-amd64/lib/libverify.so
7f28f59e2000-7f28f5be1000 ---p 0000d000 08:01 551287                     /usr/lib/jvm/java-11-openjdk-amd64/lib/libverify.so
7f28f5be1000-7f28f5be3000 r--p 0000c000 08:01 551287                     /usr/lib/jvm/java-11-openjdk-amd64/lib/libverify.so
7f28f5be3000-7f28f5be4000 rw-p 0000e000 08:01 551287                     /usr/lib/jvm/java-11-openjdk-amd64/lib/libverify.so
7f28f5be4000-7f28f5beb000 r-xp 00000000 08:01 399711                     /lib/x86_64-linux-gnu/librt-2.27.so
7f28f5beb000-7f28f5dea000 ---p 00007000 08:01 399711                     /lib/x86_64-linux-gnu/librt-2.27.so
7f28f5dea000-7f28f5deb000 r--p 00006000 08:01 399711                     /lib/x86_64-linux-gnu/librt-2.27.so
7f28f5deb000-7f28f5dec000 rw-p 00007000 08:01 399711                     /lib/x86_64-linux-gnu/librt-2.27.so
7f28f5dec000-7f28f5e03000 r-xp 00000000 08:01 399607                     /lib/x86_64-linux-gnu/libgcc_s.so.1
7f28f5e03000-7f28f6002000 ---p 00017000 08:01 399607                     /lib/x86_64-linux-gnu/libgcc_s.so.1
7f28f6002000-7f28f6003000 r--p 00016000 08:01 399607                     /lib/x86_64-linux-gnu/libgcc_s.so.1
7f28f6003000-7f28f6004000 rw-p 00017000 08:01 399607                     /lib/x86_64-linux-gnu/libgcc_s.so.1
7f28f6004000-7f28f61a1000 r-xp 00000000 08:01 399633                     /lib/x86_64-linux-gnu/libm-2.27.so
7f28f61a1000-7f28f63a0000 ---p 0019d000 08:01 399633                     /lib/x86_64-linux-gnu/libm-2.27.so
7f28f63a0000-7f28f63a1000 r--p 0019c000 08:01 399633                     /lib/x86_64-linux-gnu/libm-2.27.so
7f28f63a1000-7f28f63a2000 rw-p 0019d000 08:01 399633                     /lib/x86_64-linux-gnu/libm-2.27.so
7f28f63a2000-7f28f651b000 r-xp 00000000 08:01 665875                     /usr/lib/x86_64-linux-gnu/libstdc++.so.6.0.25
7f28f651b000-7f28f671b000 ---p 00179000 08:01 665875                     /usr/lib/x86_64-linux-gnu/libstdc++.so.6.0.25
7f28f671b000-7f28f6725000 r--p 00179000 08:01 665875                     /usr/lib/x86_64-linux-gnu/libstdc++.so.6.0.25
7f28f6725000-7f28f6727000 rw-p 00183000 08:01 665875                     /usr/lib/x86_64-linux-gnu/libstdc++.so.6.0.25
7f28f6727000-7f28f672b000 rw-p 00000000 00:00 0 
7f28f672b000-7f28f7808000 r-xp 00000000 08:01 551294                     /usr/lib/jvm/java-11-openjdk-amd64/lib/server/libjvm.so
7f28f7808000-7f28f7a07000 ---p 010dd000 08:01 551294                     /usr/lib/jvm/java-11-openjdk-amd64/lib/server/libjvm.so
7f28f7a07000-7f28f7ac4000 r--p 010dc000 08:01 551294                     /usr/lib/jvm/java-11-openjdk-amd64/lib/server/libjvm.so
7f28f7ac4000-7f28f7afe000 rw-p 01199000 08:01 551294                     /usr/lib/jvm/java-11-openjdk-amd64/lib/server/libjvm.so
7f28f7afe000-7f28f7b54000 rw-p 00000000 00:00 0 
7f28f7b54000-7f28f7b6e000 r-xp 00000000 08:01 399703                     /lib/x86_64-linux-gnu/libpthread-2.27.so
7f28f7b6e000-7f28f7d6d000 ---p 0001a000 08:01 399703                     /lib/x86_64-linux-gnu/libpthread-2.27.so
7f28f7d6d000-7f28f7d6e000 r--p 00019000 08:01 399703                     /lib/x86_64-linux-gnu/libpthread-2.27.so
7f28f7d6e000-7f28f7d6f000 rw-p 0001a000 08:01 399703                     /lib/x86_64-linux-gnu/libpthread-2.27.so
7f28f7d6f000-7f28f7d73000 rw-p 00000000 00:00 0 
7f28f7d73000-7f28f7d76000 r-xp 00000000 08:01 399593                     /lib/x86_64-linux-gnu/libdl-2.27.so
7f28f7d76000-7f28f7f75000 ---p 00003000 08:01 399593                     /lib/x86_64-linux-gnu/libdl-2.27.so
7f28f7f75000-7f28f7f76000 r--p 00002000 08:01 399593                     /lib/x86_64-linux-gnu/libdl-2.27.so
7f28f7f76000-7f28f7f77000 rw-p 00003000 08:01 399593                     /lib/x86_64-linux-gnu/libdl-2.27.so
7f28f7f77000-7f28f7f93000 r-xp 00000000 08:01 399742                     /lib/x86_64-linux-gnu/libz.so.1.2.11
7f28f7f93000-7f28f8192000 ---p 0001c000 08:01 399742                     /lib/x86_64-linux-gnu/libz.so.1.2.11
7f28f8192000-7f28f8193000 r--p 0001b000 08:01 399742                     /lib/x86_64-linux-gnu/libz.so.1.2.11
7f28f8193000-7f28f8194000 rw-p 0001c000 08:01 399742                     /lib/x86_64-linux-gnu/libz.so.1.2.11
7f28f8194000-7f28f837b000 r-xp 00000000 08:01 399570                     /lib/x86_64-linux-gnu/libc-2.27.so
7f28f837b000-7f28f857b000 ---p 001e7000 08:01 399570                     /lib/x86_64-linux-gnu/libc-2.27.so
7f28f857b000-7f28f857f000 r--p 001e7000 08:01 399570                     /lib/x86_64-linux-gnu/libc-2.27.so
7f28f857f000-7f28f8581000 rw-p 001eb000 08:01 399570                     /lib/x86_64-linux-gnu/libc-2.27.so
7f28f8581000-7f28f8585000 rw-p 00000000 00:00 0 
7f28f8585000-7f28f8595000 r-xp 00000000 08:01 551251                     /usr/lib/jvm/java-11-openjdk-amd64/lib/jli/libjli.so
7f28f8595000-7f28f8794000 ---p 00010000 08:01 551251                     /usr/lib/jvm/java-11-openjdk-amd64/lib/jli/libjli.so
7f28f8794000-7f28f8795000 r--p 0000f000 08:01 551251                     /usr/lib/jvm/java-11-openjdk-amd64/lib/jli/libjli.so
7f28f8795000-7f28f8796000 rw-p 00010000 08:01 551251                     /usr/lib/jvm/java-11-openjdk-amd64/lib/jli/libjli.so
7f28f8796000-7f28f87bd000 r-xp 00000000 08:01 399542                     /lib/x86_64-linux-gnu/ld-2.27.so
7f28f87d0000-7f28f87fc000 rw-p 00000000 00:00 0 
7f28f87fc000-7f28f8898000 ---p 00000000 00:00 0 
7f28f8898000-7f28f889d000 rw-p 00000000 00:00 0 
7f28f889d000-7f28f88a4000 ---p 00000000 00:00 0 
7f28f88a4000-7f28f88a8000 ---p 00000000 00:00 0 
7f28f88a8000-7f28f89a7000 rw-p 00000000 00:00 0 
7f28f89af000-7f28f89b1000 r--s 00007000 08:01 551452                     /usr/share/java/java-atk-wrapper.jar
7f28f89b1000-7f28f89b9000 rw-s 00000000 08:01 1049051                    /tmp/hsperfdata_yiyun/14016
7f28f89b9000-7f28f89ba000 ---p 00000000 00:00 0 
7f28f89ba000-7f28f89bb000 r--p 00000000 00:00 0 
7f28f89bb000-7f28f89bd000 rw-p 00000000 00:00 0 
7f28f89bd000-7f28f89be000 r--p 00027000 08:01 399542                     /lib/x86_64-linux-gnu/ld-2.27.so
7f28f89be000-7f28f89bf000 rw-p 00028000 08:01 399542                     /lib/x86_64-linux-gnu/ld-2.27.so
7f28f89bf000-7f28f89c0000 rw-p 00000000 00:00 0 
7ffc20f12000-7ffc20f33000 rw-p 00000000 00:00 0                          [stack]
7ffc20fae000-7ffc20fb1000 r--p 00000000 00:00 0                          [vvar]
7ffc20fb1000-7ffc20fb2000 r-xp 00000000 00:00 0                          [vdso]
ffffffffff600000-ffffffffff601000 r-xp 00000000 00:00 0                  [vsyscall]


VM Arguments:
jvm_args: -Xverify:none 
java_command: Main
java_class_path (initial): .
Launcher Type: SUN_STANDARD

[Global flags]
     bool BytecodeVerificationLocal                = false                                     {product} {command line}
     bool BytecodeVerificationRemote               = false                                     {product} {command line}
     intx CICompilerCount                          = 2                                         {product} {ergonomic}
   size_t InitialHeapSize                          = 33554432                                  {product} {ergonomic}
   size_t MaxHeapSize                              = 522190848                                 {product} {ergonomic}
   size_t MaxNewSize                               = 174063616                                 {product} {ergonomic}
   size_t MinHeapDeltaBytes                        = 196608                                    {product} {ergonomic}
   size_t NewSize                                  = 11141120                                  {product} {ergonomic}
    uintx NonNMethodCodeHeapSize                   = 5825164                                {pd product} {ergonomic}
    uintx NonProfiledCodeHeapSize                  = 122916538                              {pd product} {ergonomic}
   size_t OldSize                                  = 22413312                                  {product} {ergonomic}
    uintx ProfiledCodeHeapSize                     = 122916538                              {pd product} {ergonomic}
    uintx ReservedCodeCacheSize                    = 251658240                              {pd product} {ergonomic}
     bool SegmentedCodeCache                       = true                                      {product} {ergonomic}
     bool UseCompressedClassPointers               = true                                 {lp64_product} {ergonomic}
     bool UseCompressedOops                        = true                                 {lp64_product} {ergonomic}
     bool UseSerialGC                              = true                                      {product} {ergonomic}

Logging:
Log output configuration:
 #0: stdout all=warning uptime,level,tags
 #1: stderr all=off uptime,level,tags

Environment Variables:
PATH=/home/yiyun/.local/bin:/usr/local/sbin:/usr/local/bin:/usr/sbin:/usr/bin:/sbin:/bin:/usr/games:/usr/local/games:/snap/bin
USERNAME=yiyun
SHELL=/bin/bash
DISPLAY=:0

Signal Handlers:
SIGSEGV: [libjvm.so+0xdf8d00], sa_mask[0]=11111111011111111101111111111110, sa_flags=SA_RESTART|SA_SIGINFO
SIGBUS: [libjvm.so+0xdf8d00], sa_mask[0]=11111111011111111101111111111110, sa_flags=SA_RESTART|SA_SIGINFO
SIGFPE: [libjvm.so+0xdf8d00], sa_mask[0]=11111111011111111101111111111110, sa_flags=SA_RESTART|SA_SIGINFO
SIGPIPE: [libjvm.so+0xbcbc30], sa_mask[0]=11111111011111111101111111111110, sa_flags=SA_RESTART|SA_SIGINFO
SIGXFSZ: [libjvm.so+0xbcbc30], sa_mask[0]=11111111011111111101111111111110, sa_flags=SA_RESTART|SA_SIGINFO
SIGILL: [libjvm.so+0xdf8d00], sa_mask[0]=11111111011111111101111111111110, sa_flags=SA_RESTART|SA_SIGINFO
SIGUSR2: [libjvm.so+0xbcbad0], sa_mask[0]=00000000000000000000000000000000, sa_flags=SA_RESTART|SA_SIGINFO
SIGHUP: [libjvm.so+0xbcbe30], sa_mask[0]=11111111011111111101111111111110, sa_flags=SA_RESTART|SA_SIGINFO
SIGINT: [libjvm.so+0xbcbe30], sa_mask[0]=11111111011111111101111111111110, sa_flags=SA_RESTART|SA_SIGINFO
SIGTERM: [libjvm.so+0xbcbe30], sa_mask[0]=11111111011111111101111111111110, sa_flags=SA_RESTART|SA_SIGINFO
SIGQUIT: [libjvm.so+0xbcbe30], sa_mask[0]=11111111011111111101111111111110, sa_flags=SA_RESTART|SA_SIGINFO


---------------  S Y S T E M  ---------------

OS:DISTRIB_ID=Ubuntu
DISTRIB_RELEASE=18.04
DISTRIB_CODENAME=bionic
DISTRIB_DESCRIPTION="Ubuntu 18.04.3 LTS"
uname:Linux 5.0.0-36-generic #39~18.04.1-Ubuntu SMP Tue Nov 12 11:09:50 UTC 2019 x86_64
OS uptime: 0 days 6:08 hours
libc:glibc 2.27 NPTL 2.27 
rlimit: STACK 8192k, CORE 0k, NPROC 7775, NOFILE 4096, AS infinity, CPU infinity, DATA infinity, FSIZE infinity
load average:2.64 3.67 3.84

/proc/meminfo:
MemTotal:        2038764 kB
MemFree:          179632 kB
MemAvailable:     528632 kB
Buffers:           15992 kB
Cached:           502444 kB
SwapCached:        53860 kB
Active:          1171668 kB
Inactive:         454808 kB
Active(anon):     841884 kB
Inactive(anon):   328708 kB
Active(file):     329784 kB
Inactive(file):   126100 kB
Unevictable:          16 kB
Mlocked:              16 kB
SwapTotal:        969960 kB
SwapFree:         586472 kB
Dirty:                92 kB
Writeback:             0 kB
AnonPages:       1100516 kB
Mapped:           199816 kB
Shmem:             64712 kB
KReclaimable:      49424 kB
Slab:              89688 kB
SReclaimable:      49424 kB
SUnreclaim:        40264 kB
KernelStack:       10572 kB
PageTables:        52812 kB
NFS_Unstable:          0 kB
Bounce:                0 kB
WritebackTmp:          0 kB
CommitLimit:     1989340 kB
Committed_AS:    6451972 kB
VmallocTotal:   34359738367 kB
VmallocUsed:           0 kB
VmallocChunk:          0 kB
Percpu:              304 kB
HardwareCorrupted:     0 kB
AnonHugePages:         0 kB
ShmemHugePages:        0 kB
ShmemPmdMapped:        0 kB
CmaTotal:              0 kB
CmaFree:               0 kB
HugePages_Total:       0
HugePages_Free:        0
HugePages_Rsvd:        0
HugePages_Surp:        0
Hugepagesize:       2048 kB
Hugetlb:               0 kB
DirectMap4k:      155584 kB
DirectMap2M:     1941504 kB


/proc/sys/kernel/threads-max (system-wide limit on the number of threads):
15550


/proc/sys/vm/max_map_count (maximum number of memory map areas a process may have):
65530


/proc/sys/kernel/pid_max (system-wide limit on number of process identifiers):
32768



container (cgroup) information:
container_type: cgroupv1
cpu_cpuset_cpus: 0
cpu_memory_nodes: 0
active_processor_count: 1
cpu_quota: -1
cpu_period: 100000
cpu_shares: -1
memory_limit_in_bytes: -1
memory_and_swap_limit_in_bytes: -2
memory_soft_limit_in_bytes: -1
memory_usage_in_bytes: 1658986496
memory_max_usage_in_bytes: 28061696

KVM virtualization detected
Steal ticks since vm start: 0
Steal ticks percentage since vm start:  0.000

CPU:total 1 (initial active 1) (1 cores per cpu, 1 threads per core) family 6 model 142 stepping 11, cmov, cx8, fxsr, mmx, sse, sse2, sse3, ssse3, sse4.1, sse4.2, popcnt, avx, avx2, aes, clmul, 3dnowpref, lzcnt, tsc, tscinvbit
CPU Model and flags from /proc/cpuinfo:
model name	: Intel(R) Core(TM) i5-8265U CPU @ 1.60GHz
flags		: fpu vme de pse tsc msr pae mce cx8 apic sep mtrr pge mca cmov pat pse36 clflush mmx fxsr sse sse2 ht syscall nx rdtscp lm constant_tsc rep_good nopl xtopology nonstop_tsc cpuid tsc_known_freq pni pclmulqdq monitor ssse3 cx16 pcid sse4_1 sse4_2 x2apic movbe popcnt aes xsave avx rdrand hypervisor lahf_lm abm 3dnowprefetch invpcid_single fsgsbase avx2 invpcid rdseed clflushopt flush_l1d arch_capabilities

Memory: 4k page, physical 2038764k(179632k free), swap 969960k(586472k free)

vm_info: OpenJDK 64-Bit Server VM (11.0.7+10-post-Ubuntu-2ubuntu218.04) for linux-amd64 JRE (11.0.7+10-post-Ubuntu-2ubuntu218.04), built on Apr 15 2020 21:12:54 by "unknown" with gcc 7.5.0

END.
