#
# A fatal error has been detected by the Java Runtime Environment:
#
#  SIGSEGV (0xb) at pc=0x00007f28939519fa, pid=13448, tid=13449
#
# JRE version: OpenJDK Runtime Environment (11.0.7+10) (build 11.0.7+10-post-Ubuntu-2ubuntu218.04)
# Java VM: OpenJDK 64-Bit Server VM (11.0.7+10-post-Ubuntu-2ubuntu218.04, mixed mode, sharing, tiered, compressed oops, serial gc, linux-amd64)
# Problematic frame:
# V  [libjvm.so+0xa3b9fa]
#
# Core dump will be written. Default location: Core dumps may be processed with "/usr/share/apport/apport %p %s %c %d %P %E" (or dumping to /home/yiyun/Compiler_Jasmin/Compiler_StudentID_HW3/core.13448)
#
# If you would like to submit a bug report, please visit:
#   https://bugs.launchpad.net/ubuntu/+source/openjdk-lts
#

---------------  S U M M A R Y ------------

Command Line: -Xverify:none Main

Host: Intel(R) Core(TM) i5-8265U CPU @ 1.60GHz, 1 cores, 1G, Ubuntu 18.04.3 LTS
Time: Sun May 24 20:28:58 2020 CST elapsed time: 0 seconds (0d 0h 0m 0s)

---------------  T H R E A D  ---------------

Current thread (0x00007f288c015800):  JavaThread "main" [_thread_in_vm, id=13449, stack(0x00007f289508f000,0x00007f2895190000)]

Stack: [0x00007f289508f000,0x00007f2895190000],  sp=0x00007f289518e2f0,  free space=1020k
Native frames: (J=compiled Java code, A=aot compiled Java code, j=interpreted, Vv=VM code, C=native code)
V  [libjvm.so+0xa3b9fa]
V  [libjvm.so+0x843946]
V  [libjvm.so+0x84483d]
j  java.lang.String.valueOf(Ljava/lang/Object;)Ljava/lang/String;+10 java.base@11.0.7
j  java.io.PrintStream.print(Ljava/lang/String;)V+2 java.base@11.0.7
j  java.io.PrintStream.println(Ljava/lang/String;)V+6 java.base@11.0.7
j  Main.main([Ljava/lang/String;)V+9
v  ~StubRoutines::call_stub
V  [libjvm.so+0x84e319]
V  [libjvm.so+0x8ca02d]
V  [libjvm.so+0x8cc4fe]
C  [libjli.so+0x5856]
C  [libjli.so+0x92cd]

Java frames: (J=compiled Java code, j=interpreted, Vv=VM code)
j  java.lang.String.valueOf(Ljava/lang/Object;)Ljava/lang/String;+10 java.base@11.0.7
j  java.io.PrintStream.print(Ljava/lang/String;)V+2 java.base@11.0.7
j  java.io.PrintStream.println(Ljava/lang/String;)V+6 java.base@11.0.7
j  Main.main([Ljava/lang/String;)V+9
v  ~StubRoutines::call_stub

siginfo: si_signo: 11 (SIGSEGV), si_code: 1 (SEGV_MAPERR), si_addr: 0x000000000000000d

Register to memory mapping:

RAX=0x0000000000000005 is an unknown value
RBX=0x00007f289518e460 is pointing into the stack for thread: 0x00007f288c015800
RCX=0x0000000000000010 is an unknown value
RDX=0x00007f28942fbf4c: <offset 0x00000000013e5f4c> in /usr/lib/jvm/java-11-openjdk-amd64/lib/server/libjvm.so at 0x00007f2892f16000
RSP=0x00007f289518e2f0 is pointing into the stack for thread: 0x00007f288c015800
RBP=0x00007f289518e390 is pointing into the stack for thread: 0x00007f288c015800
RSI=0x00007f289518e310 is pointing into the stack for thread: 0x00007f288c015800
RDI=0x00007f289518e310 is pointing into the stack for thread: 0x00007f288c015800
R8 =0x0 is NULL
R9 =0x0 is NULL
R10=0x00007f289518e320 is pointing into the stack for thread: 0x00007f288c015800
R11=0x000000080094e5c0 is pointing into metadata
R12=0x00007f289518e310 is pointing into the stack for thread: 0x00007f288c015800
R13=0x00007f288c016490 points into unknown readable memory: 05 00 00 00 00 00 00 00
R14=0x0 is NULL
R15=0x00007f288c015800 is a thread


Registers:
RAX=0x0000000000000005, RBX=0x00007f289518e460, RCX=0x0000000000000010, RDX=0x00007f28942fbf4c
RSP=0x00007f289518e2f0, RBP=0x00007f289518e390, RSI=0x00007f289518e310, RDI=0x00007f289518e310
R8 =0x0000000000000000, R9 =0x0000000000000000, R10=0x00007f289518e320, R11=0x000000080094e5c0
R12=0x00007f289518e310, R13=0x00007f288c016490, R14=0x0000000000000000, R15=0x00007f288c015800
RIP=0x00007f28939519fa, EFLAGS=0x0000000000010202, CSGSFS=0x002b000000000033, ERR=0x0000000000000004
  TRAPNO=0x000000000000000e

Top of Stack: (sp=0x00007f289518e2f0)
0x00007f289518e2f0:   0000000000000000 00007f289518e320
0x00007f289518e300:   00007f289518e320 00007f2893bde359
0x00007f289518e310:   0000000000000000 0000000000000000
0x00007f289518e320:   00000008004b5b00 00000008004b7e08 

Instructions: (pc=0x00007f28939519fa)
0x00007f28939518fa:   29 5d b0 e8 9e b3 c0 ff 4c 8d 55 90 49 83 7f 08
0x00007f289395190a:   00 48 89 45 a0 0f 84 6b 03 00 00 0f 1f 00 49 8d
0x00007f289395191a:   7a 20 e8 8f b8 d9 ff 48 8d 65 d8 5b 41 5c 41 5d
0x00007f289395192a:   41 5e 41 5f 5d c3 66 0f ef d2 49 8b 3c 24 4c 89
0x00007f289395193a:   ca 89 ce c6 45 c1 00 0f 29 55 b0 e8 56 b3 c0 ff
0x00007f289395194a:   4c 8d 55 90 49 83 7f 08 00 48 89 45 a0 75 bf 49
0x00007f289395195a:   8b 3c 24 31 d2 44 89 f6 4c 89 95 68 ff ff ff e8
0x00007f289395196a:   c2 5d c0 ff 49 8b 3c 24 31 d2 44 89 f6 48 89 45
0x00007f289395197a:   90 e8 50 5e c0 ff 49 8b 3c 24 31 d2 44 89 f6 48
0x00007f289395198a:   89 45 98 e8 5e 5f c0 ff 88 45 c1 49 8b 04 24 4c
0x00007f289395199a:   8d 65 80 4c 8b 95 68 ff ff ff 66 0f ef f6 4c 89
0x00007f28939519aa:   e6 48 8b 40 18 49 8d 7a 20 0f 29 75 80 48 89 45
0x00007f28939519ba:   a8 e8 d0 b5 d9 ff 4c 89 e7 e8 e8 b7 d9 ff 49 83
0x00007f28939519ca:   7f 08 00 c6 45 c0 01 4c 8b 95 68 ff ff ff 0f 85
0x00007f28939519da:   3a ff ff ff 45 31 f6 4d 85 ed 74 28 48 8d 15 5f
0x00007f28939519ea:   a5 9a 00 49 8b 45 00 80 3a 00 0f 84 e6 03 00 00
0x00007f28939519fa:   44 8b 70 08 48 8d 05 cb dc 97 00 8b 48 08 49 d3
0x00007f2893951a0a:   e6 4c 03 30 4c 89 d6 4c 89 fa 4c 89 e7 4c 89 95
0x00007f2893951a1a:   68 ff ff ff e8 7d b3 ff ff 49 83 7f 08 00 4c 8b
0x00007f2893951a2a:   95 68 ff ff ff 0f 85 0b 01 00 00 48 83 ec 08 48
0x00007f2893951a3a:   8b 55 a0 41 b9 01 00 00 00 41 57 4d 89 f0 4c 89
0x00007f2893951a4a:   e9 4c 89 e6 48 89 df e8 8a 87 ff ff 58 4c 8b 95
0x00007f2893951a5a:   68 ff ff ff 5a e9 dc 00 00 00 0f 1f 40 00 66 0f
0x00007f2893951a6a:   ef c9 49 8b 3c 24 4c 89 ca 89 ce c6 45 c1 00 0f
0x00007f2893951a7a:   29 4d b0 e8 1e b2 c0 ff 4c 8d 55 90 49 83 7f 08
0x00007f2893951a8a:   00 48 89 45 a0 0f 85 83 fe ff ff 49 8b 3c 24 31
0x00007f2893951a9a:   d2 44 89 f6 4c 89 95 68 ff ff ff e8 86 5c c0 ff
0x00007f2893951aaa:   49 8b 3c 24 31 d2 44 89 f6 48 89 45 90 e8 14 5d
0x00007f2893951aba:   c0 ff 49 8b 3c 24 31 d2 44 89 f6 48 89 45 98 e8
0x00007f2893951aca:   22 5e c0 ff 88 45 c1 49 8b 04 24 4c 8d 65 80 4c
0x00007f2893951ada:   8b 95 68 ff ff ff 66 0f ef ed 4c 89 e6 48 8b 40
0x00007f2893951aea:   18 49 8d 7a 20 0f 29 6d 80 48 89 45 a8 e8 94 b4 


Stack slot to memory mapping:
stack at sp + 0 slots: 0x0 is NULL
stack at sp + 1 slots: 0x00007f289518e320 is pointing into the stack for thread: 0x00007f288c015800
stack at sp + 2 slots: 0x00007f289518e320 is pointing into the stack for thread: 0x00007f288c015800
stack at sp + 3 slots: 0x00007f2893bde359: <offset 0x0000000000cc8359> in /usr/lib/jvm/java-11-openjdk-amd64/lib/server/libjvm.so at 0x00007f2892f16000
stack at sp + 4 slots: 0x0 is NULL
stack at sp + 5 slots: 0x0 is NULL
stack at sp + 6 slots: 0x00000008004b5b00 is pointing into metadata
stack at sp + 7 slots: 0x00000008004b7e08 is pointing into metadata


---------------  P R O C E S S  ---------------

Threads class SMR info:
_java_thread_list=0x00007f288c0b6c30, length=9, elements={
0x00007f288c015800, 0x00007f288c051000, 0x00007f288c053000, 0x00007f288c05a000,
0x00007f288c05c800, 0x00007f288c05e800, 0x00007f288c060800, 0x00007f288c0ac000,
0x00007f288c0b5800
}

Java Threads: ( => current thread )
=>0x00007f288c015800 JavaThread "main" [_thread_in_vm, id=13449, stack(0x00007f289508f000,0x00007f2895190000)]
  0x00007f288c051000 JavaThread "Reference Handler" daemon [_thread_blocked, id=13451, stack(0x00007f289054d000,0x00007f289064e000)]
  0x00007f288c053000 JavaThread "Finalizer" daemon [_thread_blocked, id=13452, stack(0x00007f289044c000,0x00007f289054d000)]
  0x00007f288c05a000 JavaThread "Signal Dispatcher" daemon [_thread_blocked, id=13453, stack(0x00007f289034b000,0x00007f289044c000)]
  0x00007f288c05c800 JavaThread "C2 CompilerThread0" daemon [_thread_blocked, id=13454, stack(0x00007f289024a000,0x00007f289034b000)]
  0x00007f288c05e800 JavaThread "C1 CompilerThread0" daemon [_thread_blocked, id=13455, stack(0x00007f2890149000,0x00007f289024a000)]
  0x00007f288c060800 JavaThread "Sweeper thread" daemon [_thread_blocked, id=13456, stack(0x00007f2890048000,0x00007f2890149000)]
  0x00007f288c0ac000 JavaThread "Service Thread" daemon [_thread_blocked, id=13457, stack(0x00007f287480c000,0x00007f287490d000)]
  0x00007f288c0b5800 JavaThread "Common-Cleaner" daemon [_thread_blocked, id=13459, stack(0x00007f2874609000,0x00007f287470a000)]

Other Threads:
  0x00007f288c04e000 VMThread "VM Thread" [stack: 0x00007f2890650000,0x00007f2890750000] [id=13450]
  0x00007f288c0ae800 WatcherThread [stack: 0x00007f287470c000,0x00007f287480c000] [id=13458]

Threads with active compile tasks:

VM state:not at safepoint (normal execution)

VM Mutex/Monitor currently owned by a thread: None

Heap address: 0x00000000e0e00000, size: 498 MB, Compressed Oops mode: 32-bit
Narrow klass base: 0x0000000800000000, Narrow klass shift: 3
Compressed class space size: 1073741824 Address: 0x0000000840000000

Heap:
 def new generation   total 9792K, used 1044K [0x00000000e0e00000, 0x00000000e18a0000, 0x00000000eb400000)
  eden space 8704K,  12% used [0x00000000e0e00000, 0x00000000e0f05318, 0x00000000e1680000)
  from space 1088K,   0% used [0x00000000e1680000, 0x00000000e1680000, 0x00000000e1790000)
  to   space 1088K,   0% used [0x00000000e1790000, 0x00000000e1790000, 0x00000000e18a0000)
 tenured generation   total 21888K, used 0K [0x00000000eb400000, 0x00000000ec960000, 0x0000000100000000)
   the space 21888K,   0% used [0x00000000eb400000, 0x00000000eb400000, 0x00000000eb400200, 0x00000000ec960000)
 Metaspace       used 166K, capacity 4486K, committed 4864K, reserved 1056768K
  class space    used 5K, capacity 386K, committed 512K, reserved 1048576K

Card table byte_map: [0x00007f2891075000,0x00007f289116f000] _byte_map_base: 0x00007f289096e000

Polling page: 0x00007f28951a4000

Metaspace:

Usage:
  Non-class:      4.00 MB capacity,   161.51 KB (  4%) used,     3.85 MB ( 96%) free+waste,   128 bytes ( <1%) overhead. 
      Class:    386.00 KB capacity,     5.18 KB (  1%) used,   380.70 KB ( 99%) free+waste,   128 bytes ( <1%) overhead. 
       Both:      4.38 MB capacity,   166.69 KB (  4%) used,     4.22 MB ( 96%) free+waste,   256 bytes ( <1%) overhead. 

Virtual space:
  Non-class space:        8.00 MB reserved,       4.25 MB ( 53%) committed 
      Class space:        1.00 GB reserved,     512.00 KB ( <1%) committed 
             Both:        1.01 GB reserved,       4.75 MB ( <1%) committed 

Chunk freelists:
   Non-Class:  0 bytes
       Class:  0 bytes
        Both:  0 bytes

MaxMetaspaceSize: unlimited
CompressedClassSpaceSize: 1.00 GB

CodeHeap 'non-profiled nmethods': size=120036Kb used=14Kb max_used=14Kb free=120021Kb
 bounds [0x00007f287c3d4000, 0x00007f287c644000, 0x00007f288390d000]
CodeHeap 'profiled nmethods': size=120032Kb used=72Kb max_used=72Kb free=119959Kb
 bounds [0x00007f2874e9c000, 0x00007f287510c000, 0x00007f287c3d4000]
CodeHeap 'non-nmethods': size=5692Kb used=986Kb max_used=995Kb free=4705Kb
 bounds [0x00007f287490d000, 0x00007f2874b7d000, 0x00007f2874e9c000]
 total_blobs=346 nmethods=55 adapters=155
 compilation: enabled
              stopped_count=0, restarted_count=0
 full_count=0

Compilation events (20 events):
Event: 0.644 Thread 0x00007f288c05e800 nmethod 44 0x00007f2874eab910 code [0x00007f2874eabac0, 0x00007f2874eabcd0]
Event: 0.645 Thread 0x00007f288c05e800   38       3       java.util.concurrent.ConcurrentHashMap$Node::<init> (20 bytes)
Event: 0.645 Thread 0x00007f288c05e800 nmethod 38 0x00007f2874eabd90 code [0x00007f2874eabf40, 0x00007f2874eac150]
Event: 0.645 Thread 0x00007f288c05e800   43       1       java.util.ImmutableCollections$SetN::size (5 bytes)
Event: 0.645 Thread 0x00007f288c05e800 nmethod 43 0x00007f287c3d5a90 code [0x00007f287c3d5c40, 0x00007f287c3d5d70]
Event: 0.645 Thread 0x00007f288c05e800   42       3       java.util.concurrent.ConcurrentHashMap::putIfAbsent (8 bytes)
Event: 0.646 Thread 0x00007f288c05e800 nmethod 42 0x00007f2874eac210 code [0x00007f2874eac3c0, 0x00007f2874eac568]
Event: 0.646 Thread 0x00007f288c05e800   53       3       java.util.HashMap$Node::<init> (26 bytes)
Event: 0.651 Thread 0x00007f288c05e800 nmethod 53 0x00007f2874eac610 code [0x00007f2874eac7c0, 0x00007f2874eac9d0]
Event: 0.651 Thread 0x00007f288c05e800   28       3       jdk.internal.misc.Unsafe::getObjectAcquire (7 bytes)
Event: 0.651 Thread 0x00007f288c05e800 nmethod 28 0x00007f2874eaca90 code [0x00007f2874eacc40, 0x00007f2874eacdb0]
Event: 0.652 Thread 0x00007f288c05e800   37       3       java.util.concurrent.ConcurrentHashMap::spread (10 bytes)
Event: 0.652 Thread 0x00007f288c05e800 nmethod 37 0x00007f2874eace90 code [0x00007f2874ead040, 0x00007f2874ead190]
Event: 0.652 Thread 0x00007f288c05e800   54       3       java.util.HashMap::newNode (13 bytes)
Event: 0.652 Thread 0x00007f288c05e800 nmethod 54 0x00007f2874ead210 code [0x00007f2874ead3e0, 0x00007f2874ead6d0]
Event: 0.653 Thread 0x00007f288c05e800   55       3       java.util.HashMap::afterNodeInsertion (1 bytes)
Event: 0.653 Thread 0x00007f288c05e800 nmethod 55 0x00007f2874ead810 code [0x00007f2874ead9c0, 0x00007f2874eadb30]
Event: 0.653 Thread 0x00007f288c05e800   48       3       java.util.HashMap::put (13 bytes)
Event: 0.654 Thread 0x00007f288c05e800 nmethod 48 0x00007f2874eadb90 code [0x00007f2874eadd60, 0x00007f2874eae0d8]
Event: 0.654 Thread 0x00007f288c05e800   35       1       java.lang.module.ResolvedModule::reference (5 bytes)

GC Heap History (0 events):
No events

Deoptimization events (4 events):
Event: 0.628 Thread 0x00007f288c015800 Uncommon trap: trap_request=0xffffff4d fr.pc=0x00007f287c3d58d4 relative=0x00000000000001b4
Event: 0.628 Thread 0x00007f288c015800 Uncommon trap: reason=unstable_if action=reinterpret pc=0x00007f287c3d58d4 method=java.lang.String.hashCode()I @ 14 c2
Event: 0.628 Thread 0x00007f288c015800 DEOPT PACKING pc=0x00007f287c3d58d4 sp=0x00007f289518d1b0
Event: 0.628 Thread 0x00007f288c015800 DEOPT UNPACKING pc=0x00007f2874935325 sp=0x00007f289518d168 mode 2

Classes redefined (0 events):
No events

Internal exceptions (0 events):
No events

Events (20 events):
Event: 0.218 Thread 0x00007f288c05e800 Thread added: 0x00007f288c05e800
Event: 0.218 Protecting memory [0x00007f2890149000,0x00007f289014d000] with protection modes 0
Event: 0.220 Thread 0x00007f288c060800 Thread added: 0x00007f288c060800
Event: 0.229 Protecting memory [0x00007f2890048000,0x00007f289004c000] with protection modes 0
Event: 0.565 Thread 0x00007f288c0ac000 Thread added: 0x00007f288c0ac000
Event: 0.566 Executing VM operation: EnableBiasedLocking
Event: 0.568 Protecting memory [0x00007f287480c000,0x00007f2874810000] with protection modes 0
Event: 0.568 Executing VM operation: EnableBiasedLocking done
Event: 0.568 loading class jdk/internal/vm/PostVMInitHook
Event: 0.568 loading class jdk/internal/vm/PostVMInitHook done
Event: 0.626 loading class Main
Event: 0.626 loading class Main done
Event: 0.635 loading class jdk/internal/loader/URLClassPath$FileLoader
Event: 0.635 loading class jdk/internal/loader/URLClassPath$FileLoader done
Event: 0.637 loading class jdk/internal/loader/URLClassPath$FileLoader$1
Event: 0.637 loading class jdk/internal/loader/URLClassPath$FileLoader$1 done
Event: 0.646 Thread 0x00007f288c0b5800 Thread added: 0x00007f288c0b5800
Event: 0.650 Protecting memory [0x00007f2874609000,0x00007f287460d000] with protection modes 0
Event: 0.650 Executing VM operation: RevokeBias
Event: 0.651 Executing VM operation: RevokeBias done


Dynamic libraries:
e0e00000-e18a0000 rw-p 00000000 00:00 0 
e18a0000-eb400000 ---p 00000000 00:00 0 
eb400000-ec960000 rw-p 00000000 00:00 0 
ec960000-100000000 ---p 00000000 00:00 0 
800000000-800002000 rwxp 00001000 08:01 551457                           /usr/lib/jvm/java-11-openjdk-amd64/lib/server/classes.jsa
800002000-8003b8000 rw-p 00003000 08:01 551457                           /usr/lib/jvm/java-11-openjdk-amd64/lib/server/classes.jsa
8003b8000-800a7f000 r--p 003b9000 08:01 551457                           /usr/lib/jvm/java-11-openjdk-amd64/lib/server/classes.jsa
800a7f000-800a80000 rw-p 00a80000 08:01 551457                           /usr/lib/jvm/java-11-openjdk-amd64/lib/server/classes.jsa
800a80000-80108c000 r--p 00a81000 08:01 551457                           /usr/lib/jvm/java-11-openjdk-amd64/lib/server/classes.jsa
840000000-840080000 rw-p 00000000 00:00 0 
840080000-880000000 ---p 00000000 00:00 0 
5557127f0000-5557127f1000 r-xp 00000000 08:01 551084                     /usr/lib/jvm/java-11-openjdk-amd64/bin/java
5557129f1000-5557129f2000 r--p 00001000 08:01 551084                     /usr/lib/jvm/java-11-openjdk-amd64/bin/java
5557129f2000-5557129f3000 rw-p 00002000 08:01 551084                     /usr/lib/jvm/java-11-openjdk-amd64/bin/java
555713403000-555713424000 rw-p 00000000 00:00 0                          [heap]
7f2850000000-7f2850021000 rw-p 00000000 00:00 0 
7f2850021000-7f2854000000 ---p 00000000 00:00 0 
7f2858000000-7f28580e1000 rw-p 00000000 00:00 0 
7f28580e1000-7f285c000000 ---p 00000000 00:00 0 
7f285c000000-7f285c076000 rw-p 00000000 00:00 0 
7f285c076000-7f2860000000 ---p 00000000 00:00 0 
7f2860000000-7f2860021000 rw-p 00000000 00:00 0 
7f2860021000-7f2864000000 ---p 00000000 00:00 0 
7f28675e9000-7f2868000000 r--p 00000000 08:01 660771                     /usr/lib/locale/locale-archive
7f2868000000-7f2868021000 rw-p 00000000 00:00 0 
7f2868021000-7f286c000000 ---p 00000000 00:00 0 
7f286c000000-7f286c021000 rw-p 00000000 00:00 0 
7f286c021000-7f2870000000 ---p 00000000 00:00 0 
7f2870000000-7f2870021000 rw-p 00000000 00:00 0 
7f2870021000-7f2874000000 ---p 00000000 00:00 0 
7f2874609000-7f287460d000 ---p 00000000 00:00 0 
7f287460d000-7f287470a000 rw-p 00000000 00:00 0 
7f287470a000-7f287470b000 ---p 00000000 00:00 0 
7f287470b000-7f287480c000 rw-p 00000000 00:00 0 
7f287480c000-7f2874810000 ---p 00000000 00:00 0 
7f2874810000-7f287490d000 rw-p 00000000 00:00 0 
7f287490d000-7f2874b7d000 rwxp 00000000 00:00 0 
7f2874b7d000-7f2874e9c000 ---p 00000000 00:00 0 
7f2874e9c000-7f287510c000 rwxp 00000000 00:00 0 
7f287510c000-7f287c3d4000 ---p 00000000 00:00 0 
7f287c3d4000-7f287c644000 rwxp 00000000 00:00 0 
7f287c644000-7f288390d000 ---p 00000000 00:00 0 
7f288390d000-7f288c000000 r--s 00000000 08:01 551289                     /usr/lib/jvm/java-11-openjdk-amd64/lib/modules
7f288c000000-7f288c0c3000 rw-p 00000000 00:00 0 
7f288c0c3000-7f2890000000 ---p 00000000 00:00 0 
7f2890048000-7f289004c000 ---p 00000000 00:00 0 
7f289004c000-7f2890149000 rw-p 00000000 00:00 0 
7f2890149000-7f289014d000 ---p 00000000 00:00 0 
7f289014d000-7f289024a000 rw-p 00000000 00:00 0 
7f289024a000-7f289024e000 ---p 00000000 00:00 0 
7f289024e000-7f289034b000 rw-p 00000000 00:00 0 
7f289034b000-7f289034f000 ---p 00000000 00:00 0 
7f289034f000-7f289044c000 rw-p 00000000 00:00 0 
7f289044c000-7f2890450000 ---p 00000000 00:00 0 
7f2890450000-7f289054d000 rw-p 00000000 00:00 0 
7f289054d000-7f2890551000 ---p 00000000 00:00 0 
7f2890551000-7f289064e000 rw-p 00000000 00:00 0 
7f289064e000-7f289064f000 ---p 00000000 00:00 0 
7f289064f000-7f2890c94000 rw-p 00000000 00:00 0 
7f2890c94000-7f2891054000 ---p 00000000 00:00 0 
7f2891054000-7f289107b000 rw-p 00000000 00:00 0 
7f289107b000-7f28910c8000 ---p 00000000 00:00 0 
7f28910c8000-7f28910d3000 rw-p 00000000 00:00 0 
7f28910d3000-7f289116e000 ---p 00000000 00:00 0 
7f289116e000-7f2891174000 rw-p 00000000 00:00 0 
7f2891174000-7f289125a000 ---p 00000000 00:00 0 
7f289125a000-7f289125f000 rw-p 00000000 00:00 0 
7f289125f000-7f2891345000 ---p 00000000 00:00 0 
7f2891345000-7f289134a000 r-xp 00000000 08:01 551271                     /usr/lib/jvm/java-11-openjdk-amd64/lib/libjimage.so
7f289134a000-7f2891549000 ---p 00005000 08:01 551271                     /usr/lib/jvm/java-11-openjdk-amd64/lib/libjimage.so
7f2891549000-7f289154a000 r--p 00004000 08:01 551271                     /usr/lib/jvm/java-11-openjdk-amd64/lib/libjimage.so
7f289154a000-7f289154b000 rw-p 00005000 08:01 551271                     /usr/lib/jvm/java-11-openjdk-amd64/lib/libjimage.so
7f289154b000-7f2891552000 r-xp 00000000 08:01 551288                     /usr/lib/jvm/java-11-openjdk-amd64/lib/libzip.so
7f2891552000-7f2891751000 ---p 00007000 08:01 551288                     /usr/lib/jvm/java-11-openjdk-amd64/lib/libzip.so
7f2891751000-7f2891752000 r--p 00006000 08:01 551288                     /usr/lib/jvm/java-11-openjdk-amd64/lib/libzip.so
7f2891752000-7f2891753000 rw-p 00007000 08:01 551288                     /usr/lib/jvm/java-11-openjdk-amd64/lib/libzip.so
7f2891753000-7f289175e000 r-xp 00000000 08:01 399660                     /lib/x86_64-linux-gnu/libnss_files-2.27.so
7f289175e000-7f289195d000 ---p 0000b000 08:01 399660                     /lib/x86_64-linux-gnu/libnss_files-2.27.so
7f289195d000-7f289195e000 r--p 0000a000 08:01 399660                     /lib/x86_64-linux-gnu/libnss_files-2.27.so
7f289195e000-7f289195f000 rw-p 0000b000 08:01 399660                     /lib/x86_64-linux-gnu/libnss_files-2.27.so
7f289195f000-7f2891965000 rw-p 00000000 00:00 0 
7f2891965000-7f289197c000 r-xp 00000000 08:01 399654                     /lib/x86_64-linux-gnu/libnsl-2.27.so
7f289197c000-7f2891b7b000 ---p 00017000 08:01 399654                     /lib/x86_64-linux-gnu/libnsl-2.27.so
7f2891b7b000-7f2891b7c000 r--p 00016000 08:01 399654                     /lib/x86_64-linux-gnu/libnsl-2.27.so
7f2891b7c000-7f2891b7d000 rw-p 00017000 08:01 399654                     /lib/x86_64-linux-gnu/libnsl-2.27.so
7f2891b7d000-7f2891b7f000 rw-p 00000000 00:00 0 
7f2891b7f000-7f2891b8a000 r-xp 00000000 08:01 399671                     /lib/x86_64-linux-gnu/libnss_nis-2.27.so
7f2891b8a000-7f2891d89000 ---p 0000b000 08:01 399671                     /lib/x86_64-linux-gnu/libnss_nis-2.27.so
7f2891d89000-7f2891d8a000 r--p 0000a000 08:01 399671                     /lib/x86_64-linux-gnu/libnss_nis-2.27.so
7f2891d8a000-7f2891d8b000 rw-p 0000b000 08:01 399671                     /lib/x86_64-linux-gnu/libnss_nis-2.27.so
7f2891d8b000-7f2891d93000 r-xp 00000000 08:01 399656                     /lib/x86_64-linux-gnu/libnss_compat-2.27.so
7f2891d93000-7f2891f93000 ---p 00008000 08:01 399656                     /lib/x86_64-linux-gnu/libnss_compat-2.27.so
7f2891f93000-7f2891f94000 r--p 00008000 08:01 399656                     /lib/x86_64-linux-gnu/libnss_compat-2.27.so
7f2891f94000-7f2891f95000 rw-p 00009000 08:01 399656                     /lib/x86_64-linux-gnu/libnss_compat-2.27.so
7f2891f95000-7f2891fbe000 r-xp 00000000 08:01 551267                     /usr/lib/jvm/java-11-openjdk-amd64/lib/libjava.so
7f2891fbe000-7f28921bd000 ---p 00029000 08:01 551267                     /usr/lib/jvm/java-11-openjdk-amd64/lib/libjava.so
7f28921bd000-7f28921be000 r--p 00028000 08:01 551267                     /usr/lib/jvm/java-11-openjdk-amd64/lib/libjava.so
7f28921be000-7f28921c0000 rw-p 00029000 08:01 551267                     /usr/lib/jvm/java-11-openjdk-amd64/lib/libjava.so
7f28921c0000-7f28921cd000 r-xp 00000000 08:01 551287                     /usr/lib/jvm/java-11-openjdk-amd64/lib/libverify.so
7f28921cd000-7f28923cc000 ---p 0000d000 08:01 551287                     /usr/lib/jvm/java-11-openjdk-amd64/lib/libverify.so
7f28923cc000-7f28923ce000 r--p 0000c000 08:01 551287                     /usr/lib/jvm/java-11-openjdk-amd64/lib/libverify.so
7f28923ce000-7f28923cf000 rw-p 0000e000 08:01 551287                     /usr/lib/jvm/java-11-openjdk-amd64/lib/libverify.so
7f28923cf000-7f28923d6000 r-xp 00000000 08:01 399711                     /lib/x86_64-linux-gnu/librt-2.27.so
7f28923d6000-7f28925d5000 ---p 00007000 08:01 399711                     /lib/x86_64-linux-gnu/librt-2.27.so
7f28925d5000-7f28925d6000 r--p 00006000 08:01 399711                     /lib/x86_64-linux-gnu/librt-2.27.so
7f28925d6000-7f28925d7000 rw-p 00007000 08:01 399711                     /lib/x86_64-linux-gnu/librt-2.27.so
7f28925d7000-7f28925ee000 r-xp 00000000 08:01 399607                     /lib/x86_64-linux-gnu/libgcc_s.so.1
7f28925ee000-7f28927ed000 ---p 00017000 08:01 399607                     /lib/x86_64-linux-gnu/libgcc_s.so.1
7f28927ed000-7f28927ee000 r--p 00016000 08:01 399607                     /lib/x86_64-linux-gnu/libgcc_s.so.1
7f28927ee000-7f28927ef000 rw-p 00017000 08:01 399607                     /lib/x86_64-linux-gnu/libgcc_s.so.1
7f28927ef000-7f289298c000 r-xp 00000000 08:01 399633                     /lib/x86_64-linux-gnu/libm-2.27.so
7f289298c000-7f2892b8b000 ---p 0019d000 08:01 399633                     /lib/x86_64-linux-gnu/libm-2.27.so
7f2892b8b000-7f2892b8c000 r--p 0019c000 08:01 399633                     /lib/x86_64-linux-gnu/libm-2.27.so
7f2892b8c000-7f2892b8d000 rw-p 0019d000 08:01 399633                     /lib/x86_64-linux-gnu/libm-2.27.so
7f2892b8d000-7f2892d06000 r-xp 00000000 08:01 665875                     /usr/lib/x86_64-linux-gnu/libstdc++.so.6.0.25
7f2892d06000-7f2892f06000 ---p 00179000 08:01 665875                     /usr/lib/x86_64-linux-gnu/libstdc++.so.6.0.25
7f2892f06000-7f2892f10000 r--p 00179000 08:01 665875                     /usr/lib/x86_64-linux-gnu/libstdc++.so.6.0.25
7f2892f10000-7f2892f12000 rw-p 00183000 08:01 665875                     /usr/lib/x86_64-linux-gnu/libstdc++.so.6.0.25
7f2892f12000-7f2892f16000 rw-p 00000000 00:00 0 
7f2892f16000-7f2893ff3000 r-xp 00000000 08:01 551294                     /usr/lib/jvm/java-11-openjdk-amd64/lib/server/libjvm.so
7f2893ff3000-7f28941f2000 ---p 010dd000 08:01 551294                     /usr/lib/jvm/java-11-openjdk-amd64/lib/server/libjvm.so
7f28941f2000-7f28942af000 r--p 010dc000 08:01 551294                     /usr/lib/jvm/java-11-openjdk-amd64/lib/server/libjvm.so
7f28942af000-7f28942e9000 rw-p 01199000 08:01 551294                     /usr/lib/jvm/java-11-openjdk-amd64/lib/server/libjvm.so
7f28942e9000-7f289433f000 rw-p 00000000 00:00 0 
7f289433f000-7f2894359000 r-xp 00000000 08:01 399703                     /lib/x86_64-linux-gnu/libpthread-2.27.so
7f2894359000-7f2894558000 ---p 0001a000 08:01 399703                     /lib/x86_64-linux-gnu/libpthread-2.27.so
7f2894558000-7f2894559000 r--p 00019000 08:01 399703                     /lib/x86_64-linux-gnu/libpthread-2.27.so
7f2894559000-7f289455a000 rw-p 0001a000 08:01 399703                     /lib/x86_64-linux-gnu/libpthread-2.27.so
7f289455a000-7f289455e000 rw-p 00000000 00:00 0 
7f289455e000-7f2894561000 r-xp 00000000 08:01 399593                     /lib/x86_64-linux-gnu/libdl-2.27.so
7f2894561000-7f2894760000 ---p 00003000 08:01 399593                     /lib/x86_64-linux-gnu/libdl-2.27.so
7f2894760000-7f2894761000 r--p 00002000 08:01 399593                     /lib/x86_64-linux-gnu/libdl-2.27.so
7f2894761000-7f2894762000 rw-p 00003000 08:01 399593                     /lib/x86_64-linux-gnu/libdl-2.27.so
7f2894762000-7f289477e000 r-xp 00000000 08:01 399742                     /lib/x86_64-linux-gnu/libz.so.1.2.11
7f289477e000-7f289497d000 ---p 0001c000 08:01 399742                     /lib/x86_64-linux-gnu/libz.so.1.2.11
7f289497d000-7f289497e000 r--p 0001b000 08:01 399742                     /lib/x86_64-linux-gnu/libz.so.1.2.11
7f289497e000-7f289497f000 rw-p 0001c000 08:01 399742                     /lib/x86_64-linux-gnu/libz.so.1.2.11
7f289497f000-7f2894b66000 r-xp 00000000 08:01 399570                     /lib/x86_64-linux-gnu/libc-2.27.so
7f2894b66000-7f2894d66000 ---p 001e7000 08:01 399570                     /lib/x86_64-linux-gnu/libc-2.27.so
7f2894d66000-7f2894d6a000 r--p 001e7000 08:01 399570                     /lib/x86_64-linux-gnu/libc-2.27.so
7f2894d6a000-7f2894d6c000 rw-p 001eb000 08:01 399570                     /lib/x86_64-linux-gnu/libc-2.27.so
7f2894d6c000-7f2894d70000 rw-p 00000000 00:00 0 
7f2894d70000-7f2894d80000 r-xp 00000000 08:01 551251                     /usr/lib/jvm/java-11-openjdk-amd64/lib/jli/libjli.so
7f2894d80000-7f2894f7f000 ---p 00010000 08:01 551251                     /usr/lib/jvm/java-11-openjdk-amd64/lib/jli/libjli.so
7f2894f7f000-7f2894f80000 r--p 0000f000 08:01 551251                     /usr/lib/jvm/java-11-openjdk-amd64/lib/jli/libjli.so
7f2894f80000-7f2894f81000 rw-p 00010000 08:01 551251                     /usr/lib/jvm/java-11-openjdk-amd64/lib/jli/libjli.so
7f2894f81000-7f2894fa8000 r-xp 00000000 08:01 399542                     /lib/x86_64-linux-gnu/ld-2.27.so
7f2894fbb000-7f2894fe7000 rw-p 00000000 00:00 0 
7f2894fe7000-7f2895083000 ---p 00000000 00:00 0 
7f2895083000-7f2895088000 rw-p 00000000 00:00 0 
7f2895088000-7f289508f000 ---p 00000000 00:00 0 
7f289508f000-7f2895093000 ---p 00000000 00:00 0 
7f2895093000-7f2895192000 rw-p 00000000 00:00 0 
7f289519a000-7f289519c000 r--s 00007000 08:01 551452                     /usr/share/java/java-atk-wrapper.jar
7f289519c000-7f28951a4000 rw-s 00000000 08:01 1052312                    /tmp/hsperfdata_yiyun/13448
7f28951a4000-7f28951a5000 ---p 00000000 00:00 0 
7f28951a5000-7f28951a6000 r--p 00000000 00:00 0 
7f28951a6000-7f28951a8000 rw-p 00000000 00:00 0 
7f28951a8000-7f28951a9000 r--p 00027000 08:01 399542                     /lib/x86_64-linux-gnu/ld-2.27.so
7f28951a9000-7f28951aa000 rw-p 00028000 08:01 399542                     /lib/x86_64-linux-gnu/ld-2.27.so
7f28951aa000-7f28951ab000 rw-p 00000000 00:00 0 
7ffe378b3000-7ffe378d4000 rw-p 00000000 00:00 0                          [stack]
7ffe37970000-7ffe37973000 r--p 00000000 00:00 0                          [vvar]
7ffe37973000-7ffe37974000 r-xp 00000000 00:00 0                          [vdso]
ffffffffff600000-ffffffffff601000 r-xp 00000000 00:00 0                  [vsyscall]


VM Arguments:
jvm_args: -Xverify:none 
java_command: Main
java_class_path (initial): .
Launcher Type: SUN_STANDARD

[Global flags]
     bool BytecodeVerificationLocal                = false                                     {product} {command line}
     bool BytecodeVerificationRemote               = false                                     {product} {command line}
     intx CICompilerCount                          = 2                                         {product} {ergonomic}
   size_t InitialHeapSize                          = 33554432                                  {product} {ergonomic}
   size_t MaxHeapSize                              = 522190848                                 {product} {ergonomic}
   size_t MaxNewSize                               = 174063616                                 {product} {ergonomic}
   size_t MinHeapDeltaBytes                        = 196608                                    {product} {ergonomic}
   size_t NewSize                                  = 11141120                                  {product} {ergonomic}
    uintx NonNMethodCodeHeapSize                   = 5825164                                {pd product} {ergonomic}
    uintx NonProfiledCodeHeapSize                  = 122916538                              {pd product} {ergonomic}
   size_t OldSize                                  = 22413312                                  {product} {ergonomic}
    uintx ProfiledCodeHeapSize                     = 122916538                              {pd product} {ergonomic}
    uintx ReservedCodeCacheSize                    = 251658240                              {pd product} {ergonomic}
     bool SegmentedCodeCache                       = true                                      {product} {ergonomic}
     bool UseCompressedClassPointers               = true                                 {lp64_product} {ergonomic}
     bool UseCompressedOops                        = true                                 {lp64_product} {ergonomic}
     bool UseSerialGC                              = true                                      {product} {ergonomic}

Logging:
Log output configuration:
 #0: stdout all=warning uptime,level,tags
 #1: stderr all=off uptime,level,tags

Environment Variables:
PATH=/home/yiyun/.local/bin:/usr/local/sbin:/usr/local/bin:/usr/sbin:/usr/bin:/sbin:/bin:/usr/games:/usr/local/games:/snap/bin
USERNAME=yiyun
SHELL=/bin/bash
DISPLAY=:0

Signal Handlers:
SIGSEGV: [libjvm.so+0xdf8d00], sa_mask[0]=11111111011111111101111111111110, sa_flags=SA_RESTART|SA_SIGINFO
SIGBUS: [libjvm.so+0xdf8d00], sa_mask[0]=11111111011111111101111111111110, sa_flags=SA_RESTART|SA_SIGINFO
SIGFPE: [libjvm.so+0xdf8d00], sa_mask[0]=11111111011111111101111111111110, sa_flags=SA_RESTART|SA_SIGINFO
SIGPIPE: [libjvm.so+0xbcbc30], sa_mask[0]=11111111011111111101111111111110, sa_flags=SA_RESTART|SA_SIGINFO
SIGXFSZ: [libjvm.so+0xbcbc30], sa_mask[0]=11111111011111111101111111111110, sa_flags=SA_RESTART|SA_SIGINFO
SIGILL: [libjvm.so+0xdf8d00], sa_mask[0]=11111111011111111101111111111110, sa_flags=SA_RESTART|SA_SIGINFO
SIGUSR2: [libjvm.so+0xbcbad0], sa_mask[0]=00000000000000000000000000000000, sa_flags=SA_RESTART|SA_SIGINFO
SIGHUP: [libjvm.so+0xbcbe30], sa_mask[0]=11111111011111111101111111111110, sa_flags=SA_RESTART|SA_SIGINFO
SIGINT: [libjvm.so+0xbcbe30], sa_mask[0]=11111111011111111101111111111110, sa_flags=SA_RESTART|SA_SIGINFO
SIGTERM: [libjvm.so+0xbcbe30], sa_mask[0]=11111111011111111101111111111110, sa_flags=SA_RESTART|SA_SIGINFO
SIGQUIT: [libjvm.so+0xbcbe30], sa_mask[0]=11111111011111111101111111111110, sa_flags=SA_RESTART|SA_SIGINFO


---------------  S Y S T E M  ---------------

OS:DISTRIB_ID=Ubuntu
DISTRIB_RELEASE=18.04
DISTRIB_CODENAME=bionic
DISTRIB_DESCRIPTION="Ubuntu 18.04.3 LTS"
uname:Linux 5.0.0-36-generic #39~18.04.1-Ubuntu SMP Tue Nov 12 11:09:50 UTC 2019 x86_64
OS uptime: 0 days 5:38 hours
libc:glibc 2.27 NPTL 2.27 
rlimit: STACK 8192k, CORE 0k, NPROC 7775, NOFILE 4096, AS infinity, CPU infinity, DATA infinity, FSIZE infinity
load average:1.15 1.31 1.31

/proc/meminfo:
MemTotal:        2038764 kB
MemFree:           87040 kB
MemAvailable:     494820 kB
Buffers:          153672 kB
Cached:           406516 kB
SwapCached:        53584 kB
Active:          1205016 kB
Inactive:         478804 kB
Active(anon):     884928 kB
Inactive(anon):   302240 kB
Active(file):     320088 kB
Inactive(file):   176564 kB
Unevictable:          16 kB
Mlocked:              16 kB
SwapTotal:        969960 kB
SwapFree:         608488 kB
Dirty:                88 kB
Writeback:             0 kB
AnonPages:       1116140 kB
Mapped:           234148 kB
Shmem:             68084 kB
KReclaimable:      85448 kB
Slab:             125672 kB
SReclaimable:      85448 kB
SUnreclaim:        40224 kB
KernelStack:       10528 kB
PageTables:        52728 kB
NFS_Unstable:          0 kB
Bounce:                0 kB
WritebackTmp:          0 kB
CommitLimit:     1989340 kB
Committed_AS:    6444860 kB
VmallocTotal:   34359738367 kB
VmallocUsed:           0 kB
VmallocChunk:          0 kB
Percpu:              304 kB
HardwareCorrupted:     0 kB
AnonHugePages:         0 kB
ShmemHugePages:        0 kB
ShmemPmdMapped:        0 kB
CmaTotal:              0 kB
CmaFree:               0 kB
HugePages_Total:       0
HugePages_Free:        0
HugePages_Rsvd:        0
HugePages_Surp:        0
Hugepagesize:       2048 kB
Hugetlb:               0 kB
DirectMap4k:      155584 kB
DirectMap2M:     1941504 kB


/proc/sys/kernel/threads-max (system-wide limit on the number of threads):
15550


/proc/sys/vm/max_map_count (maximum number of memory map areas a process may have):
65530


/proc/sys/kernel/pid_max (system-wide limit on number of process identifiers):
32768



container (cgroup) information:
container_type: cgroupv1
cpu_cpuset_cpus: 0
cpu_memory_nodes: 0
active_processor_count: 1
cpu_quota: -1
cpu_period: 100000
cpu_shares: -1
memory_limit_in_bytes: -1
memory_and_swap_limit_in_bytes: -2
memory_soft_limit_in_bytes: -1
memory_usage_in_bytes: 1717669888
memory_max_usage_in_bytes: 21237760

KVM virtualization detected
Steal ticks since vm start: 0
Steal ticks percentage since vm start:  0.000

CPU:total 1 (initial active 1) (1 cores per cpu, 1 threads per core) family 6 model 142 stepping 11, cmov, cx8, fxsr, mmx, sse, sse2, sse3, ssse3, sse4.1, sse4.2, popcnt, avx, avx2, aes, clmul, 3dnowpref, lzcnt, tsc, tscinvbit
CPU Model and flags from /proc/cpuinfo:
model name	: Intel(R) Core(TM) i5-8265U CPU @ 1.60GHz
flags		: fpu vme de pse tsc msr pae mce cx8 apic sep mtrr pge mca cmov pat pse36 clflush mmx fxsr sse sse2 ht syscall nx rdtscp lm constant_tsc rep_good nopl xtopology nonstop_tsc cpuid tsc_known_freq pni pclmulqdq monitor ssse3 cx16 pcid sse4_1 sse4_2 x2apic movbe popcnt aes xsave avx rdrand hypervisor lahf_lm abm 3dnowprefetch invpcid_single fsgsbase avx2 invpcid rdseed clflushopt flush_l1d arch_capabilities

Memory: 4k page, physical 2038764k(87040k free), swap 969960k(608488k free)

vm_info: OpenJDK 64-Bit Server VM (11.0.7+10-post-Ubuntu-2ubuntu218.04) for linux-amd64 JRE (11.0.7+10-post-Ubuntu-2ubuntu218.04), built on Apr 15 2020 21:12:54 by "unknown" with gcc 7.5.0

END.
