#
# A fatal error has been detected by the Java Runtime Environment:
#
#  Internal Error (generateOopMap.cpp:2164), pid=2891, tid=2893
#  fatal error: Illegal class file encountered. Try running with -Xverify:all in method main
#
# JRE version: OpenJDK Runtime Environment (11.0.7+10) (build 11.0.7+10-post-Ubuntu-2ubuntu218.04)
# Java VM: OpenJDK 64-Bit Server VM (11.0.7+10-post-Ubuntu-2ubuntu218.04, mixed mode, sharing, tiered, compressed oops, serial gc, linux-amd64)
# Core dump will be written. Default location: Core dumps may be processed with "/usr/share/apport/apport %p %s %c %d %P %E" (or dumping to /home/yiyun/Compiler_Jasmin/Compiler_StudentID_HW3/core.2891)
#
# If you would like to submit a bug report, please visit:
#   https://bugs.launchpad.net/ubuntu/+source/openjdk-lts
#

---------------  S U M M A R Y ------------

Command Line: -Xverify:none Main

Host: Intel(R) Core(TM) i5-8265U CPU @ 1.60GHz, 1 cores, 1G, Ubuntu 18.04.3 LTS
Time: Sun Jun  7 17:56:12 2020 CST elapsed time: 0 seconds (0d 0h 0m 0s)

---------------  T H R E A D  ---------------

Current thread (0x00007f795404e000):  VMThread "VM Thread" [stack: 0x00007f793af73000,0x00007f793b073000] [id=2893]

Stack: [0x00007f793af73000,0x00007f793b073000],  sp=0x00007f793b06ed10,  free space=1007k
Native frames: (J=compiled Java code, A=aot compiled Java code, j=interpreted, Vv=VM code, C=native code)
V  [libjvm.so+0xdf8009]
V  [libjvm.so+0xdf8c5f]
V  [libjvm.so+0x6513fa]
V  [libjvm.so+0x7b8978]
V  [libjvm.so+0x7b8a4b]
V  [libjvm.so+0x7bda38]
V  [libjvm.so+0x7c018d]
V  [libjvm.so+0x7c0539]
V  [libjvm.so+0xbbdb8a]
V  [libjvm.so+0xbbe7d5]
V  [libjvm.so+0xb4ab1a]
V  [libjvm.so+0x714fd4]
V  [libjvm.so+0xd7e727]
V  [libjvm.so+0xd83ba2]
V  [libjvm.so+0x7aee5d]
V  [libjvm.so+0x6587c5]
V  [libjvm.so+0x7b0117]
V  [libjvm.so+0x7b0aa6]
V  [libjvm.so+0x7b19f8]
V  [libjvm.so+0xdf92df]
V  [libjvm.so+0xdfa8d8]
V  [libjvm.so+0xe00a96]
V  [libjvm.so+0xe00fa0]
V  [libjvm.so+0xe01423]
V  [libjvm.so+0xd85acf]
V  [libjvm.so+0xbd59de]

JavaThread 0x00007f7954015800 (nid = 2892) was being processed
Java frames: (J=compiled Java code, j=interpreted, Vv=VM code)
v  ~RuntimeStub::_new_instance_Java
J 146 c2 java.io.BufferedWriter.flushBuffer()V java.base@11.0.7 (53 bytes) @ 0x00007f7943562b58 [0x00007f7943562800+0x0000000000000358]
J 143 c2 java.io.PrintStream.write(Ljava/lang/String;)V java.base@11.0.7 (83 bytes) @ 0x00007f7943568784 [0x00007f7943568500+0x0000000000000284]
J 159 c2 java.io.PrintStream.print(I)V java.base@11.0.7 (9 bytes) @ 0x00007f794356a254 [0x00007f794356a0c0+0x0000000000000194]
j  Main.main([Ljava/lang/String;)V+389
v  ~StubRoutines::call_stub
VM_Operation (0x00007f795b18d6f0): GenCollectForAllocation, mode: safepoint, requested by thread 0x00007f7954015800


---------------  P R O C E S S  ---------------

Threads class SMR info:
_java_thread_list=0x00007f79540a6780, length=9, elements={
0x00007f7954015800, 0x00007f7954051000, 0x00007f7954053000, 0x00007f795405a000,
0x00007f795405c800, 0x00007f795405e800, 0x00007f7954060800, 0x00007f795409b800,
0x00007f79540a5000
}

Java Threads: ( => current thread )
  0x00007f7954015800 JavaThread "main" [_thread_blocked, id=2892, stack(0x00007f795b0bf000,0x00007f795b1c0000)]
  0x00007f7954051000 JavaThread "Reference Handler" daemon [_thread_blocked, id=2894, stack(0x00007f793ae70000,0x00007f793af71000)]
  0x00007f7954053000 JavaThread "Finalizer" daemon [_thread_blocked, id=2895, stack(0x00007f793ad6f000,0x00007f793ae70000)]
  0x00007f795405a000 JavaThread "Signal Dispatcher" daemon [_thread_blocked, id=2896, stack(0x00007f793a257000,0x00007f793a358000)]
  0x00007f795405c800 JavaThread "C2 CompilerThread0" daemon [_thread_blocked, id=2897, stack(0x00007f793a156000,0x00007f793a257000)]
  0x00007f795405e800 JavaThread "C1 CompilerThread0" daemon [_thread_blocked, id=2898, stack(0x00007f793a055000,0x00007f793a156000)]
  0x00007f7954060800 JavaThread "Sweeper thread" daemon [_thread_blocked, id=2899, stack(0x00007f7939f54000,0x00007f793a055000)]
  0x00007f795409b800 JavaThread "Service Thread" daemon [_thread_blocked, id=2900, stack(0x00007f7939e53000,0x00007f7939f54000)]
  0x00007f79540a5000 JavaThread "Common-Cleaner" daemon [_thread_blocked, id=2902, stack(0x00007f7939c50000,0x00007f7939d51000)]

Other Threads:
=>0x00007f795404e000 VMThread "VM Thread" [stack: 0x00007f793af73000,0x00007f793b073000] [id=2893]
  0x00007f795409e000 WatcherThread [stack: 0x00007f7939d53000,0x00007f7939e53000] [id=2901]

Threads with active compile tasks:

VM state:at safepoint (normal execution)

VM Mutex/Monitor currently owned by a thread:  ([mutex/lock_event])
[0x00007f79540118d0] Threads_lock - owner thread: 0x00007f795404e000
[0x00007f79540120b0] Heap_lock - owner thread: 0x00007f7954015800

Heap address: 0x00000000e0e00000, size: 498 MB, Compressed Oops mode: 32-bit
Narrow klass base: 0x0000000800000000, Narrow klass shift: 3
Compressed class space size: 1073741824 Address: 0x0000000840000000

Heap:
 def new generation   total 9792K, used 8704K [0x00000000e0e00000, 0x00000000e18a0000, 0x00000000eb400000)
  eden space 8704K, 100% used [0x00000000e0e00000, 0x00000000e1680000, 0x00000000e1680000)
  from space 1088K,   0% used [0x00000000e1680000, 0x00000000e1680000, 0x00000000e1790000)
  to   space 1088K,   9% used [0x00000000e1790000, 0x00000000e17a88d8, 0x00000000e18a0000)
 tenured generation   total 21888K, used 0K [0x00000000eb400000, 0x00000000ec960000, 0x0000000100000000)
   the space 21888K,   0% used [0x00000000eb400000, 0x00000000eb400000, 0x00000000eb400200, 0x00000000ec960000)
 Metaspace       used 233K, capacity 4486K, committed 4864K, reserved 1056768K
  class space    used 5K, capacity 386K, committed 512K, reserved 1048576K

Card table byte_map: [0x00007f793b998000,0x00007f793ba92000] _byte_map_base: 0x00007f793b291000

Polling page: 0x00007f795b1d4000

Metaspace:

Usage:
  Non-class:      4.00 MB capacity,   227.38 KB (  6%) used,     3.78 MB ( 94%) free+waste,   128 bytes ( <1%) overhead. 
      Class:    386.00 KB capacity,     5.67 KB (  1%) used,   380.20 KB ( 98%) free+waste,   128 bytes ( <1%) overhead. 
       Both:      4.38 MB capacity,   233.05 KB (  5%) used,     4.15 MB ( 95%) free+waste,   256 bytes ( <1%) overhead. 

Virtual space:
  Non-class space:        8.00 MB reserved,       4.25 MB ( 53%) committed 
      Class space:        1.00 GB reserved,     512.00 KB ( <1%) committed 
             Both:        1.01 GB reserved,       4.75 MB ( <1%) committed 

Chunk freelists:
   Non-Class:  0 bytes
       Class:  0 bytes
        Both:  0 bytes

MaxMetaspaceSize: unlimited
CompressedClassSpaceSize: 1.00 GB

CodeHeap 'non-profiled nmethods': size=120036Kb used=71Kb max_used=71Kb free=119964Kb
 bounds [0x00007f7943559000, 0x00007f79437c9000, 0x00007f794aa92000]
CodeHeap 'profiled nmethods': size=120032Kb used=225Kb max_used=225Kb free=119806Kb
 bounds [0x00007f793c021000, 0x00007f793c291000, 0x00007f7943559000]
CodeHeap 'non-nmethods': size=5692Kb used=987Kb max_used=1002Kb free=4705Kb
 bounds [0x00007f793ba92000, 0x00007f793bd02000, 0x00007f793c021000]
 total_blobs=490 nmethods=153 adapters=155
 compilation: enabled
              stopped_count=0, restarted_count=0
 full_count=0

Compilation events (20 events):
Event: 0.409 Thread 0x00007f795405c800  146   !   4       java.io.BufferedWriter::flushBuffer (53 bytes)
Event: 0.422 Thread 0x00007f795405c800 nmethod 146 0x00007f7943562610 code [0x00007f7943562800, 0x00007f7943563568]
Event: 0.422 Thread 0x00007f795405c800  147       4       java.io.OutputStreamWriter::write (11 bytes)
Event: 0.431 Thread 0x00007f795405c800 nmethod 147 0x00007f7943563f10 code [0x00007f7943564100, 0x00007f7943564aa8]
Event: 0.431 Thread 0x00007f795405c800  148   !   4       sun.nio.cs.StreamEncoder::write (78 bytes)
Event: 0.441 Thread 0x00007f795405c800 nmethod 148 0x00007f7943565390 code [0x00007f7943565580, 0x00007f7943565f68]
Event: 0.441 Thread 0x00007f795405c800  142   !   4       sun.nio.cs.StreamEncoder::flushBuffer (42 bytes)
Event: 0.458 Thread 0x00007f795405c800 nmethod 142 0x00007f7943566810 code [0x00007f7943566a00, 0x00007f7943567aa8]
Event: 0.458 Thread 0x00007f795405c800  143   !   4       java.io.PrintStream::write (83 bytes)
Event: 0.513 Thread 0x00007f795405c800 nmethod 143 0x00007f7943568310 code [0x00007f7943568500, 0x00007f7943569018]
Event: 0.513 Thread 0x00007f795405c800  158       4       java.lang.Integer::getChars (131 bytes)
Event: 0.514 Thread 0x00007f795405c800 nmethod 158 0x00007f7943569810 code [0x00007f79435699a0, 0x00007f7943569ab8]
Event: 0.514 Thread 0x00007f795405c800  157       4       java.lang.Integer::stringSize (47 bytes)
Event: 0.515 Thread 0x00007f795405c800 nmethod 157 0x00007f7943569c10 code [0x00007f7943569da0, 0x00007f7943569e18]
Event: 0.518 Thread 0x00007f795405c800  159       4       java.io.PrintStream::print (9 bytes)
Event: 0.522 Thread 0x00007f795405c800 nmethod 159 0x00007f7943569f10 code [0x00007f794356a0c0, 0x00007f794356a328]
Event: 0.522 Thread 0x00007f795405c800  161       4       java.io.PrintStream::print (9 bytes)
Event: 0.523 Thread 0x00007f795405c800 nmethod 161 0x00007f794356a590 code [0x00007f794356a740, 0x00007f794356a7e8]
Event: 0.523 Thread 0x00007f795405c800  160       4       java.lang.Integer::toString (55 bytes)
Event: 0.531 Thread 0x00007f795405c800 nmethod 160 0x00007f794356a890 code [0x00007f794356aa40, 0x00007f794356ac58]

GC Heap History (1 events):
Event: 0.840 GC heap before
{Heap before GC invocations=0 (full 0):
 def new generation   total 9792K, used 8704K [0x00000000e0e00000, 0x00000000e18a0000, 0x00000000eb400000)
  eden space 8704K, 100% used [0x00000000e0e00000, 0x00000000e1680000, 0x00000000e1680000)
  from space 1088K,   0% used [0x00000000e1680000, 0x00000000e1680000, 0x00000000e1790000)
  to   space 1088K,   0% used [0x00000000e1790000, 0x00000000e1790000, 0x00000000e18a0000)
 tenured generation   total 21888K, used 0K [0x00000000eb400000, 0x00000000ec960000, 0x0000000100000000)
   the space 21888K,   0% used [0x00000000eb400000, 0x00000000eb400000, 0x00000000eb400200, 0x00000000ec960000)
 Metaspace       used 233K, capacity 4486K, committed 4864K, reserved 1056768K
  class space    used 5K, capacity 386K, committed 512K, reserved 1048576K
}

Deoptimization events (4 events):
Event: 0.116 Thread 0x00007f7954015800 Uncommon trap: trap_request=0xffffff4d fr.pc=0x00007f794355b660 relative=0x00000000000001c0
Event: 0.116 Thread 0x00007f7954015800 Uncommon trap: reason=unstable_if action=reinterpret pc=0x00007f794355b660 method=java.lang.String.hashCode()I @ 14 c2
Event: 0.116 Thread 0x00007f7954015800 DEOPT PACKING pc=0x00007f794355b660 sp=0x00007f795b1bd1b0
Event: 0.116 Thread 0x00007f7954015800 DEOPT UNPACKING pc=0x00007f793baba325 sp=0x00007f795b1bd168 mode 2

Classes redefined (0 events):
No events

Internal exceptions (0 events):
No events

Events (20 events):
Event: 0.019 Protecting memory [0x00007f793a055000,0x00007f793a059000] with protection modes 0
Event: 0.019 Thread 0x00007f7954060800 Thread added: 0x00007f7954060800
Event: 0.024 Protecting memory [0x00007f7939f54000,0x00007f7939f58000] with protection modes 0
Event: 0.111 Thread 0x00007f795409b800 Thread added: 0x00007f795409b800
Event: 0.111 Executing VM operation: EnableBiasedLocking
Event: 0.112 Protecting memory [0x00007f7939e53000,0x00007f7939e57000] with protection modes 0
Event: 0.113 Executing VM operation: EnableBiasedLocking done
Event: 0.113 loading class jdk/internal/vm/PostVMInitHook
Event: 0.113 loading class jdk/internal/vm/PostVMInitHook done
Event: 0.116 loading class Main
Event: 0.116 loading class Main done
Event: 0.117 loading class jdk/internal/loader/URLClassPath$FileLoader
Event: 0.117 loading class jdk/internal/loader/URLClassPath$FileLoader done
Event: 0.117 loading class jdk/internal/loader/URLClassPath$FileLoader$1
Event: 0.117 loading class jdk/internal/loader/URLClassPath$FileLoader$1 done
Event: 0.123 Thread 0x00007f79540a5000 Thread added: 0x00007f79540a5000
Event: 0.125 Protecting memory [0x00007f7939c50000,0x00007f7939c54000] with protection modes 0
Event: 0.125 Executing VM operation: RevokeBias
Event: 0.125 Executing VM operation: RevokeBias done
Event: 0.840 Executing VM operation: GenCollectForAllocation


Dynamic libraries:
e0e00000-e18a0000 rw-p 00000000 00:00 0 
e18a0000-eb400000 ---p 00000000 00:00 0 
eb400000-ec960000 rw-p 00000000 00:00 0 
ec960000-100000000 ---p 00000000 00:00 0 
800000000-800002000 rwxp 00001000 08:01 551457                           /usr/lib/jvm/java-11-openjdk-amd64/lib/server/classes.jsa
800002000-8003b8000 rw-p 00003000 08:01 551457                           /usr/lib/jvm/java-11-openjdk-amd64/lib/server/classes.jsa
8003b8000-800a7f000 r--p 003b9000 08:01 551457                           /usr/lib/jvm/java-11-openjdk-amd64/lib/server/classes.jsa
800a7f000-800a80000 rw-p 00a80000 08:01 551457                           /usr/lib/jvm/java-11-openjdk-amd64/lib/server/classes.jsa
800a80000-80108c000 r--p 00a81000 08:01 551457                           /usr/lib/jvm/java-11-openjdk-amd64/lib/server/classes.jsa
840000000-840080000 rw-p 00000000 00:00 0 
840080000-880000000 ---p 00000000 00:00 0 
55fa5a39c000-55fa5a39d000 r-xp 00000000 08:01 551084                     /usr/lib/jvm/java-11-openjdk-amd64/bin/java
55fa5a59d000-55fa5a59e000 r--p 00001000 08:01 551084                     /usr/lib/jvm/java-11-openjdk-amd64/bin/java
55fa5a59e000-55fa5a59f000 rw-p 00002000 08:01 551084                     /usr/lib/jvm/java-11-openjdk-amd64/bin/java
55fa5c3eb000-55fa5c40c000 rw-p 00000000 00:00 0                          [heap]
7f791c000000-7f791c088000 rw-p 00000000 00:00 0 
7f791c088000-7f7920000000 ---p 00000000 00:00 0 
7f7920000000-7f7920021000 rw-p 00000000 00:00 0 
7f7920021000-7f7924000000 ---p 00000000 00:00 0 
7f7924000000-7f7924021000 rw-p 00000000 00:00 0 
7f7924021000-7f7928000000 ---p 00000000 00:00 0 
7f7928000000-7f79281cc000 rw-p 00000000 00:00 0 
7f79281cc000-7f792c000000 ---p 00000000 00:00 0 
7f792c000000-7f792c021000 rw-p 00000000 00:00 0 
7f792c021000-7f7930000000 ---p 00000000 00:00 0 
7f7930000000-7f7930021000 rw-p 00000000 00:00 0 
7f7930021000-7f7934000000 ---p 00000000 00:00 0 
7f7934000000-7f7934021000 rw-p 00000000 00:00 0 
7f7934021000-7f7938000000 ---p 00000000 00:00 0 
7f7939c50000-7f7939c54000 ---p 00000000 00:00 0 
7f7939c54000-7f7939d51000 rw-p 00000000 00:00 0 
7f7939d51000-7f7939d52000 ---p 00000000 00:00 0 
7f7939d52000-7f7939e53000 rw-p 00000000 00:00 0 
7f7939e53000-7f7939e57000 ---p 00000000 00:00 0 
7f7939e57000-7f7939f54000 rw-p 00000000 00:00 0 
7f7939f54000-7f7939f58000 ---p 00000000 00:00 0 
7f7939f58000-7f793a055000 rw-p 00000000 00:00 0 
7f793a055000-7f793a059000 ---p 00000000 00:00 0 
7f793a059000-7f793a156000 rw-p 00000000 00:00 0 
7f793a156000-7f793a15a000 ---p 00000000 00:00 0 
7f793a15a000-7f793a257000 rw-p 00000000 00:00 0 
7f793a257000-7f793a25b000 ---p 00000000 00:00 0 
7f793a25b000-7f793a358000 rw-p 00000000 00:00 0 
7f793a358000-7f793ad6f000 r--p 00000000 08:01 660771                     /usr/lib/locale/locale-archive
7f793ad6f000-7f793ad73000 ---p 00000000 00:00 0 
7f793ad73000-7f793ae70000 rw-p 00000000 00:00 0 
7f793ae70000-7f793ae74000 ---p 00000000 00:00 0 
7f793ae74000-7f793af71000 rw-p 00000000 00:00 0 
7f793af71000-7f793af72000 ---p 00000000 00:00 0 
7f793af72000-7f793b5b7000 rw-p 00000000 00:00 0 
7f793b5b7000-7f793b977000 ---p 00000000 00:00 0 
7f793b977000-7f793b99e000 rw-p 00000000 00:00 0 
7f793b99e000-7f793b9eb000 ---p 00000000 00:00 0 
7f793b9eb000-7f793b9f6000 rw-p 00000000 00:00 0 
7f793b9f6000-7f793ba91000 ---p 00000000 00:00 0 
7f793ba91000-7f793ba92000 rw-p 00000000 00:00 0 
7f793ba92000-7f793bd02000 rwxp 00000000 00:00 0 
7f793bd02000-7f793c021000 ---p 00000000 00:00 0 
7f793c021000-7f793c291000 rwxp 00000000 00:00 0 
7f793c291000-7f7943559000 ---p 00000000 00:00 0 
7f7943559000-7f79437c9000 rwxp 00000000 00:00 0 
7f79437c9000-7f794aa92000 ---p 00000000 00:00 0 
7f794aa92000-7f7953185000 r--s 00000000 08:01 551289                     /usr/lib/jvm/java-11-openjdk-amd64/lib/modules
7f7953185000-7f795318a000 r-xp 00000000 08:01 551271                     /usr/lib/jvm/java-11-openjdk-amd64/lib/libjimage.so
7f795318a000-7f7953389000 ---p 00005000 08:01 551271                     /usr/lib/jvm/java-11-openjdk-amd64/lib/libjimage.so
7f7953389000-7f795338a000 r--p 00004000 08:01 551271                     /usr/lib/jvm/java-11-openjdk-amd64/lib/libjimage.so
7f795338a000-7f795338b000 rw-p 00005000 08:01 551271                     /usr/lib/jvm/java-11-openjdk-amd64/lib/libjimage.so
7f795338b000-7f7953392000 r-xp 00000000 08:01 551288                     /usr/lib/jvm/java-11-openjdk-amd64/lib/libzip.so
7f7953392000-7f7953591000 ---p 00007000 08:01 551288                     /usr/lib/jvm/java-11-openjdk-amd64/lib/libzip.so
7f7953591000-7f7953592000 r--p 00006000 08:01 551288                     /usr/lib/jvm/java-11-openjdk-amd64/lib/libzip.so
7f7953592000-7f7953593000 rw-p 00007000 08:01 551288                     /usr/lib/jvm/java-11-openjdk-amd64/lib/libzip.so
7f7953593000-7f795359e000 r-xp 00000000 08:01 399660                     /lib/x86_64-linux-gnu/libnss_files-2.27.so
7f795359e000-7f795379d000 ---p 0000b000 08:01 399660                     /lib/x86_64-linux-gnu/libnss_files-2.27.so
7f795379d000-7f795379e000 r--p 0000a000 08:01 399660                     /lib/x86_64-linux-gnu/libnss_files-2.27.so
7f795379e000-7f795379f000 rw-p 0000b000 08:01 399660                     /lib/x86_64-linux-gnu/libnss_files-2.27.so
7f795379f000-7f79537a5000 rw-p 00000000 00:00 0 
7f79537a5000-7f79537bc000 r-xp 00000000 08:01 399654                     /lib/x86_64-linux-gnu/libnsl-2.27.so
7f79537bc000-7f79539bb000 ---p 00017000 08:01 399654                     /lib/x86_64-linux-gnu/libnsl-2.27.so
7f79539bb000-7f79539bc000 r--p 00016000 08:01 399654                     /lib/x86_64-linux-gnu/libnsl-2.27.so
7f79539bc000-7f79539bd000 rw-p 00017000 08:01 399654                     /lib/x86_64-linux-gnu/libnsl-2.27.so
7f79539bd000-7f79539bf000 rw-p 00000000 00:00 0 
7f79539bf000-7f79539ca000 r-xp 00000000 08:01 399671                     /lib/x86_64-linux-gnu/libnss_nis-2.27.so
7f79539ca000-7f7953bc9000 ---p 0000b000 08:01 399671                     /lib/x86_64-linux-gnu/libnss_nis-2.27.so
7f7953bc9000-7f7953bca000 r--p 0000a000 08:01 399671                     /lib/x86_64-linux-gnu/libnss_nis-2.27.so
7f7953bca000-7f7953bcb000 rw-p 0000b000 08:01 399671                     /lib/x86_64-linux-gnu/libnss_nis-2.27.so
7f7953bcb000-7f7953bd3000 r-xp 00000000 08:01 399656                     /lib/x86_64-linux-gnu/libnss_compat-2.27.so
7f7953bd3000-7f7953dd3000 ---p 00008000 08:01 399656                     /lib/x86_64-linux-gnu/libnss_compat-2.27.so
7f7953dd3000-7f7953dd4000 r--p 00008000 08:01 399656                     /lib/x86_64-linux-gnu/libnss_compat-2.27.so
7f7953dd4000-7f7953dd5000 rw-p 00009000 08:01 399656                     /lib/x86_64-linux-gnu/libnss_compat-2.27.so
7f7953dd5000-7f7953dfe000 r-xp 00000000 08:01 551267                     /usr/lib/jvm/java-11-openjdk-amd64/lib/libjava.so
7f7953dfe000-7f7953ffd000 ---p 00029000 08:01 551267                     /usr/lib/jvm/java-11-openjdk-amd64/lib/libjava.so
7f7953ffd000-7f7953ffe000 r--p 00028000 08:01 551267                     /usr/lib/jvm/java-11-openjdk-amd64/lib/libjava.so
7f7953ffe000-7f7954000000 rw-p 00029000 08:01 551267                     /usr/lib/jvm/java-11-openjdk-amd64/lib/libjava.so
7f7954000000-7f79540ab000 rw-p 00000000 00:00 0 
7f79540ab000-7f7958000000 ---p 00000000 00:00 0 
7f795801a000-7f795801f000 rw-p 00000000 00:00 0 
7f795801f000-7f7958105000 ---p 00000000 00:00 0 
7f7958105000-7f795810a000 rw-p 00000000 00:00 0 
7f795810a000-7f79581f0000 ---p 00000000 00:00 0 
7f79581f0000-7f79581fd000 r-xp 00000000 08:01 551287                     /usr/lib/jvm/java-11-openjdk-amd64/lib/libverify.so
7f79581fd000-7f79583fc000 ---p 0000d000 08:01 551287                     /usr/lib/jvm/java-11-openjdk-amd64/lib/libverify.so
7f79583fc000-7f79583fe000 r--p 0000c000 08:01 551287                     /usr/lib/jvm/java-11-openjdk-amd64/lib/libverify.so
7f79583fe000-7f79583ff000 rw-p 0000e000 08:01 551287                     /usr/lib/jvm/java-11-openjdk-amd64/lib/libverify.so
7f79583ff000-7f7958406000 r-xp 00000000 08:01 399711                     /lib/x86_64-linux-gnu/librt-2.27.so
7f7958406000-7f7958605000 ---p 00007000 08:01 399711                     /lib/x86_64-linux-gnu/librt-2.27.so
7f7958605000-7f7958606000 r--p 00006000 08:01 399711                     /lib/x86_64-linux-gnu/librt-2.27.so
7f7958606000-7f7958607000 rw-p 00007000 08:01 399711                     /lib/x86_64-linux-gnu/librt-2.27.so
7f7958607000-7f795861e000 r-xp 00000000 08:01 399607                     /lib/x86_64-linux-gnu/libgcc_s.so.1
7f795861e000-7f795881d000 ---p 00017000 08:01 399607                     /lib/x86_64-linux-gnu/libgcc_s.so.1
7f795881d000-7f795881e000 r--p 00016000 08:01 399607                     /lib/x86_64-linux-gnu/libgcc_s.so.1
7f795881e000-7f795881f000 rw-p 00017000 08:01 399607                     /lib/x86_64-linux-gnu/libgcc_s.so.1
7f795881f000-7f79589bc000 r-xp 00000000 08:01 399633                     /lib/x86_64-linux-gnu/libm-2.27.so
7f79589bc000-7f7958bbb000 ---p 0019d000 08:01 399633                     /lib/x86_64-linux-gnu/libm-2.27.so
7f7958bbb000-7f7958bbc000 r--p 0019c000 08:01 399633                     /lib/x86_64-linux-gnu/libm-2.27.so
7f7958bbc000-7f7958bbd000 rw-p 0019d000 08:01 399633                     /lib/x86_64-linux-gnu/libm-2.27.so
7f7958bbd000-7f7958d36000 r-xp 00000000 08:01 665875                     /usr/lib/x86_64-linux-gnu/libstdc++.so.6.0.25
7f7958d36000-7f7958f36000 ---p 00179000 08:01 665875                     /usr/lib/x86_64-linux-gnu/libstdc++.so.6.0.25
7f7958f36000-7f7958f40000 r--p 00179000 08:01 665875                     /usr/lib/x86_64-linux-gnu/libstdc++.so.6.0.25
7f7958f40000-7f7958f42000 rw-p 00183000 08:01 665875                     /usr/lib/x86_64-linux-gnu/libstdc++.so.6.0.25
7f7958f42000-7f7958f46000 rw-p 00000000 00:00 0 
7f7958f46000-7f795a023000 r-xp 00000000 08:01 551294                     /usr/lib/jvm/java-11-openjdk-amd64/lib/server/libjvm.so
7f795a023000-7f795a222000 ---p 010dd000 08:01 551294                     /usr/lib/jvm/java-11-openjdk-amd64/lib/server/libjvm.so
7f795a222000-7f795a2df000 r--p 010dc000 08:01 551294                     /usr/lib/jvm/java-11-openjdk-amd64/lib/server/libjvm.so
7f795a2df000-7f795a319000 rw-p 01199000 08:01 551294                     /usr/lib/jvm/java-11-openjdk-amd64/lib/server/libjvm.so
7f795a319000-7f795a36f000 rw-p 00000000 00:00 0 
7f795a36f000-7f795a389000 r-xp 00000000 08:01 399703                     /lib/x86_64-linux-gnu/libpthread-2.27.so
7f795a389000-7f795a588000 ---p 0001a000 08:01 399703                     /lib/x86_64-linux-gnu/libpthread-2.27.so
7f795a588000-7f795a589000 r--p 00019000 08:01 399703                     /lib/x86_64-linux-gnu/libpthread-2.27.so
7f795a589000-7f795a58a000 rw-p 0001a000 08:01 399703                     /lib/x86_64-linux-gnu/libpthread-2.27.so
7f795a58a000-7f795a58e000 rw-p 00000000 00:00 0 
7f795a58e000-7f795a591000 r-xp 00000000 08:01 399593                     /lib/x86_64-linux-gnu/libdl-2.27.so
7f795a591000-7f795a790000 ---p 00003000 08:01 399593                     /lib/x86_64-linux-gnu/libdl-2.27.so
7f795a790000-7f795a791000 r--p 00002000 08:01 399593                     /lib/x86_64-linux-gnu/libdl-2.27.so
7f795a791000-7f795a792000 rw-p 00003000 08:01 399593                     /lib/x86_64-linux-gnu/libdl-2.27.so
7f795a792000-7f795a7ae000 r-xp 00000000 08:01 399742                     /lib/x86_64-linux-gnu/libz.so.1.2.11
7f795a7ae000-7f795a9ad000 ---p 0001c000 08:01 399742                     /lib/x86_64-linux-gnu/libz.so.1.2.11
7f795a9ad000-7f795a9ae000 r--p 0001b000 08:01 399742                     /lib/x86_64-linux-gnu/libz.so.1.2.11
7f795a9ae000-7f795a9af000 rw-p 0001c000 08:01 399742                     /lib/x86_64-linux-gnu/libz.so.1.2.11
7f795a9af000-7f795ab96000 r-xp 00000000 08:01 399570                     /lib/x86_64-linux-gnu/libc-2.27.so
7f795ab96000-7f795ad96000 ---p 001e7000 08:01 399570                     /lib/x86_64-linux-gnu/libc-2.27.so
7f795ad96000-7f795ad9a000 r--p 001e7000 08:01 399570                     /lib/x86_64-linux-gnu/libc-2.27.so
7f795ad9a000-7f795ad9c000 rw-p 001eb000 08:01 399570                     /lib/x86_64-linux-gnu/libc-2.27.so
7f795ad9c000-7f795ada0000 rw-p 00000000 00:00 0 
7f795ada0000-7f795adb0000 r-xp 00000000 08:01 551251                     /usr/lib/jvm/java-11-openjdk-amd64/lib/jli/libjli.so
7f795adb0000-7f795afaf000 ---p 00010000 08:01 551251                     /usr/lib/jvm/java-11-openjdk-amd64/lib/jli/libjli.so
7f795afaf000-7f795afb0000 r--p 0000f000 08:01 551251                     /usr/lib/jvm/java-11-openjdk-amd64/lib/jli/libjli.so
7f795afb0000-7f795afb1000 rw-p 00010000 08:01 551251                     /usr/lib/jvm/java-11-openjdk-amd64/lib/jli/libjli.so
7f795afb1000-7f795afd8000 r-xp 00000000 08:01 399542                     /lib/x86_64-linux-gnu/ld-2.27.so
7f795afeb000-7f795b017000 rw-p 00000000 00:00 0 
7f795b017000-7f795b0b3000 ---p 00000000 00:00 0 
7f795b0b3000-7f795b0b8000 rw-p 00000000 00:00 0 
7f795b0b8000-7f795b0bf000 ---p 00000000 00:00 0 
7f795b0bf000-7f795b0c3000 ---p 00000000 00:00 0 
7f795b0c3000-7f795b1c2000 rw-p 00000000 00:00 0 
7f795b1ca000-7f795b1cc000 r--s 00007000 08:01 551452                     /usr/share/java/java-atk-wrapper.jar
7f795b1cc000-7f795b1d4000 rw-s 00000000 08:01 1052440                    /tmp/hsperfdata_yiyun/2891
7f795b1d4000-7f795b1d5000 ---p 00000000 00:00 0 
7f795b1d5000-7f795b1d6000 r--p 00000000 00:00 0 
7f795b1d6000-7f795b1d8000 rw-p 00000000 00:00 0 
7f795b1d8000-7f795b1d9000 r--p 00027000 08:01 399542                     /lib/x86_64-linux-gnu/ld-2.27.so
7f795b1d9000-7f795b1da000 rw-p 00028000 08:01 399542                     /lib/x86_64-linux-gnu/ld-2.27.so
7f795b1da000-7f795b1db000 rw-p 00000000 00:00 0 
7ffe0cdea000-7ffe0ce0b000 rw-p 00000000 00:00 0                          [stack]
7ffe0cea9000-7ffe0ceac000 r--p 00000000 00:00 0                          [vvar]
7ffe0ceac000-7ffe0cead000 r-xp 00000000 00:00 0                          [vdso]
ffffffffff600000-ffffffffff601000 r-xp 00000000 00:00 0                  [vsyscall]


VM Arguments:
jvm_args: -Xverify:none 
java_command: Main
java_class_path (initial): .
Launcher Type: SUN_STANDARD

[Global flags]
     bool BytecodeVerificationLocal                = false                                     {product} {command line}
     bool BytecodeVerificationRemote               = false                                     {product} {command line}
     intx CICompilerCount                          = 2                                         {product} {ergonomic}
   size_t InitialHeapSize                          = 33554432                                  {product} {ergonomic}
   size_t MaxHeapSize                              = 522190848                                 {product} {ergonomic}
   size_t MaxNewSize                               = 174063616                                 {product} {ergonomic}
   size_t MinHeapDeltaBytes                        = 196608                                    {product} {ergonomic}
   size_t NewSize                                  = 11141120                                  {product} {ergonomic}
    uintx NonNMethodCodeHeapSize                   = 5825164                                {pd product} {ergonomic}
    uintx NonProfiledCodeHeapSize                  = 122916538                              {pd product} {ergonomic}
   size_t OldSize                                  = 22413312                                  {product} {ergonomic}
    uintx ProfiledCodeHeapSize                     = 122916538                              {pd product} {ergonomic}
    uintx ReservedCodeCacheSize                    = 251658240                              {pd product} {ergonomic}
     bool SegmentedCodeCache                       = true                                      {product} {ergonomic}
     bool UseCompressedClassPointers               = true                                 {lp64_product} {ergonomic}
     bool UseCompressedOops                        = true                                 {lp64_product} {ergonomic}
     bool UseSerialGC                              = true                                      {product} {ergonomic}

Logging:
Log output configuration:
 #0: stdout all=warning uptime,level,tags
 #1: stderr all=off uptime,level,tags

Environment Variables:
PATH=/home/yiyun/.local/bin:/usr/local/sbin:/usr/local/bin:/usr/sbin:/usr/bin:/sbin:/bin:/usr/games:/usr/local/games:/snap/bin
USERNAME=yiyun
SHELL=/bin/bash
DISPLAY=:0

Signal Handlers:
SIGSEGV: [libjvm.so+0xdf8d00], sa_mask[0]=11111111011111111101111111111110, sa_flags=SA_RESTART|SA_SIGINFO
SIGBUS: [libjvm.so+0xdf8d00], sa_mask[0]=11111111011111111101111111111110, sa_flags=SA_RESTART|SA_SIGINFO
SIGFPE: [libjvm.so+0xdf8d00], sa_mask[0]=11111111011111111101111111111110, sa_flags=SA_RESTART|SA_SIGINFO
SIGPIPE: [libjvm.so+0xbcbc30], sa_mask[0]=11111111011111111101111111111110, sa_flags=SA_RESTART|SA_SIGINFO
SIGXFSZ: [libjvm.so+0xbcbc30], sa_mask[0]=11111111011111111101111111111110, sa_flags=SA_RESTART|SA_SIGINFO
SIGILL: [libjvm.so+0xdf8d00], sa_mask[0]=11111111011111111101111111111110, sa_flags=SA_RESTART|SA_SIGINFO
SIGUSR2: [libjvm.so+0xbcbad0], sa_mask[0]=00000000000000000000000000000000, sa_flags=SA_RESTART|SA_SIGINFO
SIGHUP: [libjvm.so+0xbcbe30], sa_mask[0]=11111111011111111101111111111110, sa_flags=SA_RESTART|SA_SIGINFO
SIGINT: [libjvm.so+0xbcbe30], sa_mask[0]=11111111011111111101111111111110, sa_flags=SA_RESTART|SA_SIGINFO
SIGTERM: [libjvm.so+0xbcbe30], sa_mask[0]=11111111011111111101111111111110, sa_flags=SA_RESTART|SA_SIGINFO
SIGQUIT: [libjvm.so+0xbcbe30], sa_mask[0]=11111111011111111101111111111110, sa_flags=SA_RESTART|SA_SIGINFO


---------------  S Y S T E M  ---------------

OS:DISTRIB_ID=Ubuntu
DISTRIB_RELEASE=18.04
DISTRIB_CODENAME=bionic
DISTRIB_DESCRIPTION="Ubuntu 18.04.3 LTS"
uname:Linux 5.0.0-36-generic #39~18.04.1-Ubuntu SMP Tue Nov 12 11:09:50 UTC 2019 x86_64
OS uptime: 1 days 11:17 hours
libc:glibc 2.27 NPTL 2.27 
rlimit: STACK 8192k, CORE 0k, NPROC 7775, NOFILE 4096, AS infinity, CPU infinity, DATA infinity, FSIZE infinity
load average:1.36 1.32 1.39

/proc/meminfo:
MemTotal:        2038764 kB
MemFree:           85280 kB
MemAvailable:     402228 kB
Buffers:           26284 kB
Cached:           455324 kB
SwapCached:        46960 kB
Active:          1192968 kB
Inactive:         534816 kB
Active(anon):     971436 kB
Inactive(anon):   326972 kB
Active(file):     221532 kB
Inactive(file):   207844 kB
Unevictable:          16 kB
Mlocked:              16 kB
SwapTotal:        969960 kB
SwapFree:         381672 kB
Dirty:               468 kB
Writeback:             0 kB
AnonPages:       1244632 kB
Mapped:           218356 kB
Shmem:             60848 kB
KReclaimable:      38332 kB
Slab:              79676 kB
SReclaimable:      38332 kB
SUnreclaim:        41344 kB
KernelStack:       10656 kB
PageTables:        54920 kB
NFS_Unstable:          0 kB
Bounce:                0 kB
WritebackTmp:          0 kB
CommitLimit:     1989340 kB
Committed_AS:    6801008 kB
VmallocTotal:   34359738367 kB
VmallocUsed:           0 kB
VmallocChunk:          0 kB
Percpu:              304 kB
HardwareCorrupted:     0 kB
AnonHugePages:         0 kB
ShmemHugePages:        0 kB
ShmemPmdMapped:        0 kB
CmaTotal:              0 kB
CmaFree:               0 kB
HugePages_Total:       0
HugePages_Free:        0
HugePages_Rsvd:        0
HugePages_Surp:        0
Hugepagesize:       2048 kB
Hugetlb:               0 kB
DirectMap4k:      155584 kB
DirectMap2M:     1941504 kB


/proc/sys/kernel/threads-max (system-wide limit on the number of threads):
15550


/proc/sys/vm/max_map_count (maximum number of memory map areas a process may have):
65530


/proc/sys/kernel/pid_max (system-wide limit on number of process identifiers):
32768



container (cgroup) information:
container_type: cgroupv1
cpu_cpuset_cpus: 0
cpu_memory_nodes: 0
active_processor_count: 1
cpu_quota: -1
cpu_period: 100000
cpu_shares: -1
memory_limit_in_bytes: -1
memory_and_swap_limit_in_bytes: -2
memory_soft_limit_in_bytes: -1
memory_usage_in_bytes: 1768435712
memory_max_usage_in_bytes: 49299456

KVM virtualization detected
Steal ticks since vm start: 0
Steal ticks percentage since vm start:  0.000

CPU:total 1 (initial active 1) (1 cores per cpu, 1 threads per core) family 6 model 142 stepping 11, cmov, cx8, fxsr, mmx, sse, sse2, sse3, ssse3, sse4.1, sse4.2, popcnt, avx, avx2, aes, clmul, 3dnowpref, lzcnt, tsc, tscinvbit
CPU Model and flags from /proc/cpuinfo:
model name	: Intel(R) Core(TM) i5-8265U CPU @ 1.60GHz
flags		: fpu vme de pse tsc msr pae mce cx8 apic sep mtrr pge mca cmov pat pse36 clflush mmx fxsr sse sse2 ht syscall nx rdtscp lm constant_tsc rep_good nopl xtopology nonstop_tsc cpuid tsc_known_freq pni pclmulqdq monitor ssse3 cx16 pcid sse4_1 sse4_2 x2apic movbe popcnt aes xsave avx rdrand hypervisor lahf_lm abm 3dnowprefetch invpcid_single fsgsbase avx2 invpcid rdseed clflushopt flush_l1d arch_capabilities

Memory: 4k page, physical 2038764k(85280k free), swap 969960k(381672k free)

vm_info: OpenJDK 64-Bit Server VM (11.0.7+10-post-Ubuntu-2ubuntu218.04) for linux-amd64 JRE (11.0.7+10-post-Ubuntu-2ubuntu218.04), built on Apr 15 2020 21:12:54 by "unknown" with gcc 7.5.0

END.
