#
# A fatal error has been detected by the Java Runtime Environment:
#
#  SIGSEGV (0xb) at pc=0x00007ff1dcbe49fa, pid=15225, tid=15226
#
# JRE version: OpenJDK Runtime Environment (11.0.7+10) (build 11.0.7+10-post-Ubuntu-2ubuntu218.04)
# Java VM: OpenJDK 64-Bit Server VM (11.0.7+10-post-Ubuntu-2ubuntu218.04, mixed mode, sharing, tiered, compressed oops, serial gc, linux-amd64)
# Problematic frame:
# V  [libjvm.so+0xa3b9fa]
#
# Core dump will be written. Default location: Core dumps may be processed with "/usr/share/apport/apport %p %s %c %d %P %E" (or dumping to /home/yiyun/Compiler_Jasmin/Compiler_StudentID_HW3/core.15225)
#
# If you would like to submit a bug report, please visit:
#   https://bugs.launchpad.net/ubuntu/+source/openjdk-lts
#

---------------  S U M M A R Y ------------

Command Line: -Xverify:none Main

Host: Intel(R) Core(TM) i5-8265U CPU @ 1.60GHz, 1 cores, 1G, Ubuntu 18.04.3 LTS
Time: Sun May 24 22:31:51 2020 CST elapsed time: 0 seconds (0d 0h 0m 0s)

---------------  T H R E A D  ---------------

Current thread (0x00007ff1d4015800):  JavaThread "main" [_thread_in_vm, id=15226, stack(0x00007ff1de322000,0x00007ff1de423000)]

Stack: [0x00007ff1de322000,0x00007ff1de423000],  sp=0x00007ff1de4212f0,  free space=1020k
Native frames: (J=compiled Java code, A=aot compiled Java code, j=interpreted, Vv=VM code, C=native code)
V  [libjvm.so+0xa3b9fa]
V  [libjvm.so+0x843946]
V  [libjvm.so+0x84483d]
j  java.lang.String.valueOf(Ljava/lang/Object;)Ljava/lang/String;+10 java.base@11.0.7
j  java.io.PrintStream.print(Ljava/lang/String;)V+2 java.base@11.0.7
j  java.io.PrintStream.println(Ljava/lang/String;)V+6 java.base@11.0.7
j  Main.main([Ljava/lang/String;)V+29
v  ~StubRoutines::call_stub
V  [libjvm.so+0x84e319]
V  [libjvm.so+0x8ca02d]
V  [libjvm.so+0x8cc4fe]
C  [libjli.so+0x5856]
C  [libjli.so+0x92cd]

Java frames: (J=compiled Java code, j=interpreted, Vv=VM code)
j  java.lang.String.valueOf(Ljava/lang/Object;)Ljava/lang/String;+10 java.base@11.0.7
j  java.io.PrintStream.print(Ljava/lang/String;)V+2 java.base@11.0.7
j  java.io.PrintStream.println(Ljava/lang/String;)V+6 java.base@11.0.7
j  Main.main([Ljava/lang/String;)V+29
v  ~StubRoutines::call_stub

siginfo: si_signo: 11 (SIGSEGV), si_code: 1 (SEGV_MAPERR), si_addr: 0x0000000000000009

Register to memory mapping:

RAX=0x0000000000000001 is an unknown value
RBX=0x00007ff1de421460 is pointing into the stack for thread: 0x00007ff1d4015800
RCX=0x0000000000000010 is an unknown value
RDX=0x00007ff1dd58ef4c: <offset 0x00000000013e5f4c> in /usr/lib/jvm/java-11-openjdk-amd64/lib/server/libjvm.so at 0x00007ff1dc1a9000
RSP=0x00007ff1de4212f0 is pointing into the stack for thread: 0x00007ff1d4015800
RBP=0x00007ff1de421390 is pointing into the stack for thread: 0x00007ff1d4015800
RSI=0x00007ff1de421310 is pointing into the stack for thread: 0x00007ff1d4015800
RDI=0x00007ff1de421310 is pointing into the stack for thread: 0x00007ff1d4015800
R8 =0x0 is NULL
R9 =0x0 is NULL
R10=0x00007ff1de421320 is pointing into the stack for thread: 0x00007ff1d4015800
R11=0x000000080094e5c0 is pointing into metadata
R12=0x00007ff1de421310 is pointing into the stack for thread: 0x00007ff1d4015800
R13=0x00007ff1d4016490 points into unknown readable memory: 01 00 00 00 00 00 00 00
R14=0x0 is NULL
R15=0x00007ff1d4015800 is a thread


Registers:
RAX=0x0000000000000001, RBX=0x00007ff1de421460, RCX=0x0000000000000010, RDX=0x00007ff1dd58ef4c
RSP=0x00007ff1de4212f0, RBP=0x00007ff1de421390, RSI=0x00007ff1de421310, RDI=0x00007ff1de421310
R8 =0x0000000000000000, R9 =0x0000000000000000, R10=0x00007ff1de421320, R11=0x000000080094e5c0
R12=0x00007ff1de421310, R13=0x00007ff1d4016490, R14=0x0000000000000000, R15=0x00007ff1d4015800
RIP=0x00007ff1dcbe49fa, EFLAGS=0x0000000000010202, CSGSFS=0x002b000000000033, ERR=0x0000000000000004
  TRAPNO=0x000000000000000e

Top of Stack: (sp=0x00007ff1de4212f0)
0x00007ff1de4212f0:   0000000000000001 00007ff1de421320
0x00007ff1de421300:   00007ff1de421320 00007ff1dce71359
0x00007ff1de421310:   0000000000000000 0000000000000000
0x00007ff1de421320:   00000008004b5b00 00000008004b7e08 

Instructions: (pc=0x00007ff1dcbe49fa)
0x00007ff1dcbe48fa:   29 5d b0 e8 9e b3 c0 ff 4c 8d 55 90 49 83 7f 08
0x00007ff1dcbe490a:   00 48 89 45 a0 0f 84 6b 03 00 00 0f 1f 00 49 8d
0x00007ff1dcbe491a:   7a 20 e8 8f b8 d9 ff 48 8d 65 d8 5b 41 5c 41 5d
0x00007ff1dcbe492a:   41 5e 41 5f 5d c3 66 0f ef d2 49 8b 3c 24 4c 89
0x00007ff1dcbe493a:   ca 89 ce c6 45 c1 00 0f 29 55 b0 e8 56 b3 c0 ff
0x00007ff1dcbe494a:   4c 8d 55 90 49 83 7f 08 00 48 89 45 a0 75 bf 49
0x00007ff1dcbe495a:   8b 3c 24 31 d2 44 89 f6 4c 89 95 68 ff ff ff e8
0x00007ff1dcbe496a:   c2 5d c0 ff 49 8b 3c 24 31 d2 44 89 f6 48 89 45
0x00007ff1dcbe497a:   90 e8 50 5e c0 ff 49 8b 3c 24 31 d2 44 89 f6 48
0x00007ff1dcbe498a:   89 45 98 e8 5e 5f c0 ff 88 45 c1 49 8b 04 24 4c
0x00007ff1dcbe499a:   8d 65 80 4c 8b 95 68 ff ff ff 66 0f ef f6 4c 89
0x00007ff1dcbe49aa:   e6 48 8b 40 18 49 8d 7a 20 0f 29 75 80 48 89 45
0x00007ff1dcbe49ba:   a8 e8 d0 b5 d9 ff 4c 89 e7 e8 e8 b7 d9 ff 49 83
0x00007ff1dcbe49ca:   7f 08 00 c6 45 c0 01 4c 8b 95 68 ff ff ff 0f 85
0x00007ff1dcbe49da:   3a ff ff ff 45 31 f6 4d 85 ed 74 28 48 8d 15 5f
0x00007ff1dcbe49ea:   a5 9a 00 49 8b 45 00 80 3a 00 0f 84 e6 03 00 00
0x00007ff1dcbe49fa:   44 8b 70 08 48 8d 05 cb dc 97 00 8b 48 08 49 d3
0x00007ff1dcbe4a0a:   e6 4c 03 30 4c 89 d6 4c 89 fa 4c 89 e7 4c 89 95
0x00007ff1dcbe4a1a:   68 ff ff ff e8 7d b3 ff ff 49 83 7f 08 00 4c 8b
0x00007ff1dcbe4a2a:   95 68 ff ff ff 0f 85 0b 01 00 00 48 83 ec 08 48
0x00007ff1dcbe4a3a:   8b 55 a0 41 b9 01 00 00 00 41 57 4d 89 f0 4c 89
0x00007ff1dcbe4a4a:   e9 4c 89 e6 48 89 df e8 8a 87 ff ff 58 4c 8b 95
0x00007ff1dcbe4a5a:   68 ff ff ff 5a e9 dc 00 00 00 0f 1f 40 00 66 0f
0x00007ff1dcbe4a6a:   ef c9 49 8b 3c 24 4c 89 ca 89 ce c6 45 c1 00 0f
0x00007ff1dcbe4a7a:   29 4d b0 e8 1e b2 c0 ff 4c 8d 55 90 49 83 7f 08
0x00007ff1dcbe4a8a:   00 48 89 45 a0 0f 85 83 fe ff ff 49 8b 3c 24 31
0x00007ff1dcbe4a9a:   d2 44 89 f6 4c 89 95 68 ff ff ff e8 86 5c c0 ff
0x00007ff1dcbe4aaa:   49 8b 3c 24 31 d2 44 89 f6 48 89 45 90 e8 14 5d
0x00007ff1dcbe4aba:   c0 ff 49 8b 3c 24 31 d2 44 89 f6 48 89 45 98 e8
0x00007ff1dcbe4aca:   22 5e c0 ff 88 45 c1 49 8b 04 24 4c 8d 65 80 4c
0x00007ff1dcbe4ada:   8b 95 68 ff ff ff 66 0f ef ed 4c 89 e6 48 8b 40
0x00007ff1dcbe4aea:   18 49 8d 7a 20 0f 29 6d 80 48 89 45 a8 e8 94 b4 


Stack slot to memory mapping:
stack at sp + 0 slots: 0x0000000000000001 is an unknown value
stack at sp + 1 slots: 0x00007ff1de421320 is pointing into the stack for thread: 0x00007ff1d4015800
stack at sp + 2 slots: 0x00007ff1de421320 is pointing into the stack for thread: 0x00007ff1d4015800
stack at sp + 3 slots: 0x00007ff1dce71359: <offset 0x0000000000cc8359> in /usr/lib/jvm/java-11-openjdk-amd64/lib/server/libjvm.so at 0x00007ff1dc1a9000
stack at sp + 4 slots: 0x0 is NULL
stack at sp + 5 slots: 0x0 is NULL
stack at sp + 6 slots: 0x00000008004b5b00 is pointing into metadata
stack at sp + 7 slots: 0x00000008004b7e08 is pointing into metadata


---------------  P R O C E S S  ---------------

Threads class SMR info:
_java_thread_list=0x00007ff1d40a1fd0, length=9, elements={
0x00007ff1d4015800, 0x00007ff1d4051000, 0x00007ff1d4053000, 0x00007ff1d405a000,
0x00007ff1d405c800, 0x00007ff1d405e800, 0x00007ff1d4060800, 0x00007ff1d409b000,
0x00007ff1d40a0800
}

Java Threads: ( => current thread )
=>0x00007ff1d4015800 JavaThread "main" [_thread_in_vm, id=15226, stack(0x00007ff1de322000,0x00007ff1de423000)]
  0x00007ff1d4051000 JavaThread "Reference Handler" daemon [_thread_blocked, id=15228, stack(0x00007ff1d97e0000,0x00007ff1d98e1000)]
  0x00007ff1d4053000 JavaThread "Finalizer" daemon [_thread_blocked, id=15229, stack(0x00007ff1d96df000,0x00007ff1d97e0000)]
  0x00007ff1d405a000 JavaThread "Signal Dispatcher" daemon [_thread_blocked, id=15230, stack(0x00007ff1d8bc7000,0x00007ff1d8cc8000)]
  0x00007ff1d405c800 JavaThread "C2 CompilerThread0" daemon [_thread_in_native, id=15231, stack(0x00007ff1d8ac6000,0x00007ff1d8bc7000)]
  0x00007ff1d405e800 JavaThread "C1 CompilerThread0" daemon [_thread_blocked, id=15232, stack(0x00007ff1d89c5000,0x00007ff1d8ac6000)]
  0x00007ff1d4060800 JavaThread "Sweeper thread" daemon [_thread_blocked, id=15233, stack(0x00007ff1d88c4000,0x00007ff1d89c5000)]
  0x00007ff1d409b000 JavaThread "Service Thread" daemon [_thread_blocked, id=15234, stack(0x00007ff1d87c3000,0x00007ff1d88c4000)]
  0x00007ff1d40a0800 JavaThread "Common-Cleaner" daemon [_thread_blocked, id=15236, stack(0x00007ff1d85c0000,0x00007ff1d86c1000)]

Other Threads:
  0x00007ff1d404e000 VMThread "VM Thread" [stack: 0x00007ff1d98e3000,0x00007ff1d99e3000] [id=15227]
  0x00007ff1d409d000 WatcherThread [stack: 0x00007ff1d86c3000,0x00007ff1d87c3000] [id=15235]

Threads with active compile tasks:
C2 CompilerThread0    216   74       4       java.lang.String::hashCode (49 bytes)

VM state:not at safepoint (normal execution)

VM Mutex/Monitor currently owned by a thread: None

Heap address: 0x00000000e0e00000, size: 498 MB, Compressed Oops mode: 32-bit
Narrow klass base: 0x0000000800000000, Narrow klass shift: 3
Compressed class space size: 1073741824 Address: 0x0000000840000000

Heap:
 def new generation   total 9792K, used 870K [0x00000000e0e00000, 0x00000000e18a0000, 0x00000000eb400000)
  eden space 8704K,  10% used [0x00000000e0e00000, 0x00000000e0ed9a20, 0x00000000e1680000)
  from space 1088K,   0% used [0x00000000e1680000, 0x00000000e1680000, 0x00000000e1790000)
  to   space 1088K,   0% used [0x00000000e1790000, 0x00000000e1790000, 0x00000000e18a0000)
 tenured generation   total 21888K, used 0K [0x00000000eb400000, 0x00000000ec960000, 0x0000000100000000)
   the space 21888K,   0% used [0x00000000eb400000, 0x00000000eb400000, 0x00000000eb400200, 0x00000000ec960000)
 Metaspace       used 181K, capacity 4486K, committed 4864K, reserved 1056768K
  class space    used 5K, capacity 386K, committed 512K, reserved 1048576K

Card table byte_map: [0x00007ff1da308000,0x00007ff1da402000] _byte_map_base: 0x00007ff1d9c01000

Polling page: 0x00007ff1de437000

Metaspace:

Usage:
  Non-class:      4.00 MB capacity,   175.49 KB (  4%) used,     3.83 MB ( 96%) free+waste,   128 bytes ( <1%) overhead. 
      Class:    386.00 KB capacity,     5.67 KB (  1%) used,   380.20 KB ( 98%) free+waste,   128 bytes ( <1%) overhead. 
       Both:      4.38 MB capacity,   181.16 KB (  4%) used,     4.20 MB ( 96%) free+waste,   256 bytes ( <1%) overhead. 

Virtual space:
  Non-class space:        8.00 MB reserved,       4.25 MB ( 53%) committed 
      Class space:        1.00 GB reserved,     512.00 KB ( <1%) committed 
             Both:        1.01 GB reserved,       4.75 MB ( <1%) committed 

Chunk freelists:
   Non-Class:  0 bytes
       Class:  0 bytes
        Both:  0 bytes

MaxMetaspaceSize: unlimited
CompressedClassSpaceSize: 1.00 GB

CodeHeap 'non-profiled nmethods': size=120036Kb used=17Kb max_used=17Kb free=120018Kb
 bounds [0x00007ff1c43d4000, 0x00007ff1c4644000, 0x00007ff1cb90d000]
CodeHeap 'profiled nmethods': size=120032Kb used=114Kb max_used=114Kb free=119917Kb
 bounds [0x00007ff1bce9c000, 0x00007ff1bd10c000, 0x00007ff1c43d4000]
CodeHeap 'non-nmethods': size=5692Kb used=987Kb max_used=995Kb free=4705Kb
 bounds [0x00007ff1bc90d000, 0x00007ff1bcb7d000, 0x00007ff1bce9c000]
 total_blobs=370 nmethods=81 adapters=155
 compilation: enabled
              stopped_count=0, restarted_count=0
 full_count=0

Compilation events (20 events):
Event: 0.135 Thread 0x00007ff1d405e800 nmethod 71 0x00007ff1c43d7610 code [0x00007ff1c43d77c0, 0x00007ff1c43d78f0]
Event: 0.136 Thread 0x00007ff1d405e800   72       3       java.util.Map::entry (10 bytes)
Event: 0.136 Thread 0x00007ff1d405e800 nmethod 72 0x00007ff1bceb6010 code [0x00007ff1bceb6220, 0x00007ff1bceb6798]
Event: 0.137 Thread 0x00007ff1d405c800   73       4       java.util.ImmutableCollections$SetN$SetNIterator::hasNext (13 bytes)
Event: 0.138 Thread 0x00007ff1d405c800 nmethod 73 0x00007ff1c43d7990 code [0x00007ff1c43d7b20, 0x00007ff1c43d7b98]
Event: 0.138 Thread 0x00007ff1d405c800   74       4       java.lang.String::hashCode (49 bytes)
Event: 0.194 Thread 0x00007ff1d405e800   75       1       java.lang.module.ModuleDescriptor::isOpen (5 bytes)
Event: 0.194 Thread 0x00007ff1d405e800 nmethod 75 0x00007ff1c43d7c10 code [0x00007ff1c43d7dc0, 0x00007ff1c43d7ef0]
Event: 0.196 Thread 0x00007ff1d405e800   76       3       jdk.internal.module.ModuleBootstrap$2::hasNext (30 bytes)
Event: 0.196 Thread 0x00007ff1d405e800 nmethod 76 0x00007ff1bceb6990 code [0x00007ff1bceb6b60, 0x00007ff1bceb6f18]
Event: 0.197 Thread 0x00007ff1d405e800   77       3       jdk.internal.module.ModuleBootstrap$2::next (52 bytes)
Event: 0.197 Thread 0x00007ff1d405e800 nmethod 77 0x00007ff1bceb7010 code [0x00007ff1bceb7220, 0x00007ff1bceb77e8]
Event: 0.197 Thread 0x00007ff1d405e800   78       3       java.util.HashMap::putIfAbsent (13 bytes)
Event: 0.198 Thread 0x00007ff1d405e800 nmethod 78 0x00007ff1bceb7990 code [0x00007ff1bceb7b60, 0x00007ff1bceb7ed8]
Event: 0.201 Thread 0x00007ff1d405e800   81       1       java.lang.Module::getDescriptor (5 bytes)
Event: 0.201 Thread 0x00007ff1d405e800 nmethod 81 0x00007ff1c43d8390 code [0x00007ff1c43d8540, 0x00007ff1c43d8670]
Event: 0.201 Thread 0x00007ff1d405e800   82       3       java.util.ImmutableCollections$SetN::iterator (9 bytes)
Event: 0.201 Thread 0x00007ff1d405e800 nmethod 82 0x00007ff1bceb8010 code [0x00007ff1bceb81e0, 0x00007ff1bceb8408]
Event: 0.209 Thread 0x00007ff1d405e800   83       3       java.lang.CharacterDataLatin1::getProperties (11 bytes)
Event: 0.209 Thread 0x00007ff1d405e800 nmethod 83 0x00007ff1bceb8510 code [0x00007ff1bceb86c0, 0x00007ff1bceb8870]

GC Heap History (0 events):
No events

Deoptimization events (0 events):
No events

Classes redefined (0 events):
No events

Internal exceptions (0 events):
No events

Events (20 events):
Event: 0.033 Thread 0x00007ff1d405e800 Thread added: 0x00007ff1d405e800
Event: 0.034 Protecting memory [0x00007ff1d89c5000,0x00007ff1d89c9000] with protection modes 0
Event: 0.035 Thread 0x00007ff1d4060800 Thread added: 0x00007ff1d4060800
Event: 0.040 Protecting memory [0x00007ff1d88c4000,0x00007ff1d88c8000] with protection modes 0
Event: 0.201 Thread 0x00007ff1d409b000 Thread added: 0x00007ff1d409b000
Event: 0.201 Executing VM operation: EnableBiasedLocking
Event: 0.203 Protecting memory [0x00007ff1d87c3000,0x00007ff1d87c7000] with protection modes 0
Event: 0.204 Executing VM operation: EnableBiasedLocking done
Event: 0.204 loading class jdk/internal/vm/PostVMInitHook
Event: 0.204 loading class jdk/internal/vm/PostVMInitHook done
Event: 0.205 loading class Main
Event: 0.205 loading class Main done
Event: 0.206 loading class jdk/internal/loader/URLClassPath$FileLoader
Event: 0.207 loading class jdk/internal/loader/URLClassPath$FileLoader done
Event: 0.207 loading class jdk/internal/loader/URLClassPath$FileLoader$1
Event: 0.207 loading class jdk/internal/loader/URLClassPath$FileLoader$1 done
Event: 0.208 Thread 0x00007ff1d40a0800 Thread added: 0x00007ff1d40a0800
Event: 0.211 Protecting memory [0x00007ff1d85c0000,0x00007ff1d85c4000] with protection modes 0
Event: 0.211 Executing VM operation: RevokeBias
Event: 0.211 Executing VM operation: RevokeBias done


Dynamic libraries:
e0e00000-e18a0000 rw-p 00000000 00:00 0 
e18a0000-eb400000 ---p 00000000 00:00 0 
eb400000-ec960000 rw-p 00000000 00:00 0 
ec960000-100000000 ---p 00000000 00:00 0 
800000000-800002000 rwxp 00001000 08:01 551457                           /usr/lib/jvm/java-11-openjdk-amd64/lib/server/classes.jsa
800002000-8003b8000 rw-p 00003000 08:01 551457                           /usr/lib/jvm/java-11-openjdk-amd64/lib/server/classes.jsa
8003b8000-800a7f000 r--p 003b9000 08:01 551457                           /usr/lib/jvm/java-11-openjdk-amd64/lib/server/classes.jsa
800a7f000-800a80000 rw-p 00a80000 08:01 551457                           /usr/lib/jvm/java-11-openjdk-amd64/lib/server/classes.jsa
800a80000-80108c000 r--p 00a81000 08:01 551457                           /usr/lib/jvm/java-11-openjdk-amd64/lib/server/classes.jsa
840000000-840080000 rw-p 00000000 00:00 0 
840080000-880000000 ---p 00000000 00:00 0 
5638eddb1000-5638eddb2000 r-xp 00000000 08:01 551084                     /usr/lib/jvm/java-11-openjdk-amd64/bin/java
5638edfb2000-5638edfb3000 r--p 00001000 08:01 551084                     /usr/lib/jvm/java-11-openjdk-amd64/bin/java
5638edfb3000-5638edfb4000 rw-p 00002000 08:01 551084                     /usr/lib/jvm/java-11-openjdk-amd64/bin/java
5638ef807000-5638ef828000 rw-p 00000000 00:00 0                          [heap]
7ff1a0000000-7ff1a007f000 rw-p 00000000 00:00 0 
7ff1a007f000-7ff1a4000000 ---p 00000000 00:00 0 
7ff1a4000000-7ff1a4021000 rw-p 00000000 00:00 0 
7ff1a4021000-7ff1a8000000 ---p 00000000 00:00 0 
7ff1a8000000-7ff1a8021000 rw-p 00000000 00:00 0 
7ff1a8021000-7ff1ac000000 ---p 00000000 00:00 0 
7ff1ac000000-7ff1ac076000 rw-p 00000000 00:00 0 
7ff1ac076000-7ff1b0000000 ---p 00000000 00:00 0 
7ff1b0000000-7ff1b0021000 rw-p 00000000 00:00 0 
7ff1b0021000-7ff1b4000000 ---p 00000000 00:00 0 
7ff1b4000000-7ff1b4021000 rw-p 00000000 00:00 0 
7ff1b4021000-7ff1b8000000 ---p 00000000 00:00 0 
7ff1b8000000-7ff1b8021000 rw-p 00000000 00:00 0 
7ff1b8021000-7ff1bc000000 ---p 00000000 00:00 0 
7ff1bc90d000-7ff1bcb7d000 rwxp 00000000 00:00 0 
7ff1bcb7d000-7ff1bce9c000 ---p 00000000 00:00 0 
7ff1bce9c000-7ff1bd10c000 rwxp 00000000 00:00 0 
7ff1bd10c000-7ff1c43d4000 ---p 00000000 00:00 0 
7ff1c43d4000-7ff1c4644000 rwxp 00000000 00:00 0 
7ff1c4644000-7ff1cb90d000 ---p 00000000 00:00 0 
7ff1cb90d000-7ff1d4000000 r--s 00000000 08:01 551289                     /usr/lib/jvm/java-11-openjdk-amd64/lib/modules
7ff1d4000000-7ff1d40ae000 rw-p 00000000 00:00 0 
7ff1d40ae000-7ff1d8000000 ---p 00000000 00:00 0 
7ff1d85c0000-7ff1d85c4000 ---p 00000000 00:00 0 
7ff1d85c4000-7ff1d86c1000 rw-p 00000000 00:00 0 
7ff1d86c1000-7ff1d86c2000 ---p 00000000 00:00 0 
7ff1d86c2000-7ff1d87c3000 rw-p 00000000 00:00 0 
7ff1d87c3000-7ff1d87c7000 ---p 00000000 00:00 0 
7ff1d87c7000-7ff1d88c4000 rw-p 00000000 00:00 0 
7ff1d88c4000-7ff1d88c8000 ---p 00000000 00:00 0 
7ff1d88c8000-7ff1d89c5000 rw-p 00000000 00:00 0 
7ff1d89c5000-7ff1d89c9000 ---p 00000000 00:00 0 
7ff1d89c9000-7ff1d8ac6000 rw-p 00000000 00:00 0 
7ff1d8ac6000-7ff1d8aca000 ---p 00000000 00:00 0 
7ff1d8aca000-7ff1d8bc7000 rw-p 00000000 00:00 0 
7ff1d8bc7000-7ff1d8bcb000 ---p 00000000 00:00 0 
7ff1d8bcb000-7ff1d8cc8000 rw-p 00000000 00:00 0 
7ff1d8cc8000-7ff1d96df000 r--p 00000000 08:01 660771                     /usr/lib/locale/locale-archive
7ff1d96df000-7ff1d96e3000 ---p 00000000 00:00 0 
7ff1d96e3000-7ff1d97e0000 rw-p 00000000 00:00 0 
7ff1d97e0000-7ff1d97e4000 ---p 00000000 00:00 0 
7ff1d97e4000-7ff1d98e1000 rw-p 00000000 00:00 0 
7ff1d98e1000-7ff1d98e2000 ---p 00000000 00:00 0 
7ff1d98e2000-7ff1d9f27000 rw-p 00000000 00:00 0 
7ff1d9f27000-7ff1da2e7000 ---p 00000000 00:00 0 
7ff1da2e7000-7ff1da30e000 rw-p 00000000 00:00 0 
7ff1da30e000-7ff1da35b000 ---p 00000000 00:00 0 
7ff1da35b000-7ff1da366000 rw-p 00000000 00:00 0 
7ff1da366000-7ff1da401000 ---p 00000000 00:00 0 
7ff1da401000-7ff1da407000 rw-p 00000000 00:00 0 
7ff1da407000-7ff1da4ed000 ---p 00000000 00:00 0 
7ff1da4ed000-7ff1da4f2000 rw-p 00000000 00:00 0 
7ff1da4f2000-7ff1da5d8000 ---p 00000000 00:00 0 
7ff1da5d8000-7ff1da5dd000 r-xp 00000000 08:01 551271                     /usr/lib/jvm/java-11-openjdk-amd64/lib/libjimage.so
7ff1da5dd000-7ff1da7dc000 ---p 00005000 08:01 551271                     /usr/lib/jvm/java-11-openjdk-amd64/lib/libjimage.so
7ff1da7dc000-7ff1da7dd000 r--p 00004000 08:01 551271                     /usr/lib/jvm/java-11-openjdk-amd64/lib/libjimage.so
7ff1da7dd000-7ff1da7de000 rw-p 00005000 08:01 551271                     /usr/lib/jvm/java-11-openjdk-amd64/lib/libjimage.so
7ff1da7de000-7ff1da7e5000 r-xp 00000000 08:01 551288                     /usr/lib/jvm/java-11-openjdk-amd64/lib/libzip.so
7ff1da7e5000-7ff1da9e4000 ---p 00007000 08:01 551288                     /usr/lib/jvm/java-11-openjdk-amd64/lib/libzip.so
7ff1da9e4000-7ff1da9e5000 r--p 00006000 08:01 551288                     /usr/lib/jvm/java-11-openjdk-amd64/lib/libzip.so
7ff1da9e5000-7ff1da9e6000 rw-p 00007000 08:01 551288                     /usr/lib/jvm/java-11-openjdk-amd64/lib/libzip.so
7ff1da9e6000-7ff1da9f1000 r-xp 00000000 08:01 399660                     /lib/x86_64-linux-gnu/libnss_files-2.27.so
7ff1da9f1000-7ff1dabf0000 ---p 0000b000 08:01 399660                     /lib/x86_64-linux-gnu/libnss_files-2.27.so
7ff1dabf0000-7ff1dabf1000 r--p 0000a000 08:01 399660                     /lib/x86_64-linux-gnu/libnss_files-2.27.so
7ff1dabf1000-7ff1dabf2000 rw-p 0000b000 08:01 399660                     /lib/x86_64-linux-gnu/libnss_files-2.27.so
7ff1dabf2000-7ff1dabf8000 rw-p 00000000 00:00 0 
7ff1dabf8000-7ff1dac0f000 r-xp 00000000 08:01 399654                     /lib/x86_64-linux-gnu/libnsl-2.27.so
7ff1dac0f000-7ff1dae0e000 ---p 00017000 08:01 399654                     /lib/x86_64-linux-gnu/libnsl-2.27.so
7ff1dae0e000-7ff1dae0f000 r--p 00016000 08:01 399654                     /lib/x86_64-linux-gnu/libnsl-2.27.so
7ff1dae0f000-7ff1dae10000 rw-p 00017000 08:01 399654                     /lib/x86_64-linux-gnu/libnsl-2.27.so
7ff1dae10000-7ff1dae12000 rw-p 00000000 00:00 0 
7ff1dae12000-7ff1dae1d000 r-xp 00000000 08:01 399671                     /lib/x86_64-linux-gnu/libnss_nis-2.27.so
7ff1dae1d000-7ff1db01c000 ---p 0000b000 08:01 399671                     /lib/x86_64-linux-gnu/libnss_nis-2.27.so
7ff1db01c000-7ff1db01d000 r--p 0000a000 08:01 399671                     /lib/x86_64-linux-gnu/libnss_nis-2.27.so
7ff1db01d000-7ff1db01e000 rw-p 0000b000 08:01 399671                     /lib/x86_64-linux-gnu/libnss_nis-2.27.so
7ff1db01e000-7ff1db026000 r-xp 00000000 08:01 399656                     /lib/x86_64-linux-gnu/libnss_compat-2.27.so
7ff1db026000-7ff1db226000 ---p 00008000 08:01 399656                     /lib/x86_64-linux-gnu/libnss_compat-2.27.so
7ff1db226000-7ff1db227000 r--p 00008000 08:01 399656                     /lib/x86_64-linux-gnu/libnss_compat-2.27.so
7ff1db227000-7ff1db228000 rw-p 00009000 08:01 399656                     /lib/x86_64-linux-gnu/libnss_compat-2.27.so
7ff1db228000-7ff1db251000 r-xp 00000000 08:01 551267                     /usr/lib/jvm/java-11-openjdk-amd64/lib/libjava.so
7ff1db251000-7ff1db450000 ---p 00029000 08:01 551267                     /usr/lib/jvm/java-11-openjdk-amd64/lib/libjava.so
7ff1db450000-7ff1db451000 r--p 00028000 08:01 551267                     /usr/lib/jvm/java-11-openjdk-amd64/lib/libjava.so
7ff1db451000-7ff1db453000 rw-p 00029000 08:01 551267                     /usr/lib/jvm/java-11-openjdk-amd64/lib/libjava.so
7ff1db453000-7ff1db460000 r-xp 00000000 08:01 551287                     /usr/lib/jvm/java-11-openjdk-amd64/lib/libverify.so
7ff1db460000-7ff1db65f000 ---p 0000d000 08:01 551287                     /usr/lib/jvm/java-11-openjdk-amd64/lib/libverify.so
7ff1db65f000-7ff1db661000 r--p 0000c000 08:01 551287                     /usr/lib/jvm/java-11-openjdk-amd64/lib/libverify.so
7ff1db661000-7ff1db662000 rw-p 0000e000 08:01 551287                     /usr/lib/jvm/java-11-openjdk-amd64/lib/libverify.so
7ff1db662000-7ff1db669000 r-xp 00000000 08:01 399711                     /lib/x86_64-linux-gnu/librt-2.27.so
7ff1db669000-7ff1db868000 ---p 00007000 08:01 399711                     /lib/x86_64-linux-gnu/librt-2.27.so
7ff1db868000-7ff1db869000 r--p 00006000 08:01 399711                     /lib/x86_64-linux-gnu/librt-2.27.so
7ff1db869000-7ff1db86a000 rw-p 00007000 08:01 399711                     /lib/x86_64-linux-gnu/librt-2.27.so
7ff1db86a000-7ff1db881000 r-xp 00000000 08:01 399607                     /lib/x86_64-linux-gnu/libgcc_s.so.1
7ff1db881000-7ff1dba80000 ---p 00017000 08:01 399607                     /lib/x86_64-linux-gnu/libgcc_s.so.1
7ff1dba80000-7ff1dba81000 r--p 00016000 08:01 399607                     /lib/x86_64-linux-gnu/libgcc_s.so.1
7ff1dba81000-7ff1dba82000 rw-p 00017000 08:01 399607                     /lib/x86_64-linux-gnu/libgcc_s.so.1
7ff1dba82000-7ff1dbc1f000 r-xp 00000000 08:01 399633                     /lib/x86_64-linux-gnu/libm-2.27.so
7ff1dbc1f000-7ff1dbe1e000 ---p 0019d000 08:01 399633                     /lib/x86_64-linux-gnu/libm-2.27.so
7ff1dbe1e000-7ff1dbe1f000 r--p 0019c000 08:01 399633                     /lib/x86_64-linux-gnu/libm-2.27.so
7ff1dbe1f000-7ff1dbe20000 rw-p 0019d000 08:01 399633                     /lib/x86_64-linux-gnu/libm-2.27.so
7ff1dbe20000-7ff1dbf99000 r-xp 00000000 08:01 665875                     /usr/lib/x86_64-linux-gnu/libstdc++.so.6.0.25
7ff1dbf99000-7ff1dc199000 ---p 00179000 08:01 665875                     /usr/lib/x86_64-linux-gnu/libstdc++.so.6.0.25
7ff1dc199000-7ff1dc1a3000 r--p 00179000 08:01 665875                     /usr/lib/x86_64-linux-gnu/libstdc++.so.6.0.25
7ff1dc1a3000-7ff1dc1a5000 rw-p 00183000 08:01 665875                     /usr/lib/x86_64-linux-gnu/libstdc++.so.6.0.25
7ff1dc1a5000-7ff1dc1a9000 rw-p 00000000 00:00 0 
7ff1dc1a9000-7ff1dd286000 r-xp 00000000 08:01 551294                     /usr/lib/jvm/java-11-openjdk-amd64/lib/server/libjvm.so
7ff1dd286000-7ff1dd485000 ---p 010dd000 08:01 551294                     /usr/lib/jvm/java-11-openjdk-amd64/lib/server/libjvm.so
7ff1dd485000-7ff1dd542000 r--p 010dc000 08:01 551294                     /usr/lib/jvm/java-11-openjdk-amd64/lib/server/libjvm.so
7ff1dd542000-7ff1dd57c000 rw-p 01199000 08:01 551294                     /usr/lib/jvm/java-11-openjdk-amd64/lib/server/libjvm.so
7ff1dd57c000-7ff1dd5d2000 rw-p 00000000 00:00 0 
7ff1dd5d2000-7ff1dd5ec000 r-xp 00000000 08:01 399703                     /lib/x86_64-linux-gnu/libpthread-2.27.so
7ff1dd5ec000-7ff1dd7eb000 ---p 0001a000 08:01 399703                     /lib/x86_64-linux-gnu/libpthread-2.27.so
7ff1dd7eb000-7ff1dd7ec000 r--p 00019000 08:01 399703                     /lib/x86_64-linux-gnu/libpthread-2.27.so
7ff1dd7ec000-7ff1dd7ed000 rw-p 0001a000 08:01 399703                     /lib/x86_64-linux-gnu/libpthread-2.27.so
7ff1dd7ed000-7ff1dd7f1000 rw-p 00000000 00:00 0 
7ff1dd7f1000-7ff1dd7f4000 r-xp 00000000 08:01 399593                     /lib/x86_64-linux-gnu/libdl-2.27.so
7ff1dd7f4000-7ff1dd9f3000 ---p 00003000 08:01 399593                     /lib/x86_64-linux-gnu/libdl-2.27.so
7ff1dd9f3000-7ff1dd9f4000 r--p 00002000 08:01 399593                     /lib/x86_64-linux-gnu/libdl-2.27.so
7ff1dd9f4000-7ff1dd9f5000 rw-p 00003000 08:01 399593                     /lib/x86_64-linux-gnu/libdl-2.27.so
7ff1dd9f5000-7ff1dda11000 r-xp 00000000 08:01 399742                     /lib/x86_64-linux-gnu/libz.so.1.2.11
7ff1dda11000-7ff1ddc10000 ---p 0001c000 08:01 399742                     /lib/x86_64-linux-gnu/libz.so.1.2.11
7ff1ddc10000-7ff1ddc11000 r--p 0001b000 08:01 399742                     /lib/x86_64-linux-gnu/libz.so.1.2.11
7ff1ddc11000-7ff1ddc12000 rw-p 0001c000 08:01 399742                     /lib/x86_64-linux-gnu/libz.so.1.2.11
7ff1ddc12000-7ff1dddf9000 r-xp 00000000 08:01 399570                     /lib/x86_64-linux-gnu/libc-2.27.so
7ff1dddf9000-7ff1ddff9000 ---p 001e7000 08:01 399570                     /lib/x86_64-linux-gnu/libc-2.27.so
7ff1ddff9000-7ff1ddffd000 r--p 001e7000 08:01 399570                     /lib/x86_64-linux-gnu/libc-2.27.so
7ff1ddffd000-7ff1ddfff000 rw-p 001eb000 08:01 399570                     /lib/x86_64-linux-gnu/libc-2.27.so
7ff1ddfff000-7ff1de003000 rw-p 00000000 00:00 0 
7ff1de003000-7ff1de013000 r-xp 00000000 08:01 551251                     /usr/lib/jvm/java-11-openjdk-amd64/lib/jli/libjli.so
7ff1de013000-7ff1de212000 ---p 00010000 08:01 551251                     /usr/lib/jvm/java-11-openjdk-amd64/lib/jli/libjli.so
7ff1de212000-7ff1de213000 r--p 0000f000 08:01 551251                     /usr/lib/jvm/java-11-openjdk-amd64/lib/jli/libjli.so
7ff1de213000-7ff1de214000 rw-p 00010000 08:01 551251                     /usr/lib/jvm/java-11-openjdk-amd64/lib/jli/libjli.so
7ff1de214000-7ff1de23b000 r-xp 00000000 08:01 399542                     /lib/x86_64-linux-gnu/ld-2.27.so
7ff1de24e000-7ff1de27a000 rw-p 00000000 00:00 0 
7ff1de27a000-7ff1de316000 ---p 00000000 00:00 0 
7ff1de316000-7ff1de31b000 rw-p 00000000 00:00 0 
7ff1de31b000-7ff1de322000 ---p 00000000 00:00 0 
7ff1de322000-7ff1de326000 ---p 00000000 00:00 0 
7ff1de326000-7ff1de425000 rw-p 00000000 00:00 0 
7ff1de42d000-7ff1de42f000 r--s 00007000 08:01 551452                     /usr/share/java/java-atk-wrapper.jar
7ff1de42f000-7ff1de437000 rw-s 00000000 08:01 1052296                    /tmp/hsperfdata_yiyun/15225
7ff1de437000-7ff1de438000 ---p 00000000 00:00 0 
7ff1de438000-7ff1de439000 r--p 00000000 00:00 0 
7ff1de439000-7ff1de43b000 rw-p 00000000 00:00 0 
7ff1de43b000-7ff1de43c000 r--p 00027000 08:01 399542                     /lib/x86_64-linux-gnu/ld-2.27.so
7ff1de43c000-7ff1de43d000 rw-p 00028000 08:01 399542                     /lib/x86_64-linux-gnu/ld-2.27.so
7ff1de43d000-7ff1de43e000 rw-p 00000000 00:00 0 
7ffd8ff54000-7ffd8ff75000 rw-p 00000000 00:00 0                          [stack]
7ffd8ff82000-7ffd8ff85000 r--p 00000000 00:00 0                          [vvar]
7ffd8ff85000-7ffd8ff86000 r-xp 00000000 00:00 0                          [vdso]
ffffffffff600000-ffffffffff601000 r-xp 00000000 00:00 0                  [vsyscall]


VM Arguments:
jvm_args: -Xverify:none 
java_command: Main
java_class_path (initial): .
Launcher Type: SUN_STANDARD

[Global flags]
     bool BytecodeVerificationLocal                = false                                     {product} {command line}
     bool BytecodeVerificationRemote               = false                                     {product} {command line}
     intx CICompilerCount                          = 2                                         {product} {ergonomic}
   size_t InitialHeapSize                          = 33554432                                  {product} {ergonomic}
   size_t MaxHeapSize                              = 522190848                                 {product} {ergonomic}
   size_t MaxNewSize                               = 174063616                                 {product} {ergonomic}
   size_t MinHeapDeltaBytes                        = 196608                                    {product} {ergonomic}
   size_t NewSize                                  = 11141120                                  {product} {ergonomic}
    uintx NonNMethodCodeHeapSize                   = 5825164                                {pd product} {ergonomic}
    uintx NonProfiledCodeHeapSize                  = 122916538                              {pd product} {ergonomic}
   size_t OldSize                                  = 22413312                                  {product} {ergonomic}
    uintx ProfiledCodeHeapSize                     = 122916538                              {pd product} {ergonomic}
    uintx ReservedCodeCacheSize                    = 251658240                              {pd product} {ergonomic}
     bool SegmentedCodeCache                       = true                                      {product} {ergonomic}
     bool UseCompressedClassPointers               = true                                 {lp64_product} {ergonomic}
     bool UseCompressedOops                        = true                                 {lp64_product} {ergonomic}
     bool UseSerialGC                              = true                                      {product} {ergonomic}

Logging:
Log output configuration:
 #0: stdout all=warning uptime,level,tags
 #1: stderr all=off uptime,level,tags

Environment Variables:
PATH=/home/yiyun/.local/bin:/usr/local/sbin:/usr/local/bin:/usr/sbin:/usr/bin:/sbin:/bin:/usr/games:/usr/local/games:/snap/bin
USERNAME=yiyun
SHELL=/bin/bash
DISPLAY=:0

Signal Handlers:
SIGSEGV: [libjvm.so+0xdf8d00], sa_mask[0]=11111111011111111101111111111110, sa_flags=SA_RESTART|SA_SIGINFO
SIGBUS: [libjvm.so+0xdf8d00], sa_mask[0]=11111111011111111101111111111110, sa_flags=SA_RESTART|SA_SIGINFO
SIGFPE: [libjvm.so+0xdf8d00], sa_mask[0]=11111111011111111101111111111110, sa_flags=SA_RESTART|SA_SIGINFO
SIGPIPE: [libjvm.so+0xbcbc30], sa_mask[0]=11111111011111111101111111111110, sa_flags=SA_RESTART|SA_SIGINFO
SIGXFSZ: [libjvm.so+0xbcbc30], sa_mask[0]=11111111011111111101111111111110, sa_flags=SA_RESTART|SA_SIGINFO
SIGILL: [libjvm.so+0xdf8d00], sa_mask[0]=11111111011111111101111111111110, sa_flags=SA_RESTART|SA_SIGINFO
SIGUSR2: [libjvm.so+0xbcbad0], sa_mask[0]=00000000000000000000000000000000, sa_flags=SA_RESTART|SA_SIGINFO
SIGHUP: [libjvm.so+0xbcbe30], sa_mask[0]=11111111011111111101111111111110, sa_flags=SA_RESTART|SA_SIGINFO
SIGINT: [libjvm.so+0xbcbe30], sa_mask[0]=11111111011111111101111111111110, sa_flags=SA_RESTART|SA_SIGINFO
SIGTERM: [libjvm.so+0xbcbe30], sa_mask[0]=11111111011111111101111111111110, sa_flags=SA_RESTART|SA_SIGINFO
SIGQUIT: [libjvm.so+0xbcbe30], sa_mask[0]=11111111011111111101111111111110, sa_flags=SA_RESTART|SA_SIGINFO


---------------  S Y S T E M  ---------------

OS:DISTRIB_ID=Ubuntu
DISTRIB_RELEASE=18.04
DISTRIB_CODENAME=bionic
DISTRIB_DESCRIPTION="Ubuntu 18.04.3 LTS"
uname:Linux 5.0.0-36-generic #39~18.04.1-Ubuntu SMP Tue Nov 12 11:09:50 UTC 2019 x86_64
OS uptime: 0 days 7:40 hours
libc:glibc 2.27 NPTL 2.27 
rlimit: STACK 8192k, CORE 0k, NPROC 7775, NOFILE 4096, AS infinity, CPU infinity, DATA infinity, FSIZE infinity
load average:1.04 1.22 1.19

/proc/meminfo:
MemTotal:        2038764 kB
MemFree:           87784 kB
MemAvailable:     488700 kB
Buffers:           22796 kB
Cached:           541424 kB
SwapCached:        53876 kB
Active:          1220660 kB
Inactive:         496200 kB
Active(anon):     880308 kB
Inactive(anon):   328744 kB
Active(file):     340352 kB
Inactive(file):   167456 kB
Unevictable:          16 kB
Mlocked:              16 kB
SwapTotal:        969960 kB
SwapFree:         586472 kB
Dirty:                88 kB
Writeback:             0 kB
AnonPages:       1145032 kB
Mapped:           223656 kB
Shmem:             64812 kB
KReclaimable:      49408 kB
Slab:              89820 kB
SReclaimable:      49408 kB
SUnreclaim:        40412 kB
KernelStack:       10668 kB
PageTables:        53744 kB
NFS_Unstable:          0 kB
Bounce:                0 kB
WritebackTmp:          0 kB
CommitLimit:     1989340 kB
Committed_AS:    6539004 kB
VmallocTotal:   34359738367 kB
VmallocUsed:           0 kB
VmallocChunk:          0 kB
Percpu:              304 kB
HardwareCorrupted:     0 kB
AnonHugePages:         0 kB
ShmemHugePages:        0 kB
ShmemPmdMapped:        0 kB
CmaTotal:              0 kB
CmaFree:               0 kB
HugePages_Total:       0
HugePages_Free:        0
HugePages_Rsvd:        0
HugePages_Surp:        0
Hugepagesize:       2048 kB
Hugetlb:               0 kB
DirectMap4k:      155584 kB
DirectMap2M:     1941504 kB


/proc/sys/kernel/threads-max (system-wide limit on the number of threads):
15550


/proc/sys/vm/max_map_count (maximum number of memory map areas a process may have):
65530


/proc/sys/kernel/pid_max (system-wide limit on number of process identifiers):
32768



container (cgroup) information:
container_type: cgroupv1
cpu_cpuset_cpus: 0
cpu_memory_nodes: 0
active_processor_count: 1
cpu_quota: -1
cpu_period: 100000
cpu_shares: -1
memory_limit_in_bytes: -1
memory_and_swap_limit_in_bytes: -2
memory_soft_limit_in_bytes: -1
memory_usage_in_bytes: 1751502848
memory_max_usage_in_bytes: 28061696

KVM virtualization detected
Steal ticks since vm start: 0
Steal ticks percentage since vm start:  0.000

CPU:total 1 (initial active 1) (1 cores per cpu, 1 threads per core) family 6 model 142 stepping 11, cmov, cx8, fxsr, mmx, sse, sse2, sse3, ssse3, sse4.1, sse4.2, popcnt, avx, avx2, aes, clmul, 3dnowpref, lzcnt, tsc, tscinvbit
CPU Model and flags from /proc/cpuinfo:
model name	: Intel(R) Core(TM) i5-8265U CPU @ 1.60GHz
flags		: fpu vme de pse tsc msr pae mce cx8 apic sep mtrr pge mca cmov pat pse36 clflush mmx fxsr sse sse2 ht syscall nx rdtscp lm constant_tsc rep_good nopl xtopology nonstop_tsc cpuid tsc_known_freq pni pclmulqdq monitor ssse3 cx16 pcid sse4_1 sse4_2 x2apic movbe popcnt aes xsave avx rdrand hypervisor lahf_lm abm 3dnowprefetch invpcid_single fsgsbase avx2 invpcid rdseed clflushopt flush_l1d arch_capabilities

Memory: 4k page, physical 2038764k(87784k free), swap 969960k(586472k free)

vm_info: OpenJDK 64-Bit Server VM (11.0.7+10-post-Ubuntu-2ubuntu218.04) for linux-amd64 JRE (11.0.7+10-post-Ubuntu-2ubuntu218.04), built on Apr 15 2020 21:12:54 by "unknown" with gcc 7.5.0

END.
