#
# A fatal error has been detected by the Java Runtime Environment:
#
#  Internal Error (generateOopMap.cpp:2164), pid=911, tid=913
#  fatal error: Illegal class file encountered. Try running with -Xverify:all in method main
#
# JRE version: OpenJDK Runtime Environment (11.0.7+10) (build 11.0.7+10-post-Ubuntu-2ubuntu218.04)
# Java VM: OpenJDK 64-Bit Server VM (11.0.7+10-post-Ubuntu-2ubuntu218.04, mixed mode, sharing, tiered, compressed oops, serial gc, linux-amd64)
# Core dump will be written. Default location: Core dumps may be processed with "/usr/share/apport/apport %p %s %c %d %P %E" (or dumping to /home/yiyun/Compiler_Jasmin/Compiler_StudentID_HW3/core.911)
#
# If you would like to submit a bug report, please visit:
#   https://bugs.launchpad.net/ubuntu/+source/openjdk-lts
#

---------------  S U M M A R Y ------------

Command Line: -Xverify:none Main

Host: Intel(R) Core(TM) i5-8265U CPU @ 1.60GHz, 1 cores, 1G, Ubuntu 18.04.3 LTS
Time: Sun Jun  7 17:48:08 2020 CST elapsed time: 1 seconds (0d 0h 0m 1s)

---------------  T H R E A D  ---------------

Current thread (0x00007f1f5804e000):  VMThread "VM Thread" [stack: 0x00007f1f5c152000,0x00007f1f5c252000] [id=913]

Stack: [0x00007f1f5c152000,0x00007f1f5c252000],  sp=0x00007f1f5c24dd10,  free space=1007k
Native frames: (J=compiled Java code, A=aot compiled Java code, j=interpreted, Vv=VM code, C=native code)
V  [libjvm.so+0xdf8009]
V  [libjvm.so+0xdf8c5f]
V  [libjvm.so+0x6513fa]
V  [libjvm.so+0x7b8978]
V  [libjvm.so+0x7b8a4b]
V  [libjvm.so+0x7bda38]
V  [libjvm.so+0x7c018d]
V  [libjvm.so+0x7c0539]
V  [libjvm.so+0xbbdb8a]
V  [libjvm.so+0xbbe7d5]
V  [libjvm.so+0xb4ab1a]
V  [libjvm.so+0x714fd4]
V  [libjvm.so+0xd7e727]
V  [libjvm.so+0xd83ba2]
V  [libjvm.so+0x7aee5d]
V  [libjvm.so+0x6587c5]
V  [libjvm.so+0x7b0117]
V  [libjvm.so+0x7b0aa6]
V  [libjvm.so+0x7b19f8]
V  [libjvm.so+0xdf92df]
V  [libjvm.so+0xdfa8d8]
V  [libjvm.so+0xe00a96]
V  [libjvm.so+0xe00fa0]
V  [libjvm.so+0xe01423]
V  [libjvm.so+0xd85acf]
V  [libjvm.so+0xbd59de]

JavaThread 0x00007f1f58015800 (nid = 912) was being processed
Java frames: (J=compiled Java code, j=interpreted, Vv=VM code)
v  ~RuntimeStub::_new_array_Java
J 175 c2 java.io.PrintStream.print(I)V java.base@11.0.7 (9 bytes) @ 0x00007f1f483e4ffc [0x00007f1f483e4e40+0x00000000000001bc]
j  Main.main([Ljava/lang/String;)V+371
v  ~StubRoutines::call_stub
VM_Operation (0x00007f1f6045f6f0): GenCollectForAllocation, mode: safepoint, requested by thread 0x00007f1f58015800


---------------  P R O C E S S  ---------------

Threads class SMR info:
_java_thread_list=0x00007f1f580a51e0, length=9, elements={
0x00007f1f58015800, 0x00007f1f58051000, 0x00007f1f58053000, 0x00007f1f5805a000,
0x00007f1f5805c800, 0x00007f1f5805e800, 0x00007f1f58060800, 0x00007f1f5809a800,
0x00007f1f580a3800
}

Java Threads: ( => current thread )
  0x00007f1f58015800 JavaThread "main" [_thread_blocked, id=912, stack(0x00007f1f60391000,0x00007f1f60492000)]
  0x00007f1f58051000 JavaThread "Reference Handler" daemon [_thread_blocked, id=914, stack(0x00007f1f5c04f000,0x00007f1f5c150000)]
  0x00007f1f58053000 JavaThread "Finalizer" daemon [_thread_blocked, id=915, stack(0x00007f1f4000c000,0x00007f1f4010d000)]
  0x00007f1f5805a000 JavaThread "Signal Dispatcher" daemon [_thread_blocked, id=916, stack(0x00007f1f334e8000,0x00007f1f335e9000)]
  0x00007f1f5805c800 JavaThread "C2 CompilerThread0" daemon [_thread_blocked, id=917, stack(0x00007f1f333e7000,0x00007f1f334e8000)]
  0x00007f1f5805e800 JavaThread "C1 CompilerThread0" daemon [_thread_blocked, id=918, stack(0x00007f1f332e6000,0x00007f1f333e7000)]
  0x00007f1f58060800 JavaThread "Sweeper thread" daemon [_thread_blocked, id=919, stack(0x00007f1f331e5000,0x00007f1f332e6000)]
  0x00007f1f5809a800 JavaThread "Service Thread" daemon [_thread_blocked, id=920, stack(0x00007f1f330e4000,0x00007f1f331e5000)]
  0x00007f1f580a3800 JavaThread "Common-Cleaner" daemon [_thread_blocked, id=922, stack(0x00007f1f32ee1000,0x00007f1f32fe2000)]

Other Threads:
=>0x00007f1f5804e000 VMThread "VM Thread" [stack: 0x00007f1f5c152000,0x00007f1f5c252000] [id=913]
  0x00007f1f5809d000 WatcherThread [stack: 0x00007f1f32fe4000,0x00007f1f330e4000] [id=921]

Threads with active compile tasks:

VM state:at safepoint (normal execution)

VM Mutex/Monitor currently owned by a thread:  ([mutex/lock_event])
[0x00007f1f580118d0] Threads_lock - owner thread: 0x00007f1f5804e000
[0x00007f1f580120b0] Heap_lock - owner thread: 0x00007f1f58015800

Heap address: 0x00000000e0e00000, size: 498 MB, Compressed Oops mode: 32-bit
Narrow klass base: 0x0000000800000000, Narrow klass shift: 3
Compressed class space size: 1073741824 Address: 0x0000000840000000

Heap:
 def new generation   total 9792K, used 8704K [0x00000000e0e00000, 0x00000000e18a0000, 0x00000000eb400000)
  eden space 8704K, 100% used [0x00000000e0e00000, 0x00000000e1680000, 0x00000000e1680000)
  from space 1088K,   0% used [0x00000000e1680000, 0x00000000e1680000, 0x00000000e1790000)
  to   space 1088K,   7% used [0x00000000e1790000, 0x00000000e17a4840, 0x00000000e18a0000)
 tenured generation   total 21888K, used 0K [0x00000000eb400000, 0x00000000ec960000, 0x0000000100000000)
   the space 21888K,   0% used [0x00000000eb400000, 0x00000000eb400000, 0x00000000eb400200, 0x00000000ec960000)
 Metaspace       used 239K, capacity 4486K, committed 4864K, reserved 1056768K
  class space    used 5K, capacity 386K, committed 512K, reserved 1048576K

Card table byte_map: [0x00007f1f5c377000,0x00007f1f5c471000] _byte_map_base: 0x00007f1f5bc70000

Polling page: 0x00007f1f604a6000

Metaspace:

Usage:
  Non-class:      4.00 MB capacity,   233.55 KB (  6%) used,     3.78 MB ( 94%) free+waste,   128 bytes ( <1%) overhead. 
      Class:    386.00 KB capacity,     5.67 KB (  1%) used,   380.20 KB ( 98%) free+waste,   128 bytes ( <1%) overhead. 
       Both:      4.38 MB capacity,   239.23 KB (  5%) used,     4.15 MB ( 95%) free+waste,   256 bytes ( <1%) overhead. 

Virtual space:
  Non-class space:        8.00 MB reserved,       4.25 MB ( 53%) committed 
      Class space:        1.00 GB reserved,     512.00 KB ( <1%) committed 
             Both:        1.01 GB reserved,       4.75 MB ( <1%) committed 

Chunk freelists:
   Non-Class:  0 bytes
       Class:  0 bytes
        Both:  0 bytes

MaxMetaspaceSize: unlimited
CompressedClassSpaceSize: 1.00 GB

CodeHeap 'non-profiled nmethods': size=120036Kb used=70Kb max_used=70Kb free=119965Kb
 bounds [0x00007f1f483d4000, 0x00007f1f48644000, 0x00007f1f4f90d000]
CodeHeap 'profiled nmethods': size=120032Kb used=254Kb max_used=254Kb free=119777Kb
 bounds [0x00007f1f40e9c000, 0x00007f1f4110c000, 0x00007f1f483d4000]
CodeHeap 'non-nmethods': size=5692Kb used=987Kb max_used=1002Kb free=4705Kb
 bounds [0x00007f1f4090d000, 0x00007f1f40b7d000, 0x00007f1f40e9c000]
 total_blobs=506 nmethods=169 adapters=155
 compilation: enabled
              stopped_count=0, restarted_count=0
 full_count=0

Compilation events (20 events):
Event: 0.415 Thread 0x00007f1f5805c800  168       4       sun.nio.cs.UTF_8$Encoder::encodeArrayLoop (489 bytes)
Event: 0.479 Thread 0x00007f1f5805c800 nmethod 168 0x00007f1f483de490 code [0x00007f1f483de640, 0x00007f1f483dea18]
Event: 0.479 Thread 0x00007f1f5805c800  160   !   4       sun.nio.cs.StreamEncoder::flushBuffer (42 bytes)
Event: 0.495 Thread 0x00007f1f5805c800 nmethod 160 0x00007f1f483dee10 code [0x00007f1f483df000, 0x00007f1f483e00a8]
Event: 0.495 Thread 0x00007f1f5805c800  161   !   4       java.io.PrintStream::write (83 bytes)
Event: 0.510 Thread 0x00007f1f5805c800 nmethod 161 0x00007f1f483e0910 code [0x00007f1f483e0b00, 0x00007f1f483e1618]
Event: 0.510 Thread 0x00007f1f5805c800  162       4       sun.nio.cs.StreamEncoder::writeBytes (132 bytes)
Event: 0.522 Thread 0x00007f1f5805c800 nmethod 162 0x00007f1f483e1e10 code [0x00007f1f483e2000, 0x00007f1f483e2ca8]
Event: 0.522 Thread 0x00007f1f5805c800  169   !   4       java.io.PrintStream::write (69 bytes)
Event: 0.530 Thread 0x00007f1f5805c800 nmethod 169 0x00007f1f483e3310 code [0x00007f1f483e3500, 0x00007f1f483e4028]
Event: 0.530 Thread 0x00007f1f5805c800  173       4       java.lang.Integer::stringSize (47 bytes)
Event: 0.531 Thread 0x00007f1f5805c800 nmethod 173 0x00007f1f483e4590 code [0x00007f1f483e4720, 0x00007f1f483e4798]
Event: 0.531 Thread 0x00007f1f5805c800  174       4       java.lang.Integer::getChars (131 bytes)
Event: 0.532 Thread 0x00007f1f5805c800 nmethod 174 0x00007f1f483e4890 code [0x00007f1f483e4a20, 0x00007f1f483e4b38]
Event: 0.532 Thread 0x00007f1f5805c800  175       4       java.io.PrintStream::print (9 bytes)
Event: 0.733 Thread 0x00007f1f5805c800 nmethod 175 0x00007f1f483e4c90 code [0x00007f1f483e4e40, 0x00007f1f483e50a8]
Event: 0.733 Thread 0x00007f1f5805c800  176       4       java.lang.Integer::toString (55 bytes)
Event: 0.791 Thread 0x00007f1f5805c800 nmethod 176 0x00007f1f483e5310 code [0x00007f1f483e54c0, 0x00007f1f483e56d8]
Event: 0.795 Thread 0x00007f1f5805c800  178       4       java.io.PrintStream::print (9 bytes)
Event: 0.796 Thread 0x00007f1f5805c800 nmethod 178 0x00007f1f483e5890 code [0x00007f1f483e5a40, 0x00007f1f483e5ae8]

GC Heap History (1 events):
Event: 1.032 GC heap before
{Heap before GC invocations=0 (full 0):
 def new generation   total 9792K, used 8704K [0x00000000e0e00000, 0x00000000e18a0000, 0x00000000eb400000)
  eden space 8704K, 100% used [0x00000000e0e00000, 0x00000000e1680000, 0x00000000e1680000)
  from space 1088K,   0% used [0x00000000e1680000, 0x00000000e1680000, 0x00000000e1790000)
  to   space 1088K,   0% used [0x00000000e1790000, 0x00000000e1790000, 0x00000000e18a0000)
 tenured generation   total 21888K, used 0K [0x00000000eb400000, 0x00000000ec960000, 0x0000000100000000)
   the space 21888K,   0% used [0x00000000eb400000, 0x00000000eb400000, 0x00000000eb400200, 0x00000000ec960000)
 Metaspace       used 239K, capacity 4486K, committed 4864K, reserved 1056768K
  class space    used 5K, capacity 386K, committed 512K, reserved 1048576K
}

Deoptimization events (4 events):
Event: 0.172 Thread 0x00007f1f58015800 Uncommon trap: trap_request=0xffffff4d fr.pc=0x00007f1f483d86e0 relative=0x00000000000001c0
Event: 0.172 Thread 0x00007f1f58015800 Uncommon trap: reason=unstable_if action=reinterpret pc=0x00007f1f483d86e0 method=java.lang.String.hashCode()I @ 14 c2
Event: 0.172 Thread 0x00007f1f58015800 DEOPT PACKING pc=0x00007f1f483d86e0 sp=0x00007f1f6048f1b0
Event: 0.172 Thread 0x00007f1f58015800 DEOPT UNPACKING pc=0x00007f1f40935325 sp=0x00007f1f6048f168 mode 2

Classes redefined (0 events):
No events

Internal exceptions (0 events):
No events

Events (20 events):
Event: 0.018 Protecting memory [0x00007f1f332e6000,0x00007f1f332ea000] with protection modes 0
Event: 0.060 Thread 0x00007f1f58060800 Thread added: 0x00007f1f58060800
Event: 0.060 Protecting memory [0x00007f1f331e5000,0x00007f1f331e9000] with protection modes 0
Event: 0.167 Thread 0x00007f1f5809a800 Thread added: 0x00007f1f5809a800
Event: 0.167 Executing VM operation: EnableBiasedLocking
Event: 0.169 Protecting memory [0x00007f1f330e4000,0x00007f1f330e8000] with protection modes 0
Event: 0.171 Executing VM operation: EnableBiasedLocking done
Event: 0.171 loading class jdk/internal/vm/PostVMInitHook
Event: 0.171 loading class jdk/internal/vm/PostVMInitHook done
Event: 0.171 loading class Main
Event: 0.171 loading class Main done
Event: 0.173 loading class jdk/internal/loader/URLClassPath$FileLoader
Event: 0.173 loading class jdk/internal/loader/URLClassPath$FileLoader done
Event: 0.173 loading class jdk/internal/loader/URLClassPath$FileLoader$1
Event: 0.173 loading class jdk/internal/loader/URLClassPath$FileLoader$1 done
Event: 0.174 Thread 0x00007f1f580a3800 Thread added: 0x00007f1f580a3800
Event: 0.177 Protecting memory [0x00007f1f32ee1000,0x00007f1f32ee5000] with protection modes 0
Event: 0.177 Executing VM operation: RevokeBias
Event: 0.177 Executing VM operation: RevokeBias done
Event: 1.032 Executing VM operation: GenCollectForAllocation


Dynamic libraries:
e0e00000-e18a0000 rw-p 00000000 00:00 0 
e18a0000-eb400000 ---p 00000000 00:00 0 
eb400000-ec960000 rw-p 00000000 00:00 0 
ec960000-100000000 ---p 00000000 00:00 0 
800000000-800002000 rwxp 00001000 08:01 551457                           /usr/lib/jvm/java-11-openjdk-amd64/lib/server/classes.jsa
800002000-8003b8000 rw-p 00003000 08:01 551457                           /usr/lib/jvm/java-11-openjdk-amd64/lib/server/classes.jsa
8003b8000-800a7f000 r--p 003b9000 08:01 551457                           /usr/lib/jvm/java-11-openjdk-amd64/lib/server/classes.jsa
800a7f000-800a80000 rw-p 00a80000 08:01 551457                           /usr/lib/jvm/java-11-openjdk-amd64/lib/server/classes.jsa
800a80000-80108c000 r--p 00a81000 08:01 551457                           /usr/lib/jvm/java-11-openjdk-amd64/lib/server/classes.jsa
840000000-840080000 rw-p 00000000 00:00 0 
840080000-880000000 ---p 00000000 00:00 0 
562baa05b000-562baa05c000 r-xp 00000000 08:01 551084                     /usr/lib/jvm/java-11-openjdk-amd64/bin/java
562baa25c000-562baa25d000 r--p 00001000 08:01 551084                     /usr/lib/jvm/java-11-openjdk-amd64/bin/java
562baa25d000-562baa25e000 rw-p 00002000 08:01 551084                     /usr/lib/jvm/java-11-openjdk-amd64/bin/java
562baafa9000-562baafca000 rw-p 00000000 00:00 0                          [heap]
7f1f1c000000-7f1f1c021000 rw-p 00000000 00:00 0 
7f1f1c021000-7f1f20000000 ---p 00000000 00:00 0 
7f1f24000000-7f1f24191000 rw-p 00000000 00:00 0 
7f1f24191000-7f1f28000000 ---p 00000000 00:00 0 
7f1f28000000-7f1f280e9000 rw-p 00000000 00:00 0 
7f1f280e9000-7f1f2c000000 ---p 00000000 00:00 0 
7f1f2c000000-7f1f2c021000 rw-p 00000000 00:00 0 
7f1f2c021000-7f1f30000000 ---p 00000000 00:00 0 
7f1f32ee1000-7f1f32ee5000 ---p 00000000 00:00 0 
7f1f32ee5000-7f1f32fe2000 rw-p 00000000 00:00 0 
7f1f32fe2000-7f1f32fe3000 ---p 00000000 00:00 0 
7f1f32fe3000-7f1f330e4000 rw-p 00000000 00:00 0 
7f1f330e4000-7f1f330e8000 ---p 00000000 00:00 0 
7f1f330e8000-7f1f331e5000 rw-p 00000000 00:00 0 
7f1f331e5000-7f1f331e9000 ---p 00000000 00:00 0 
7f1f331e9000-7f1f332e6000 rw-p 00000000 00:00 0 
7f1f332e6000-7f1f332ea000 ---p 00000000 00:00 0 
7f1f332ea000-7f1f333e7000 rw-p 00000000 00:00 0 
7f1f333e7000-7f1f333eb000 ---p 00000000 00:00 0 
7f1f333eb000-7f1f334e8000 rw-p 00000000 00:00 0 
7f1f334e8000-7f1f334ec000 ---p 00000000 00:00 0 
7f1f334ec000-7f1f335e9000 rw-p 00000000 00:00 0 
7f1f335e9000-7f1f34000000 r--p 00000000 08:01 660771                     /usr/lib/locale/locale-archive
7f1f34000000-7f1f34021000 rw-p 00000000 00:00 0 
7f1f34021000-7f1f38000000 ---p 00000000 00:00 0 
7f1f38000000-7f1f38021000 rw-p 00000000 00:00 0 
7f1f38021000-7f1f3c000000 ---p 00000000 00:00 0 
7f1f3c000000-7f1f3c021000 rw-p 00000000 00:00 0 
7f1f3c021000-7f1f40000000 ---p 00000000 00:00 0 
7f1f4000c000-7f1f40010000 ---p 00000000 00:00 0 
7f1f40010000-7f1f4054d000 rw-p 00000000 00:00 0 
7f1f4054d000-7f1f4090d000 ---p 00000000 00:00 0 
7f1f4090d000-7f1f40b7d000 rwxp 00000000 00:00 0 
7f1f40b7d000-7f1f40e9c000 ---p 00000000 00:00 0 
7f1f40e9c000-7f1f4110c000 rwxp 00000000 00:00 0 
7f1f4110c000-7f1f483d4000 ---p 00000000 00:00 0 
7f1f483d4000-7f1f48644000 rwxp 00000000 00:00 0 
7f1f48644000-7f1f4f90d000 ---p 00000000 00:00 0 
7f1f4f90d000-7f1f58000000 r--s 00000000 08:01 551289                     /usr/lib/jvm/java-11-openjdk-amd64/lib/modules
7f1f58000000-7f1f580aa000 rw-p 00000000 00:00 0 
7f1f580aa000-7f1f5c000000 ---p 00000000 00:00 0 
7f1f5c04f000-7f1f5c053000 ---p 00000000 00:00 0 
7f1f5c053000-7f1f5c150000 rw-p 00000000 00:00 0 
7f1f5c150000-7f1f5c151000 ---p 00000000 00:00 0 
7f1f5c151000-7f1f5c37d000 rw-p 00000000 00:00 0 
7f1f5c37d000-7f1f5c3ca000 ---p 00000000 00:00 0 
7f1f5c3ca000-7f1f5c3d5000 rw-p 00000000 00:00 0 
7f1f5c3d5000-7f1f5c470000 ---p 00000000 00:00 0 
7f1f5c470000-7f1f5c476000 rw-p 00000000 00:00 0 
7f1f5c476000-7f1f5c55c000 ---p 00000000 00:00 0 
7f1f5c55c000-7f1f5c561000 rw-p 00000000 00:00 0 
7f1f5c561000-7f1f5c647000 ---p 00000000 00:00 0 
7f1f5c647000-7f1f5c64c000 r-xp 00000000 08:01 551271                     /usr/lib/jvm/java-11-openjdk-amd64/lib/libjimage.so
7f1f5c64c000-7f1f5c84b000 ---p 00005000 08:01 551271                     /usr/lib/jvm/java-11-openjdk-amd64/lib/libjimage.so
7f1f5c84b000-7f1f5c84c000 r--p 00004000 08:01 551271                     /usr/lib/jvm/java-11-openjdk-amd64/lib/libjimage.so
7f1f5c84c000-7f1f5c84d000 rw-p 00005000 08:01 551271                     /usr/lib/jvm/java-11-openjdk-amd64/lib/libjimage.so
7f1f5c84d000-7f1f5c854000 r-xp 00000000 08:01 551288                     /usr/lib/jvm/java-11-openjdk-amd64/lib/libzip.so
7f1f5c854000-7f1f5ca53000 ---p 00007000 08:01 551288                     /usr/lib/jvm/java-11-openjdk-amd64/lib/libzip.so
7f1f5ca53000-7f1f5ca54000 r--p 00006000 08:01 551288                     /usr/lib/jvm/java-11-openjdk-amd64/lib/libzip.so
7f1f5ca54000-7f1f5ca55000 rw-p 00007000 08:01 551288                     /usr/lib/jvm/java-11-openjdk-amd64/lib/libzip.so
7f1f5ca55000-7f1f5ca60000 r-xp 00000000 08:01 399660                     /lib/x86_64-linux-gnu/libnss_files-2.27.so
7f1f5ca60000-7f1f5cc5f000 ---p 0000b000 08:01 399660                     /lib/x86_64-linux-gnu/libnss_files-2.27.so
7f1f5cc5f000-7f1f5cc60000 r--p 0000a000 08:01 399660                     /lib/x86_64-linux-gnu/libnss_files-2.27.so
7f1f5cc60000-7f1f5cc61000 rw-p 0000b000 08:01 399660                     /lib/x86_64-linux-gnu/libnss_files-2.27.so
7f1f5cc61000-7f1f5cc67000 rw-p 00000000 00:00 0 
7f1f5cc67000-7f1f5cc7e000 r-xp 00000000 08:01 399654                     /lib/x86_64-linux-gnu/libnsl-2.27.so
7f1f5cc7e000-7f1f5ce7d000 ---p 00017000 08:01 399654                     /lib/x86_64-linux-gnu/libnsl-2.27.so
7f1f5ce7d000-7f1f5ce7e000 r--p 00016000 08:01 399654                     /lib/x86_64-linux-gnu/libnsl-2.27.so
7f1f5ce7e000-7f1f5ce7f000 rw-p 00017000 08:01 399654                     /lib/x86_64-linux-gnu/libnsl-2.27.so
7f1f5ce7f000-7f1f5ce81000 rw-p 00000000 00:00 0 
7f1f5ce81000-7f1f5ce8c000 r-xp 00000000 08:01 399671                     /lib/x86_64-linux-gnu/libnss_nis-2.27.so
7f1f5ce8c000-7f1f5d08b000 ---p 0000b000 08:01 399671                     /lib/x86_64-linux-gnu/libnss_nis-2.27.so
7f1f5d08b000-7f1f5d08c000 r--p 0000a000 08:01 399671                     /lib/x86_64-linux-gnu/libnss_nis-2.27.so
7f1f5d08c000-7f1f5d08d000 rw-p 0000b000 08:01 399671                     /lib/x86_64-linux-gnu/libnss_nis-2.27.so
7f1f5d08d000-7f1f5d095000 r-xp 00000000 08:01 399656                     /lib/x86_64-linux-gnu/libnss_compat-2.27.so
7f1f5d095000-7f1f5d295000 ---p 00008000 08:01 399656                     /lib/x86_64-linux-gnu/libnss_compat-2.27.so
7f1f5d295000-7f1f5d296000 r--p 00008000 08:01 399656                     /lib/x86_64-linux-gnu/libnss_compat-2.27.so
7f1f5d296000-7f1f5d297000 rw-p 00009000 08:01 399656                     /lib/x86_64-linux-gnu/libnss_compat-2.27.so
7f1f5d297000-7f1f5d2c0000 r-xp 00000000 08:01 551267                     /usr/lib/jvm/java-11-openjdk-amd64/lib/libjava.so
7f1f5d2c0000-7f1f5d4bf000 ---p 00029000 08:01 551267                     /usr/lib/jvm/java-11-openjdk-amd64/lib/libjava.so
7f1f5d4bf000-7f1f5d4c0000 r--p 00028000 08:01 551267                     /usr/lib/jvm/java-11-openjdk-amd64/lib/libjava.so
7f1f5d4c0000-7f1f5d4c2000 rw-p 00029000 08:01 551267                     /usr/lib/jvm/java-11-openjdk-amd64/lib/libjava.so
7f1f5d4c2000-7f1f5d4cf000 r-xp 00000000 08:01 551287                     /usr/lib/jvm/java-11-openjdk-amd64/lib/libverify.so
7f1f5d4cf000-7f1f5d6ce000 ---p 0000d000 08:01 551287                     /usr/lib/jvm/java-11-openjdk-amd64/lib/libverify.so
7f1f5d6ce000-7f1f5d6d0000 r--p 0000c000 08:01 551287                     /usr/lib/jvm/java-11-openjdk-amd64/lib/libverify.so
7f1f5d6d0000-7f1f5d6d1000 rw-p 0000e000 08:01 551287                     /usr/lib/jvm/java-11-openjdk-amd64/lib/libverify.so
7f1f5d6d1000-7f1f5d6d8000 r-xp 00000000 08:01 399711                     /lib/x86_64-linux-gnu/librt-2.27.so
7f1f5d6d8000-7f1f5d8d7000 ---p 00007000 08:01 399711                     /lib/x86_64-linux-gnu/librt-2.27.so
7f1f5d8d7000-7f1f5d8d8000 r--p 00006000 08:01 399711                     /lib/x86_64-linux-gnu/librt-2.27.so
7f1f5d8d8000-7f1f5d8d9000 rw-p 00007000 08:01 399711                     /lib/x86_64-linux-gnu/librt-2.27.so
7f1f5d8d9000-7f1f5d8f0000 r-xp 00000000 08:01 399607                     /lib/x86_64-linux-gnu/libgcc_s.so.1
7f1f5d8f0000-7f1f5daef000 ---p 00017000 08:01 399607                     /lib/x86_64-linux-gnu/libgcc_s.so.1
7f1f5daef000-7f1f5daf0000 r--p 00016000 08:01 399607                     /lib/x86_64-linux-gnu/libgcc_s.so.1
7f1f5daf0000-7f1f5daf1000 rw-p 00017000 08:01 399607                     /lib/x86_64-linux-gnu/libgcc_s.so.1
7f1f5daf1000-7f1f5dc8e000 r-xp 00000000 08:01 399633                     /lib/x86_64-linux-gnu/libm-2.27.so
7f1f5dc8e000-7f1f5de8d000 ---p 0019d000 08:01 399633                     /lib/x86_64-linux-gnu/libm-2.27.so
7f1f5de8d000-7f1f5de8e000 r--p 0019c000 08:01 399633                     /lib/x86_64-linux-gnu/libm-2.27.so
7f1f5de8e000-7f1f5de8f000 rw-p 0019d000 08:01 399633                     /lib/x86_64-linux-gnu/libm-2.27.so
7f1f5de8f000-7f1f5e008000 r-xp 00000000 08:01 665875                     /usr/lib/x86_64-linux-gnu/libstdc++.so.6.0.25
7f1f5e008000-7f1f5e208000 ---p 00179000 08:01 665875                     /usr/lib/x86_64-linux-gnu/libstdc++.so.6.0.25
7f1f5e208000-7f1f5e212000 r--p 00179000 08:01 665875                     /usr/lib/x86_64-linux-gnu/libstdc++.so.6.0.25
7f1f5e212000-7f1f5e214000 rw-p 00183000 08:01 665875                     /usr/lib/x86_64-linux-gnu/libstdc++.so.6.0.25
7f1f5e214000-7f1f5e218000 rw-p 00000000 00:00 0 
7f1f5e218000-7f1f5f2f5000 r-xp 00000000 08:01 551294                     /usr/lib/jvm/java-11-openjdk-amd64/lib/server/libjvm.so
7f1f5f2f5000-7f1f5f4f4000 ---p 010dd000 08:01 551294                     /usr/lib/jvm/java-11-openjdk-amd64/lib/server/libjvm.so
7f1f5f4f4000-7f1f5f5b1000 r--p 010dc000 08:01 551294                     /usr/lib/jvm/java-11-openjdk-amd64/lib/server/libjvm.so
7f1f5f5b1000-7f1f5f5eb000 rw-p 01199000 08:01 551294                     /usr/lib/jvm/java-11-openjdk-amd64/lib/server/libjvm.so
7f1f5f5eb000-7f1f5f641000 rw-p 00000000 00:00 0 
7f1f5f641000-7f1f5f65b000 r-xp 00000000 08:01 399703                     /lib/x86_64-linux-gnu/libpthread-2.27.so
7f1f5f65b000-7f1f5f85a000 ---p 0001a000 08:01 399703                     /lib/x86_64-linux-gnu/libpthread-2.27.so
7f1f5f85a000-7f1f5f85b000 r--p 00019000 08:01 399703                     /lib/x86_64-linux-gnu/libpthread-2.27.so
7f1f5f85b000-7f1f5f85c000 rw-p 0001a000 08:01 399703                     /lib/x86_64-linux-gnu/libpthread-2.27.so
7f1f5f85c000-7f1f5f860000 rw-p 00000000 00:00 0 
7f1f5f860000-7f1f5f863000 r-xp 00000000 08:01 399593                     /lib/x86_64-linux-gnu/libdl-2.27.so
7f1f5f863000-7f1f5fa62000 ---p 00003000 08:01 399593                     /lib/x86_64-linux-gnu/libdl-2.27.so
7f1f5fa62000-7f1f5fa63000 r--p 00002000 08:01 399593                     /lib/x86_64-linux-gnu/libdl-2.27.so
7f1f5fa63000-7f1f5fa64000 rw-p 00003000 08:01 399593                     /lib/x86_64-linux-gnu/libdl-2.27.so
7f1f5fa64000-7f1f5fa80000 r-xp 00000000 08:01 399742                     /lib/x86_64-linux-gnu/libz.so.1.2.11
7f1f5fa80000-7f1f5fc7f000 ---p 0001c000 08:01 399742                     /lib/x86_64-linux-gnu/libz.so.1.2.11
7f1f5fc7f000-7f1f5fc80000 r--p 0001b000 08:01 399742                     /lib/x86_64-linux-gnu/libz.so.1.2.11
7f1f5fc80000-7f1f5fc81000 rw-p 0001c000 08:01 399742                     /lib/x86_64-linux-gnu/libz.so.1.2.11
7f1f5fc81000-7f1f5fe68000 r-xp 00000000 08:01 399570                     /lib/x86_64-linux-gnu/libc-2.27.so
7f1f5fe68000-7f1f60068000 ---p 001e7000 08:01 399570                     /lib/x86_64-linux-gnu/libc-2.27.so
7f1f60068000-7f1f6006c000 r--p 001e7000 08:01 399570                     /lib/x86_64-linux-gnu/libc-2.27.so
7f1f6006c000-7f1f6006e000 rw-p 001eb000 08:01 399570                     /lib/x86_64-linux-gnu/libc-2.27.so
7f1f6006e000-7f1f60072000 rw-p 00000000 00:00 0 
7f1f60072000-7f1f60082000 r-xp 00000000 08:01 551251                     /usr/lib/jvm/java-11-openjdk-amd64/lib/jli/libjli.so
7f1f60082000-7f1f60281000 ---p 00010000 08:01 551251                     /usr/lib/jvm/java-11-openjdk-amd64/lib/jli/libjli.so
7f1f60281000-7f1f60282000 r--p 0000f000 08:01 551251                     /usr/lib/jvm/java-11-openjdk-amd64/lib/jli/libjli.so
7f1f60282000-7f1f60283000 rw-p 00010000 08:01 551251                     /usr/lib/jvm/java-11-openjdk-amd64/lib/jli/libjli.so
7f1f60283000-7f1f602aa000 r-xp 00000000 08:01 399542                     /lib/x86_64-linux-gnu/ld-2.27.so
7f1f602bd000-7f1f602e9000 rw-p 00000000 00:00 0 
7f1f602e9000-7f1f60385000 ---p 00000000 00:00 0 
7f1f60385000-7f1f6038a000 rw-p 00000000 00:00 0 
7f1f6038a000-7f1f60391000 ---p 00000000 00:00 0 
7f1f60391000-7f1f60395000 ---p 00000000 00:00 0 
7f1f60395000-7f1f60494000 rw-p 00000000 00:00 0 
7f1f6049c000-7f1f6049e000 r--s 00007000 08:01 551452                     /usr/share/java/java-atk-wrapper.jar
7f1f6049e000-7f1f604a6000 rw-s 00000000 08:01 1052440                    /tmp/hsperfdata_yiyun/911
7f1f604a6000-7f1f604a7000 ---p 00000000 00:00 0 
7f1f604a7000-7f1f604a8000 r--p 00000000 00:00 0 
7f1f604a8000-7f1f604aa000 rw-p 00000000 00:00 0 
7f1f604aa000-7f1f604ab000 r--p 00027000 08:01 399542                     /lib/x86_64-linux-gnu/ld-2.27.so
7f1f604ab000-7f1f604ac000 rw-p 00028000 08:01 399542                     /lib/x86_64-linux-gnu/ld-2.27.so
7f1f604ac000-7f1f604ad000 rw-p 00000000 00:00 0 
7ffd01c75000-7ffd01c96000 rw-p 00000000 00:00 0                          [stack]
7ffd01da1000-7ffd01da4000 r--p 00000000 00:00 0                          [vvar]
7ffd01da4000-7ffd01da5000 r-xp 00000000 00:00 0                          [vdso]
ffffffffff600000-ffffffffff601000 r-xp 00000000 00:00 0                  [vsyscall]


VM Arguments:
jvm_args: -Xverify:none 
java_command: Main
java_class_path (initial): .
Launcher Type: SUN_STANDARD

[Global flags]
     bool BytecodeVerificationLocal                = false                                     {product} {command line}
     bool BytecodeVerificationRemote               = false                                     {product} {command line}
     intx CICompilerCount                          = 2                                         {product} {ergonomic}
   size_t InitialHeapSize                          = 33554432                                  {product} {ergonomic}
   size_t MaxHeapSize                              = 522190848                                 {product} {ergonomic}
   size_t MaxNewSize                               = 174063616                                 {product} {ergonomic}
   size_t MinHeapDeltaBytes                        = 196608                                    {product} {ergonomic}
   size_t NewSize                                  = 11141120                                  {product} {ergonomic}
    uintx NonNMethodCodeHeapSize                   = 5825164                                {pd product} {ergonomic}
    uintx NonProfiledCodeHeapSize                  = 122916538                              {pd product} {ergonomic}
   size_t OldSize                                  = 22413312                                  {product} {ergonomic}
    uintx ProfiledCodeHeapSize                     = 122916538                              {pd product} {ergonomic}
    uintx ReservedCodeCacheSize                    = 251658240                              {pd product} {ergonomic}
     bool SegmentedCodeCache                       = true                                      {product} {ergonomic}
     bool UseCompressedClassPointers               = true                                 {lp64_product} {ergonomic}
     bool UseCompressedOops                        = true                                 {lp64_product} {ergonomic}
     bool UseSerialGC                              = true                                      {product} {ergonomic}

Logging:
Log output configuration:
 #0: stdout all=warning uptime,level,tags
 #1: stderr all=off uptime,level,tags

Environment Variables:
PATH=/home/yiyun/.local/bin:/usr/local/sbin:/usr/local/bin:/usr/sbin:/usr/bin:/sbin:/bin:/usr/games:/usr/local/games:/snap/bin
USERNAME=yiyun
SHELL=/bin/bash
DISPLAY=:0

Signal Handlers:
SIGSEGV: [libjvm.so+0xdf8d00], sa_mask[0]=11111111011111111101111111111110, sa_flags=SA_RESTART|SA_SIGINFO
SIGBUS: [libjvm.so+0xdf8d00], sa_mask[0]=11111111011111111101111111111110, sa_flags=SA_RESTART|SA_SIGINFO
SIGFPE: [libjvm.so+0xdf8d00], sa_mask[0]=11111111011111111101111111111110, sa_flags=SA_RESTART|SA_SIGINFO
SIGPIPE: [libjvm.so+0xbcbc30], sa_mask[0]=11111111011111111101111111111110, sa_flags=SA_RESTART|SA_SIGINFO
SIGXFSZ: [libjvm.so+0xbcbc30], sa_mask[0]=11111111011111111101111111111110, sa_flags=SA_RESTART|SA_SIGINFO
SIGILL: [libjvm.so+0xdf8d00], sa_mask[0]=11111111011111111101111111111110, sa_flags=SA_RESTART|SA_SIGINFO
SIGUSR2: [libjvm.so+0xbcbad0], sa_mask[0]=00000000000000000000000000000000, sa_flags=SA_RESTART|SA_SIGINFO
SIGHUP: [libjvm.so+0xbcbe30], sa_mask[0]=11111111011111111101111111111110, sa_flags=SA_RESTART|SA_SIGINFO
SIGINT: [libjvm.so+0xbcbe30], sa_mask[0]=11111111011111111101111111111110, sa_flags=SA_RESTART|SA_SIGINFO
SIGTERM: [libjvm.so+0xbcbe30], sa_mask[0]=11111111011111111101111111111110, sa_flags=SA_RESTART|SA_SIGINFO
SIGQUIT: [libjvm.so+0xbcbe30], sa_mask[0]=11111111011111111101111111111110, sa_flags=SA_RESTART|SA_SIGINFO


---------------  S Y S T E M  ---------------

OS:DISTRIB_ID=Ubuntu
DISTRIB_RELEASE=18.04
DISTRIB_CODENAME=bionic
DISTRIB_DESCRIPTION="Ubuntu 18.04.3 LTS"
uname:Linux 5.0.0-36-generic #39~18.04.1-Ubuntu SMP Tue Nov 12 11:09:50 UTC 2019 x86_64
OS uptime: 1 days 11:09 hours
libc:glibc 2.27 NPTL 2.27 
rlimit: STACK 8192k, CORE 0k, NPROC 7775, NOFILE 4096, AS infinity, CPU infinity, DATA infinity, FSIZE infinity
load average:1.84 1.51 1.49

/proc/meminfo:
MemTotal:        2038764 kB
MemFree:           87832 kB
MemAvailable:     402064 kB
Buffers:           25384 kB
Cached:           455252 kB
SwapCached:        46960 kB
Active:          1191072 kB
Inactive:         533956 kB
Active(anon):     970612 kB
Inactive(anon):   327756 kB
Active(file):     220460 kB
Inactive(file):   206200 kB
Unevictable:          16 kB
Mlocked:              16 kB
SwapTotal:        969960 kB
SwapFree:         381672 kB
Dirty:               700 kB
Writeback:             0 kB
AnonPages:       1242792 kB
Mapped:           219064 kB
Shmem:             61628 kB
KReclaimable:      38332 kB
Slab:              79660 kB
SReclaimable:      38332 kB
SUnreclaim:        41328 kB
KernelStack:       10624 kB
PageTables:        54868 kB
NFS_Unstable:          0 kB
Bounce:                0 kB
WritebackTmp:          0 kB
CommitLimit:     1989340 kB
Committed_AS:    6798040 kB
VmallocTotal:   34359738367 kB
VmallocUsed:           0 kB
VmallocChunk:          0 kB
Percpu:              304 kB
HardwareCorrupted:     0 kB
AnonHugePages:         0 kB
ShmemHugePages:        0 kB
ShmemPmdMapped:        0 kB
CmaTotal:              0 kB
CmaFree:               0 kB
HugePages_Total:       0
HugePages_Free:        0
HugePages_Rsvd:        0
HugePages_Surp:        0
Hugepagesize:       2048 kB
Hugetlb:               0 kB
DirectMap4k:      155584 kB
DirectMap2M:     1941504 kB


/proc/sys/kernel/threads-max (system-wide limit on the number of threads):
15550


/proc/sys/vm/max_map_count (maximum number of memory map areas a process may have):
65530


/proc/sys/kernel/pid_max (system-wide limit on number of process identifiers):
32768



container (cgroup) information:
container_type: cgroupv1
cpu_cpuset_cpus: 0
cpu_memory_nodes: 0
active_processor_count: 1
cpu_quota: -1
cpu_period: 100000
cpu_shares: -1
memory_limit_in_bytes: -1
memory_and_swap_limit_in_bytes: -2
memory_soft_limit_in_bytes: -1
memory_usage_in_bytes: 1765642240
memory_max_usage_in_bytes: 49299456

KVM virtualization detected
Steal ticks since vm start: 0
Steal ticks percentage since vm start:  0.000

CPU:total 1 (initial active 1) (1 cores per cpu, 1 threads per core) family 6 model 142 stepping 11, cmov, cx8, fxsr, mmx, sse, sse2, sse3, ssse3, sse4.1, sse4.2, popcnt, avx, avx2, aes, clmul, 3dnowpref, lzcnt, tsc, tscinvbit
CPU Model and flags from /proc/cpuinfo:
model name	: Intel(R) Core(TM) i5-8265U CPU @ 1.60GHz
flags		: fpu vme de pse tsc msr pae mce cx8 apic sep mtrr pge mca cmov pat pse36 clflush mmx fxsr sse sse2 ht syscall nx rdtscp lm constant_tsc rep_good nopl xtopology nonstop_tsc cpuid tsc_known_freq pni pclmulqdq monitor ssse3 cx16 pcid sse4_1 sse4_2 x2apic movbe popcnt aes xsave avx rdrand hypervisor lahf_lm abm 3dnowprefetch invpcid_single fsgsbase avx2 invpcid rdseed clflushopt flush_l1d arch_capabilities

Memory: 4k page, physical 2038764k(87832k free), swap 969960k(381672k free)

vm_info: OpenJDK 64-Bit Server VM (11.0.7+10-post-Ubuntu-2ubuntu218.04) for linux-amd64 JRE (11.0.7+10-post-Ubuntu-2ubuntu218.04), built on Apr 15 2020 21:12:54 by "unknown" with gcc 7.5.0

END.
