#
# A fatal error has been detected by the Java Runtime Environment:
#
#  SIGSEGV (0xb) at pc=0x00007f462daef104, pid=7839, tid=7840
#
# JRE version: OpenJDK Runtime Environment (11.0.7+10) (build 11.0.7+10-post-Ubuntu-2ubuntu218.04)
# Java VM: OpenJDK 64-Bit Server VM (11.0.7+10-post-Ubuntu-2ubuntu218.04, mixed mode, sharing, tiered, compressed oops, serial gc, linux-amd64)
# Problematic frame:
# V  [libjvm.so+0xa03104]
#
# Core dump will be written. Default location: Core dumps may be processed with "/usr/share/apport/apport %p %s %c %d %P %E" (or dumping to /home/yiyun/Compiler_Jasmin/Compiler_StudentID_HW3/core.7839)
#
# If you would like to submit a bug report, please visit:
#   https://bugs.launchpad.net/ubuntu/+source/openjdk-lts
#

---------------  S U M M A R Y ------------

Command Line: -Xverify:none Main

Host: Intel(R) Core(TM) i5-8265U CPU @ 1.60GHz, 1 cores, 1G, Ubuntu 18.04.3 LTS
Time: Wed May 27 22:44:28 2020 CST elapsed time: 0 seconds (0d 0h 0m 0s)

---------------  T H R E A D  ---------------

Current thread (0x00007f4628015800):  JavaThread "main" [_thread_in_vm, id=7840, stack(0x00007f462f265000,0x00007f462f366000)]

Stack: [0x00007f462f265000,0x00007f462f366000],  sp=0x00007f462f3643a0,  free space=1020k
Native frames: (J=compiled Java code, A=aot compiled Java code, j=interpreted, Vv=VM code, C=native code)
V  [libjvm.so+0xa03104]
V  [libjvm.so+0xa3ba56]
V  [libjvm.so+0x843946]
V  [libjvm.so+0x84483d]
j  Main.main([Ljava/lang/String;)V+49
v  ~StubRoutines::call_stub
V  [libjvm.so+0x84e319]
V  [libjvm.so+0x8ca02d]
V  [libjvm.so+0x8cc4fe]
C  [libjli.so+0x5856]
C  [libjli.so+0x92cd]

Java frames: (J=compiled Java code, j=interpreted, Vv=VM code)
j  Main.main([Ljava/lang/String;)V+49
v  ~StubRoutines::call_stub

siginfo: si_signo: 11 (SIGSEGV), si_code: 1 (SEGV_MAPERR), si_addr: 0x0000000db2f80270

Register to memory mapping:

RAX={method} {0x0000000800328c68} 'println' '(I)V' in 'java/io/PrintStream'
RBX=0x00007f462f3645c0 is pointing into the stack for thread: 0x00007f4628015800
RCX=0x000000080095a4a8 is pointing into metadata
RDX=0x0 is NULL
RSP=0x00007f462f3643a0 is pointing into the stack for thread: 0x00007f4628015800
RBP=0x00007f462f364430 is pointing into the stack for thread: 0x00007f4628015800
RSI=0x0000000000000013 is an unknown value
RDI=0x0000000db2f80008 is an unknown value
R8 =0x0000000db2f80008 is an unknown value
R9 =0x0000000000000001 is an unknown value
R10=0x00007f462f364480 is pointing into the stack for thread: 0x00007f4628015800
R11=0x000000080095b7f8 is pointing into metadata
R12=0x0000000000000001 is an unknown value
R13=0x0000000000000013 is an unknown value
R14=0x0 is NULL
R15=0x00007f4628015800 is a thread


Registers:
RAX=0x0000000800328c68, RBX=0x00007f462f3645c0, RCX=0x000000080095a4a8, RDX=0x0000000000000000
RSP=0x00007f462f3643a0, RBP=0x00007f462f364430, RSI=0x0000000000000013, RDI=0x0000000db2f80008
R8 =0x0000000db2f80008, R9 =0x0000000000000001, R10=0x00007f462f364480, R11=0x000000080095b7f8
R12=0x0000000000000001, R13=0x0000000000000013, R14=0x0000000000000000, R15=0x00007f4628015800
RIP=0x00007f462daef104, EFLAGS=0x0000000000010213, CSGSFS=0x002b000000000033, ERR=0x0000000000000004
  TRAPNO=0x000000000000000e

Top of Stack: (sp=0x00007f462f3643a0)
0x00007f462f3643a0:   00007f462f364430 00007f462db2025b
0x00007f462f3643b0:   00007f462f364440 00007f462d732d47
0x00007f462f3643c0:   00007f462f3643f0 0000000800327920
0x00007f462f3643d0:   0000000db2f80008 00007f462f364470 

Instructions: (pc=0x00007f462daef104)
0x00007f462daef004:   75 15 80 e6 04 48 8d 05 90 18 4d 00 48 8d 15 42
0x00007f462daef014:   fd 47 00 48 0f 44 c2 5d c3 90 66 90 55 48 81 c7
0x00007f462daef024:   c0 00 00 00 b8 01 00 00 00 48 89 e5 f0 0f c1 07
0x00007f462daef034:   83 c0 01 5d c3 90 66 0f 1f 44 00 00 48 8d 15 89
0x00007f462daef044:   66 9b 00 55 89 f8 48 89 e5 8b 4a 08 5d 48 d3 e0
0x00007f462daef054:   48 03 02 c3 0f 1f 84 00 00 00 00 00 40 f6 c7 07
0x00007f462daef064:   75 09 48 81 ff ff 0f 00 00 77 09 31 c0 c3 66 0f
0x00007f462daef074:   1f 44 00 00 55 48 89 e5 41 54 4c 8d a7 d0 00 00
0x00007f462daef084:   00 53 48 89 fb 4c 89 e6 e8 2f 20 1c 00 84 c0 75
0x00007f462daef094:   0b 5b 31 c0 41 5c 5d c3 0f 1f 40 00 4c 89 e6 48
0x00007f462daef0a4:   89 df e8 65 54 13 00 84 c0 74 e6 48 8b 7b 18 e8
0x00007f462daef0b4:   e8 49 33 00 84 c0 74 d9 48 8b bb 98 00 00 00 5b
0x00007f462daef0c4:   41 5c 5d e9 94 9f b9 ff 0f 1f 40 00 8b 97 c4 00
0x00007f462daef0d4:   00 00 55 48 89 f8 48 89 e5 5d 48 c1 e2 20 48 81
0x00007f462daef0e4:   ca d0 01 00 00 c3 66 0f 1f 44 00 00 55 48 8d 87
0x00007f462daef0f4:   d0 01 00 00 48 89 e5 5d c3 90 66 90 55 48 63 f6
0x00007f462daef104:   48 8b 84 f7 d0 01 00 00 48 89 e5 5d c3 90 0f 1f
0x00007f462daef114:   40 00 66 2e 0f 1f 84 00 00 00 00 00 55 b8 d0 01
0x00007f462daef124:   00 00 48 89 e5 5d c3 90 0f 1f 40 00 55 48 89 e5
0x00007f462daef134:   41 57 41 56 41 55 41 54 49 89 ff 53 41 89 f6 48
0x00007f462daef144:   83 ec 68 8b 47 08 89 55 98 85 c0 7e 0d f6 87 3a
0x00007f462daef154:   01 00 00 20 0f 85 b2 02 00 00 49 8b 7f 18 48 85
0x00007f462daef164:   ff 0f 84 95 01 00 00 e8 80 3b 33 00 48 89 c7 48
0x00007f462daef174:   89 45 90 e8 b4 9d 86 ff 48 8d 58 01 49 89 c4 41
0x00007f462daef184:   8b 47 08 4c 89 ff 3d 00 00 00 c0 7d 0a 49 8b bf
0x00007f462daef194:   f0 00 00 00 8b 47 08 85 c0 0f 8e 7d 01 00 00 48
0x00007f462daef1a4:   8b 07 ff 90 88 00 00 00 48 8b 78 10 49 89 c5 48
0x00007f462daef1b4:   85 ff 0f 84 2c 02 00 00 e8 bf 2d 33 00 48 89 c7
0x00007f462daef1c4:   48 89 45 80 4c 8d 25 18 c2 4d 00 e8 5c 9d 86 ff
0x00007f462daef1d4:   4c 89 ef 48 01 c3 e8 a1 e6 16 00 48 8d 0d a6 10
0x00007f462daef1e4:   4b 00 84 c0 88 85 7f ff ff ff 48 89 4d a0 0f 85
0x00007f462daef1f4:   c8 02 00 00 0f 1f 84 00 00 00 00 00 49 8b 87 98 


Stack slot to memory mapping:
stack at sp + 0 slots: 0x00007f462f364430 is pointing into the stack for thread: 0x00007f4628015800
stack at sp + 1 slots: 0x00007f462db2025b: <offset 0x0000000000a3425b> in /usr/lib/jvm/java-11-openjdk-amd64/lib/server/libjvm.so at 0x00007f462d0ec000
stack at sp + 2 slots: 0x00007f462f364440 is pointing into the stack for thread: 0x00007f4628015800
stack at sp + 3 slots: 0x00007f462d732d47: <offset 0x0000000000646d47> in /usr/lib/jvm/java-11-openjdk-amd64/lib/server/libjvm.so at 0x00007f462d0ec000
stack at sp + 4 slots: 0x00007f462f3643f0 is pointing into the stack for thread: 0x00007f4628015800
stack at sp + 5 slots: 0x0000000800327920 is pointing into metadata
stack at sp + 6 slots: 0x0000000db2f80008 is an unknown value
stack at sp + 7 slots: 0x00007f462f364470 is pointing into the stack for thread: 0x00007f4628015800


---------------  P R O C E S S  ---------------

Threads class SMR info:
_java_thread_list=0x00007f46280aa150, length=9, elements={
0x00007f4628015800, 0x00007f4628051000, 0x00007f4628053000, 0x00007f462805a000,
0x00007f462805c800, 0x00007f462805e800, 0x00007f4628060800, 0x00007f46280a2800,
0x00007f46280a8800
}

Java Threads: ( => current thread )
=>0x00007f4628015800 JavaThread "main" [_thread_in_vm, id=7840, stack(0x00007f462f265000,0x00007f462f366000)]
  0x00007f4628051000 JavaThread "Reference Handler" daemon [_thread_blocked, id=7842, stack(0x00007f460eff9000,0x00007f460f0fa000)]
  0x00007f4628053000 JavaThread "Finalizer" daemon [_thread_blocked, id=7843, stack(0x00007f460eef8000,0x00007f460eff9000)]
  0x00007f462805a000 JavaThread "Signal Dispatcher" daemon [_thread_blocked, id=7844, stack(0x00007f460e3e0000,0x00007f460e4e1000)]
  0x00007f462805c800 JavaThread "C2 CompilerThread0" daemon [_thread_blocked, id=7845, stack(0x00007f460e2df000,0x00007f460e3e0000)]
  0x00007f462805e800 JavaThread "C1 CompilerThread0" daemon [_thread_blocked, id=7846, stack(0x00007f460e1de000,0x00007f460e2df000)]
  0x00007f4628060800 JavaThread "Sweeper thread" daemon [_thread_blocked, id=7847, stack(0x00007f460e0dd000,0x00007f460e1de000)]
  0x00007f46280a2800 JavaThread "Service Thread" daemon [_thread_blocked, id=7848, stack(0x00007f460dfdc000,0x00007f460e0dd000)]
  0x00007f46280a8800 JavaThread "Common-Cleaner" daemon [_thread_blocked, id=7850, stack(0x00007f460ddd9000,0x00007f460deda000)]

Other Threads:
  0x00007f462804e000 VMThread "VM Thread" [stack: 0x00007f460f0fc000,0x00007f460f1fc000] [id=7841]
  0x00007f46280a5000 WatcherThread [stack: 0x00007f460dedc000,0x00007f460dfdc000] [id=7849]

Threads with active compile tasks:

VM state:not at safepoint (normal execution)

VM Mutex/Monitor currently owned by a thread: None

Heap address: 0x00000000e0e00000, size: 498 MB, Compressed Oops mode: 32-bit
Narrow klass base: 0x0000000800000000, Narrow klass shift: 3
Compressed class space size: 1073741824 Address: 0x0000000840000000

Heap:
 def new generation   total 9792K, used 870K [0x00000000e0e00000, 0x00000000e18a0000, 0x00000000eb400000)
  eden space 8704K,  10% used [0x00000000e0e00000, 0x00000000e0ed9a18, 0x00000000e1680000)
  from space 1088K,   0% used [0x00000000e1680000, 0x00000000e1680000, 0x00000000e1790000)
  to   space 1088K,   0% used [0x00000000e1790000, 0x00000000e1790000, 0x00000000e18a0000)
 tenured generation   total 21888K, used 0K [0x00000000eb400000, 0x00000000ec960000, 0x0000000100000000)
   the space 21888K,   0% used [0x00000000eb400000, 0x00000000eb400000, 0x00000000eb400200, 0x00000000ec960000)
 Metaspace       used 176K, capacity 4486K, committed 4864K, reserved 1056768K
  class space    used 5K, capacity 386K, committed 512K, reserved 1048576K

Card table byte_map: [0x00007f460fad8000,0x00007f460fbd2000] _byte_map_base: 0x00007f460f3d1000

Polling page: 0x00007f462f37a000

Metaspace:

Usage:
  Non-class:      4.00 MB capacity,   171.28 KB (  4%) used,     3.84 MB ( 96%) free+waste,   128 bytes ( <1%) overhead. 
      Class:    386.00 KB capacity,     5.18 KB (  1%) used,   380.70 KB ( 99%) free+waste,   128 bytes ( <1%) overhead. 
       Both:      4.38 MB capacity,   176.46 KB (  4%) used,     4.21 MB ( 96%) free+waste,   256 bytes ( <1%) overhead. 

Virtual space:
  Non-class space:        8.00 MB reserved,       4.25 MB ( 53%) committed 
      Class space:        1.00 GB reserved,     512.00 KB ( <1%) committed 
             Both:        1.01 GB reserved,       4.75 MB ( <1%) committed 

Chunk freelists:
   Non-Class:  0 bytes
       Class:  0 bytes
        Both:  0 bytes

MaxMetaspaceSize: unlimited
CompressedClassSpaceSize: 1.00 GB

CodeHeap 'non-profiled nmethods': size=120036Kb used=20Kb max_used=20Kb free=120015Kb
 bounds [0x00007f4617784000, 0x00007f46179f4000, 0x00007f461ecbd000]
CodeHeap 'profiled nmethods': size=120032Kb used=116Kb max_used=116Kb free=119915Kb
 bounds [0x00007f461024c000, 0x00007f46104bc000, 0x00007f4617784000]
CodeHeap 'non-nmethods': size=5692Kb used=988Kb max_used=1000Kb free=4703Kb
 bounds [0x00007f460fcbd000, 0x00007f460ff2d000, 0x00007f461024c000]
 total_blobs=380 nmethods=85 adapters=155
 compilation: enabled
              stopped_count=0, restarted_count=0
 full_count=0

Compilation events (20 events):
Event: 0.335 Thread 0x00007f462805e800 nmethod 73 0x00007f4617787a10 code [0x00007f4617787bc0, 0x00007f4617787cf0]
Event: 0.337 Thread 0x00007f462805e800   74       3       java.util.ImmutableCollections$Set12$1::next (92 bytes)
Event: 0.338 Thread 0x00007f462805e800 nmethod 74 0x00007f4610266c10 code [0x00007f4610266de0, 0x00007f46102670c8]
Event: 0.338 Thread 0x00007f462805e800   75       1       java.lang.module.ModuleDescriptor::isOpen (5 bytes)
Event: 0.339 Thread 0x00007f462805e800 nmethod 75 0x00007f4617787d90 code [0x00007f4617787f40, 0x00007f4617788070]
Event: 0.340 Thread 0x00007f462805c800   76       4       java.util.ImmutableCollections$SetN$SetNIterator::hasNext (13 bytes)
Event: 0.341 Thread 0x00007f462805c800 nmethod 76 0x00007f4617788110 code [0x00007f46177882a0, 0x00007f4617788318]
Event: 0.341 Thread 0x00007f462805c800   77       4       java.lang.String::hashCode (49 bytes)
Event: 0.348 Thread 0x00007f462805e800   79       3       jdk.internal.module.ModuleBootstrap$2::hasNext (30 bytes)
Event: 0.349 Thread 0x00007f462805e800 nmethod 79 0x00007f4610267210 code [0x00007f46102673e0, 0x00007f4610267798]
Event: 0.349 Thread 0x00007f462805e800   80       3       jdk.internal.module.ModuleBootstrap$2::next (52 bytes)
Event: 0.350 Thread 0x00007f462805e800 nmethod 80 0x00007f4610267890 code [0x00007f4610267aa0, 0x00007f4610268068]
Event: 0.350 Thread 0x00007f462805e800   81       3       java.util.HashMap::putIfAbsent (13 bytes)
Event: 0.351 Thread 0x00007f462805e800 nmethod 81 0x00007f4610268210 code [0x00007f46102683e0, 0x00007f4610268758]
Event: 0.353 Thread 0x00007f462805e800   83       1       java.lang.Module::getDescriptor (5 bytes)
Event: 0.353 Thread 0x00007f462805e800 nmethod 83 0x00007f4617788790 code [0x00007f4617788940, 0x00007f4617788a70]
Event: 0.354 Thread 0x00007f462805e800   84       3       java.util.ImmutableCollections$SetN::iterator (9 bytes)
Event: 0.354 Thread 0x00007f462805e800 nmethod 84 0x00007f4610268890 code [0x00007f4610268a60, 0x00007f4610268c88]
Event: 0.423 Thread 0x00007f462805e800   85       3       java.lang.CharacterDataLatin1::getProperties (11 bytes)
Event: 0.423 Thread 0x00007f462805e800 nmethod 85 0x00007f4610268d90 code [0x00007f4610268f40, 0x00007f46102690f0]

GC Heap History (0 events):
No events

Deoptimization events (0 events):
No events

Classes redefined (0 events):
No events

Internal exceptions (0 events):
No events

Events (20 events):
Event: 0.046 Thread 0x00007f462805e800 Thread added: 0x00007f462805e800
Event: 0.046 Protecting memory [0x00007f460e1de000,0x00007f460e1e2000] with protection modes 0
Event: 0.051 Thread 0x00007f4628060800 Thread added: 0x00007f4628060800
Event: 0.055 Protecting memory [0x00007f460e0dd000,0x00007f460e0e1000] with protection modes 0
Event: 0.407 Thread 0x00007f46280a2800 Thread added: 0x00007f46280a2800
Event: 0.408 Executing VM operation: EnableBiasedLocking
Event: 0.410 Protecting memory [0x00007f460dfdc000,0x00007f460dfe0000] with protection modes 0
Event: 0.410 Executing VM operation: EnableBiasedLocking done
Event: 0.410 loading class jdk/internal/vm/PostVMInitHook
Event: 0.410 loading class jdk/internal/vm/PostVMInitHook done
Event: 0.413 loading class Main
Event: 0.413 loading class Main done
Event: 0.417 loading class jdk/internal/loader/URLClassPath$FileLoader
Event: 0.418 loading class jdk/internal/loader/URLClassPath$FileLoader done
Event: 0.420 loading class jdk/internal/loader/URLClassPath$FileLoader$1
Event: 0.420 loading class jdk/internal/loader/URLClassPath$FileLoader$1 done
Event: 0.422 Thread 0x00007f46280a8800 Thread added: 0x00007f46280a8800
Event: 0.426 Protecting memory [0x00007f460ddd9000,0x00007f460dddd000] with protection modes 0
Event: 0.427 Executing VM operation: RevokeBias
Event: 0.427 Executing VM operation: RevokeBias done


Dynamic libraries:
e0e00000-e18a0000 rw-p 00000000 00:00 0 
e18a0000-eb400000 ---p 00000000 00:00 0 
eb400000-ec960000 rw-p 00000000 00:00 0 
ec960000-100000000 ---p 00000000 00:00 0 
800000000-800002000 rwxp 00001000 08:01 551457                           /usr/lib/jvm/java-11-openjdk-amd64/lib/server/classes.jsa
800002000-8003b8000 rw-p 00003000 08:01 551457                           /usr/lib/jvm/java-11-openjdk-amd64/lib/server/classes.jsa
8003b8000-800a7f000 r--p 003b9000 08:01 551457                           /usr/lib/jvm/java-11-openjdk-amd64/lib/server/classes.jsa
800a7f000-800a80000 rw-p 00a80000 08:01 551457                           /usr/lib/jvm/java-11-openjdk-amd64/lib/server/classes.jsa
800a80000-80108c000 r--p 00a81000 08:01 551457                           /usr/lib/jvm/java-11-openjdk-amd64/lib/server/classes.jsa
840000000-840080000 rw-p 00000000 00:00 0 
840080000-880000000 ---p 00000000 00:00 0 
55a096eb3000-55a096eb4000 r-xp 00000000 08:01 551084                     /usr/lib/jvm/java-11-openjdk-amd64/bin/java
55a0970b4000-55a0970b5000 r--p 00001000 08:01 551084                     /usr/lib/jvm/java-11-openjdk-amd64/bin/java
55a0970b5000-55a0970b6000 rw-p 00002000 08:01 551084                     /usr/lib/jvm/java-11-openjdk-amd64/bin/java
55a0971f7000-55a097218000 rw-p 00000000 00:00 0                          [heap]
7f45f0000000-7f45f007f000 rw-p 00000000 00:00 0 
7f45f007f000-7f45f4000000 ---p 00000000 00:00 0 
7f45f4000000-7f45f4021000 rw-p 00000000 00:00 0 
7f45f4021000-7f45f8000000 ---p 00000000 00:00 0 
7f45f8000000-7f45f8021000 rw-p 00000000 00:00 0 
7f45f8021000-7f45fc000000 ---p 00000000 00:00 0 
7f45fc000000-7f45fc06e000 rw-p 00000000 00:00 0 
7f45fc06e000-7f4600000000 ---p 00000000 00:00 0 
7f4600000000-7f4600021000 rw-p 00000000 00:00 0 
7f4600021000-7f4604000000 ---p 00000000 00:00 0 
7f4604000000-7f4604021000 rw-p 00000000 00:00 0 
7f4604021000-7f4608000000 ---p 00000000 00:00 0 
7f4608000000-7f4608021000 rw-p 00000000 00:00 0 
7f4608021000-7f460c000000 ---p 00000000 00:00 0 
7f460ddd9000-7f460dddd000 ---p 00000000 00:00 0 
7f460dddd000-7f460deda000 rw-p 00000000 00:00 0 
7f460deda000-7f460dedb000 ---p 00000000 00:00 0 
7f460dedb000-7f460dfdc000 rw-p 00000000 00:00 0 
7f460dfdc000-7f460dfe0000 ---p 00000000 00:00 0 
7f460dfe0000-7f460e0dd000 rw-p 00000000 00:00 0 
7f460e0dd000-7f460e0e1000 ---p 00000000 00:00 0 
7f460e0e1000-7f460e1de000 rw-p 00000000 00:00 0 
7f460e1de000-7f460e1e2000 ---p 00000000 00:00 0 
7f460e1e2000-7f460e2df000 rw-p 00000000 00:00 0 
7f460e2df000-7f460e2e3000 ---p 00000000 00:00 0 
7f460e2e3000-7f460e3e0000 rw-p 00000000 00:00 0 
7f460e3e0000-7f460e3e4000 ---p 00000000 00:00 0 
7f460e3e4000-7f460e4e1000 rw-p 00000000 00:00 0 
7f460e4e1000-7f460eef8000 r--p 00000000 08:01 660771                     /usr/lib/locale/locale-archive
7f460eef8000-7f460eefc000 ---p 00000000 00:00 0 
7f460eefc000-7f460eff9000 rw-p 00000000 00:00 0 
7f460eff9000-7f460effd000 ---p 00000000 00:00 0 
7f460effd000-7f460f0fa000 rw-p 00000000 00:00 0 
7f460f0fa000-7f460f0fb000 ---p 00000000 00:00 0 
7f460f0fb000-7f460f718000 rw-p 00000000 00:00 0 
7f460f718000-7f460fad8000 ---p 00000000 00:00 0 
7f460fad8000-7f460fade000 rw-p 00000000 00:00 0 
7f460fade000-7f460fb2b000 ---p 00000000 00:00 0 
7f460fb2b000-7f460fb36000 rw-p 00000000 00:00 0 
7f460fb36000-7f460fbd1000 ---p 00000000 00:00 0 
7f460fbd1000-7f460fbd7000 rw-p 00000000 00:00 0 
7f460fbd7000-7f460fcbd000 ---p 00000000 00:00 0 
7f460fcbd000-7f460ff2d000 rwxp 00000000 00:00 0 
7f460ff2d000-7f461024c000 ---p 00000000 00:00 0 
7f461024c000-7f46104bc000 rwxp 00000000 00:00 0 
7f46104bc000-7f4617784000 ---p 00000000 00:00 0 
7f4617784000-7f46179f4000 rwxp 00000000 00:00 0 
7f46179f4000-7f461ecbd000 ---p 00000000 00:00 0 
7f461ecbd000-7f46273b0000 r--s 00000000 08:01 551289                     /usr/lib/jvm/java-11-openjdk-amd64/lib/modules
7f46273b0000-7f46273b5000 r-xp 00000000 08:01 551271                     /usr/lib/jvm/java-11-openjdk-amd64/lib/libjimage.so
7f46273b5000-7f46275b4000 ---p 00005000 08:01 551271                     /usr/lib/jvm/java-11-openjdk-amd64/lib/libjimage.so
7f46275b4000-7f46275b5000 r--p 00004000 08:01 551271                     /usr/lib/jvm/java-11-openjdk-amd64/lib/libjimage.so
7f46275b5000-7f46275b6000 rw-p 00005000 08:01 551271                     /usr/lib/jvm/java-11-openjdk-amd64/lib/libjimage.so
7f46275b6000-7f46275bd000 r-xp 00000000 08:01 551288                     /usr/lib/jvm/java-11-openjdk-amd64/lib/libzip.so
7f46275bd000-7f46277bc000 ---p 00007000 08:01 551288                     /usr/lib/jvm/java-11-openjdk-amd64/lib/libzip.so
7f46277bc000-7f46277bd000 r--p 00006000 08:01 551288                     /usr/lib/jvm/java-11-openjdk-amd64/lib/libzip.so
7f46277bd000-7f46277be000 rw-p 00007000 08:01 551288                     /usr/lib/jvm/java-11-openjdk-amd64/lib/libzip.so
7f46277be000-7f46277c9000 r-xp 00000000 08:01 399660                     /lib/x86_64-linux-gnu/libnss_files-2.27.so
7f46277c9000-7f46279c8000 ---p 0000b000 08:01 399660                     /lib/x86_64-linux-gnu/libnss_files-2.27.so
7f46279c8000-7f46279c9000 r--p 0000a000 08:01 399660                     /lib/x86_64-linux-gnu/libnss_files-2.27.so
7f46279c9000-7f46279ca000 rw-p 0000b000 08:01 399660                     /lib/x86_64-linux-gnu/libnss_files-2.27.so
7f46279ca000-7f46279d0000 rw-p 00000000 00:00 0 
7f46279d0000-7f46279e7000 r-xp 00000000 08:01 399654                     /lib/x86_64-linux-gnu/libnsl-2.27.so
7f46279e7000-7f4627be6000 ---p 00017000 08:01 399654                     /lib/x86_64-linux-gnu/libnsl-2.27.so
7f4627be6000-7f4627be7000 r--p 00016000 08:01 399654                     /lib/x86_64-linux-gnu/libnsl-2.27.so
7f4627be7000-7f4627be8000 rw-p 00017000 08:01 399654                     /lib/x86_64-linux-gnu/libnsl-2.27.so
7f4627be8000-7f4627bea000 rw-p 00000000 00:00 0 
7f4627bea000-7f4627bf5000 r-xp 00000000 08:01 399671                     /lib/x86_64-linux-gnu/libnss_nis-2.27.so
7f4627bf5000-7f4627df4000 ---p 0000b000 08:01 399671                     /lib/x86_64-linux-gnu/libnss_nis-2.27.so
7f4627df4000-7f4627df5000 r--p 0000a000 08:01 399671                     /lib/x86_64-linux-gnu/libnss_nis-2.27.so
7f4627df5000-7f4627df6000 rw-p 0000b000 08:01 399671                     /lib/x86_64-linux-gnu/libnss_nis-2.27.so
7f4627df6000-7f4627dfe000 r-xp 00000000 08:01 399656                     /lib/x86_64-linux-gnu/libnss_compat-2.27.so
7f4627dfe000-7f4627ffe000 ---p 00008000 08:01 399656                     /lib/x86_64-linux-gnu/libnss_compat-2.27.so
7f4627ffe000-7f4627fff000 r--p 00008000 08:01 399656                     /lib/x86_64-linux-gnu/libnss_compat-2.27.so
7f4627fff000-7f4628000000 rw-p 00009000 08:01 399656                     /lib/x86_64-linux-gnu/libnss_compat-2.27.so
7f4628000000-7f46280b6000 rw-p 00000000 00:00 0 
7f46280b6000-7f462c000000 ---p 00000000 00:00 0 
7f462c037000-7f462c085000 rw-p 00000000 00:00 0 
7f462c085000-7f462c16b000 ---p 00000000 00:00 0 
7f462c16b000-7f462c194000 r-xp 00000000 08:01 551267                     /usr/lib/jvm/java-11-openjdk-amd64/lib/libjava.so
7f462c194000-7f462c393000 ---p 00029000 08:01 551267                     /usr/lib/jvm/java-11-openjdk-amd64/lib/libjava.so
7f462c393000-7f462c394000 r--p 00028000 08:01 551267                     /usr/lib/jvm/java-11-openjdk-amd64/lib/libjava.so
7f462c394000-7f462c396000 rw-p 00029000 08:01 551267                     /usr/lib/jvm/java-11-openjdk-amd64/lib/libjava.so
7f462c396000-7f462c3a3000 r-xp 00000000 08:01 551287                     /usr/lib/jvm/java-11-openjdk-amd64/lib/libverify.so
7f462c3a3000-7f462c5a2000 ---p 0000d000 08:01 551287                     /usr/lib/jvm/java-11-openjdk-amd64/lib/libverify.so
7f462c5a2000-7f462c5a4000 r--p 0000c000 08:01 551287                     /usr/lib/jvm/java-11-openjdk-amd64/lib/libverify.so
7f462c5a4000-7f462c5a5000 rw-p 0000e000 08:01 551287                     /usr/lib/jvm/java-11-openjdk-amd64/lib/libverify.so
7f462c5a5000-7f462c5ac000 r-xp 00000000 08:01 399711                     /lib/x86_64-linux-gnu/librt-2.27.so
7f462c5ac000-7f462c7ab000 ---p 00007000 08:01 399711                     /lib/x86_64-linux-gnu/librt-2.27.so
7f462c7ab000-7f462c7ac000 r--p 00006000 08:01 399711                     /lib/x86_64-linux-gnu/librt-2.27.so
7f462c7ac000-7f462c7ad000 rw-p 00007000 08:01 399711                     /lib/x86_64-linux-gnu/librt-2.27.so
7f462c7ad000-7f462c7c4000 r-xp 00000000 08:01 399607                     /lib/x86_64-linux-gnu/libgcc_s.so.1
7f462c7c4000-7f462c9c3000 ---p 00017000 08:01 399607                     /lib/x86_64-linux-gnu/libgcc_s.so.1
7f462c9c3000-7f462c9c4000 r--p 00016000 08:01 399607                     /lib/x86_64-linux-gnu/libgcc_s.so.1
7f462c9c4000-7f462c9c5000 rw-p 00017000 08:01 399607                     /lib/x86_64-linux-gnu/libgcc_s.so.1
7f462c9c5000-7f462cb62000 r-xp 00000000 08:01 399633                     /lib/x86_64-linux-gnu/libm-2.27.so
7f462cb62000-7f462cd61000 ---p 0019d000 08:01 399633                     /lib/x86_64-linux-gnu/libm-2.27.so
7f462cd61000-7f462cd62000 r--p 0019c000 08:01 399633                     /lib/x86_64-linux-gnu/libm-2.27.so
7f462cd62000-7f462cd63000 rw-p 0019d000 08:01 399633                     /lib/x86_64-linux-gnu/libm-2.27.so
7f462cd63000-7f462cedc000 r-xp 00000000 08:01 665875                     /usr/lib/x86_64-linux-gnu/libstdc++.so.6.0.25
7f462cedc000-7f462d0dc000 ---p 00179000 08:01 665875                     /usr/lib/x86_64-linux-gnu/libstdc++.so.6.0.25
7f462d0dc000-7f462d0e6000 r--p 00179000 08:01 665875                     /usr/lib/x86_64-linux-gnu/libstdc++.so.6.0.25
7f462d0e6000-7f462d0e8000 rw-p 00183000 08:01 665875                     /usr/lib/x86_64-linux-gnu/libstdc++.so.6.0.25
7f462d0e8000-7f462d0ec000 rw-p 00000000 00:00 0 
7f462d0ec000-7f462e1c9000 r-xp 00000000 08:01 551294                     /usr/lib/jvm/java-11-openjdk-amd64/lib/server/libjvm.so
7f462e1c9000-7f462e3c8000 ---p 010dd000 08:01 551294                     /usr/lib/jvm/java-11-openjdk-amd64/lib/server/libjvm.so
7f462e3c8000-7f462e485000 r--p 010dc000 08:01 551294                     /usr/lib/jvm/java-11-openjdk-amd64/lib/server/libjvm.so
7f462e485000-7f462e4bf000 rw-p 01199000 08:01 551294                     /usr/lib/jvm/java-11-openjdk-amd64/lib/server/libjvm.so
7f462e4bf000-7f462e515000 rw-p 00000000 00:00 0 
7f462e515000-7f462e52f000 r-xp 00000000 08:01 399703                     /lib/x86_64-linux-gnu/libpthread-2.27.so
7f462e52f000-7f462e72e000 ---p 0001a000 08:01 399703                     /lib/x86_64-linux-gnu/libpthread-2.27.so
7f462e72e000-7f462e72f000 r--p 00019000 08:01 399703                     /lib/x86_64-linux-gnu/libpthread-2.27.so
7f462e72f000-7f462e730000 rw-p 0001a000 08:01 399703                     /lib/x86_64-linux-gnu/libpthread-2.27.so
7f462e730000-7f462e734000 rw-p 00000000 00:00 0 
7f462e734000-7f462e737000 r-xp 00000000 08:01 399593                     /lib/x86_64-linux-gnu/libdl-2.27.so
7f462e737000-7f462e936000 ---p 00003000 08:01 399593                     /lib/x86_64-linux-gnu/libdl-2.27.so
7f462e936000-7f462e937000 r--p 00002000 08:01 399593                     /lib/x86_64-linux-gnu/libdl-2.27.so
7f462e937000-7f462e938000 rw-p 00003000 08:01 399593                     /lib/x86_64-linux-gnu/libdl-2.27.so
7f462e938000-7f462e954000 r-xp 00000000 08:01 399742                     /lib/x86_64-linux-gnu/libz.so.1.2.11
7f462e954000-7f462eb53000 ---p 0001c000 08:01 399742                     /lib/x86_64-linux-gnu/libz.so.1.2.11
7f462eb53000-7f462eb54000 r--p 0001b000 08:01 399742                     /lib/x86_64-linux-gnu/libz.so.1.2.11
7f462eb54000-7f462eb55000 rw-p 0001c000 08:01 399742                     /lib/x86_64-linux-gnu/libz.so.1.2.11
7f462eb55000-7f462ed3c000 r-xp 00000000 08:01 399570                     /lib/x86_64-linux-gnu/libc-2.27.so
7f462ed3c000-7f462ef3c000 ---p 001e7000 08:01 399570                     /lib/x86_64-linux-gnu/libc-2.27.so
7f462ef3c000-7f462ef40000 r--p 001e7000 08:01 399570                     /lib/x86_64-linux-gnu/libc-2.27.so
7f462ef40000-7f462ef42000 rw-p 001eb000 08:01 399570                     /lib/x86_64-linux-gnu/libc-2.27.so
7f462ef42000-7f462ef46000 rw-p 00000000 00:00 0 
7f462ef46000-7f462ef56000 r-xp 00000000 08:01 551251                     /usr/lib/jvm/java-11-openjdk-amd64/lib/jli/libjli.so
7f462ef56000-7f462f155000 ---p 00010000 08:01 551251                     /usr/lib/jvm/java-11-openjdk-amd64/lib/jli/libjli.so
7f462f155000-7f462f156000 r--p 0000f000 08:01 551251                     /usr/lib/jvm/java-11-openjdk-amd64/lib/jli/libjli.so
7f462f156000-7f462f157000 rw-p 00010000 08:01 551251                     /usr/lib/jvm/java-11-openjdk-amd64/lib/jli/libjli.so
7f462f157000-7f462f17e000 r-xp 00000000 08:01 399542                     /lib/x86_64-linux-gnu/ld-2.27.so
7f462f191000-7f462f1bd000 rw-p 00000000 00:00 0 
7f462f1bd000-7f462f259000 ---p 00000000 00:00 0 
7f462f259000-7f462f25e000 rw-p 00000000 00:00 0 
7f462f25e000-7f462f265000 ---p 00000000 00:00 0 
7f462f265000-7f462f269000 ---p 00000000 00:00 0 
7f462f269000-7f462f368000 rw-p 00000000 00:00 0 
7f462f370000-7f462f372000 r--s 00007000 08:01 551452                     /usr/share/java/java-atk-wrapper.jar
7f462f372000-7f462f37a000 rw-s 00000000 08:01 1051043                    /tmp/hsperfdata_yiyun/7839
7f462f37a000-7f462f37b000 ---p 00000000 00:00 0 
7f462f37b000-7f462f37c000 r--p 00000000 00:00 0 
7f462f37c000-7f462f37e000 rw-p 00000000 00:00 0 
7f462f37e000-7f462f37f000 r--p 00027000 08:01 399542                     /lib/x86_64-linux-gnu/ld-2.27.so
7f462f37f000-7f462f380000 rw-p 00028000 08:01 399542                     /lib/x86_64-linux-gnu/ld-2.27.so
7f462f380000-7f462f381000 rw-p 00000000 00:00 0 
7fff22c86000-7fff22ca7000 rw-p 00000000 00:00 0                          [stack]
7fff22cc1000-7fff22cc4000 r--p 00000000 00:00 0                          [vvar]
7fff22cc4000-7fff22cc5000 r-xp 00000000 00:00 0                          [vdso]
ffffffffff600000-ffffffffff601000 r-xp 00000000 00:00 0                  [vsyscall]


VM Arguments:
jvm_args: -Xverify:none 
java_command: Main
java_class_path (initial): .
Launcher Type: SUN_STANDARD

[Global flags]
     bool BytecodeVerificationLocal                = false                                     {product} {command line}
     bool BytecodeVerificationRemote               = false                                     {product} {command line}
     intx CICompilerCount                          = 2                                         {product} {ergonomic}
   size_t InitialHeapSize                          = 33554432                                  {product} {ergonomic}
   size_t MaxHeapSize                              = 522190848                                 {product} {ergonomic}
   size_t MaxNewSize                               = 174063616                                 {product} {ergonomic}
   size_t MinHeapDeltaBytes                        = 196608                                    {product} {ergonomic}
   size_t NewSize                                  = 11141120                                  {product} {ergonomic}
    uintx NonNMethodCodeHeapSize                   = 5825164                                {pd product} {ergonomic}
    uintx NonProfiledCodeHeapSize                  = 122916538                              {pd product} {ergonomic}
   size_t OldSize                                  = 22413312                                  {product} {ergonomic}
    uintx ProfiledCodeHeapSize                     = 122916538                              {pd product} {ergonomic}
    uintx ReservedCodeCacheSize                    = 251658240                              {pd product} {ergonomic}
     bool SegmentedCodeCache                       = true                                      {product} {ergonomic}
     bool UseCompressedClassPointers               = true                                 {lp64_product} {ergonomic}
     bool UseCompressedOops                        = true                                 {lp64_product} {ergonomic}
     bool UseSerialGC                              = true                                      {product} {ergonomic}

Logging:
Log output configuration:
 #0: stdout all=warning uptime,level,tags
 #1: stderr all=off uptime,level,tags

Environment Variables:
PATH=/home/yiyun/.local/bin:/usr/local/sbin:/usr/local/bin:/usr/sbin:/usr/bin:/sbin:/bin:/usr/games:/usr/local/games:/snap/bin
USERNAME=yiyun
SHELL=/bin/bash
DISPLAY=:0

Signal Handlers:
SIGSEGV: [libjvm.so+0xdf8d00], sa_mask[0]=11111111011111111101111111111110, sa_flags=SA_RESTART|SA_SIGINFO
SIGBUS: [libjvm.so+0xdf8d00], sa_mask[0]=11111111011111111101111111111110, sa_flags=SA_RESTART|SA_SIGINFO
SIGFPE: [libjvm.so+0xdf8d00], sa_mask[0]=11111111011111111101111111111110, sa_flags=SA_RESTART|SA_SIGINFO
SIGPIPE: [libjvm.so+0xbcbc30], sa_mask[0]=11111111011111111101111111111110, sa_flags=SA_RESTART|SA_SIGINFO
SIGXFSZ: [libjvm.so+0xbcbc30], sa_mask[0]=11111111011111111101111111111110, sa_flags=SA_RESTART|SA_SIGINFO
SIGILL: [libjvm.so+0xdf8d00], sa_mask[0]=11111111011111111101111111111110, sa_flags=SA_RESTART|SA_SIGINFO
SIGUSR2: [libjvm.so+0xbcbad0], sa_mask[0]=00000000000000000000000000000000, sa_flags=SA_RESTART|SA_SIGINFO
SIGHUP: [libjvm.so+0xbcbe30], sa_mask[0]=11111111011111111101111111111110, sa_flags=SA_RESTART|SA_SIGINFO
SIGINT: [libjvm.so+0xbcbe30], sa_mask[0]=11111111011111111101111111111110, sa_flags=SA_RESTART|SA_SIGINFO
SIGTERM: [libjvm.so+0xbcbe30], sa_mask[0]=11111111011111111101111111111110, sa_flags=SA_RESTART|SA_SIGINFO
SIGQUIT: [libjvm.so+0xbcbe30], sa_mask[0]=11111111011111111101111111111110, sa_flags=SA_RESTART|SA_SIGINFO


---------------  S Y S T E M  ---------------

OS:DISTRIB_ID=Ubuntu
DISTRIB_RELEASE=18.04
DISTRIB_CODENAME=bionic
DISTRIB_DESCRIPTION="Ubuntu 18.04.3 LTS"
uname:Linux 5.0.0-36-generic #39~18.04.1-Ubuntu SMP Tue Nov 12 11:09:50 UTC 2019 x86_64
OS uptime: 0 days 21:45 hours
libc:glibc 2.27 NPTL 2.27 
rlimit: STACK 8192k, CORE 0k, NPROC 7775, NOFILE 4096, AS infinity, CPU infinity, DATA infinity, FSIZE infinity
load average:1.00 1.12 0.85

/proc/meminfo:
MemTotal:        2038764 kB
MemFree:           90448 kB
MemAvailable:     402328 kB
Buffers:          139300 kB
Cached:           324028 kB
SwapCached:        47644 kB
Active:          1213312 kB
Inactive:         475140 kB
Active(anon):     960412 kB
Inactive(anon):   321884 kB
Active(file):     252900 kB
Inactive(file):   153256 kB
Unevictable:          16 kB
Mlocked:              16 kB
SwapTotal:        969960 kB
SwapFree:         469608 kB
Dirty:                44 kB
Writeback:             0 kB
AnonPages:       1223928 kB
Mapped:           201340 kB
Shmem:             62300 kB
KReclaimable:      74636 kB
Slab:             115808 kB
SReclaimable:      74636 kB
SUnreclaim:        41172 kB
KernelStack:       10608 kB
PageTables:        53924 kB
NFS_Unstable:          0 kB
Bounce:                0 kB
WritebackTmp:          0 kB
CommitLimit:     1989340 kB
Committed_AS:    6721720 kB
VmallocTotal:   34359738367 kB
VmallocUsed:           0 kB
VmallocChunk:          0 kB
Percpu:              304 kB
HardwareCorrupted:     0 kB
AnonHugePages:         0 kB
ShmemHugePages:        0 kB
ShmemPmdMapped:        0 kB
CmaTotal:              0 kB
CmaFree:               0 kB
HugePages_Total:       0
HugePages_Free:        0
HugePages_Rsvd:        0
HugePages_Surp:        0
Hugepagesize:       2048 kB
Hugetlb:               0 kB
DirectMap4k:      155584 kB
DirectMap2M:     1941504 kB


/proc/sys/kernel/threads-max (system-wide limit on the number of threads):
15550


/proc/sys/vm/max_map_count (maximum number of memory map areas a process may have):
65530


/proc/sys/kernel/pid_max (system-wide limit on number of process identifiers):
32768



container (cgroup) information:
container_type: cgroupv1
cpu_cpuset_cpus: 0
cpu_memory_nodes: 0
active_processor_count: 1
cpu_quota: -1
cpu_period: 100000
cpu_shares: -1
memory_limit_in_bytes: -1
memory_and_swap_limit_in_bytes: -2
memory_soft_limit_in_bytes: -1
memory_usage_in_bytes: 1728598016
memory_max_usage_in_bytes: 40153088

KVM virtualization detected
Steal ticks since vm start: 0
Steal ticks percentage since vm start:  0.000

CPU:total 1 (initial active 1) (1 cores per cpu, 1 threads per core) family 6 model 142 stepping 11, cmov, cx8, fxsr, mmx, sse, sse2, sse3, ssse3, sse4.1, sse4.2, popcnt, avx, avx2, aes, clmul, 3dnowpref, lzcnt, tsc, tscinvbit
CPU Model and flags from /proc/cpuinfo:
model name	: Intel(R) Core(TM) i5-8265U CPU @ 1.60GHz
flags		: fpu vme de pse tsc msr pae mce cx8 apic sep mtrr pge mca cmov pat pse36 clflush mmx fxsr sse sse2 ht syscall nx rdtscp lm constant_tsc rep_good nopl xtopology nonstop_tsc cpuid tsc_known_freq pni pclmulqdq monitor ssse3 cx16 pcid sse4_1 sse4_2 x2apic movbe popcnt aes xsave avx rdrand hypervisor lahf_lm abm 3dnowprefetch invpcid_single fsgsbase avx2 invpcid rdseed clflushopt flush_l1d arch_capabilities

Memory: 4k page, physical 2038764k(90448k free), swap 969960k(469608k free)

vm_info: OpenJDK 64-Bit Server VM (11.0.7+10-post-Ubuntu-2ubuntu218.04) for linux-amd64 JRE (11.0.7+10-post-Ubuntu-2ubuntu218.04), built on Apr 15 2020 21:12:54 by "unknown" with gcc 7.5.0

END.
