#
# A fatal error has been detected by the Java Runtime Environment:
#
#  SIGSEGV (0xb) at pc=0x00007f9a80f3ac7d, pid=25903, tid=25904
#
# JRE version: OpenJDK Runtime Environment (11.0.7+10) (build 11.0.7+10-post-Ubuntu-2ubuntu218.04)
# Java VM: OpenJDK 64-Bit Server VM (11.0.7+10-post-Ubuntu-2ubuntu218.04, mixed mode, sharing, tiered, compressed oops, serial gc, linux-amd64)
# Problematic frame:
# V  [libjvm.so+0x847c7d]
#
# Core dump will be written. Default location: Core dumps may be processed with "/usr/share/apport/apport %p %s %c %d %P %E" (or dumping to /home/yiyun/Compiler_Jasmin/Compiler_StudentID_HW3/core.25903)
#
# If you would like to submit a bug report, please visit:
#   https://bugs.launchpad.net/ubuntu/+source/openjdk-lts
#

---------------  S U M M A R Y ------------

Command Line: -Xverify:none Main

Host: Intel(R) Core(TM) i5-8265U CPU @ 1.60GHz, 1 cores, 1G, Ubuntu 18.04.3 LTS
Time: Mon May 25 22:01:09 2020 CST elapsed time: 1 seconds (0d 0h 0m 1s)

---------------  T H R E A D  ---------------

Current thread (0x00007f9a78015800):  JavaThread "main" [_thread_in_vm, id=25904, stack(0x00007f9a8286c000,0x00007f9a8296d000)]

Stack: [0x00007f9a8286c000,0x00007f9a8296d000],  sp=0x00007f9a60929099,  free space=18014398508925684k
Native frames: (J=compiled Java code, A=aot compiled Java code, j=interpreted, Vv=VM code, C=native code)
V  [libjvm.so+0x847c7d]

Java frames: (J=compiled Java code, j=interpreted, Vv=VM code)
j  Main.main([Ljava/lang/String;)V+29
v  ~StubRoutines::call_stub

siginfo: si_signo: 11 (SIGSEGV), si_code: 128 (SI_KERNEL), si_addr: 0x0000000000000000

Register to memory mapping:

RAX=
[timeout occurred during error reporting in step "printing register info"] after 30 s.
Registers:
RAX=0x00007f9a60929139, RBX=0x00007f9a78015800, RCX=0x0000000000000007, RDX=0x0000000000000000
RSP=0x00007f9a60929099, RBP=0x00007f9a60929229, RSI=0x00007f9a6091a047, RDI=0x00007f9a60915490
R8 =0x00007f9a6090d000, R9 =0x0000000000000000, R10=0x0000000000000000, R11=0x00007f9a8159bf54
R12=0x00000000e0eec928, R13=0x00007f9a7e43122d, R14=0x00007f9a00000003, R15=0x00007f9a78015800
RIP=0x00007f9a80f3ac7d, EFLAGS=0x0000000000010246, CSGSFS=0x002b000000000033, ERR=0x0000000000000000
  TRAPNO=0x000000000000000d

Top of Stack: (sp=0x00007f9a60929099)
0x00007f9a60929098:   0000032097894d00 007f9a78015b2049
0x00007f9a609290a8:   00033097894d0000 0000000000ba4900
0x00007f9a609290b8:   032897894d000000 7f814977f8c50000
0x00007f9a609290c8:   05840f0000000008 fffe46a8e9000000
0x00007f9a609290d8:   c8758b4cc06d8b4c 

Instructions: (pc=0x00007f9a80f3ac7d)
0x00007f9a80f3ab7d:   89 ff 48 8b 88 68 03 00 00 e8 35 31 ec ff 4c 89
0x00007f9a80f3ab8d:   ef e8 5d 84 39 00 49 83 3e 00 4c 8b 95 58 ff ff
0x00007f9a80f3ab9d:   ff 74 1e 48 8b b5 50 ff ff ff 4c 89 d7 e8 c1 b5
0x00007f9a80f3abad:   b8 ff 4c 89 f7 e8 09 a6 b8 ff 4c 8b 95 58 ff ff
0x00007f9a80f3abbd:   ff 48 8b 85 68 ff ff ff 4d 89 72 10 49 89 42 18
0x00007f9a80f3abcd:   48 8b 85 60 ff ff ff 49 89 42 20 e9 61 fd ff ff
0x00007f9a80f3abdd:   0f 1f 00 4c 89 ff e8 98 df 44 00 e9 a4 fe ff ff
0x00007f9a80f3abed:   90 66 90 55 48 8d 87 20 03 00 00 48 89 e5 41 57
0x00007f9a80f3abfd:   41 56 41 55 41 54 49 89 f4 53 48 89 fe 48 89 fb
0x00007f9a80f3ac0d:   48 81 ec 68 01 00 00 c7 87 b8 03 00 00 06 00 00
0x00007f9a80f3ac1d:   00 48 89 c7 48 89 85 78 fe ff ff 48 c7 85 e8 fe
0x00007f9a80f3ac2d:   ff ff 00 00 00 00 48 c7 85 e0 fe ff ff 00 00 00
0x00007f9a80f3ac3d:   00 48 c7 85 08 ff ff ff 00 00 00 00 48 c7 85 00
0x00007f9a80f3ac4d:   ff ff ff 00 00 00 00 48 c7 85 f0 fe ff ff 00 00
0x00007f9a80f3ac5d:   00 00 c7 85 f8 fe ff ff 02 00 00 00 e8 62 fb ec
0x00007f9a80f3ac6d:   ff 48 8d bd 10 ff ff ff 48 89 de e8 63 f0 54 00
0x00007f9a80f3ac7d:   66 0f 6f 85 10 ff ff ff 48 8d bd b0 fe ff ff 4c
0x00007f9a80f3ac8d:   89 e2 48 89 de 0f 29 85 e0 fe ff ff 66 0f 6f 85
0x00007f9a80f3ac9d:   20 ff ff ff 0f 29 85 f0 fe ff ff 66 0f 6f 85 30
0x00007f9a80f3acad:   ff ff ff 0f 29 85 00 ff ff ff e8 94 63 b8 ff 48
0x00007f9a80f3acbd:   8d 85 e0 fe ff ff 48 89 c7 48 89 85 a0 fe ff ff
0x00007f9a80f3accd:   e8 1e c2 ec ff 48 89 85 a8 fe ff ff 48 85 c0 49
0x00007f9a80f3acdd:   89 c5 f3 0f 7e 85 a8 fe ff ff 48 89 9d a8 fe ff
0x00007f9a80f3aced:   ff 0f 16 85 a8 fe ff ff 0f 29 85 c0 fe ff ff 74
0x00007f9a80f3acfd:   29 4c 8b b3 80 02 00 00 49 63 16 41 3b 56 04 0f
0x00007f9a80f3ad0d:   84 de 06 00 00 49 8b 46 18 8d 4a 01 41 89 0e 4c
0x00007f9a80f3ad1d:   89 2c d0 4c 8b ad c0 fe ff ff 49 8b 45 08 4c 8b
0x00007f9a80f3ad2d:   70 08 48 89 9d d8 fe ff ff 4d 85 f6 4c 89 b5 d0
0x00007f9a80f3ad3d:   fe ff ff 74 24 4c 8b ab 80 02 00 00 49 63 55 00
0x00007f9a80f3ad4d:   41 3b 55 04 0f 84 39 07 00 00 49 8b 45 18 8d 4a
0x00007f9a80f3ad5d:   01 41 89 4d 00 4c 89 34 d0 48 8b bd a0 fe ff ff
0x00007f9a80f3ad6d:   e8 ae c1 ec ff 41 89 c5 8b 83 50 04 00 00 85 c0 




---------------  P R O C E S S  ---------------

Threads class SMR info:
_java_thread_list=0x00007f9a780adf50, length=9, elements={
0x00007f9a78015800, 0x00007f9a78051000, 0x00007f9a78053000, 0x00007f9a7805a000,
0x00007f9a7805c800, 0x00007f9a7805e800, 0x00007f9a78060800, 0x00007f9a780a3800,
0x00007f9a780ac800
}

Java Threads: ( => current thread )
=>0x00007f9a78015800 JavaThread "main" [_thread_in_vm, id=25904, stack(0x00007f9a8286c000,0x00007f9a8296d000)]
  0x00007f9a78051000 JavaThread "Reference Handler" daemon [_thread_blocked, id=25906, stack(0x00007f9a7dd2a000,0x00007f9a7de2b000)]
  0x00007f9a78053000 JavaThread "Finalizer" daemon [_thread_blocked, id=25907, stack(0x00007f9a7dc29000,0x00007f9a7dd2a000)]
  0x00007f9a7805a000 JavaThread "Signal Dispatcher" daemon [_thread_blocked, id=25908, stack(0x00007f9a7d111000,0x00007f9a7d212000)]
  0x00007f9a7805c800 JavaThread "C2 CompilerThread0" daemon [_thread_blocked, id=25909, stack(0x00007f9a7d010000,0x00007f9a7d111000)]
  0x00007f9a7805e800 JavaThread "C1 CompilerThread0" daemon [_thread_blocked, id=25910, stack(0x00007f9a7cf0f000,0x00007f9a7d010000)]
  0x00007f9a78060800 JavaThread "Sweeper thread" daemon [_thread_blocked, id=25911, stack(0x00007f9a7ce0e000,0x00007f9a7cf0f000)]
  0x00007f9a780a3800 JavaThread "Service Thread" daemon [_thread_blocked, id=25912, stack(0x00007f9a7cd0d000,0x00007f9a7ce0e000)]
  0x00007f9a780ac800 JavaThread "Common-Cleaner" daemon [_thread_blocked, id=25914, stack(0x00007f9a7cb0a000,0x00007f9a7cc0b000)]

Other Threads:
  0x00007f9a7804e000 VMThread "VM Thread" [stack: 0x00007f9a7de2d000,0x00007f9a7df2d000] [id=25905]
  0x00007f9a780a5800 WatcherThread [stack: 0x00007f9a7cc0d000,0x00007f9a7cd0d000] [id=25913]

Threads with active compile tasks:

VM state:synchronizing (normal execution)

VM Mutex/Monitor currently owned by a thread:  ([mutex/lock_event])
[0x00007f9a780118d0] Threads_lock - owner thread: 0x00007f9a7804e000

Heap address: 0x00000000e0e00000, size: 498 MB, Compressed Oops mode: 32-bit
Narrow klass base: 0x0000000800000000, Narrow klass shift: 3
Compressed class space size: 1073741824 Address: 0x0000000840000000

Heap:
 def new generation   total 9792K, used 1044K [0x00000000e0e00000, 0x00000000e18a0000, 0x00000000eb400000)
  eden space 8704K,  12% used [0x00000000e0e00000, 0x00000000e0f05310, 0x00000000e1680000)
  from space 1088K,   0% used [0x00000000e1680000, 0x00000000e1680000, 0x00000000e1790000)
  to   space 1088K,   0% used [0x00000000e1790000, 0x00000000e1790000, 0x00000000e18a0000)
 tenured generation   total 21888K, used 0K [0x00000000eb400000, 0x00000000ec960000, 0x0000000100000000)
   the space 21888K,   0% used [0x00000000eb400000, 0x00000000eb400000, 0x00000000eb400200, 0x00000000ec960000)
 Metaspace       used 173K, capacity 4486K, committed 4864K, reserved 1056768K
  class space    used 5K, capacity 386K, committed 512K, reserved 1048576K

Card table byte_map: [0x00007f9a7e852000,0x00007f9a7e94c000] _byte_map_base: 0x00007f9a7e14b000

Polling page: 0x00007f9a82981000

Metaspace:

Usage:
  Non-class:      4.00 MB capacity,   167.88 KB (  4%) used,     3.84 MB ( 96%) free+waste,   128 bytes ( <1%) overhead. 
      Class:    386.00 KB capacity,     5.67 KB (  1%) used,   380.20 KB ( 98%) free+waste,   128 bytes ( <1%) overhead. 
       Both:      4.38 MB capacity,   173.55 KB (  4%) used,     4.21 MB ( 96%) free+waste,   256 bytes ( <1%) overhead. 

Virtual space:
  Non-class space:        8.00 MB reserved,       4.25 MB ( 53%) committed 
      Class space:        1.00 GB reserved,     512.00 KB ( <1%) committed 
             Both:        1.01 GB reserved,       4.75 MB ( <1%) committed 

Chunk freelists:
   Non-Class:  0 bytes
       Class:  0 bytes
        Both:  0 bytes

MaxMetaspaceSize: unlimited
CompressedClassSpaceSize: 1.00 GB

CodeHeap 'non-profiled nmethods': size=120036Kb used=18Kb max_used=18Kb free=120017Kb
 bounds [0x00007f9a683d4000, 0x00007f9a68644000, 0x00007f9a6f90d000]
CodeHeap 'profiled nmethods': size=120032Kb used=99Kb max_used=99Kb free=119932Kb
 bounds [0x00007f9a60e9c000, 0x00007f9a6110c000, 0x00007f9a683d4000]
CodeHeap 'non-nmethods': size=5692Kb used=987Kb max_used=998Kb free=4704Kb
 bounds [0x00007f9a6090d000, 0x00007f9a60b7d000, 0x00007f9a60e9c000]
 total_blobs=368 nmethods=73 adapters=155
 compilation: enabled
              stopped_count=0, restarted_count=0
 full_count=0

Compilation events (20 events):
Event: 1.351 Thread 0x00007f9a7805e800 nmethod 66 0x00007f9a60eb1310 code [0x00007f9a60eb15c0, 0x00007f9a60eb2968]
Event: 1.351 Thread 0x00007f9a7805e800   64       3       java.util.HashMap::putIfAbsent (13 bytes)
Event: 1.352 Thread 0x00007f9a7805e800 nmethod 64 0x00007f9a60eb2d90 code [0x00007f9a60eb2f60, 0x00007f9a60eb32d8]
Event: 1.352 Thread 0x00007f9a7805e800   70       3       java.util.ImmutableCollections$MapN::get (35 bytes)
Event: 1.353 Thread 0x00007f9a7805e800 nmethod 70 0x00007f9a60eb3410 code [0x00007f9a60eb3600, 0x00007f9a60eb39f8]
Event: 1.353 Thread 0x00007f9a7805e800   68       3       java.util.ImmutableCollections$Set12::size (13 bytes)
Event: 1.353 Thread 0x00007f9a7805e800 nmethod 68 0x00007f9a60eb3b90 code [0x00007f9a60eb3d40, 0x00007f9a60eb3f30]
Event: 1.353 Thread 0x00007f9a7805e800   69       1       java.lang.Module::getDescriptor (5 bytes)
Event: 1.354 Thread 0x00007f9a7805e800 nmethod 69 0x00007f9a683d7d10 code [0x00007f9a683d7ec0, 0x00007f9a683d7ff0]
Event: 1.361 Thread 0x00007f9a7805c800 nmethod 59 0x00007f9a683d8090 code [0x00007f9a683d8220, 0x00007f9a683d8438]
Event: 1.361 Thread 0x00007f9a7805c800   61       4       java.util.ImmutableCollections$SetN$SetNIterator::hasNext (13 bytes)
Event: 1.367 Thread 0x00007f9a7805c800 nmethod 61 0x00007f9a683d8590 code [0x00007f9a683d8720, 0x00007f9a683d8798]
Event: 1.367 Thread 0x00007f9a7805c800   67       4       java.util.HashMap::afterNodeInsertion (1 bytes)
Event: 1.369 Thread 0x00007f9a7805e800   71       3       java.lang.String::hashCode (49 bytes)
Event: 1.370 Thread 0x00007f9a7805e800 nmethod 71 0x00007f9a60eb3f90 code [0x00007f9a60eb4180, 0x00007f9a60eb44f8]
Event: 1.370 Thread 0x00007f9a7805c800 nmethod 67 0x00007f9a683d8810 code [0x00007f9a683d89a0, 0x00007f9a683d8a18]
Event: 1.373 Thread 0x00007f9a7805e800   72       3       java.lang.StringLatin1::canEncode (13 bytes)
Event: 1.373 Thread 0x00007f9a7805e800 nmethod 72 0x00007f9a60eb4610 code [0x00007f9a60eb47c0, 0x00007f9a60eb4950]
Event: 1.469 Thread 0x00007f9a7805e800   73       3       java.lang.CharacterDataLatin1::getProperties (11 bytes)
Event: 1.469 Thread 0x00007f9a7805e800 nmethod 73 0x00007f9a60eb4a10 code [0x00007f9a60eb4bc0, 0x00007f9a60eb4d70]

GC Heap History (0 events):
No events

Deoptimization events (4 events):
Event: 1.367 Thread 0x00007f9a78015800 Uncommon trap: trap_request=0xffffff4d fr.pc=0x00007f9a683d83e0 relative=0x00000000000001c0
Event: 1.367 Thread 0x00007f9a78015800 Uncommon trap: reason=unstable_if action=reinterpret pc=0x00007f9a683d83e0 method=java.lang.String.hashCode()I @ 14 c2
Event: 1.367 Thread 0x00007f9a78015800 DEOPT PACKING pc=0x00007f9a683d83e0 sp=0x00007f9a8296a1b0
Event: 1.367 Thread 0x00007f9a78015800 DEOPT UNPACKING pc=0x00007f9a60935325 sp=0x00007f9a8296a168 mode 2

Classes redefined (0 events):
No events

Internal exceptions (1 events):
Event: 1.484 Thread 0x00007f9a78015800 Exception <a 'java/lang/IllegalMonitorStateException'{0x00000000e0eec928}> (0x00000000e0eec928) thrown at [./src/hotspot/share/interpreter/interpreterRuntime.cpp, line 810]

Events (20 events):
Event: 0.413 Thread 0x00007f9a7805e800 Thread added: 0x00007f9a7805e800
Event: 0.413 Protecting memory [0x00007f9a7cf0f000,0x00007f9a7cf13000] with protection modes 0
Event: 0.419 Thread 0x00007f9a78060800 Thread added: 0x00007f9a78060800
Event: 0.426 Protecting memory [0x00007f9a7ce0e000,0x00007f9a7ce12000] with protection modes 0
Event: 1.358 Thread 0x00007f9a780a3800 Thread added: 0x00007f9a780a3800
Event: 1.358 Executing VM operation: EnableBiasedLocking
Event: 1.360 Protecting memory [0x00007f9a7cd0d000,0x00007f9a7cd11000] with protection modes 0
Event: 1.360 Executing VM operation: EnableBiasedLocking done
Event: 1.360 loading class jdk/internal/vm/PostVMInitHook
Event: 1.360 loading class jdk/internal/vm/PostVMInitHook done
Event: 1.365 loading class Main
Event: 1.365 loading class Main done
Event: 1.372 loading class jdk/internal/loader/URLClassPath$FileLoader
Event: 1.372 loading class jdk/internal/loader/URLClassPath$FileLoader done
Event: 1.375 loading class jdk/internal/loader/URLClassPath$FileLoader$1
Event: 1.375 loading class jdk/internal/loader/URLClassPath$FileLoader$1 done
Event: 1.468 Thread 0x00007f9a780ac800 Thread added: 0x00007f9a780ac800
Event: 1.476 Protecting memory [0x00007f9a7cb0a000,0x00007f9a7cb0e000] with protection modes 0
Event: 1.477 Executing VM operation: RevokeBias
Event: 1.477 Executing VM operation: RevokeBias done


Dynamic libraries:
e0e00000-e18a0000 rw-p 00000000 00:00 0 
e18a0000-eb400000 ---p 00000000 00:00 0 
eb400000-ec960000 rw-p 00000000 00:00 0 
ec960000-100000000 ---p 00000000 00:00 0 
800000000-800002000 rwxp 00001000 08:01 551457                           /usr/lib/jvm/java-11-openjdk-amd64/lib/server/classes.jsa
800002000-8003b8000 rw-p 00003000 08:01 551457                           /usr/lib/jvm/java-11-openjdk-amd64/lib/server/classes.jsa
8003b8000-800a7f000 r--p 003b9000 08:01 551457                           /usr/lib/jvm/java-11-openjdk-amd64/lib/server/classes.jsa
800a7f000-800a80000 rw-p 00a80000 08:01 551457                           /usr/lib/jvm/java-11-openjdk-amd64/lib/server/classes.jsa
800a80000-80108c000 r--p 00a81000 08:01 551457                           /usr/lib/jvm/java-11-openjdk-amd64/lib/server/classes.jsa
840000000-840080000 rw-p 00000000 00:00 0 
840080000-880000000 ---p 00000000 00:00 0 
558fe517e000-558fe517f000 r-xp 00000000 08:01 551084                     /usr/lib/jvm/java-11-openjdk-amd64/bin/java
558fe537f000-558fe5380000 r--p 00001000 08:01 551084                     /usr/lib/jvm/java-11-openjdk-amd64/bin/java
558fe5380000-558fe5381000 rw-p 00002000 08:01 551084                     /usr/lib/jvm/java-11-openjdk-amd64/bin/java
558fe5b0e000-558fe5b2f000 rw-p 00000000 00:00 0                          [heap]
7f9a44000000-7f9a44097000 rw-p 00000000 00:00 0 
7f9a44097000-7f9a48000000 ---p 00000000 00:00 0 
7f9a48000000-7f9a48021000 rw-p 00000000 00:00 0 
7f9a48021000-7f9a4c000000 ---p 00000000 00:00 0 
7f9a4c000000-7f9a4c021000 rw-p 00000000 00:00 0 
7f9a4c021000-7f9a50000000 ---p 00000000 00:00 0 
7f9a50000000-7f9a50066000 rw-p 00000000 00:00 0 
7f9a50066000-7f9a54000000 ---p 00000000 00:00 0 
7f9a54000000-7f9a54021000 rw-p 00000000 00:00 0 
7f9a54021000-7f9a58000000 ---p 00000000 00:00 0 
7f9a58000000-7f9a58021000 rw-p 00000000 00:00 0 
7f9a58021000-7f9a5c000000 ---p 00000000 00:00 0 
7f9a5c000000-7f9a5c021000 rw-p 00000000 00:00 0 
7f9a5c021000-7f9a60000000 ---p 00000000 00:00 0 
7f9a6090d000-7f9a60b7d000 rwxp 00000000 00:00 0 
7f9a60b7d000-7f9a60e9c000 ---p 00000000 00:00 0 
7f9a60e9c000-7f9a6110c000 rwxp 00000000 00:00 0 
7f9a6110c000-7f9a683d4000 ---p 00000000 00:00 0 
7f9a683d4000-7f9a68644000 rwxp 00000000 00:00 0 
7f9a68644000-7f9a6f90d000 ---p 00000000 00:00 0 
7f9a6f90d000-7f9a78000000 r--s 00000000 08:01 551289                     /usr/lib/jvm/java-11-openjdk-amd64/lib/modules
7f9a78000000-7f9a780b9000 rw-p 00000000 00:00 0 
7f9a780b9000-7f9a7c000000 ---p 00000000 00:00 0 
7f9a7cb0a000-7f9a7cb0e000 ---p 00000000 00:00 0 
7f9a7cb0e000-7f9a7cc0b000 rw-p 00000000 00:00 0 
7f9a7cc0b000-7f9a7cc0c000 ---p 00000000 00:00 0 
7f9a7cc0c000-7f9a7cd0d000 rw-p 00000000 00:00 0 
7f9a7cd0d000-7f9a7cd11000 ---p 00000000 00:00 0 
7f9a7cd11000-7f9a7ce0e000 rw-p 00000000 00:00 0 
7f9a7ce0e000-7f9a7ce12000 ---p 00000000 00:00 0 
7f9a7ce12000-7f9a7cf0f000 rw-p 00000000 00:00 0 
7f9a7cf0f000-7f9a7cf13000 ---p 00000000 00:00 0 
7f9a7cf13000-7f9a7d010000 rw-p 00000000 00:00 0 
7f9a7d010000-7f9a7d014000 ---p 00000000 00:00 0 
7f9a7d014000-7f9a7d111000 rw-p 00000000 00:00 0 
7f9a7d111000-7f9a7d115000 ---p 00000000 00:00 0 
7f9a7d115000-7f9a7d212000 rw-p 00000000 00:00 0 
7f9a7d212000-7f9a7dc29000 r--p 00000000 08:01 660771                     /usr/lib/locale/locale-archive
7f9a7dc29000-7f9a7dc2d000 ---p 00000000 00:00 0 
7f9a7dc2d000-7f9a7dd2a000 rw-p 00000000 00:00 0 
7f9a7dd2a000-7f9a7dd2e000 ---p 00000000 00:00 0 
7f9a7dd2e000-7f9a7de2b000 rw-p 00000000 00:00 0 
7f9a7de2b000-7f9a7de2c000 ---p 00000000 00:00 0 
7f9a7de2c000-7f9a7e471000 rw-p 00000000 00:00 0 
7f9a7e471000-7f9a7e831000 ---p 00000000 00:00 0 
7f9a7e831000-7f9a7e858000 rw-p 00000000 00:00 0 
7f9a7e858000-7f9a7e8a5000 ---p 00000000 00:00 0 
7f9a7e8a5000-7f9a7e8b0000 rw-p 00000000 00:00 0 
7f9a7e8b0000-7f9a7e94b000 ---p 00000000 00:00 0 
7f9a7e94b000-7f9a7e951000 rw-p 00000000 00:00 0 
7f9a7e951000-7f9a7ea37000 ---p 00000000 00:00 0 
7f9a7ea37000-7f9a7ea3c000 rw-p 00000000 00:00 0 
7f9a7ea3c000-7f9a7eb22000 ---p 00000000 00:00 0 
7f9a7eb22000-7f9a7eb27000 r-xp 00000000 08:01 551271                     /usr/lib/jvm/java-11-openjdk-amd64/lib/libjimage.so
7f9a7eb27000-7f9a7ed26000 ---p 00005000 08:01 551271                     /usr/lib/jvm/java-11-openjdk-amd64/lib/libjimage.so
7f9a7ed26000-7f9a7ed27000 r--p 00004000 08:01 551271                     /usr/lib/jvm/java-11-openjdk-amd64/lib/libjimage.so
7f9a7ed27000-7f9a7ed28000 rw-p 00005000 08:01 551271                     /usr/lib/jvm/java-11-openjdk-amd64/lib/libjimage.so
7f9a7ed28000-7f9a7ed2f000 r-xp 00000000 08:01 551288                     /usr/lib/jvm/java-11-openjdk-amd64/lib/libzip.so
7f9a7ed2f000-7f9a7ef2e000 ---p 00007000 08:01 551288                     /usr/lib/jvm/java-11-openjdk-amd64/lib/libzip.so
7f9a7ef2e000-7f9a7ef2f000 r--p 00006000 08:01 551288                     /usr/lib/jvm/java-11-openjdk-amd64/lib/libzip.so
7f9a7ef2f000-7f9a7ef30000 rw-p 00007000 08:01 551288                     /usr/lib/jvm/java-11-openjdk-amd64/lib/libzip.so
7f9a7ef30000-7f9a7ef3b000 r-xp 00000000 08:01 399660                     /lib/x86_64-linux-gnu/libnss_files-2.27.so
7f9a7ef3b000-7f9a7f13a000 ---p 0000b000 08:01 399660                     /lib/x86_64-linux-gnu/libnss_files-2.27.so
7f9a7f13a000-7f9a7f13b000 r--p 0000a000 08:01 399660                     /lib/x86_64-linux-gnu/libnss_files-2.27.so
7f9a7f13b000-7f9a7f13c000 rw-p 0000b000 08:01 399660                     /lib/x86_64-linux-gnu/libnss_files-2.27.so
7f9a7f13c000-7f9a7f142000 rw-p 00000000 00:00 0 
7f9a7f142000-7f9a7f159000 r-xp 00000000 08:01 399654                     /lib/x86_64-linux-gnu/libnsl-2.27.so
7f9a7f159000-7f9a7f358000 ---p 00017000 08:01 399654                     /lib/x86_64-linux-gnu/libnsl-2.27.so
7f9a7f358000-7f9a7f359000 r--p 00016000 08:01 399654                     /lib/x86_64-linux-gnu/libnsl-2.27.so
7f9a7f359000-7f9a7f35a000 rw-p 00017000 08:01 399654                     /lib/x86_64-linux-gnu/libnsl-2.27.so
7f9a7f35a000-7f9a7f35c000 rw-p 00000000 00:00 0 
7f9a7f35c000-7f9a7f367000 r-xp 00000000 08:01 399671                     /lib/x86_64-linux-gnu/libnss_nis-2.27.so
7f9a7f367000-7f9a7f566000 ---p 0000b000 08:01 399671                     /lib/x86_64-linux-gnu/libnss_nis-2.27.so
7f9a7f566000-7f9a7f567000 r--p 0000a000 08:01 399671                     /lib/x86_64-linux-gnu/libnss_nis-2.27.so
7f9a7f567000-7f9a7f568000 rw-p 0000b000 08:01 399671                     /lib/x86_64-linux-gnu/libnss_nis-2.27.so
7f9a7f568000-7f9a7f570000 r-xp 00000000 08:01 399656                     /lib/x86_64-linux-gnu/libnss_compat-2.27.so
7f9a7f570000-7f9a7f770000 ---p 00008000 08:01 399656                     /lib/x86_64-linux-gnu/libnss_compat-2.27.so
7f9a7f770000-7f9a7f771000 r--p 00008000 08:01 399656                     /lib/x86_64-linux-gnu/libnss_compat-2.27.so
7f9a7f771000-7f9a7f772000 rw-p 00009000 08:01 399656                     /lib/x86_64-linux-gnu/libnss_compat-2.27.so
7f9a7f772000-7f9a7f79b000 r-xp 00000000 08:01 551267                     /usr/lib/jvm/java-11-openjdk-amd64/lib/libjava.so
7f9a7f79b000-7f9a7f99a000 ---p 00029000 08:01 551267                     /usr/lib/jvm/java-11-openjdk-amd64/lib/libjava.so
7f9a7f99a000-7f9a7f99b000 r--p 00028000 08:01 551267                     /usr/lib/jvm/java-11-openjdk-amd64/lib/libjava.so
7f9a7f99b000-7f9a7f99d000 rw-p 00029000 08:01 551267                     /usr/lib/jvm/java-11-openjdk-amd64/lib/libjava.so
7f9a7f99d000-7f9a7f9aa000 r-xp 00000000 08:01 551287                     /usr/lib/jvm/java-11-openjdk-amd64/lib/libverify.so
7f9a7f9aa000-7f9a7fba9000 ---p 0000d000 08:01 551287                     /usr/lib/jvm/java-11-openjdk-amd64/lib/libverify.so
7f9a7fba9000-7f9a7fbab000 r--p 0000c000 08:01 551287                     /usr/lib/jvm/java-11-openjdk-amd64/lib/libverify.so
7f9a7fbab000-7f9a7fbac000 rw-p 0000e000 08:01 551287                     /usr/lib/jvm/java-11-openjdk-amd64/lib/libverify.so
7f9a7fbac000-7f9a7fbb3000 r-xp 00000000 08:01 399711                     /lib/x86_64-linux-gnu/librt-2.27.so
7f9a7fbb3000-7f9a7fdb2000 ---p 00007000 08:01 399711                     /lib/x86_64-linux-gnu/librt-2.27.so
7f9a7fdb2000-7f9a7fdb3000 r--p 00006000 08:01 399711                     /lib/x86_64-linux-gnu/librt-2.27.so
7f9a7fdb3000-7f9a7fdb4000 rw-p 00007000 08:01 399711                     /lib/x86_64-linux-gnu/librt-2.27.so
7f9a7fdb4000-7f9a7fdcb000 r-xp 00000000 08:01 399607                     /lib/x86_64-linux-gnu/libgcc_s.so.1
7f9a7fdcb000-7f9a7ffca000 ---p 00017000 08:01 399607                     /lib/x86_64-linux-gnu/libgcc_s.so.1
7f9a7ffca000-7f9a7ffcb000 r--p 00016000 08:01 399607                     /lib/x86_64-linux-gnu/libgcc_s.so.1
7f9a7ffcb000-7f9a7ffcc000 rw-p 00017000 08:01 399607                     /lib/x86_64-linux-gnu/libgcc_s.so.1
7f9a7ffcc000-7f9a80169000 r-xp 00000000 08:01 399633                     /lib/x86_64-linux-gnu/libm-2.27.so
7f9a80169000-7f9a80368000 ---p 0019d000 08:01 399633                     /lib/x86_64-linux-gnu/libm-2.27.so
7f9a80368000-7f9a80369000 r--p 0019c000 08:01 399633                     /lib/x86_64-linux-gnu/libm-2.27.so
7f9a80369000-7f9a8036a000 rw-p 0019d000 08:01 399633                     /lib/x86_64-linux-gnu/libm-2.27.so
7f9a8036a000-7f9a804e3000 r-xp 00000000 08:01 665875                     /usr/lib/x86_64-linux-gnu/libstdc++.so.6.0.25
7f9a804e3000-7f9a806e3000 ---p 00179000 08:01 665875                     /usr/lib/x86_64-linux-gnu/libstdc++.so.6.0.25
7f9a806e3000-7f9a806ed000 r--p 00179000 08:01 665875                     /usr/lib/x86_64-linux-gnu/libstdc++.so.6.0.25
7f9a806ed000-7f9a806ef000 rw-p 00183000 08:01 665875                     /usr/lib/x86_64-linux-gnu/libstdc++.so.6.0.25
7f9a806ef000-7f9a806f3000 rw-p 00000000 00:00 0 
7f9a806f3000-7f9a817d0000 r-xp 00000000 08:01 551294                     /usr/lib/jvm/java-11-openjdk-amd64/lib/server/libjvm.so
7f9a817d0000-7f9a819cf000 ---p 010dd000 08:01 551294                     /usr/lib/jvm/java-11-openjdk-amd64/lib/server/libjvm.so
7f9a819cf000-7f9a81a8c000 r--p 010dc000 08:01 551294                     /usr/lib/jvm/java-11-openjdk-amd64/lib/server/libjvm.so
7f9a81a8c000-7f9a81ac6000 rw-p 01199000 08:01 551294                     /usr/lib/jvm/java-11-openjdk-amd64/lib/server/libjvm.so
7f9a81ac6000-7f9a81b1c000 rw-p 00000000 00:00 0 
7f9a81b1c000-7f9a81b36000 r-xp 00000000 08:01 399703                     /lib/x86_64-linux-gnu/libpthread-2.27.so
7f9a81b36000-7f9a81d35000 ---p 0001a000 08:01 399703                     /lib/x86_64-linux-gnu/libpthread-2.27.so
7f9a81d35000-7f9a81d36000 r--p 00019000 08:01 399703                     /lib/x86_64-linux-gnu/libpthread-2.27.so
7f9a81d36000-7f9a81d37000 rw-p 0001a000 08:01 399703                     /lib/x86_64-linux-gnu/libpthread-2.27.so
7f9a81d37000-7f9a81d3b000 rw-p 00000000 00:00 0 
7f9a81d3b000-7f9a81d3e000 r-xp 00000000 08:01 399593                     /lib/x86_64-linux-gnu/libdl-2.27.so
7f9a81d3e000-7f9a81f3d000 ---p 00003000 08:01 399593                     /lib/x86_64-linux-gnu/libdl-2.27.so
7f9a81f3d000-7f9a81f3e000 r--p 00002000 08:01 399593                     /lib/x86_64-linux-gnu/libdl-2.27.so
7f9a81f3e000-7f9a81f3f000 rw-p 00003000 08:01 399593                     /lib/x86_64-linux-gnu/libdl-2.27.so
7f9a81f3f000-7f9a81f5b000 r-xp 00000000 08:01 399742                     /lib/x86_64-linux-gnu/libz.so.1.2.11
7f9a81f5b000-7f9a8215a000 ---p 0001c000 08:01 399742                     /lib/x86_64-linux-gnu/libz.so.1.2.11
7f9a8215a000-7f9a8215b000 r--p 0001b000 08:01 399742                     /lib/x86_64-linux-gnu/libz.so.1.2.11
7f9a8215b000-7f9a8215c000 rw-p 0001c000 08:01 399742                     /lib/x86_64-linux-gnu/libz.so.1.2.11
7f9a8215c000-7f9a82343000 r-xp 00000000 08:01 399570                     /lib/x86_64-linux-gnu/libc-2.27.so
7f9a82343000-7f9a82543000 ---p 001e7000 08:01 399570                     /lib/x86_64-linux-gnu/libc-2.27.so
7f9a82543000-7f9a82547000 r--p 001e7000 08:01 399570                     /lib/x86_64-linux-gnu/libc-2.27.so
7f9a82547000-7f9a82549000 rw-p 001eb000 08:01 399570                     /lib/x86_64-linux-gnu/libc-2.27.so
7f9a82549000-7f9a8254d000 rw-p 00000000 00:00 0 
7f9a8254d000-7f9a8255d000 r-xp 00000000 08:01 551251                     /usr/lib/jvm/java-11-openjdk-amd64/lib/jli/libjli.so
7f9a8255d000-7f9a8275c000 ---p 00010000 08:01 551251                     /usr/lib/jvm/java-11-openjdk-amd64/lib/jli/libjli.so
7f9a8275c000-7f9a8275d000 r--p 0000f000 08:01 551251                     /usr/lib/jvm/java-11-openjdk-amd64/lib/jli/libjli.so
7f9a8275d000-7f9a8275e000 rw-p 00010000 08:01 551251                     /usr/lib/jvm/java-11-openjdk-amd64/lib/jli/libjli.so
7f9a8275e000-7f9a82785000 r-xp 00000000 08:01 399542                     /lib/x86_64-linux-gnu/ld-2.27.so
7f9a82798000-7f9a827c4000 rw-p 00000000 00:00 0 
7f9a827c4000-7f9a82860000 ---p 00000000 00:00 0 
7f9a82860000-7f9a82865000 rw-p 00000000 00:00 0 
7f9a82865000-7f9a8286c000 ---p 00000000 00:00 0 
7f9a8286c000-7f9a82870000 ---p 00000000 00:00 0 
7f9a82870000-7f9a8296f000 rw-p 00000000 00:00 0 
7f9a82977000-7f9a82979000 r--s 00007000 08:01 551452                     /usr/share/java/java-atk-wrapper.jar
7f9a82979000-7f9a82981000 rw-s 00000000 08:01 1049051                    /tmp/hsperfdata_yiyun/25903
7f9a82981000-7f9a82982000 ---p 00000000 00:00 0 
7f9a82982000-7f9a82983000 r--p 00000000 00:00 0 
7f9a82983000-7f9a82985000 rw-p 00000000 00:00 0 
7f9a82985000-7f9a82986000 r--p 00027000 08:01 399542                     /lib/x86_64-linux-gnu/ld-2.27.so
7f9a82986000-7f9a82987000 rw-p 00028000 08:01 399542                     /lib/x86_64-linux-gnu/ld-2.27.so
7f9a82987000-7f9a82988000 rw-p 00000000 00:00 0 
7ffd845cf000-7ffd845f0000 rw-p 00000000 00:00 0                          [stack]
7ffd845f9000-7ffd845fc000 r--p 00000000 00:00 0                          [vvar]
7ffd845fc000-7ffd845fd000 r-xp 00000000 00:00 0                          [vdso]
ffffffffff600000-ffffffffff601000 r-xp 00000000 00:00 0                  [vsyscall]


VM Arguments:
jvm_args: -Xverify:none 
java_command: Main
java_class_path (initial): .
Launcher Type: SUN_STANDARD

[Global flags]
     bool BytecodeVerificationLocal                = false                                     {product} {command line}
     bool BytecodeVerificationRemote               = false                                     {product} {command line}
     intx CICompilerCount                          = 2                                         {product} {ergonomic}
   size_t InitialHeapSize                          = 33554432                                  {product} {ergonomic}
   size_t MaxHeapSize                              = 522190848                                 {product} {ergonomic}
   size_t MaxNewSize                               = 174063616                                 {product} {ergonomic}
   size_t MinHeapDeltaBytes                        = 196608                                    {product} {ergonomic}
   size_t NewSize                                  = 11141120                                  {product} {ergonomic}
    uintx NonNMethodCodeHeapSize                   = 5825164                                {pd product} {ergonomic}
    uintx NonProfiledCodeHeapSize                  = 122916538                              {pd product} {ergonomic}
   size_t OldSize                                  = 22413312                                  {product} {ergonomic}
    uintx ProfiledCodeHeapSize                     = 122916538                              {pd product} {ergonomic}
    uintx ReservedCodeCacheSize                    = 251658240                              {pd product} {ergonomic}
     bool SegmentedCodeCache                       = true                                      {product} {ergonomic}
     bool UseCompressedClassPointers               = true                                 {lp64_product} {ergonomic}
     bool UseCompressedOops                        = true                                 {lp64_product} {ergonomic}
     bool UseSerialGC                              = true                                      {product} {ergonomic}

Logging:
Log output configuration:
 #0: stdout all=warning uptime,level,tags
 #1: stderr all=off uptime,level,tags

Environment Variables:
PATH=/home/yiyun/.local/bin:/usr/local/sbin:/usr/local/bin:/usr/sbin:/usr/bin:/sbin:/bin:/usr/games:/usr/local/games:/snap/bin
USERNAME=yiyun
SHELL=/bin/bash
DISPLAY=:0

Signal Handlers:
SIGSEGV: [libjvm.so+0xdf8d00], sa_mask[0]=11111111011111111101111111111110, sa_flags=SA_RESTART|SA_SIGINFO
SIGBUS: [libjvm.so+0xdf8d00], sa_mask[0]=11111111011111111101111111111110, sa_flags=SA_RESTART|SA_SIGINFO
SIGFPE: [libjvm.so+0xdf8d00], sa_mask[0]=11111111011111111101111111111110, sa_flags=SA_RESTART|SA_SIGINFO
SIGPIPE: [libjvm.so+0xbcbc30], sa_mask[0]=11111111011111111101111111111110, sa_flags=SA_RESTART|SA_SIGINFO
SIGXFSZ: [libjvm.so+0xbcbc30], sa_mask[0]=11111111011111111101111111111110, sa_flags=SA_RESTART|SA_SIGINFO
SIGILL: [libjvm.so+0xdf8d00], sa_mask[0]=11111111011111111101111111111110, sa_flags=SA_RESTART|SA_SIGINFO
SIGUSR2: [libjvm.so+0xbcbad0], sa_mask[0]=00000000000000000000000000000000, sa_flags=SA_RESTART|SA_SIGINFO
SIGHUP: [libjvm.so+0xbcbe30], sa_mask[0]=11111111011111111101111111111110, sa_flags=SA_RESTART|SA_SIGINFO
SIGINT: [libjvm.so+0xbcbe30], sa_mask[0]=11111111011111111101111111111110, sa_flags=SA_RESTART|SA_SIGINFO
SIGTERM: [libjvm.so+0xbcbe30], sa_mask[0]=11111111011111111101111111111110, sa_flags=SA_RESTART|SA_SIGINFO
SIGQUIT: [libjvm.so+0xbcbe30], sa_mask[0]=11111111011111111101111111111110, sa_flags=SA_RESTART|SA_SIGINFO


---------------  S Y S T E M  ---------------

OS:DISTRIB_ID=Ubuntu
DISTRIB_RELEASE=18.04
DISTRIB_CODENAME=bionic
DISTRIB_DESCRIPTION="Ubuntu 18.04.3 LTS"
uname:Linux 5.0.0-36-generic #39~18.04.1-Ubuntu SMP Tue Nov 12 11:09:50 UTC 2019 x86_64
OS uptime: 0 days 14:11 hours
libc:glibc 2.27 NPTL 2.27 
rlimit: STACK 8192k, CORE 0k, NPROC 7775, NOFILE 4096, AS infinity, CPU infinity, DATA infinity, FSIZE infinity
load average:11.88 8.61 4.44

/proc/meminfo:
MemTotal:        2038764 kB
MemFree:           91628 kB
MemAvailable:     507056 kB
Buffers:           48168 kB
Cached:           539544 kB
SwapCached:        49992 kB
Active:          1138584 kB
Inactive:         578068 kB
Active(anon):     889028 kB
Inactive(anon):   304016 kB
Active(file):     249556 kB
Inactive(file):   274052 kB
Unevictable:          16 kB
Mlocked:              16 kB
SwapTotal:        969960 kB
SwapFree:         537064 kB
Dirty:               220 kB
Writeback:             0 kB
AnonPages:       1125804 kB
Mapped:           232332 kB
Shmem:             69220 kB
KReclaimable:      46828 kB
Slab:              87764 kB
SReclaimable:      46828 kB
SUnreclaim:        40936 kB
KernelStack:       10560 kB
PageTables:        52892 kB
NFS_Unstable:          0 kB
Bounce:                0 kB
WritebackTmp:          0 kB
CommitLimit:     1989340 kB
Committed_AS:    6525496 kB
VmallocTotal:   34359738367 kB
VmallocUsed:           0 kB
VmallocChunk:          0 kB
Percpu:              304 kB
HardwareCorrupted:     0 kB
AnonHugePages:         0 kB
ShmemHugePages:        0 kB
ShmemPmdMapped:        0 kB
CmaTotal:              0 kB
CmaFree:               0 kB
HugePages_Total:       0
HugePages_Free:        0
HugePages_Rsvd:        0
HugePages_Surp:        0
Hugepagesize:       2048 kB
Hugetlb:               0 kB
DirectMap4k:      155584 kB
DirectMap2M:     1941504 kB


/proc/sys/kernel/threads-max (system-wide limit on the number of threads):
15550


/proc/sys/vm/max_map_count (maximum number of memory map areas a process may have):
65530


/proc/sys/kernel/pid_max (system-wide limit on number of process identifiers):
32768



container (cgroup) information:
container_type: cgroupv1
cpu_cpuset_cpus: 0
cpu_memory_nodes: 0
active_processor_count: 1
cpu_quota: -1
cpu_period: 100000
cpu_shares: -1
memory_limit_in_bytes: -1
memory_and_swap_limit_in_bytes: -2
memory_soft_limit_in_bytes: -1
memory_usage_in_bytes: 1755623424
memory_max_usage_in_bytes: 30167040

KVM virtualization detected
Steal ticks since vm start: 0
Steal ticks percentage since vm start:  0.000

CPU:total 1 (initial active 1) (1 cores per cpu, 1 threads per core) family 6 model 142 stepping 11, cmov, cx8, fxsr, mmx, sse, sse2, sse3, ssse3, sse4.1, sse4.2, popcnt, avx, avx2, aes, clmul, 3dnowpref, lzcnt, tsc, tscinvbit
CPU Model and flags from /proc/cpuinfo:
model name	: Intel(R) Core(TM) i5-8265U CPU @ 1.60GHz
flags		: fpu vme de pse tsc msr pae mce cx8 apic sep mtrr pge mca cmov pat pse36 clflush mmx fxsr sse sse2 ht syscall nx rdtscp lm constant_tsc rep_good nopl xtopology nonstop_tsc cpuid tsc_known_freq pni pclmulqdq monitor ssse3 cx16 pcid sse4_1 sse4_2 x2apic movbe popcnt aes xsave avx rdrand hypervisor lahf_lm abm 3dnowprefetch invpcid_single fsgsbase avx2 invpcid rdseed clflushopt flush_l1d arch_capabilities

Memory: 4k page, physical 2038764k(91628k free), swap 969960k(537064k free)

vm_info: OpenJDK 64-Bit Server VM (11.0.7+10-post-Ubuntu-2ubuntu218.04) for linux-amd64 JRE (11.0.7+10-post-Ubuntu-2ubuntu218.04), built on Apr 15 2020 21:12:54 by "unknown" with gcc 7.5.0

END.
