#
# A fatal error has been detected by the Java Runtime Environment:
#
#  SIGSEGV (0xb) at pc=0x00007f0f74209104, pid=4524, tid=4525
#
# JRE version: OpenJDK Runtime Environment (11.0.7+10) (build 11.0.7+10-post-Ubuntu-2ubuntu218.04)
# Java VM: OpenJDK 64-Bit Server VM (11.0.7+10-post-Ubuntu-2ubuntu218.04, mixed mode, sharing, tiered, compressed oops, serial gc, linux-amd64)
# Problematic frame:
# V  [libjvm.so+0xa03104]
#
# Core dump will be written. Default location: Core dumps may be processed with "/usr/share/apport/apport %p %s %c %d %P %E" (or dumping to /home/yiyun/Compiler_Jasmin/Compiler_StudentID_HW3/core.4524)
#
# If you would like to submit a bug report, please visit:
#   https://bugs.launchpad.net/ubuntu/+source/openjdk-lts
#

---------------  S U M M A R Y ------------

Command Line: -Xverify:none Main

Host: Intel(R) Core(TM) i5-8265U CPU @ 1.60GHz, 1 cores, 1G, Ubuntu 18.04.3 LTS
Time: Thu Jun 11 20:08:23 2020 CST elapsed time: 0 seconds (0d 0h 0m 0s)

---------------  T H R E A D  ---------------

Current thread (0x00007f0f6c015800):  JavaThread "main" [_thread_in_vm, id=4525, stack(0x00007f0f7597f000,0x00007f0f75a80000)]

Stack: [0x00007f0f7597f000,0x00007f0f75a80000],  sp=0x00007f0f75a7e240,  free space=1020k
Native frames: (J=compiled Java code, A=aot compiled Java code, j=interpreted, Vv=VM code, C=native code)
V  [libjvm.so+0xa03104]
V  [libjvm.so+0xa3ba56]
V  [libjvm.so+0x843946]
V  [libjvm.so+0x84483d]
j  java.lang.String.valueOf(Ljava/lang/Object;)Ljava/lang/String;+10 java.base@11.0.7
j  java.io.PrintStream.print(Ljava/lang/String;)V+2 java.base@11.0.7
j  java.io.PrintStream.println(Ljava/lang/String;)V+6 java.base@11.0.7
j  Main.main([Ljava/lang/String;)V+21
v  ~StubRoutines::call_stub
V  [libjvm.so+0x84e319]
V  [libjvm.so+0x8ca02d]
V  [libjvm.so+0x8cc4fe]
C  [libjli.so+0x5856]
C  [libjli.so+0x92cd]

Java frames: (J=compiled Java code, j=interpreted, Vv=VM code)
j  java.lang.String.valueOf(Ljava/lang/Object;)Ljava/lang/String;+10 java.base@11.0.7
j  java.io.PrintStream.print(Ljava/lang/String;)V+2 java.base@11.0.7
j  java.io.PrintStream.println(Ljava/lang/String;)V+6 java.base@11.0.7
j  Main.main([Ljava/lang/String;)V+21
v  ~StubRoutines::call_stub

siginfo: si_signo: 11 (SIGSEGV), si_code: 1 (SEGV_MAPERR), si_addr: 0x0000000b8aa21548

Register to memory mapping:

RAX={method} {0x0000000800002950} 'toString' '()Ljava/lang/String;' in 'java/lang/Object'
RBX=0x00007f0f75a7e460 is pointing into the stack for thread: 0x00007f0f6c015800
RCX=0x000000080050c2f8 is pointing into metadata
RDX=0x0 is NULL
RSP=0x00007f0f75a7e240 is pointing into the stack for thread: 0x00007f0f6c015800
RBP=0x00007f0f75a7e2d0 is pointing into the stack for thread: 0x00007f0f6c015800
RSI=0x0000000000000002 is an unknown value
RDI=0x0000000b8aa21368 is an unknown value
R8 =0x0000000b8aa21368 is an unknown value
R9 =0x0000000000000001 is an unknown value
R10=0x00007f0f75a7e320 is pointing into the stack for thread: 0x00007f0f6c015800
R11=0x0000000000000007 is an unknown value
R12=0x0000000000000001 is an unknown value
R13=0x0000000000000002 is an unknown value
R14=0x0 is NULL
R15=0x00007f0f6c015800 is a thread


Registers:
RAX=0x0000000800002950, RBX=0x00007f0f75a7e460, RCX=0x000000080050c2f8, RDX=0x0000000000000000
RSP=0x00007f0f75a7e240, RBP=0x00007f0f75a7e2d0, RSI=0x0000000000000002, RDI=0x0000000b8aa21368
R8 =0x0000000b8aa21368, R9 =0x0000000000000001, R10=0x00007f0f75a7e320, R11=0x0000000000000007
R12=0x0000000000000001, R13=0x0000000000000002, R14=0x0000000000000000, R15=0x00007f0f6c015800
RIP=0x00007f0f74209104, EFLAGS=0x0000000000010213, CSGSFS=0x002b000000000033, ERR=0x0000000000000004
  TRAPNO=0x000000000000000e

Top of Stack: (sp=0x00007f0f75a7e240)
0x00007f0f75a7e240:   00007f0f75a7e2d0 00007f0f7423a25b
0x00007f0f75a7e250:   00007f0f75a7e2e0 00007f0f73e4cd47
0x00007f0f75a7e260:   0000000000000000 0000000800002478
0x00007f0f75a7e270:   0000000b8aa21368 00007f0f75a7e310 

Instructions: (pc=0x00007f0f74209104)
0x00007f0f74209004:   75 15 80 e6 04 48 8d 05 90 18 4d 00 48 8d 15 42
0x00007f0f74209014:   fd 47 00 48 0f 44 c2 5d c3 90 66 90 55 48 81 c7
0x00007f0f74209024:   c0 00 00 00 b8 01 00 00 00 48 89 e5 f0 0f c1 07
0x00007f0f74209034:   83 c0 01 5d c3 90 66 0f 1f 44 00 00 48 8d 15 89
0x00007f0f74209044:   66 9b 00 55 89 f8 48 89 e5 8b 4a 08 5d 48 d3 e0
0x00007f0f74209054:   48 03 02 c3 0f 1f 84 00 00 00 00 00 40 f6 c7 07
0x00007f0f74209064:   75 09 48 81 ff ff 0f 00 00 77 09 31 c0 c3 66 0f
0x00007f0f74209074:   1f 44 00 00 55 48 89 e5 41 54 4c 8d a7 d0 00 00
0x00007f0f74209084:   00 53 48 89 fb 4c 89 e6 e8 2f 20 1c 00 84 c0 75
0x00007f0f74209094:   0b 5b 31 c0 41 5c 5d c3 0f 1f 40 00 4c 89 e6 48
0x00007f0f742090a4:   89 df e8 65 54 13 00 84 c0 74 e6 48 8b 7b 18 e8
0x00007f0f742090b4:   e8 49 33 00 84 c0 74 d9 48 8b bb 98 00 00 00 5b
0x00007f0f742090c4:   41 5c 5d e9 94 9f b9 ff 0f 1f 40 00 8b 97 c4 00
0x00007f0f742090d4:   00 00 55 48 89 f8 48 89 e5 5d 48 c1 e2 20 48 81
0x00007f0f742090e4:   ca d0 01 00 00 c3 66 0f 1f 44 00 00 55 48 8d 87
0x00007f0f742090f4:   d0 01 00 00 48 89 e5 5d c3 90 66 90 55 48 63 f6
0x00007f0f74209104:   48 8b 84 f7 d0 01 00 00 48 89 e5 5d c3 90 0f 1f
0x00007f0f74209114:   40 00 66 2e 0f 1f 84 00 00 00 00 00 55 b8 d0 01
0x00007f0f74209124:   00 00 48 89 e5 5d c3 90 0f 1f 40 00 55 48 89 e5
0x00007f0f74209134:   41 57 41 56 41 55 41 54 49 89 ff 53 41 89 f6 48
0x00007f0f74209144:   83 ec 68 8b 47 08 89 55 98 85 c0 7e 0d f6 87 3a
0x00007f0f74209154:   01 00 00 20 0f 85 b2 02 00 00 49 8b 7f 18 48 85
0x00007f0f74209164:   ff 0f 84 95 01 00 00 e8 80 3b 33 00 48 89 c7 48
0x00007f0f74209174:   89 45 90 e8 b4 9d 86 ff 48 8d 58 01 49 89 c4 41
0x00007f0f74209184:   8b 47 08 4c 89 ff 3d 00 00 00 c0 7d 0a 49 8b bf
0x00007f0f74209194:   f0 00 00 00 8b 47 08 85 c0 0f 8e 7d 01 00 00 48
0x00007f0f742091a4:   8b 07 ff 90 88 00 00 00 48 8b 78 10 49 89 c5 48
0x00007f0f742091b4:   85 ff 0f 84 2c 02 00 00 e8 bf 2d 33 00 48 89 c7
0x00007f0f742091c4:   48 89 45 80 4c 8d 25 18 c2 4d 00 e8 5c 9d 86 ff
0x00007f0f742091d4:   4c 89 ef 48 01 c3 e8 a1 e6 16 00 48 8d 0d a6 10
0x00007f0f742091e4:   4b 00 84 c0 88 85 7f ff ff ff 48 89 4d a0 0f 85
0x00007f0f742091f4:   c8 02 00 00 0f 1f 84 00 00 00 00 00 49 8b 87 98 


Stack slot to memory mapping:
stack at sp + 0 slots: 0x00007f0f75a7e2d0 is pointing into the stack for thread: 0x00007f0f6c015800
stack at sp + 1 slots: 0x00007f0f7423a25b: <offset 0x0000000000a3425b> in /usr/lib/jvm/java-11-openjdk-amd64/lib/server/libjvm.so at 0x00007f0f73806000
stack at sp + 2 slots: 0x00007f0f75a7e2e0 is pointing into the stack for thread: 0x00007f0f6c015800
stack at sp + 3 slots: 0x00007f0f73e4cd47: <offset 0x0000000000646d47> in /usr/lib/jvm/java-11-openjdk-amd64/lib/server/libjvm.so at 0x00007f0f73806000
stack at sp + 4 slots: 0x0 is NULL
stack at sp + 5 slots: 0x0000000800002478 is pointing into metadata
stack at sp + 6 slots: 0x0000000b8aa21368 is an unknown value
stack at sp + 7 slots: 0x00007f0f75a7e310 is pointing into the stack for thread: 0x00007f0f6c015800


---------------  P R O C E S S  ---------------

Threads class SMR info:
_java_thread_list=0x00007f0f6c0a5310, length=9, elements={
0x00007f0f6c015800, 0x00007f0f6c051000, 0x00007f0f6c053000, 0x00007f0f6c05a000,
0x00007f0f6c05c800, 0x00007f0f6c05e800, 0x00007f0f6c060800, 0x00007f0f6c09a800,
0x00007f0f6c0a4000
}

Java Threads: ( => current thread )
=>0x00007f0f6c015800 JavaThread "main" [_thread_in_vm, id=4525, stack(0x00007f0f7597f000,0x00007f0f75a80000)]
  0x00007f0f6c051000 JavaThread "Reference Handler" daemon [_thread_blocked, id=4527, stack(0x00007f0f70e3d000,0x00007f0f70f3e000)]
  0x00007f0f6c053000 JavaThread "Finalizer" daemon [_thread_blocked, id=4528, stack(0x00007f0f70d3c000,0x00007f0f70e3d000)]
  0x00007f0f6c05a000 JavaThread "Signal Dispatcher" daemon [_thread_blocked, id=4529, stack(0x00007f0f70224000,0x00007f0f70325000)]
  0x00007f0f6c05c800 JavaThread "C2 CompilerThread0" daemon [_thread_blocked, id=4530, stack(0x00007f0f70123000,0x00007f0f70224000)]
  0x00007f0f6c05e800 JavaThread "C1 CompilerThread0" daemon [_thread_blocked, id=4531, stack(0x00007f0f70022000,0x00007f0f70123000)]
  0x00007f0f6c060800 JavaThread "Sweeper thread" daemon [_thread_blocked, id=4532, stack(0x00007f0f5480c000,0x00007f0f5490d000)]
  0x00007f0f6c09a800 JavaThread "Service Thread" daemon [_thread_blocked, id=4533, stack(0x00007f0f5470b000,0x00007f0f5480c000)]
  0x00007f0f6c0a4000 JavaThread "Common-Cleaner" daemon [_thread_blocked, id=4535, stack(0x00007f0f54508000,0x00007f0f54609000)]

Other Threads:
  0x00007f0f6c04e000 VMThread "VM Thread" [stack: 0x00007f0f70f40000,0x00007f0f71040000] [id=4526]
  0x00007f0f6c09d000 WatcherThread [stack: 0x00007f0f5460b000,0x00007f0f5470b000] [id=4534]

Threads with active compile tasks:

VM state:not at safepoint (normal execution)

VM Mutex/Monitor currently owned by a thread: None

Heap address: 0x00000000e0e00000, size: 498 MB, Compressed Oops mode: 32-bit
Narrow klass base: 0x0000000800000000, Narrow klass shift: 3
Compressed class space size: 1073741824 Address: 0x0000000840000000

Heap:
 def new generation   total 9792K, used 870K [0x00000000e0e00000, 0x00000000e18a0000, 0x00000000eb400000)
  eden space 8704K,  10% used [0x00000000e0e00000, 0x00000000e0ed9a50, 0x00000000e1680000)
  from space 1088K,   0% used [0x00000000e1680000, 0x00000000e1680000, 0x00000000e1790000)
  to   space 1088K,   0% used [0x00000000e1790000, 0x00000000e1790000, 0x00000000e18a0000)
 tenured generation   total 21888K, used 0K [0x00000000eb400000, 0x00000000ec960000, 0x0000000100000000)
   the space 21888K,   0% used [0x00000000eb400000, 0x00000000eb400000, 0x00000000eb400200, 0x00000000ec960000)
 Metaspace       used 248K, capacity 4486K, committed 4864K, reserved 1056768K
  class space    used 10K, capacity 386K, committed 512K, reserved 1048576K

Card table byte_map: [0x00007f0f71965000,0x00007f0f71a5f000] _byte_map_base: 0x00007f0f7125e000

Polling page: 0x00007f0f75a94000

Metaspace:

Usage:
  Non-class:      4.00 MB capacity,   238.09 KB (  6%) used,     3.77 MB ( 94%) free+waste,   128 bytes ( <1%) overhead. 
      Class:    386.00 KB capacity,    10.84 KB (  3%) used,   375.04 KB ( 97%) free+waste,   128 bytes ( <1%) overhead. 
       Both:      4.38 MB capacity,   248.93 KB (  6%) used,     4.14 MB ( 94%) free+waste,   256 bytes ( <1%) overhead. 

Virtual space:
  Non-class space:        8.00 MB reserved,       4.25 MB ( 53%) committed 
      Class space:        1.00 GB reserved,     512.00 KB ( <1%) committed 
             Both:        1.01 GB reserved,       4.75 MB ( <1%) committed 

Chunk freelists:
   Non-Class:  0 bytes
       Class:  0 bytes
        Both:  0 bytes

MaxMetaspaceSize: unlimited
CompressedClassSpaceSize: 1.00 GB

CodeHeap 'non-profiled nmethods': size=120036Kb used=21Kb max_used=21Kb free=120014Kb
 bounds [0x00007f0f5c3d4000, 0x00007f0f5c644000, 0x00007f0f6390d000]
CodeHeap 'profiled nmethods': size=120032Kb used=131Kb max_used=131Kb free=119900Kb
 bounds [0x00007f0f54e9c000, 0x00007f0f5510c000, 0x00007f0f5c3d4000]
CodeHeap 'non-nmethods': size=5692Kb used=994Kb max_used=996Kb free=4697Kb
 bounds [0x00007f0f5490d000, 0x00007f0f54b7d000, 0x00007f0f54e9c000]
 total_blobs=405 nmethods=95 adapters=168
 compilation: enabled
              stopped_count=0, restarted_count=0
 full_count=0

Compilation events (20 events):
Event: 0.129 Thread 0x00007f0f6c05e800 nmethod 86 0x00007f0f5c3d8f10 code [0x00007f0f5c3d90c0, 0x00007f0f5c3d91f0]
Event: 0.129 Thread 0x00007f0f6c05e800   87       3       java.util.ImmutableCollections$SetN::iterator (9 bytes)
Event: 0.129 Thread 0x00007f0f6c05e800 nmethod 87 0x00007f0f54eb9e10 code [0x00007f0f54eb9fe0, 0x00007f0f54eba208]
Event: 0.187 Thread 0x00007f0f6c05c800 nmethod 85 0x00007f0f5c3d9290 code [0x00007f0f5c3d9420, 0x00007f0f5c3d94d8]
Event: 0.188 Thread 0x00007f0f6c05e800   88       3       java.lang.String::hashCode (49 bytes)
Event: 0.189 Thread 0x00007f0f6c05e800 nmethod 88 0x00007f0f54eba310 code [0x00007f0f54eba500, 0x00007f0f54eba878]
Event: 0.189 Thread 0x00007f0f6c05e800   89       3       java.lang.StringLatin1::canEncode (13 bytes)
Event: 0.190 Thread 0x00007f0f6c05e800 nmethod 89 0x00007f0f54eba990 code [0x00007f0f54ebab40, 0x00007f0f54ebacd0]
Event: 0.191 Thread 0x00007f0f6c05e800   90       3       java.lang.CharacterDataLatin1::getProperties (11 bytes)
Event: 0.191 Thread 0x00007f0f6c05e800 nmethod 90 0x00007f0f54ebad90 code [0x00007f0f54ebaf40, 0x00007f0f54ebb0f0]
Event: 0.194 Thread 0x00007f0f6c05e800   91       3       jdk.internal.math.FDBigInteger::mult (64 bytes)
Event: 0.195 Thread 0x00007f0f6c05e800 nmethod 91 0x00007f0f54ebb210 code [0x00007f0f54ebb3e0, 0x00007f0f54ebb690]
Event: 0.195 Thread 0x00007f0f6c05e800   92       3       jdk.internal.math.FDBigInteger::<init> (30 bytes)
Event: 0.195 Thread 0x00007f0f6c05e800 nmethod 92 0x00007f0f54ebb890 code [0x00007f0f54ebba60, 0x00007f0f54ebbc88]
Event: 0.195 Thread 0x00007f0f6c05e800   93       3       jdk.internal.math.FDBigInteger::trimLeadingZeros (57 bytes)
Event: 0.195 Thread 0x00007f0f6c05e800 nmethod 93 0x00007f0f54ebbd90 code [0x00007f0f54ebbf60, 0x00007f0f54ebc2d0]
Event: 0.195 Thread 0x00007f0f6c05e800   94       3       jdk.internal.math.FDBigInteger::makeImmutable (6 bytes)
Event: 0.196 Thread 0x00007f0f6c05e800 nmethod 94 0x00007f0f54ebc410 code [0x00007f0f54ebc5c0, 0x00007f0f54ebc730]
Event: 0.196 Thread 0x00007f0f6c05e800   95       3       jdk.internal.math.FDBigInteger::mult (44 bytes)
Event: 0.196 Thread 0x00007f0f6c05e800 nmethod 95 0x00007f0f54ebc790 code [0x00007f0f54ebc960, 0x00007f0f54ebccf8]

GC Heap History (0 events):
No events

Deoptimization events (4 events):
Event: 0.188 Thread 0x00007f0f6c015800 Uncommon trap: trap_request=0xffffff4d fr.pc=0x00007f0f5c3d8454 relative=0x00000000000001b4
Event: 0.188 Thread 0x00007f0f6c015800 Uncommon trap: reason=unstable_if action=reinterpret pc=0x00007f0f5c3d8454 method=java.lang.String.hashCode()I @ 14 c2
Event: 0.188 Thread 0x00007f0f6c015800 DEOPT PACKING pc=0x00007f0f5c3d8454 sp=0x00007f0f75a7d1b0
Event: 0.188 Thread 0x00007f0f6c015800 DEOPT UNPACKING pc=0x00007f0f54935325 sp=0x00007f0f75a7d168 mode 2

Classes redefined (0 events):
No events

Internal exceptions (0 events):
No events

Events (20 events):
Event: 0.191 Thread 0x00007f0f6c0a4000 Thread added: 0x00007f0f6c0a4000
Event: 0.192 loading class jdk/internal/math/FloatingDecimal
Event: 0.192 loading class jdk/internal/math/FloatingDecimal done
Event: 0.192 loading class jdk/internal/math/FloatingDecimal$ExceptionalBinaryToASCIIBuffer
Event: 0.192 loading class jdk/internal/math/FloatingDecimal$BinaryToASCIIConverter
Event: 0.192 loading class jdk/internal/math/FloatingDecimal$BinaryToASCIIConverter done
Event: 0.192 loading class jdk/internal/math/FloatingDecimal$ExceptionalBinaryToASCIIBuffer done
Event: 0.192 loading class jdk/internal/math/FloatingDecimal$BinaryToASCIIBuffer
Event: 0.192 loading class jdk/internal/math/FloatingDecimal$BinaryToASCIIBuffer done
Event: 0.193 loading class jdk/internal/math/FloatingDecimal$1
Event: 0.193 loading class jdk/internal/math/FloatingDecimal$1 done
Event: 0.193 loading class jdk/internal/math/FloatingDecimal$PreparedASCIIToBinaryBuffer
Event: 0.193 loading class jdk/internal/math/FloatingDecimal$ASCIIToBinaryConverter
Event: 0.193 loading class jdk/internal/math/FloatingDecimal$ASCIIToBinaryConverter done
Event: 0.193 loading class jdk/internal/math/FloatingDecimal$PreparedASCIIToBinaryBuffer done
Event: 0.193 loading class jdk/internal/math/FDBigInteger
Event: 0.193 loading class jdk/internal/math/FDBigInteger done
Event: 0.193 Protecting memory [0x00007f0f54508000,0x00007f0f5450c000] with protection modes 0
Event: 0.195 Executing VM operation: RevokeBias
Event: 0.195 Executing VM operation: RevokeBias done


Dynamic libraries:
e0e00000-e18a0000 rw-p 00000000 00:00 0 
e18a0000-eb400000 ---p 00000000 00:00 0 
eb400000-ec960000 rw-p 00000000 00:00 0 
ec960000-100000000 ---p 00000000 00:00 0 
800000000-800002000 rwxp 00001000 08:01 551457                           /usr/lib/jvm/java-11-openjdk-amd64/lib/server/classes.jsa
800002000-8003b8000 rw-p 00003000 08:01 551457                           /usr/lib/jvm/java-11-openjdk-amd64/lib/server/classes.jsa
8003b8000-800a7f000 r--p 003b9000 08:01 551457                           /usr/lib/jvm/java-11-openjdk-amd64/lib/server/classes.jsa
800a7f000-800a80000 rw-p 00a80000 08:01 551457                           /usr/lib/jvm/java-11-openjdk-amd64/lib/server/classes.jsa
800a80000-80108c000 r--p 00a81000 08:01 551457                           /usr/lib/jvm/java-11-openjdk-amd64/lib/server/classes.jsa
840000000-840080000 rw-p 00000000 00:00 0 
840080000-880000000 ---p 00000000 00:00 0 
5562d496b000-5562d496c000 r-xp 00000000 08:01 551084                     /usr/lib/jvm/java-11-openjdk-amd64/bin/java
5562d4b6c000-5562d4b6d000 r--p 00001000 08:01 551084                     /usr/lib/jvm/java-11-openjdk-amd64/bin/java
5562d4b6d000-5562d4b6e000 rw-p 00002000 08:01 551084                     /usr/lib/jvm/java-11-openjdk-amd64/bin/java
5562d623f000-5562d6260000 rw-p 00000000 00:00 0                          [heap]
7f0f38000000-7f0f38077000 rw-p 00000000 00:00 0 
7f0f38077000-7f0f3c000000 ---p 00000000 00:00 0 
7f0f3c000000-7f0f3c021000 rw-p 00000000 00:00 0 
7f0f3c021000-7f0f40000000 ---p 00000000 00:00 0 
7f0f40000000-7f0f40021000 rw-p 00000000 00:00 0 
7f0f40021000-7f0f44000000 ---p 00000000 00:00 0 
7f0f44000000-7f0f4407e000 rw-p 00000000 00:00 0 
7f0f4407e000-7f0f48000000 ---p 00000000 00:00 0 
7f0f48000000-7f0f48021000 rw-p 00000000 00:00 0 
7f0f48021000-7f0f4c000000 ---p 00000000 00:00 0 
7f0f4c000000-7f0f4c021000 rw-p 00000000 00:00 0 
7f0f4c021000-7f0f50000000 ---p 00000000 00:00 0 
7f0f50000000-7f0f50021000 rw-p 00000000 00:00 0 
7f0f50021000-7f0f54000000 ---p 00000000 00:00 0 
7f0f54508000-7f0f5450c000 ---p 00000000 00:00 0 
7f0f5450c000-7f0f54609000 rw-p 00000000 00:00 0 
7f0f54609000-7f0f5460a000 ---p 00000000 00:00 0 
7f0f5460a000-7f0f5470b000 rw-p 00000000 00:00 0 
7f0f5470b000-7f0f5470f000 ---p 00000000 00:00 0 
7f0f5470f000-7f0f5480c000 rw-p 00000000 00:00 0 
7f0f5480c000-7f0f54810000 ---p 00000000 00:00 0 
7f0f54810000-7f0f5490d000 rw-p 00000000 00:00 0 
7f0f5490d000-7f0f54b7d000 rwxp 00000000 00:00 0 
7f0f54b7d000-7f0f54e9c000 ---p 00000000 00:00 0 
7f0f54e9c000-7f0f5510c000 rwxp 00000000 00:00 0 
7f0f5510c000-7f0f5c3d4000 ---p 00000000 00:00 0 
7f0f5c3d4000-7f0f5c644000 rwxp 00000000 00:00 0 
7f0f5c644000-7f0f6390d000 ---p 00000000 00:00 0 
7f0f6390d000-7f0f6c000000 r--s 00000000 08:01 551289                     /usr/lib/jvm/java-11-openjdk-amd64/lib/modules
7f0f6c000000-7f0f6c0b2000 rw-p 00000000 00:00 0 
7f0f6c0b2000-7f0f70000000 ---p 00000000 00:00 0 
7f0f70022000-7f0f70026000 ---p 00000000 00:00 0 
7f0f70026000-7f0f70123000 rw-p 00000000 00:00 0 
7f0f70123000-7f0f70127000 ---p 00000000 00:00 0 
7f0f70127000-7f0f70224000 rw-p 00000000 00:00 0 
7f0f70224000-7f0f70228000 ---p 00000000 00:00 0 
7f0f70228000-7f0f70325000 rw-p 00000000 00:00 0 
7f0f70325000-7f0f70d3c000 r--p 00000000 08:01 660771                     /usr/lib/locale/locale-archive
7f0f70d3c000-7f0f70d40000 ---p 00000000 00:00 0 
7f0f70d40000-7f0f70e3d000 rw-p 00000000 00:00 0 
7f0f70e3d000-7f0f70e41000 ---p 00000000 00:00 0 
7f0f70e41000-7f0f70f3e000 rw-p 00000000 00:00 0 
7f0f70f3e000-7f0f70f3f000 ---p 00000000 00:00 0 
7f0f70f3f000-7f0f71584000 rw-p 00000000 00:00 0 
7f0f71584000-7f0f71944000 ---p 00000000 00:00 0 
7f0f71944000-7f0f7196b000 rw-p 00000000 00:00 0 
7f0f7196b000-7f0f719b8000 ---p 00000000 00:00 0 
7f0f719b8000-7f0f719c3000 rw-p 00000000 00:00 0 
7f0f719c3000-7f0f71a5e000 ---p 00000000 00:00 0 
7f0f71a5e000-7f0f71a64000 rw-p 00000000 00:00 0 
7f0f71a64000-7f0f71b4a000 ---p 00000000 00:00 0 
7f0f71b4a000-7f0f71b4f000 rw-p 00000000 00:00 0 
7f0f71b4f000-7f0f71c35000 ---p 00000000 00:00 0 
7f0f71c35000-7f0f71c3a000 r-xp 00000000 08:01 551271                     /usr/lib/jvm/java-11-openjdk-amd64/lib/libjimage.so
7f0f71c3a000-7f0f71e39000 ---p 00005000 08:01 551271                     /usr/lib/jvm/java-11-openjdk-amd64/lib/libjimage.so
7f0f71e39000-7f0f71e3a000 r--p 00004000 08:01 551271                     /usr/lib/jvm/java-11-openjdk-amd64/lib/libjimage.so
7f0f71e3a000-7f0f71e3b000 rw-p 00005000 08:01 551271                     /usr/lib/jvm/java-11-openjdk-amd64/lib/libjimage.so
7f0f71e3b000-7f0f71e42000 r-xp 00000000 08:01 551288                     /usr/lib/jvm/java-11-openjdk-amd64/lib/libzip.so
7f0f71e42000-7f0f72041000 ---p 00007000 08:01 551288                     /usr/lib/jvm/java-11-openjdk-amd64/lib/libzip.so
7f0f72041000-7f0f72042000 r--p 00006000 08:01 551288                     /usr/lib/jvm/java-11-openjdk-amd64/lib/libzip.so
7f0f72042000-7f0f72043000 rw-p 00007000 08:01 551288                     /usr/lib/jvm/java-11-openjdk-amd64/lib/libzip.so
7f0f72043000-7f0f7204e000 r-xp 00000000 08:01 399660                     /lib/x86_64-linux-gnu/libnss_files-2.27.so
7f0f7204e000-7f0f7224d000 ---p 0000b000 08:01 399660                     /lib/x86_64-linux-gnu/libnss_files-2.27.so
7f0f7224d000-7f0f7224e000 r--p 0000a000 08:01 399660                     /lib/x86_64-linux-gnu/libnss_files-2.27.so
7f0f7224e000-7f0f7224f000 rw-p 0000b000 08:01 399660                     /lib/x86_64-linux-gnu/libnss_files-2.27.so
7f0f7224f000-7f0f72255000 rw-p 00000000 00:00 0 
7f0f72255000-7f0f7226c000 r-xp 00000000 08:01 399654                     /lib/x86_64-linux-gnu/libnsl-2.27.so
7f0f7226c000-7f0f7246b000 ---p 00017000 08:01 399654                     /lib/x86_64-linux-gnu/libnsl-2.27.so
7f0f7246b000-7f0f7246c000 r--p 00016000 08:01 399654                     /lib/x86_64-linux-gnu/libnsl-2.27.so
7f0f7246c000-7f0f7246d000 rw-p 00017000 08:01 399654                     /lib/x86_64-linux-gnu/libnsl-2.27.so
7f0f7246d000-7f0f7246f000 rw-p 00000000 00:00 0 
7f0f7246f000-7f0f7247a000 r-xp 00000000 08:01 399671                     /lib/x86_64-linux-gnu/libnss_nis-2.27.so
7f0f7247a000-7f0f72679000 ---p 0000b000 08:01 399671                     /lib/x86_64-linux-gnu/libnss_nis-2.27.so
7f0f72679000-7f0f7267a000 r--p 0000a000 08:01 399671                     /lib/x86_64-linux-gnu/libnss_nis-2.27.so
7f0f7267a000-7f0f7267b000 rw-p 0000b000 08:01 399671                     /lib/x86_64-linux-gnu/libnss_nis-2.27.so
7f0f7267b000-7f0f72683000 r-xp 00000000 08:01 399656                     /lib/x86_64-linux-gnu/libnss_compat-2.27.so
7f0f72683000-7f0f72883000 ---p 00008000 08:01 399656                     /lib/x86_64-linux-gnu/libnss_compat-2.27.so
7f0f72883000-7f0f72884000 r--p 00008000 08:01 399656                     /lib/x86_64-linux-gnu/libnss_compat-2.27.so
7f0f72884000-7f0f72885000 rw-p 00009000 08:01 399656                     /lib/x86_64-linux-gnu/libnss_compat-2.27.so
7f0f72885000-7f0f728ae000 r-xp 00000000 08:01 551267                     /usr/lib/jvm/java-11-openjdk-amd64/lib/libjava.so
7f0f728ae000-7f0f72aad000 ---p 00029000 08:01 551267                     /usr/lib/jvm/java-11-openjdk-amd64/lib/libjava.so
7f0f72aad000-7f0f72aae000 r--p 00028000 08:01 551267                     /usr/lib/jvm/java-11-openjdk-amd64/lib/libjava.so
7f0f72aae000-7f0f72ab0000 rw-p 00029000 08:01 551267                     /usr/lib/jvm/java-11-openjdk-amd64/lib/libjava.so
7f0f72ab0000-7f0f72abd000 r-xp 00000000 08:01 551287                     /usr/lib/jvm/java-11-openjdk-amd64/lib/libverify.so
7f0f72abd000-7f0f72cbc000 ---p 0000d000 08:01 551287                     /usr/lib/jvm/java-11-openjdk-amd64/lib/libverify.so
7f0f72cbc000-7f0f72cbe000 r--p 0000c000 08:01 551287                     /usr/lib/jvm/java-11-openjdk-amd64/lib/libverify.so
7f0f72cbe000-7f0f72cbf000 rw-p 0000e000 08:01 551287                     /usr/lib/jvm/java-11-openjdk-amd64/lib/libverify.so
7f0f72cbf000-7f0f72cc6000 r-xp 00000000 08:01 399711                     /lib/x86_64-linux-gnu/librt-2.27.so
7f0f72cc6000-7f0f72ec5000 ---p 00007000 08:01 399711                     /lib/x86_64-linux-gnu/librt-2.27.so
7f0f72ec5000-7f0f72ec6000 r--p 00006000 08:01 399711                     /lib/x86_64-linux-gnu/librt-2.27.so
7f0f72ec6000-7f0f72ec7000 rw-p 00007000 08:01 399711                     /lib/x86_64-linux-gnu/librt-2.27.so
7f0f72ec7000-7f0f72ede000 r-xp 00000000 08:01 399607                     /lib/x86_64-linux-gnu/libgcc_s.so.1
7f0f72ede000-7f0f730dd000 ---p 00017000 08:01 399607                     /lib/x86_64-linux-gnu/libgcc_s.so.1
7f0f730dd000-7f0f730de000 r--p 00016000 08:01 399607                     /lib/x86_64-linux-gnu/libgcc_s.so.1
7f0f730de000-7f0f730df000 rw-p 00017000 08:01 399607                     /lib/x86_64-linux-gnu/libgcc_s.so.1
7f0f730df000-7f0f7327c000 r-xp 00000000 08:01 399633                     /lib/x86_64-linux-gnu/libm-2.27.so
7f0f7327c000-7f0f7347b000 ---p 0019d000 08:01 399633                     /lib/x86_64-linux-gnu/libm-2.27.so
7f0f7347b000-7f0f7347c000 r--p 0019c000 08:01 399633                     /lib/x86_64-linux-gnu/libm-2.27.so
7f0f7347c000-7f0f7347d000 rw-p 0019d000 08:01 399633                     /lib/x86_64-linux-gnu/libm-2.27.so
7f0f7347d000-7f0f735f6000 r-xp 00000000 08:01 665875                     /usr/lib/x86_64-linux-gnu/libstdc++.so.6.0.25
7f0f735f6000-7f0f737f6000 ---p 00179000 08:01 665875                     /usr/lib/x86_64-linux-gnu/libstdc++.so.6.0.25
7f0f737f6000-7f0f73800000 r--p 00179000 08:01 665875                     /usr/lib/x86_64-linux-gnu/libstdc++.so.6.0.25
7f0f73800000-7f0f73802000 rw-p 00183000 08:01 665875                     /usr/lib/x86_64-linux-gnu/libstdc++.so.6.0.25
7f0f73802000-7f0f73806000 rw-p 00000000 00:00 0 
7f0f73806000-7f0f748e3000 r-xp 00000000 08:01 551294                     /usr/lib/jvm/java-11-openjdk-amd64/lib/server/libjvm.so
7f0f748e3000-7f0f74ae2000 ---p 010dd000 08:01 551294                     /usr/lib/jvm/java-11-openjdk-amd64/lib/server/libjvm.so
7f0f74ae2000-7f0f74b9f000 r--p 010dc000 08:01 551294                     /usr/lib/jvm/java-11-openjdk-amd64/lib/server/libjvm.so
7f0f74b9f000-7f0f74bd9000 rw-p 01199000 08:01 551294                     /usr/lib/jvm/java-11-openjdk-amd64/lib/server/libjvm.so
7f0f74bd9000-7f0f74c2f000 rw-p 00000000 00:00 0 
7f0f74c2f000-7f0f74c49000 r-xp 00000000 08:01 399703                     /lib/x86_64-linux-gnu/libpthread-2.27.so
7f0f74c49000-7f0f74e48000 ---p 0001a000 08:01 399703                     /lib/x86_64-linux-gnu/libpthread-2.27.so
7f0f74e48000-7f0f74e49000 r--p 00019000 08:01 399703                     /lib/x86_64-linux-gnu/libpthread-2.27.so
7f0f74e49000-7f0f74e4a000 rw-p 0001a000 08:01 399703                     /lib/x86_64-linux-gnu/libpthread-2.27.so
7f0f74e4a000-7f0f74e4e000 rw-p 00000000 00:00 0 
7f0f74e4e000-7f0f74e51000 r-xp 00000000 08:01 399593                     /lib/x86_64-linux-gnu/libdl-2.27.so
7f0f74e51000-7f0f75050000 ---p 00003000 08:01 399593                     /lib/x86_64-linux-gnu/libdl-2.27.so
7f0f75050000-7f0f75051000 r--p 00002000 08:01 399593                     /lib/x86_64-linux-gnu/libdl-2.27.so
7f0f75051000-7f0f75052000 rw-p 00003000 08:01 399593                     /lib/x86_64-linux-gnu/libdl-2.27.so
7f0f75052000-7f0f7506e000 r-xp 00000000 08:01 399742                     /lib/x86_64-linux-gnu/libz.so.1.2.11
7f0f7506e000-7f0f7526d000 ---p 0001c000 08:01 399742                     /lib/x86_64-linux-gnu/libz.so.1.2.11
7f0f7526d000-7f0f7526e000 r--p 0001b000 08:01 399742                     /lib/x86_64-linux-gnu/libz.so.1.2.11
7f0f7526e000-7f0f7526f000 rw-p 0001c000 08:01 399742                     /lib/x86_64-linux-gnu/libz.so.1.2.11
7f0f7526f000-7f0f75456000 r-xp 00000000 08:01 399570                     /lib/x86_64-linux-gnu/libc-2.27.so
7f0f75456000-7f0f75656000 ---p 001e7000 08:01 399570                     /lib/x86_64-linux-gnu/libc-2.27.so
7f0f75656000-7f0f7565a000 r--p 001e7000 08:01 399570                     /lib/x86_64-linux-gnu/libc-2.27.so
7f0f7565a000-7f0f7565c000 rw-p 001eb000 08:01 399570                     /lib/x86_64-linux-gnu/libc-2.27.so
7f0f7565c000-7f0f75660000 rw-p 00000000 00:00 0 
7f0f75660000-7f0f75670000 r-xp 00000000 08:01 551251                     /usr/lib/jvm/java-11-openjdk-amd64/lib/jli/libjli.so
7f0f75670000-7f0f7586f000 ---p 00010000 08:01 551251                     /usr/lib/jvm/java-11-openjdk-amd64/lib/jli/libjli.so
7f0f7586f000-7f0f75870000 r--p 0000f000 08:01 551251                     /usr/lib/jvm/java-11-openjdk-amd64/lib/jli/libjli.so
7f0f75870000-7f0f75871000 rw-p 00010000 08:01 551251                     /usr/lib/jvm/java-11-openjdk-amd64/lib/jli/libjli.so
7f0f75871000-7f0f75898000 r-xp 00000000 08:01 399542                     /lib/x86_64-linux-gnu/ld-2.27.so
7f0f758ab000-7f0f758d7000 rw-p 00000000 00:00 0 
7f0f758d7000-7f0f75973000 ---p 00000000 00:00 0 
7f0f75973000-7f0f75978000 rw-p 00000000 00:00 0 
7f0f75978000-7f0f7597f000 ---p 00000000 00:00 0 
7f0f7597f000-7f0f75983000 ---p 00000000 00:00 0 
7f0f75983000-7f0f75a82000 rw-p 00000000 00:00 0 
7f0f75a8a000-7f0f75a8c000 r--s 00007000 08:01 551452                     /usr/share/java/java-atk-wrapper.jar
7f0f75a8c000-7f0f75a94000 rw-s 00000000 08:01 1048696                    /tmp/hsperfdata_yiyun/4524
7f0f75a94000-7f0f75a95000 ---p 00000000 00:00 0 
7f0f75a95000-7f0f75a96000 r--p 00000000 00:00 0 
7f0f75a96000-7f0f75a98000 rw-p 00000000 00:00 0 
7f0f75a98000-7f0f75a99000 r--p 00027000 08:01 399542                     /lib/x86_64-linux-gnu/ld-2.27.so
7f0f75a99000-7f0f75a9a000 rw-p 00028000 08:01 399542                     /lib/x86_64-linux-gnu/ld-2.27.so
7f0f75a9a000-7f0f75a9b000 rw-p 00000000 00:00 0 
7ffc3e7f4000-7ffc3e815000 rw-p 00000000 00:00 0                          [stack]
7ffc3e982000-7ffc3e985000 r--p 00000000 00:00 0                          [vvar]
7ffc3e985000-7ffc3e986000 r-xp 00000000 00:00 0                          [vdso]
ffffffffff600000-ffffffffff601000 r-xp 00000000 00:00 0                  [vsyscall]


VM Arguments:
jvm_args: -Xverify:none 
java_command: Main
java_class_path (initial): .
Launcher Type: SUN_STANDARD

[Global flags]
     bool BytecodeVerificationLocal                = false                                     {product} {command line}
     bool BytecodeVerificationRemote               = false                                     {product} {command line}
     intx CICompilerCount                          = 2                                         {product} {ergonomic}
   size_t InitialHeapSize                          = 33554432                                  {product} {ergonomic}
   size_t MaxHeapSize                              = 522190848                                 {product} {ergonomic}
   size_t MaxNewSize                               = 174063616                                 {product} {ergonomic}
   size_t MinHeapDeltaBytes                        = 196608                                    {product} {ergonomic}
   size_t NewSize                                  = 11141120                                  {product} {ergonomic}
    uintx NonNMethodCodeHeapSize                   = 5825164                                {pd product} {ergonomic}
    uintx NonProfiledCodeHeapSize                  = 122916538                              {pd product} {ergonomic}
   size_t OldSize                                  = 22413312                                  {product} {ergonomic}
    uintx ProfiledCodeHeapSize                     = 122916538                              {pd product} {ergonomic}
    uintx ReservedCodeCacheSize                    = 251658240                              {pd product} {ergonomic}
     bool SegmentedCodeCache                       = true                                      {product} {ergonomic}
     bool UseCompressedClassPointers               = true                                 {lp64_product} {ergonomic}
     bool UseCompressedOops                        = true                                 {lp64_product} {ergonomic}
     bool UseSerialGC                              = true                                      {product} {ergonomic}

Logging:
Log output configuration:
 #0: stdout all=warning uptime,level,tags
 #1: stderr all=off uptime,level,tags

Environment Variables:
PATH=/home/yiyun/.local/bin:/usr/local/sbin:/usr/local/bin:/usr/sbin:/usr/bin:/sbin:/bin:/usr/games:/usr/local/games:/snap/bin
USERNAME=yiyun
SHELL=/bin/bash
DISPLAY=:0

Signal Handlers:
SIGSEGV: [libjvm.so+0xdf8d00], sa_mask[0]=11111111011111111101111111111110, sa_flags=SA_RESTART|SA_SIGINFO
SIGBUS: [libjvm.so+0xdf8d00], sa_mask[0]=11111111011111111101111111111110, sa_flags=SA_RESTART|SA_SIGINFO
SIGFPE: [libjvm.so+0xdf8d00], sa_mask[0]=11111111011111111101111111111110, sa_flags=SA_RESTART|SA_SIGINFO
SIGPIPE: [libjvm.so+0xbcbc30], sa_mask[0]=11111111011111111101111111111110, sa_flags=SA_RESTART|SA_SIGINFO
SIGXFSZ: [libjvm.so+0xbcbc30], sa_mask[0]=11111111011111111101111111111110, sa_flags=SA_RESTART|SA_SIGINFO
SIGILL: [libjvm.so+0xdf8d00], sa_mask[0]=11111111011111111101111111111110, sa_flags=SA_RESTART|SA_SIGINFO
SIGUSR2: [libjvm.so+0xbcbad0], sa_mask[0]=00000000000000000000000000000000, sa_flags=SA_RESTART|SA_SIGINFO
SIGHUP: [libjvm.so+0xbcbe30], sa_mask[0]=11111111011111111101111111111110, sa_flags=SA_RESTART|SA_SIGINFO
SIGINT: [libjvm.so+0xbcbe30], sa_mask[0]=11111111011111111101111111111110, sa_flags=SA_RESTART|SA_SIGINFO
SIGTERM: [libjvm.so+0xbcbe30], sa_mask[0]=11111111011111111101111111111110, sa_flags=SA_RESTART|SA_SIGINFO
SIGQUIT: [libjvm.so+0xbcbe30], sa_mask[0]=11111111011111111101111111111110, sa_flags=SA_RESTART|SA_SIGINFO


---------------  S Y S T E M  ---------------

OS:DISTRIB_ID=Ubuntu
DISTRIB_RELEASE=18.04
DISTRIB_CODENAME=bionic
DISTRIB_DESCRIPTION="Ubuntu 18.04.3 LTS"
uname:Linux 5.0.0-36-generic #39~18.04.1-Ubuntu SMP Tue Nov 12 11:09:50 UTC 2019 x86_64
OS uptime: 0 days 0:44 hours
libc:glibc 2.27 NPTL 2.27 
rlimit: STACK 8192k, CORE 0k, NPROC 7775, NOFILE 4096, AS infinity, CPU infinity, DATA infinity, FSIZE infinity
load average:1.41 0.93 1.04

/proc/meminfo:
MemTotal:        2038764 kB
MemFree:           73520 kB
MemAvailable:     469944 kB
Buffers:          142792 kB
Cached:           378240 kB
SwapCached:          536 kB
Active:          1185836 kB
Inactive:         515580 kB
Active(anon):     912980 kB
Inactive(anon):   303672 kB
Active(file):     272856 kB
Inactive(file):   211908 kB
Unevictable:          16 kB
Mlocked:              16 kB
SwapTotal:        969960 kB
SwapFree:         937744 kB
Dirty:               136 kB
Writeback:             0 kB
AnonPages:       1179856 kB
Mapped:           243120 kB
Shmem:             41696 kB
KReclaimable:      86512 kB
Slab:             125264 kB
SReclaimable:      86512 kB
SUnreclaim:        38752 kB
KernelStack:       10344 kB
PageTables:        49744 kB
NFS_Unstable:          0 kB
Bounce:                0 kB
WritebackTmp:          0 kB
CommitLimit:     1989340 kB
Committed_AS:    5830344 kB
VmallocTotal:   34359738367 kB
VmallocUsed:           0 kB
VmallocChunk:          0 kB
Percpu:              292 kB
HardwareCorrupted:     0 kB
AnonHugePages:         0 kB
ShmemHugePages:        0 kB
ShmemPmdMapped:        0 kB
CmaTotal:              0 kB
CmaFree:               0 kB
HugePages_Total:       0
HugePages_Free:        0
HugePages_Rsvd:        0
HugePages_Surp:        0
Hugepagesize:       2048 kB
Hugetlb:               0 kB
DirectMap4k:      110528 kB
DirectMap2M:     1986560 kB


/proc/sys/kernel/threads-max (system-wide limit on the number of threads):
15550


/proc/sys/vm/max_map_count (maximum number of memory map areas a process may have):
65530


/proc/sys/kernel/pid_max (system-wide limit on number of process identifiers):
32768



container (cgroup) information:
container_type: cgroupv1
cpu_cpuset_cpus: 0
cpu_memory_nodes: 0
active_processor_count: 1
cpu_quota: -1
cpu_period: 100000
cpu_shares: -1
memory_limit_in_bytes: -1
memory_and_swap_limit_in_bytes: -2
memory_soft_limit_in_bytes: -1
memory_usage_in_bytes: 1742024704
memory_max_usage_in_bytes: 8261632

KVM virtualization detected
Steal ticks since vm start: 0
Steal ticks percentage since vm start:  0.000

CPU:total 1 (initial active 1) (1 cores per cpu, 1 threads per core) family 6 model 142 stepping 11, cmov, cx8, fxsr, mmx, sse, sse2, sse3, ssse3, sse4.1, sse4.2, popcnt, avx, avx2, aes, clmul, 3dnowpref, lzcnt, tsc, tscinvbit
CPU Model and flags from /proc/cpuinfo:
model name	: Intel(R) Core(TM) i5-8265U CPU @ 1.60GHz
flags		: fpu vme de pse tsc msr pae mce cx8 apic sep mtrr pge mca cmov pat pse36 clflush mmx fxsr sse sse2 ht syscall nx rdtscp lm constant_tsc rep_good nopl xtopology nonstop_tsc cpuid tsc_known_freq pni pclmulqdq monitor ssse3 cx16 pcid sse4_1 sse4_2 x2apic movbe popcnt aes xsave avx rdrand hypervisor lahf_lm abm 3dnowprefetch invpcid_single fsgsbase avx2 invpcid rdseed clflushopt flush_l1d arch_capabilities

Memory: 4k page, physical 2038764k(73520k free), swap 969960k(937744k free)

vm_info: OpenJDK 64-Bit Server VM (11.0.7+10-post-Ubuntu-2ubuntu218.04) for linux-amd64 JRE (11.0.7+10-post-Ubuntu-2ubuntu218.04), built on Apr 15 2020 21:12:54 by "unknown" with gcc 7.5.0

END.
