#
# A fatal error has been detected by the Java Runtime Environment:
#
#  SIGSEGV (0xb) at pc=0x00007f3f44342c7d, pid=22055, tid=22056
#
# JRE version: OpenJDK Runtime Environment (11.0.7+10) (build 11.0.7+10-post-Ubuntu-2ubuntu218.04)
# Java VM: OpenJDK 64-Bit Server VM (11.0.7+10-post-Ubuntu-2ubuntu218.04, mixed mode, sharing, tiered, compressed oops, serial gc, linux-amd64)
# Problematic frame:
# V  [libjvm.so+0x847c7d]
#
# Core dump will be written. Default location: Core dumps may be processed with "/usr/share/apport/apport %p %s %c %d %P %E" (or dumping to /home/yiyun/Compiler_Jasmin/Compiler_StudentID_HW3/core.22055)
#
# If you would like to submit a bug report, please visit:
#   https://bugs.launchpad.net/ubuntu/+source/openjdk-lts
#

---------------  S U M M A R Y ------------

Command Line: -Xverify:none Main

Host: Intel(R) Core(TM) i5-8265U CPU @ 1.60GHz, 1 cores, 1G, Ubuntu 18.04.3 LTS
Time: Mon May 25 16:32:45 2020 CST elapsed time: 0 seconds (0d 0h 0m 0s)

---------------  T H R E A D  ---------------

Current thread (0x00007f3f3c015800):  JavaThread "main" [_thread_in_vm, id=22056, stack(0x00007f3f45c74000,0x00007f3f45d75000)]

Stack: [0x00007f3f45c74000,0x00007f3f45d75000],  sp=0x00007f3f24929099,  free space=18014398508937940k
Native frames: (J=compiled Java code, A=aot compiled Java code, j=interpreted, Vv=VM code, C=native code)
V  [libjvm.so+0x847c7d]

Java frames: (J=compiled Java code, j=interpreted, Vv=VM code)
j  Main.main([Ljava/lang/String;)V+68
v  ~StubRoutines::call_stub

siginfo: si_signo: 11 (SIGSEGV), si_code: 128 (SI_KERNEL), si_addr: 0x0000000000000000

Register to memory mapping:

RAX=0x00007f3f24929139 is at code_begin+9721 in an Interpreter codelet
  18 ldc  [0x00007f3f24926b40, 0x00007f3f4924dbe0]  613576864 bytes
RBX=0x00007f3f3c015800 is a thread
RCX=0x0000000000000007 is an unknown value
RDX=0x0 is NULL
RSP=0x00007f3f24929099 is at code_begin+9561 in an Interpreter codelet
  18 ldc  [0x00007f3f24926b40, 0x00007f3f4924dbe0]  613576864 bytes
RBP=0x00007f3f24929229 is at code_begin+9961 in an Interpreter codelet
  18 ldc  [0x00007f3f24926b40, 0x00007f3f4924dbe0]  613576864 bytes
RSI=0x00007f3f2491a047 is at code_begin+39 in an Interpreter codelet
exception handling  [0x00007f3f2491a020, 0x00007f3f2491b060]  4160 bytes
RDI=0x00007f3f24915490 is at code_begin+-112 in 
[CodeBlob (0x00007f3f24915490)]
Framesize: 0
BufferBlob (0x00007f3f24915490) used for Interpreter
R8 =0x00007f3f2490d000 points into unknown readable memory: 04 00 00 00 00 00 00 00
R9 =0x0 is NULL
R10=0x0 is NULL
R11=0x00007f3f449a3f54: <offset 0x0000000000ea8f54> in /usr/lib/jvm/java-11-openjdk-amd64/lib/server/libjvm.so at 0x00007f3f43afb000
R12=0x00000000e0ecb080 points into unknown readable memory: 05 58 01 3c 3f 7f 00 00
R13=0x00007f3f418392ac is pointing into metadata
R14=0x00007f3f45d739f8 is pointing into the stack for thread: 0x00007f3f3c015800
R15=0x00007f3f3c015800 is a thread


Registers:
RAX=0x00007f3f24929139, RBX=0x00007f3f3c015800, RCX=0x0000000000000007, RDX=0x0000000000000000
RSP=0x00007f3f24929099, RBP=0x00007f3f24929229, RSI=0x00007f3f2491a047, RDI=0x00007f3f24915490
R8 =0x00007f3f2490d000, R9 =0x0000000000000000, R10=0x0000000000000000, R11=0x00007f3f449a3f54
R12=0x00000000e0ecb080, R13=0x00007f3f418392ac, R14=0x00007f3f45d739f8, R15=0x00007f3f3c015800
RIP=0x00007f3f44342c7d, EFLAGS=0x0000000000010246, CSGSFS=0x002b000000000033, ERR=0x0000000000000000
  TRAPNO=0x000000000000000d

Top of Stack: (sp=0x00007f3f24929099)
0x00007f3f24929098:   0000032097894d00 007f3f3c015b2049
0x00007f3f249290a8:   00033097894d0000 0000000000ba4900
0x00007f3f249290b8:   032897894d000000 7f814977f8c50000
0x00007f3f249290c8:   05840f0000000008 fffe46a8e9000000
0x00007f3f249290d8:   c8758b4cc06d8b4c 

Instructions: (pc=0x00007f3f44342c7d)
0x00007f3f44342b7d:   89 ff 48 8b 88 68 03 00 00 e8 35 31 ec ff 4c 89
0x00007f3f44342b8d:   ef e8 5d 84 39 00 49 83 3e 00 4c 8b 95 58 ff ff
0x00007f3f44342b9d:   ff 74 1e 48 8b b5 50 ff ff ff 4c 89 d7 e8 c1 b5
0x00007f3f44342bad:   b8 ff 4c 89 f7 e8 09 a6 b8 ff 4c 8b 95 58 ff ff
0x00007f3f44342bbd:   ff 48 8b 85 68 ff ff ff 4d 89 72 10 49 89 42 18
0x00007f3f44342bcd:   48 8b 85 60 ff ff ff 49 89 42 20 e9 61 fd ff ff
0x00007f3f44342bdd:   0f 1f 00 4c 89 ff e8 98 df 44 00 e9 a4 fe ff ff
0x00007f3f44342bed:   90 66 90 55 48 8d 87 20 03 00 00 48 89 e5 41 57
0x00007f3f44342bfd:   41 56 41 55 41 54 49 89 f4 53 48 89 fe 48 89 fb
0x00007f3f44342c0d:   48 81 ec 68 01 00 00 c7 87 b8 03 00 00 06 00 00
0x00007f3f44342c1d:   00 48 89 c7 48 89 85 78 fe ff ff 48 c7 85 e8 fe
0x00007f3f44342c2d:   ff ff 00 00 00 00 48 c7 85 e0 fe ff ff 00 00 00
0x00007f3f44342c3d:   00 48 c7 85 08 ff ff ff 00 00 00 00 48 c7 85 00
0x00007f3f44342c4d:   ff ff ff 00 00 00 00 48 c7 85 f0 fe ff ff 00 00
0x00007f3f44342c5d:   00 00 c7 85 f8 fe ff ff 02 00 00 00 e8 62 fb ec
0x00007f3f44342c6d:   ff 48 8d bd 10 ff ff ff 48 89 de e8 63 f0 54 00
0x00007f3f44342c7d:   66 0f 6f 85 10 ff ff ff 48 8d bd b0 fe ff ff 4c
0x00007f3f44342c8d:   89 e2 48 89 de 0f 29 85 e0 fe ff ff 66 0f 6f 85
0x00007f3f44342c9d:   20 ff ff ff 0f 29 85 f0 fe ff ff 66 0f 6f 85 30
0x00007f3f44342cad:   ff ff ff 0f 29 85 00 ff ff ff e8 94 63 b8 ff 48
0x00007f3f44342cbd:   8d 85 e0 fe ff ff 48 89 c7 48 89 85 a0 fe ff ff
0x00007f3f44342ccd:   e8 1e c2 ec ff 48 89 85 a8 fe ff ff 48 85 c0 49
0x00007f3f44342cdd:   89 c5 f3 0f 7e 85 a8 fe ff ff 48 89 9d a8 fe ff
0x00007f3f44342ced:   ff 0f 16 85 a8 fe ff ff 0f 29 85 c0 fe ff ff 74
0x00007f3f44342cfd:   29 4c 8b b3 80 02 00 00 49 63 16 41 3b 56 04 0f
0x00007f3f44342d0d:   84 de 06 00 00 49 8b 46 18 8d 4a 01 41 89 0e 4c
0x00007f3f44342d1d:   89 2c d0 4c 8b ad c0 fe ff ff 49 8b 45 08 4c 8b
0x00007f3f44342d2d:   70 08 48 89 9d d8 fe ff ff 4d 85 f6 4c 89 b5 d0
0x00007f3f44342d3d:   fe ff ff 74 24 4c 8b ab 80 02 00 00 49 63 55 00
0x00007f3f44342d4d:   41 3b 55 04 0f 84 39 07 00 00 49 8b 45 18 8d 4a
0x00007f3f44342d5d:   01 41 89 4d 00 4c 89 34 d0 48 8b bd a0 fe ff ff
0x00007f3f44342d6d:   e8 ae c1 ec ff 41 89 c5 8b 83 50 04 00 00 85 c0 




---------------  P R O C E S S  ---------------

Threads class SMR info:
_java_thread_list=0x00007f3f3c0a5dd0, length=9, elements={
0x00007f3f3c015800, 0x00007f3f3c051000, 0x00007f3f3c053000, 0x00007f3f3c05a000,
0x00007f3f3c05c800, 0x00007f3f3c05e800, 0x00007f3f3c060800, 0x00007f3f3c09b800,
0x00007f3f3c0a4800
}

Java Threads: ( => current thread )
=>0x00007f3f3c015800 JavaThread "main" [_thread_in_vm, id=22056, stack(0x00007f3f45c74000,0x00007f3f45d75000)]
  0x00007f3f3c051000 JavaThread "Reference Handler" daemon [_thread_blocked, id=22058, stack(0x00007f3f41132000,0x00007f3f41233000)]
  0x00007f3f3c053000 JavaThread "Finalizer" daemon [_thread_blocked, id=22059, stack(0x00007f3f41031000,0x00007f3f41132000)]
  0x00007f3f3c05a000 JavaThread "Signal Dispatcher" daemon [_thread_blocked, id=22060, stack(0x00007f3f40519000,0x00007f3f4061a000)]
  0x00007f3f3c05c800 JavaThread "C2 CompilerThread0" daemon [_thread_blocked, id=22061, stack(0x00007f3f40418000,0x00007f3f40519000)]
  0x00007f3f3c05e800 JavaThread "C1 CompilerThread0" daemon [_thread_blocked, id=22062, stack(0x00007f3f40317000,0x00007f3f40418000)]
  0x00007f3f3c060800 JavaThread "Sweeper thread" daemon [_thread_blocked, id=22063, stack(0x00007f3f40216000,0x00007f3f40317000)]
  0x00007f3f3c09b800 JavaThread "Service Thread" daemon [_thread_blocked, id=22064, stack(0x00007f3f40115000,0x00007f3f40216000)]
  0x00007f3f3c0a4800 JavaThread "Common-Cleaner" daemon [_thread_blocked, id=22066, stack(0x00007f3f2480c000,0x00007f3f2490d000)]

Other Threads:
  0x00007f3f3c04e000 VMThread "VM Thread" [stack: 0x00007f3f41235000,0x00007f3f41335000] [id=22057]
  0x00007f3f3c09d800 WatcherThread [stack: 0x00007f3f40015000,0x00007f3f40115000] [id=22065]

Threads with active compile tasks:

VM state:not at safepoint (normal execution)

VM Mutex/Monitor currently owned by a thread: None

Heap address: 0x00000000e0e00000, size: 498 MB, Compressed Oops mode: 32-bit
Narrow klass base: 0x0000000800000000, Narrow klass shift: 3
Compressed class space size: 1073741824 Address: 0x0000000840000000

Heap:
 def new generation   total 9792K, used 870K [0x00000000e0e00000, 0x00000000e18a0000, 0x00000000eb400000)
  eden space 8704K,  10% used [0x00000000e0e00000, 0x00000000e0ed9a20, 0x00000000e1680000)
  from space 1088K,   0% used [0x00000000e1680000, 0x00000000e1680000, 0x00000000e1790000)
  to   space 1088K,   0% used [0x00000000e1790000, 0x00000000e1790000, 0x00000000e18a0000)
 tenured generation   total 21888K, used 0K [0x00000000eb400000, 0x00000000ec960000, 0x0000000100000000)
   the space 21888K,   0% used [0x00000000eb400000, 0x00000000eb400000, 0x00000000eb400200, 0x00000000ec960000)
 Metaspace       used 240K, capacity 4486K, committed 4864K, reserved 1056768K
  class space    used 10K, capacity 386K, committed 512K, reserved 1048576K

Card table byte_map: [0x00007f3f41c5a000,0x00007f3f41d54000] _byte_map_base: 0x00007f3f41553000

Polling page: 0x00007f3f45d89000

Metaspace:

Usage:
  Non-class:      4.00 MB capacity,   229.41 KB (  6%) used,     3.78 MB ( 94%) free+waste,   128 bytes ( <1%) overhead. 
      Class:    386.00 KB capacity,    10.84 KB (  3%) used,   375.04 KB ( 97%) free+waste,   128 bytes ( <1%) overhead. 
       Both:      4.38 MB capacity,   240.25 KB (  5%) used,     4.15 MB ( 95%) free+waste,   256 bytes ( <1%) overhead. 

Virtual space:
  Non-class space:        8.00 MB reserved,       4.25 MB ( 53%) committed 
      Class space:        1.00 GB reserved,     512.00 KB ( <1%) committed 
             Both:        1.01 GB reserved,       4.75 MB ( <1%) committed 

Chunk freelists:
   Non-Class:  0 bytes
       Class:  0 bytes
        Both:  0 bytes

MaxMetaspaceSize: unlimited
CompressedClassSpaceSize: 1.00 GB

CodeHeap 'non-profiled nmethods': size=120036Kb used=18Kb max_used=18Kb free=120017Kb
 bounds [0x00007f3f2c3d4000, 0x00007f3f2c644000, 0x00007f3f3390d000]
CodeHeap 'profiled nmethods': size=120032Kb used=93Kb max_used=93Kb free=119939Kb
 bounds [0x00007f3f24e9c000, 0x00007f3f2510c000, 0x00007f3f2c3d4000]
CodeHeap 'non-nmethods': size=5692Kb used=994Kb max_used=996Kb free=4697Kb
 bounds [0x00007f3f2490d000, 0x00007f3f24b7d000, 0x00007f3f24e9c000]
 total_blobs=377 nmethods=71 adapters=168
 compilation: enabled
              stopped_count=0, restarted_count=0
 full_count=0

Compilation events (20 events):
Event: 0.171 Thread 0x00007f3f3c05e800   64       1       java.lang.Module::getDescriptor (5 bytes)
Event: 0.171 Thread 0x00007f3f3c05e800 nmethod 64 0x00007f3f2c3d8090 code [0x00007f3f2c3d8240, 0x00007f3f2c3d8370]
Event: 0.171 Thread 0x00007f3f3c05e800   58       1       java.lang.module.ResolvedModule::configuration (5 bytes)
Event: 0.171 Thread 0x00007f3f3c05e800 nmethod 58 0x00007f3f2c3d8410 code [0x00007f3f2c3d85c0, 0x00007f3f2c3d86f0]
Event: 0.171 Thread 0x00007f3f3c05e800   59       1       java.lang.module.ModuleDescriptor$Exports::targets (5 bytes)
Event: 0.171 Thread 0x00007f3f3c05e800 nmethod 59 0x00007f3f2c3d8790 code [0x00007f3f2c3d8940, 0x00007f3f2c3d8a70]
Event: 0.173 Thread 0x00007f3f3c05e800   65       3       java.lang.String::hashCode (49 bytes)
Event: 0.174 Thread 0x00007f3f3c05e800 nmethod 65 0x00007f3f24eb0d10 code [0x00007f3f24eb0f00, 0x00007f3f24eb1278]
Event: 0.176 Thread 0x00007f3f3c05e800   66       3       java.lang.CharacterDataLatin1::getProperties (11 bytes)
Event: 0.177 Thread 0x00007f3f3c05e800 nmethod 66 0x00007f3f24eb1390 code [0x00007f3f24eb1540, 0x00007f3f24eb16f0]
Event: 0.178 Thread 0x00007f3f3c05e800   67       3       jdk.internal.math.FDBigInteger::mult (64 bytes)
Event: 0.178 Thread 0x00007f3f3c05e800 nmethod 67 0x00007f3f24eb1810 code [0x00007f3f24eb19e0, 0x00007f3f24eb1c90]
Event: 0.178 Thread 0x00007f3f3c05e800   68       3       jdk.internal.math.FDBigInteger::<init> (30 bytes)
Event: 0.179 Thread 0x00007f3f3c05e800 nmethod 68 0x00007f3f24eb1e90 code [0x00007f3f24eb2060, 0x00007f3f24eb2288]
Event: 0.179 Thread 0x00007f3f3c05e800   69       3       jdk.internal.math.FDBigInteger::trimLeadingZeros (57 bytes)
Event: 0.179 Thread 0x00007f3f3c05e800 nmethod 69 0x00007f3f24eb2390 code [0x00007f3f24eb2560, 0x00007f3f24eb28d0]
Event: 0.179 Thread 0x00007f3f3c05e800   70       3       jdk.internal.math.FDBigInteger::makeImmutable (6 bytes)
Event: 0.179 Thread 0x00007f3f3c05e800 nmethod 70 0x00007f3f24eb2a10 code [0x00007f3f24eb2bc0, 0x00007f3f24eb2d30]
Event: 0.179 Thread 0x00007f3f3c05e800   71       3       jdk.internal.math.FDBigInteger::mult (44 bytes)
Event: 0.179 Thread 0x00007f3f3c05e800 nmethod 71 0x00007f3f24eb2d90 code [0x00007f3f24eb2f60, 0x00007f3f24eb32f8]

GC Heap History (0 events):
No events

Deoptimization events (4 events):
Event: 0.172 Thread 0x00007f3f3c015800 Uncommon trap: trap_request=0xffffff4d fr.pc=0x00007f3f2c3d6de0 relative=0x00000000000001c0
Event: 0.172 Thread 0x00007f3f3c015800 Uncommon trap: reason=unstable_if action=reinterpret pc=0x00007f3f2c3d6de0 method=java.lang.String.hashCode()I @ 14 c2
Event: 0.172 Thread 0x00007f3f3c015800 DEOPT PACKING pc=0x00007f3f2c3d6de0 sp=0x00007f3f45d721b0
Event: 0.172 Thread 0x00007f3f3c015800 DEOPT UNPACKING pc=0x00007f3f24935325 sp=0x00007f3f45d72168 mode 2

Classes redefined (0 events):
No events

Internal exceptions (1 events):
Event: 0.180 Thread 0x00007f3f3c015800 Exception <a 'java/lang/IllegalMonitorStateException'{0x00000000e0ecb080}> (0x00000000e0ecb080) thrown at [./src/hotspot/share/interpreter/interpreterRuntime.cpp, line 810]

Events (20 events):
Event: 0.174 Thread 0x00007f3f3c0a4800 Thread added: 0x00007f3f3c0a4800
Event: 0.175 loading class jdk/internal/math/FloatingDecimal
Event: 0.175 loading class jdk/internal/math/FloatingDecimal done
Event: 0.175 loading class jdk/internal/math/FloatingDecimal$ExceptionalBinaryToASCIIBuffer
Event: 0.175 loading class jdk/internal/math/FloatingDecimal$BinaryToASCIIConverter
Event: 0.175 loading class jdk/internal/math/FloatingDecimal$BinaryToASCIIConverter done
Event: 0.175 loading class jdk/internal/math/FloatingDecimal$ExceptionalBinaryToASCIIBuffer done
Event: 0.176 loading class jdk/internal/math/FloatingDecimal$BinaryToASCIIBuffer
Event: 0.176 loading class jdk/internal/math/FloatingDecimal$BinaryToASCIIBuffer done
Event: 0.176 loading class jdk/internal/math/FloatingDecimal$1
Event: 0.176 loading class jdk/internal/math/FloatingDecimal$1 done
Event: 0.176 loading class jdk/internal/math/FloatingDecimal$PreparedASCIIToBinaryBuffer
Event: 0.176 loading class jdk/internal/math/FloatingDecimal$ASCIIToBinaryConverter
Event: 0.176 loading class jdk/internal/math/FloatingDecimal$ASCIIToBinaryConverter done
Event: 0.176 loading class jdk/internal/math/FloatingDecimal$PreparedASCIIToBinaryBuffer done
Event: 0.176 Protecting memory [0x00007f3f2480c000,0x00007f3f24810000] with protection modes 0
Event: 0.176 Executing VM operation: RevokeBias
Event: 0.176 Executing VM operation: RevokeBias done
Event: 0.176 loading class jdk/internal/math/FDBigInteger
Event: 0.177 loading class jdk/internal/math/FDBigInteger done


Dynamic libraries:
e0e00000-e18a0000 rw-p 00000000 00:00 0 
e18a0000-eb400000 ---p 00000000 00:00 0 
eb400000-ec960000 rw-p 00000000 00:00 0 
ec960000-100000000 ---p 00000000 00:00 0 
800000000-800002000 rwxp 00001000 08:01 551457                           /usr/lib/jvm/java-11-openjdk-amd64/lib/server/classes.jsa
800002000-8003b8000 rw-p 00003000 08:01 551457                           /usr/lib/jvm/java-11-openjdk-amd64/lib/server/classes.jsa
8003b8000-800a7f000 r--p 003b9000 08:01 551457                           /usr/lib/jvm/java-11-openjdk-amd64/lib/server/classes.jsa
800a7f000-800a80000 rw-p 00a80000 08:01 551457                           /usr/lib/jvm/java-11-openjdk-amd64/lib/server/classes.jsa
800a80000-80108c000 r--p 00a81000 08:01 551457                           /usr/lib/jvm/java-11-openjdk-amd64/lib/server/classes.jsa
840000000-840080000 rw-p 00000000 00:00 0 
840080000-880000000 ---p 00000000 00:00 0 
562877187000-562877188000 r-xp 00000000 08:01 551084                     /usr/lib/jvm/java-11-openjdk-amd64/bin/java
562877388000-562877389000 r--p 00001000 08:01 551084                     /usr/lib/jvm/java-11-openjdk-amd64/bin/java
562877389000-56287738a000 rw-p 00002000 08:01 551084                     /usr/lib/jvm/java-11-openjdk-amd64/bin/java
562877955000-562877976000 rw-p 00000000 00:00 0                          [heap]
7f3f08000000-7f3f0807e000 rw-p 00000000 00:00 0 
7f3f0807e000-7f3f0c000000 ---p 00000000 00:00 0 
7f3f0c000000-7f3f0c021000 rw-p 00000000 00:00 0 
7f3f0c021000-7f3f10000000 ---p 00000000 00:00 0 
7f3f10000000-7f3f10021000 rw-p 00000000 00:00 0 
7f3f10021000-7f3f14000000 ---p 00000000 00:00 0 
7f3f14000000-7f3f1409a000 rw-p 00000000 00:00 0 
7f3f1409a000-7f3f18000000 ---p 00000000 00:00 0 
7f3f18000000-7f3f18021000 rw-p 00000000 00:00 0 
7f3f18021000-7f3f1c000000 ---p 00000000 00:00 0 
7f3f1c000000-7f3f1c021000 rw-p 00000000 00:00 0 
7f3f1c021000-7f3f20000000 ---p 00000000 00:00 0 
7f3f20000000-7f3f20021000 rw-p 00000000 00:00 0 
7f3f20021000-7f3f24000000 ---p 00000000 00:00 0 
7f3f2480c000-7f3f24810000 ---p 00000000 00:00 0 
7f3f24810000-7f3f2490d000 rw-p 00000000 00:00 0 
7f3f2490d000-7f3f24b7d000 rwxp 00000000 00:00 0 
7f3f24b7d000-7f3f24e9c000 ---p 00000000 00:00 0 
7f3f24e9c000-7f3f2510c000 rwxp 00000000 00:00 0 
7f3f2510c000-7f3f2c3d4000 ---p 00000000 00:00 0 
7f3f2c3d4000-7f3f2c644000 rwxp 00000000 00:00 0 
7f3f2c644000-7f3f3390d000 ---p 00000000 00:00 0 
7f3f3390d000-7f3f3c000000 r--s 00000000 08:01 551289                     /usr/lib/jvm/java-11-openjdk-amd64/lib/modules
7f3f3c000000-7f3f3c0b1000 rw-p 00000000 00:00 0 
7f3f3c0b1000-7f3f40000000 ---p 00000000 00:00 0 
7f3f40013000-7f3f40014000 ---p 00000000 00:00 0 
7f3f40014000-7f3f40115000 rw-p 00000000 00:00 0 
7f3f40115000-7f3f40119000 ---p 00000000 00:00 0 
7f3f40119000-7f3f40216000 rw-p 00000000 00:00 0 
7f3f40216000-7f3f4021a000 ---p 00000000 00:00 0 
7f3f4021a000-7f3f40317000 rw-p 00000000 00:00 0 
7f3f40317000-7f3f4031b000 ---p 00000000 00:00 0 
7f3f4031b000-7f3f40418000 rw-p 00000000 00:00 0 
7f3f40418000-7f3f4041c000 ---p 00000000 00:00 0 
7f3f4041c000-7f3f40519000 rw-p 00000000 00:00 0 
7f3f40519000-7f3f4051d000 ---p 00000000 00:00 0 
7f3f4051d000-7f3f4061a000 rw-p 00000000 00:00 0 
7f3f4061a000-7f3f41031000 r--p 00000000 08:01 660771                     /usr/lib/locale/locale-archive
7f3f41031000-7f3f41035000 ---p 00000000 00:00 0 
7f3f41035000-7f3f41132000 rw-p 00000000 00:00 0 
7f3f41132000-7f3f41136000 ---p 00000000 00:00 0 
7f3f41136000-7f3f41233000 rw-p 00000000 00:00 0 
7f3f41233000-7f3f41234000 ---p 00000000 00:00 0 
7f3f41234000-7f3f41879000 rw-p 00000000 00:00 0 
7f3f41879000-7f3f41c39000 ---p 00000000 00:00 0 
7f3f41c39000-7f3f41c60000 rw-p 00000000 00:00 0 
7f3f41c60000-7f3f41cad000 ---p 00000000 00:00 0 
7f3f41cad000-7f3f41cb8000 rw-p 00000000 00:00 0 
7f3f41cb8000-7f3f41d53000 ---p 00000000 00:00 0 
7f3f41d53000-7f3f41d59000 rw-p 00000000 00:00 0 
7f3f41d59000-7f3f41e3f000 ---p 00000000 00:00 0 
7f3f41e3f000-7f3f41e44000 rw-p 00000000 00:00 0 
7f3f41e44000-7f3f41f2a000 ---p 00000000 00:00 0 
7f3f41f2a000-7f3f41f2f000 r-xp 00000000 08:01 551271                     /usr/lib/jvm/java-11-openjdk-amd64/lib/libjimage.so
7f3f41f2f000-7f3f4212e000 ---p 00005000 08:01 551271                     /usr/lib/jvm/java-11-openjdk-amd64/lib/libjimage.so
7f3f4212e000-7f3f4212f000 r--p 00004000 08:01 551271                     /usr/lib/jvm/java-11-openjdk-amd64/lib/libjimage.so
7f3f4212f000-7f3f42130000 rw-p 00005000 08:01 551271                     /usr/lib/jvm/java-11-openjdk-amd64/lib/libjimage.so
7f3f42130000-7f3f42137000 r-xp 00000000 08:01 551288                     /usr/lib/jvm/java-11-openjdk-amd64/lib/libzip.so
7f3f42137000-7f3f42336000 ---p 00007000 08:01 551288                     /usr/lib/jvm/java-11-openjdk-amd64/lib/libzip.so
7f3f42336000-7f3f42337000 r--p 00006000 08:01 551288                     /usr/lib/jvm/java-11-openjdk-amd64/lib/libzip.so
7f3f42337000-7f3f42338000 rw-p 00007000 08:01 551288                     /usr/lib/jvm/java-11-openjdk-amd64/lib/libzip.so
7f3f42338000-7f3f42343000 r-xp 00000000 08:01 399660                     /lib/x86_64-linux-gnu/libnss_files-2.27.so
7f3f42343000-7f3f42542000 ---p 0000b000 08:01 399660                     /lib/x86_64-linux-gnu/libnss_files-2.27.so
7f3f42542000-7f3f42543000 r--p 0000a000 08:01 399660                     /lib/x86_64-linux-gnu/libnss_files-2.27.so
7f3f42543000-7f3f42544000 rw-p 0000b000 08:01 399660                     /lib/x86_64-linux-gnu/libnss_files-2.27.so
7f3f42544000-7f3f4254a000 rw-p 00000000 00:00 0 
7f3f4254a000-7f3f42561000 r-xp 00000000 08:01 399654                     /lib/x86_64-linux-gnu/libnsl-2.27.so
7f3f42561000-7f3f42760000 ---p 00017000 08:01 399654                     /lib/x86_64-linux-gnu/libnsl-2.27.so
7f3f42760000-7f3f42761000 r--p 00016000 08:01 399654                     /lib/x86_64-linux-gnu/libnsl-2.27.so
7f3f42761000-7f3f42762000 rw-p 00017000 08:01 399654                     /lib/x86_64-linux-gnu/libnsl-2.27.so
7f3f42762000-7f3f42764000 rw-p 00000000 00:00 0 
7f3f42764000-7f3f4276f000 r-xp 00000000 08:01 399671                     /lib/x86_64-linux-gnu/libnss_nis-2.27.so
7f3f4276f000-7f3f4296e000 ---p 0000b000 08:01 399671                     /lib/x86_64-linux-gnu/libnss_nis-2.27.so
7f3f4296e000-7f3f4296f000 r--p 0000a000 08:01 399671                     /lib/x86_64-linux-gnu/libnss_nis-2.27.so
7f3f4296f000-7f3f42970000 rw-p 0000b000 08:01 399671                     /lib/x86_64-linux-gnu/libnss_nis-2.27.so
7f3f42970000-7f3f42978000 r-xp 00000000 08:01 399656                     /lib/x86_64-linux-gnu/libnss_compat-2.27.so
7f3f42978000-7f3f42b78000 ---p 00008000 08:01 399656                     /lib/x86_64-linux-gnu/libnss_compat-2.27.so
7f3f42b78000-7f3f42b79000 r--p 00008000 08:01 399656                     /lib/x86_64-linux-gnu/libnss_compat-2.27.so
7f3f42b79000-7f3f42b7a000 rw-p 00009000 08:01 399656                     /lib/x86_64-linux-gnu/libnss_compat-2.27.so
7f3f42b7a000-7f3f42ba3000 r-xp 00000000 08:01 551267                     /usr/lib/jvm/java-11-openjdk-amd64/lib/libjava.so
7f3f42ba3000-7f3f42da2000 ---p 00029000 08:01 551267                     /usr/lib/jvm/java-11-openjdk-amd64/lib/libjava.so
7f3f42da2000-7f3f42da3000 r--p 00028000 08:01 551267                     /usr/lib/jvm/java-11-openjdk-amd64/lib/libjava.so
7f3f42da3000-7f3f42da5000 rw-p 00029000 08:01 551267                     /usr/lib/jvm/java-11-openjdk-amd64/lib/libjava.so
7f3f42da5000-7f3f42db2000 r-xp 00000000 08:01 551287                     /usr/lib/jvm/java-11-openjdk-amd64/lib/libverify.so
7f3f42db2000-7f3f42fb1000 ---p 0000d000 08:01 551287                     /usr/lib/jvm/java-11-openjdk-amd64/lib/libverify.so
7f3f42fb1000-7f3f42fb3000 r--p 0000c000 08:01 551287                     /usr/lib/jvm/java-11-openjdk-amd64/lib/libverify.so
7f3f42fb3000-7f3f42fb4000 rw-p 0000e000 08:01 551287                     /usr/lib/jvm/java-11-openjdk-amd64/lib/libverify.so
7f3f42fb4000-7f3f42fbb000 r-xp 00000000 08:01 399711                     /lib/x86_64-linux-gnu/librt-2.27.so
7f3f42fbb000-7f3f431ba000 ---p 00007000 08:01 399711                     /lib/x86_64-linux-gnu/librt-2.27.so
7f3f431ba000-7f3f431bb000 r--p 00006000 08:01 399711                     /lib/x86_64-linux-gnu/librt-2.27.so
7f3f431bb000-7f3f431bc000 rw-p 00007000 08:01 399711                     /lib/x86_64-linux-gnu/librt-2.27.so
7f3f431bc000-7f3f431d3000 r-xp 00000000 08:01 399607                     /lib/x86_64-linux-gnu/libgcc_s.so.1
7f3f431d3000-7f3f433d2000 ---p 00017000 08:01 399607                     /lib/x86_64-linux-gnu/libgcc_s.so.1
7f3f433d2000-7f3f433d3000 r--p 00016000 08:01 399607                     /lib/x86_64-linux-gnu/libgcc_s.so.1
7f3f433d3000-7f3f433d4000 rw-p 00017000 08:01 399607                     /lib/x86_64-linux-gnu/libgcc_s.so.1
7f3f433d4000-7f3f43571000 r-xp 00000000 08:01 399633                     /lib/x86_64-linux-gnu/libm-2.27.so
7f3f43571000-7f3f43770000 ---p 0019d000 08:01 399633                     /lib/x86_64-linux-gnu/libm-2.27.so
7f3f43770000-7f3f43771000 r--p 0019c000 08:01 399633                     /lib/x86_64-linux-gnu/libm-2.27.so
7f3f43771000-7f3f43772000 rw-p 0019d000 08:01 399633                     /lib/x86_64-linux-gnu/libm-2.27.so
7f3f43772000-7f3f438eb000 r-xp 00000000 08:01 665875                     /usr/lib/x86_64-linux-gnu/libstdc++.so.6.0.25
7f3f438eb000-7f3f43aeb000 ---p 00179000 08:01 665875                     /usr/lib/x86_64-linux-gnu/libstdc++.so.6.0.25
7f3f43aeb000-7f3f43af5000 r--p 00179000 08:01 665875                     /usr/lib/x86_64-linux-gnu/libstdc++.so.6.0.25
7f3f43af5000-7f3f43af7000 rw-p 00183000 08:01 665875                     /usr/lib/x86_64-linux-gnu/libstdc++.so.6.0.25
7f3f43af7000-7f3f43afb000 rw-p 00000000 00:00 0 
7f3f43afb000-7f3f44bd8000 r-xp 00000000 08:01 551294                     /usr/lib/jvm/java-11-openjdk-amd64/lib/server/libjvm.so
7f3f44bd8000-7f3f44dd7000 ---p 010dd000 08:01 551294                     /usr/lib/jvm/java-11-openjdk-amd64/lib/server/libjvm.so
7f3f44dd7000-7f3f44e94000 r--p 010dc000 08:01 551294                     /usr/lib/jvm/java-11-openjdk-amd64/lib/server/libjvm.so
7f3f44e94000-7f3f44ece000 rw-p 01199000 08:01 551294                     /usr/lib/jvm/java-11-openjdk-amd64/lib/server/libjvm.so
7f3f44ece000-7f3f44f24000 rw-p 00000000 00:00 0 
7f3f44f24000-7f3f44f3e000 r-xp 00000000 08:01 399703                     /lib/x86_64-linux-gnu/libpthread-2.27.so
7f3f44f3e000-7f3f4513d000 ---p 0001a000 08:01 399703                     /lib/x86_64-linux-gnu/libpthread-2.27.so
7f3f4513d000-7f3f4513e000 r--p 00019000 08:01 399703                     /lib/x86_64-linux-gnu/libpthread-2.27.so
7f3f4513e000-7f3f4513f000 rw-p 0001a000 08:01 399703                     /lib/x86_64-linux-gnu/libpthread-2.27.so
7f3f4513f000-7f3f45143000 rw-p 00000000 00:00 0 
7f3f45143000-7f3f45146000 r-xp 00000000 08:01 399593                     /lib/x86_64-linux-gnu/libdl-2.27.so
7f3f45146000-7f3f45345000 ---p 00003000 08:01 399593                     /lib/x86_64-linux-gnu/libdl-2.27.so
7f3f45345000-7f3f45346000 r--p 00002000 08:01 399593                     /lib/x86_64-linux-gnu/libdl-2.27.so
7f3f45346000-7f3f45347000 rw-p 00003000 08:01 399593                     /lib/x86_64-linux-gnu/libdl-2.27.so
7f3f45347000-7f3f45363000 r-xp 00000000 08:01 399742                     /lib/x86_64-linux-gnu/libz.so.1.2.11
7f3f45363000-7f3f45562000 ---p 0001c000 08:01 399742                     /lib/x86_64-linux-gnu/libz.so.1.2.11
7f3f45562000-7f3f45563000 r--p 0001b000 08:01 399742                     /lib/x86_64-linux-gnu/libz.so.1.2.11
7f3f45563000-7f3f45564000 rw-p 0001c000 08:01 399742                     /lib/x86_64-linux-gnu/libz.so.1.2.11
7f3f45564000-7f3f4574b000 r-xp 00000000 08:01 399570                     /lib/x86_64-linux-gnu/libc-2.27.so
7f3f4574b000-7f3f4594b000 ---p 001e7000 08:01 399570                     /lib/x86_64-linux-gnu/libc-2.27.so
7f3f4594b000-7f3f4594f000 r--p 001e7000 08:01 399570                     /lib/x86_64-linux-gnu/libc-2.27.so
7f3f4594f000-7f3f45951000 rw-p 001eb000 08:01 399570                     /lib/x86_64-linux-gnu/libc-2.27.so
7f3f45951000-7f3f45955000 rw-p 00000000 00:00 0 
7f3f45955000-7f3f45965000 r-xp 00000000 08:01 551251                     /usr/lib/jvm/java-11-openjdk-amd64/lib/jli/libjli.so
7f3f45965000-7f3f45b64000 ---p 00010000 08:01 551251                     /usr/lib/jvm/java-11-openjdk-amd64/lib/jli/libjli.so
7f3f45b64000-7f3f45b65000 r--p 0000f000 08:01 551251                     /usr/lib/jvm/java-11-openjdk-amd64/lib/jli/libjli.so
7f3f45b65000-7f3f45b66000 rw-p 00010000 08:01 551251                     /usr/lib/jvm/java-11-openjdk-amd64/lib/jli/libjli.so
7f3f45b66000-7f3f45b8d000 r-xp 00000000 08:01 399542                     /lib/x86_64-linux-gnu/ld-2.27.so
7f3f45ba0000-7f3f45bcc000 rw-p 00000000 00:00 0 
7f3f45bcc000-7f3f45c68000 ---p 00000000 00:00 0 
7f3f45c68000-7f3f45c6d000 rw-p 00000000 00:00 0 
7f3f45c6d000-7f3f45c74000 ---p 00000000 00:00 0 
7f3f45c74000-7f3f45c78000 ---p 00000000 00:00 0 
7f3f45c78000-7f3f45d77000 rw-p 00000000 00:00 0 
7f3f45d7f000-7f3f45d81000 r--s 00007000 08:01 551452                     /usr/share/java/java-atk-wrapper.jar
7f3f45d81000-7f3f45d89000 rw-s 00000000 08:01 1052439                    /tmp/hsperfdata_yiyun/22055
7f3f45d89000-7f3f45d8a000 ---p 00000000 00:00 0 
7f3f45d8a000-7f3f45d8b000 r--p 00000000 00:00 0 
7f3f45d8b000-7f3f45d8d000 rw-p 00000000 00:00 0 
7f3f45d8d000-7f3f45d8e000 r--p 00027000 08:01 399542                     /lib/x86_64-linux-gnu/ld-2.27.so
7f3f45d8e000-7f3f45d8f000 rw-p 00028000 08:01 399542                     /lib/x86_64-linux-gnu/ld-2.27.so
7f3f45d8f000-7f3f45d90000 rw-p 00000000 00:00 0 
7ffc4b939000-7ffc4b95a000 rw-p 00000000 00:00 0                          [stack]
7ffc4b9d7000-7ffc4b9da000 r--p 00000000 00:00 0                          [vvar]
7ffc4b9da000-7ffc4b9db000 r-xp 00000000 00:00 0                          [vdso]
ffffffffff600000-ffffffffff601000 r-xp 00000000 00:00 0                  [vsyscall]


VM Arguments:
jvm_args: -Xverify:none 
java_command: Main
java_class_path (initial): .
Launcher Type: SUN_STANDARD

[Global flags]
     bool BytecodeVerificationLocal                = false                                     {product} {command line}
     bool BytecodeVerificationRemote               = false                                     {product} {command line}
     intx CICompilerCount                          = 2                                         {product} {ergonomic}
   size_t InitialHeapSize                          = 33554432                                  {product} {ergonomic}
   size_t MaxHeapSize                              = 522190848                                 {product} {ergonomic}
   size_t MaxNewSize                               = 174063616                                 {product} {ergonomic}
   size_t MinHeapDeltaBytes                        = 196608                                    {product} {ergonomic}
   size_t NewSize                                  = 11141120                                  {product} {ergonomic}
    uintx NonNMethodCodeHeapSize                   = 5825164                                {pd product} {ergonomic}
    uintx NonProfiledCodeHeapSize                  = 122916538                              {pd product} {ergonomic}
   size_t OldSize                                  = 22413312                                  {product} {ergonomic}
    uintx ProfiledCodeHeapSize                     = 122916538                              {pd product} {ergonomic}
    uintx ReservedCodeCacheSize                    = 251658240                              {pd product} {ergonomic}
     bool SegmentedCodeCache                       = true                                      {product} {ergonomic}
     bool UseCompressedClassPointers               = true                                 {lp64_product} {ergonomic}
     bool UseCompressedOops                        = true                                 {lp64_product} {ergonomic}
     bool UseSerialGC                              = true                                      {product} {ergonomic}

Logging:
Log output configuration:
 #0: stdout all=warning uptime,level,tags
 #1: stderr all=off uptime,level,tags

Environment Variables:
PATH=/home/yiyun/.local/bin:/usr/local/sbin:/usr/local/bin:/usr/sbin:/usr/bin:/sbin:/bin:/usr/games:/usr/local/games:/snap/bin
USERNAME=yiyun
SHELL=/bin/bash
DISPLAY=:0

Signal Handlers:
SIGSEGV: [libjvm.so+0xdf8d00], sa_mask[0]=11111111011111111101111111111110, sa_flags=SA_RESTART|SA_SIGINFO
SIGBUS: [libjvm.so+0xdf8d00], sa_mask[0]=11111111011111111101111111111110, sa_flags=SA_RESTART|SA_SIGINFO
SIGFPE: [libjvm.so+0xdf8d00], sa_mask[0]=11111111011111111101111111111110, sa_flags=SA_RESTART|SA_SIGINFO
SIGPIPE: [libjvm.so+0xbcbc30], sa_mask[0]=11111111011111111101111111111110, sa_flags=SA_RESTART|SA_SIGINFO
SIGXFSZ: [libjvm.so+0xbcbc30], sa_mask[0]=11111111011111111101111111111110, sa_flags=SA_RESTART|SA_SIGINFO
SIGILL: [libjvm.so+0xdf8d00], sa_mask[0]=11111111011111111101111111111110, sa_flags=SA_RESTART|SA_SIGINFO
SIGUSR2: [libjvm.so+0xbcbad0], sa_mask[0]=00000000000000000000000000000000, sa_flags=SA_RESTART|SA_SIGINFO
SIGHUP: [libjvm.so+0xbcbe30], sa_mask[0]=11111111011111111101111111111110, sa_flags=SA_RESTART|SA_SIGINFO
SIGINT: [libjvm.so+0xbcbe30], sa_mask[0]=11111111011111111101111111111110, sa_flags=SA_RESTART|SA_SIGINFO
SIGTERM: [libjvm.so+0xbcbe30], sa_mask[0]=11111111011111111101111111111110, sa_flags=SA_RESTART|SA_SIGINFO
SIGQUIT: [libjvm.so+0xbcbe30], sa_mask[0]=11111111011111111101111111111110, sa_flags=SA_RESTART|SA_SIGINFO


---------------  S Y S T E M  ---------------

OS:DISTRIB_ID=Ubuntu
DISTRIB_RELEASE=18.04
DISTRIB_CODENAME=bionic
DISTRIB_DESCRIPTION="Ubuntu 18.04.3 LTS"
uname:Linux 5.0.0-36-generic #39~18.04.1-Ubuntu SMP Tue Nov 12 11:09:50 UTC 2019 x86_64
OS uptime: 0 days 11:23 hours
libc:glibc 2.27 NPTL 2.27 
rlimit: STACK 8192k, CORE 0k, NPROC 7775, NOFILE 4096, AS infinity, CPU infinity, DATA infinity, FSIZE infinity
load average:0.47 0.67 0.58

/proc/meminfo:
MemTotal:        2038764 kB
MemFree:          111240 kB
MemAvailable:     530028 kB
Buffers:          143032 kB
Cached:           440600 kB
SwapCached:        52868 kB
Active:          1177460 kB
Inactive:         503760 kB
Active(anon):     871124 kB
Inactive(anon):   291368 kB
Active(file):     306336 kB
Inactive(file):   212392 kB
Unevictable:          16 kB
Mlocked:              16 kB
SwapTotal:        969960 kB
SwapFree:         536808 kB
Dirty:               112 kB
Writeback:             0 kB
AnonPages:       1091420 kB
Mapped:           286744 kB
Shmem:             73508 kB
KReclaimable:      63308 kB
Slab:             104176 kB
SReclaimable:      63308 kB
SUnreclaim:        40868 kB
KernelStack:       10568 kB
PageTables:        52604 kB
NFS_Unstable:          0 kB
Bounce:                0 kB
WritebackTmp:          0 kB
CommitLimit:     1989340 kB
Committed_AS:    6503060 kB
VmallocTotal:   34359738367 kB
VmallocUsed:           0 kB
VmallocChunk:          0 kB
Percpu:              304 kB
HardwareCorrupted:     0 kB
AnonHugePages:         0 kB
ShmemHugePages:        0 kB
ShmemPmdMapped:        0 kB
CmaTotal:              0 kB
CmaFree:               0 kB
HugePages_Total:       0
HugePages_Free:        0
HugePages_Rsvd:        0
HugePages_Surp:        0
Hugepagesize:       2048 kB
Hugetlb:               0 kB
DirectMap4k:      155584 kB
DirectMap2M:     1941504 kB


/proc/sys/kernel/threads-max (system-wide limit on the number of threads):
15550


/proc/sys/vm/max_map_count (maximum number of memory map areas a process may have):
65530


/proc/sys/kernel/pid_max (system-wide limit on number of process identifiers):
32768



container (cgroup) information:
container_type: cgroupv1
cpu_cpuset_cpus: 0
cpu_memory_nodes: 0
active_processor_count: 1
cpu_quota: -1
cpu_period: 100000
cpu_shares: -1
memory_limit_in_bytes: -1
memory_and_swap_limit_in_bytes: -2
memory_soft_limit_in_bytes: -1
memory_usage_in_bytes: 1716178944
memory_max_usage_in_bytes: 30167040

KVM virtualization detected
Steal ticks since vm start: 0
Steal ticks percentage since vm start:  0.000

CPU:total 1 (initial active 1) (1 cores per cpu, 1 threads per core) family 6 model 142 stepping 11, cmov, cx8, fxsr, mmx, sse, sse2, sse3, ssse3, sse4.1, sse4.2, popcnt, avx, avx2, aes, clmul, 3dnowpref, lzcnt, tsc, tscinvbit
CPU Model and flags from /proc/cpuinfo:
model name	: Intel(R) Core(TM) i5-8265U CPU @ 1.60GHz
flags		: fpu vme de pse tsc msr pae mce cx8 apic sep mtrr pge mca cmov pat pse36 clflush mmx fxsr sse sse2 ht syscall nx rdtscp lm constant_tsc rep_good nopl xtopology nonstop_tsc cpuid tsc_known_freq pni pclmulqdq monitor ssse3 cx16 pcid sse4_1 sse4_2 x2apic movbe popcnt aes xsave avx rdrand hypervisor lahf_lm abm 3dnowprefetch invpcid_single fsgsbase avx2 invpcid rdseed clflushopt flush_l1d arch_capabilities

Memory: 4k page, physical 2038764k(111240k free), swap 969960k(536808k free)

vm_info: OpenJDK 64-Bit Server VM (11.0.7+10-post-Ubuntu-2ubuntu218.04) for linux-amd64 JRE (11.0.7+10-post-Ubuntu-2ubuntu218.04), built on Apr 15 2020 21:12:54 by "unknown" with gcc 7.5.0

END.
