#
# A fatal error has been detected by the Java Runtime Environment:
#
#  Internal Error (generateOopMap.cpp:2164), pid=31272, tid=31274
#  fatal error: Illegal class file encountered. Try running with -Xverify:all in method main
#
# JRE version: OpenJDK Runtime Environment (11.0.7+10) (build 11.0.7+10-post-Ubuntu-2ubuntu218.04)
# Java VM: OpenJDK 64-Bit Server VM (11.0.7+10-post-Ubuntu-2ubuntu218.04, mixed mode, sharing, tiered, compressed oops, serial gc, linux-amd64)
# Core dump will be written. Default location: Core dumps may be processed with "/usr/share/apport/apport %p %s %c %d %P %E" (or dumping to /home/yiyun/Compiler_Jasmin/Compiler_StudentID_HW3/core.31272)
#
# If you would like to submit a bug report, please visit:
#   https://bugs.launchpad.net/ubuntu/+source/openjdk-lts
#

---------------  S U M M A R Y ------------

Command Line: -Xverify:none Main

Host: Intel(R) Core(TM) i5-8265U CPU @ 1.60GHz, 1 cores, 1G, Ubuntu 18.04.3 LTS
Time: Sun Jun  7 17:36:21 2020 CST elapsed time: 2 seconds (0d 0h 0m 2s)

---------------  T H R E A D  ---------------

Current thread (0x00007f527c04e000):  VMThread "VM Thread" [stack: 0x00007f52814fb000,0x00007f52815fb000] [id=31274]

Stack: [0x00007f52814fb000,0x00007f52815fb000],  sp=0x00007f52815f6d10,  free space=1007k
Native frames: (J=compiled Java code, A=aot compiled Java code, j=interpreted, Vv=VM code, C=native code)
V  [libjvm.so+0xdf8009]
V  [libjvm.so+0xdf8c5f]
V  [libjvm.so+0x6513fa]
V  [libjvm.so+0x7b8978]
V  [libjvm.so+0x7b8a4b]
V  [libjvm.so+0x7bda38]
V  [libjvm.so+0x7c018d]
V  [libjvm.so+0x7c0539]
V  [libjvm.so+0xbbdb8a]
V  [libjvm.so+0xbbe7d5]
V  [libjvm.so+0xb4ab1a]
V  [libjvm.so+0x714fd4]
V  [libjvm.so+0xd7e727]
V  [libjvm.so+0xd83ba2]
V  [libjvm.so+0x7aee5d]
V  [libjvm.so+0x6587c5]
V  [libjvm.so+0x7b0117]
V  [libjvm.so+0x7b0aa6]
V  [libjvm.so+0x7b19f8]
V  [libjvm.so+0xdf92df]
V  [libjvm.so+0xdfa8d8]
V  [libjvm.so+0xe00a96]
V  [libjvm.so+0xe00fa0]
V  [libjvm.so+0xe01423]
V  [libjvm.so+0xd85acf]
V  [libjvm.so+0xbd59de]

JavaThread 0x00007f527c015800 (nid = 31273) was being processed
Java frames: (J=compiled Java code, j=interpreted, Vv=VM code)
v  ~RuntimeStub::_new_instance_Java
J 167 c2 java.io.PrintStream.write(Ljava/lang/String;)V java.base@11.0.7 (83 bytes) @ 0x00007f526c3ddc00 [0x00007f526c3dd240+0x00000000000009c0]
J 185 c2 java.io.PrintStream.print(Ljava/lang/String;)V java.base@11.0.7 (9 bytes) @ 0x00007f526c3e3188 [0x00007f526c3e3140+0x0000000000000048]
j  Main.main([Ljava/lang/String;)V+377
v  ~StubRoutines::call_stub
VM_Operation (0x00007f5286008740): GenCollectForAllocation, mode: safepoint, requested by thread 0x00007f527c015800


---------------  P R O C E S S  ---------------

Threads class SMR info:
_java_thread_list=0x00007f527c0ad730, length=9, elements={
0x00007f527c015800, 0x00007f527c051000, 0x00007f527c053000, 0x00007f527c05a000,
0x00007f527c05c800, 0x00007f527c05e800, 0x00007f527c060800, 0x00007f527c0a3000,
0x00007f527c0ac000
}

Java Threads: ( => current thread )
  0x00007f527c015800 JavaThread "main" [_thread_blocked, id=31273, stack(0x00007f5285f3a000,0x00007f528603b000)]
  0x00007f527c051000 JavaThread "Reference Handler" daemon [_thread_blocked, id=31275, stack(0x00007f52813f8000,0x00007f52814f9000)]
  0x00007f527c053000 JavaThread "Finalizer" daemon [_thread_blocked, id=31276, stack(0x00007f52812f7000,0x00007f52813f8000)]
  0x00007f527c05a000 JavaThread "Signal Dispatcher" daemon [_thread_blocked, id=31277, stack(0x00007f52807df000,0x00007f52808e0000)]
  0x00007f527c05c800 JavaThread "C2 CompilerThread0" daemon [_thread_blocked, id=31278, stack(0x00007f52806de000,0x00007f52807df000)]
  0x00007f527c05e800 JavaThread "C1 CompilerThread0" daemon [_thread_blocked, id=31279, stack(0x00007f52805dd000,0x00007f52806de000)]
  0x00007f527c060800 JavaThread "Sweeper thread" daemon [_thread_blocked, id=31280, stack(0x00007f52804dc000,0x00007f52805dd000)]
  0x00007f527c0a3000 JavaThread "Service Thread" daemon [_thread_blocked, id=31281, stack(0x00007f52803db000,0x00007f52804dc000)]
  0x00007f527c0ac000 JavaThread "Common-Cleaner" daemon [_thread_blocked, id=31283, stack(0x00007f52801d8000,0x00007f52802d9000)]

Other Threads:
=>0x00007f527c04e000 VMThread "VM Thread" [stack: 0x00007f52814fb000,0x00007f52815fb000] [id=31274]
  0x00007f527c0a5000 WatcherThread [stack: 0x00007f52802db000,0x00007f52803db000] [id=31282]

Threads with active compile tasks:

VM state:at safepoint (normal execution)

VM Mutex/Monitor currently owned by a thread:  ([mutex/lock_event])
[0x00007f527c0118d0] Threads_lock - owner thread: 0x00007f527c04e000
[0x00007f527c0120b0] Heap_lock - owner thread: 0x00007f527c015800

Heap address: 0x00000000e0e00000, size: 498 MB, Compressed Oops mode: 32-bit
Narrow klass base: 0x0000000800000000, Narrow klass shift: 3
Compressed class space size: 1073741824 Address: 0x0000000840000000

Heap:
 def new generation   total 9792K, used 8704K [0x00000000e0e00000, 0x00000000e18a0000, 0x00000000eb400000)
  eden space 8704K, 100% used [0x00000000e0e00000, 0x00000000e1680000, 0x00000000e1680000)
  from space 1088K,   0% used [0x00000000e1680000, 0x00000000e1680000, 0x00000000e1790000)
  to   space 1088K,   9% used [0x00000000e1790000, 0x00000000e17a88d8, 0x00000000e18a0000)
 tenured generation   total 21888K, used 0K [0x00000000eb400000, 0x00000000ec960000, 0x0000000100000000)
   the space 21888K,   0% used [0x00000000eb400000, 0x00000000eb400000, 0x00000000eb400200, 0x00000000ec960000)
 Metaspace       used 236K, capacity 4486K, committed 4864K, reserved 1056768K
  class space    used 5K, capacity 386K, committed 512K, reserved 1048576K

Card table byte_map: [0x00007f5281f20000,0x00007f528201a000] _byte_map_base: 0x00007f5281819000

Polling page: 0x00007f528604f000

Metaspace:

Usage:
  Non-class:      4.00 MB capacity,   230.35 KB (  6%) used,     3.78 MB ( 94%) free+waste,   128 bytes ( <1%) overhead. 
      Class:    386.00 KB capacity,     5.67 KB (  1%) used,   380.20 KB ( 98%) free+waste,   128 bytes ( <1%) overhead. 
       Both:      4.38 MB capacity,   236.02 KB (  5%) used,     4.15 MB ( 95%) free+waste,   256 bytes ( <1%) overhead. 

Virtual space:
  Non-class space:        8.00 MB reserved,       4.25 MB ( 53%) committed 
      Class space:        1.00 GB reserved,     512.00 KB ( <1%) committed 
             Both:        1.01 GB reserved,       4.75 MB ( <1%) committed 

Chunk freelists:
   Non-Class:  0 bytes
       Class:  0 bytes
        Both:  0 bytes

MaxMetaspaceSize: unlimited
CompressedClassSpaceSize: 1.00 GB

CodeHeap 'non-profiled nmethods': size=120036Kb used=60Kb max_used=60Kb free=119975Kb
 bounds [0x00007f526c3d4000, 0x00007f526c644000, 0x00007f527390d000]
CodeHeap 'profiled nmethods': size=120032Kb used=265Kb max_used=265Kb free=119766Kb
 bounds [0x00007f5264e9c000, 0x00007f526510c000, 0x00007f526c3d4000]
CodeHeap 'non-nmethods': size=5692Kb used=987Kb max_used=1009Kb free=4704Kb
 bounds [0x00007f526490d000, 0x00007f5264b7d000, 0x00007f5264e9c000]
 total_blobs=505 nmethods=174 adapters=155
 compilation: enabled
              stopped_count=0, restarted_count=0
 full_count=0

Compilation events (20 events):
Event: 0.868 Thread 0x00007f527c05c800  165       4       java.lang.String::checkBoundsOffCount (61 bytes)
Event: 0.869 Thread 0x00007f527c05c800 nmethod 165 0x00007f526c3dba90 code [0x00007f526c3dbc20, 0x00007f526c3dbcb8]
Event: 0.869 Thread 0x00007f527c05c800  166       4       java.lang.StringLatin1::inflate (34 bytes)
Event: 1.031 Thread 0x00007f527c05c800 nmethod 166 0x00007f526c3dbd90 code [0x00007f526c3dbf20, 0x00007f526c3dc018]
Event: 1.031 Thread 0x00007f527c05c800  168   !   4       java.io.BufferedWriter::write (117 bytes)
Event: 1.049 Thread 0x00007f527c05c800 nmethod 168 0x00007f526c3dc110 code [0x00007f526c3dc2c0, 0x00007f526c3dca78]
Event: 1.049 Thread 0x00007f527c05c800  167   !   4       java.io.PrintStream::write (83 bytes)
Event: 1.455 Thread 0x00007f527c05c800 nmethod 167 0x00007f526c3dcf90 code [0x00007f526c3dd240, 0x00007f526c3df9f0]
Event: 1.455 Thread 0x00007f527c05c800  176       4       sun.nio.cs.UTF_8$Encoder::encodeArrayLoop (489 bytes)
Event: 1.757 Thread 0x00007f527c05c800 nmethod 176 0x00007f526c3e1310 code [0x00007f526c3e14c0, 0x00007f526c3e1898]
Event: 1.767 Thread 0x00007f527c05c800  181       4       java.lang.Integer::stringSize (47 bytes)
Event: 1.768 Thread 0x00007f527c05c800 nmethod 181 0x00007f526c3e1c90 code [0x00007f526c3e1e20, 0x00007f526c3e1e98]
Event: 1.769 Thread 0x00007f527c05c800  182       4       java.lang.Integer::getChars (131 bytes)
Event: 1.779 Thread 0x00007f527c05c800 nmethod 182 0x00007f526c3e1f90 code [0x00007f526c3e2120, 0x00007f526c3e2238]
Event: 1.779 Thread 0x00007f527c05c800  183       4       java.io.PrintStream::print (9 bytes)
Event: 1.803 Thread 0x00007f527c05c800 nmethod 183 0x00007f526c3e2390 code [0x00007f526c3e2540, 0x00007f526c3e27a8]
Event: 1.803 Thread 0x00007f527c05c800  184       4       java.lang.Integer::toString (55 bytes)
Event: 2.007 Thread 0x00007f527c05c800 nmethod 184 0x00007f526c3e2a10 code [0x00007f526c3e2bc0, 0x00007f526c3e2dd8]
Event: 2.007 Thread 0x00007f527c05c800  185       4       java.io.PrintStream::print (9 bytes)
Event: 2.068 Thread 0x00007f527c05c800 nmethod 185 0x00007f526c3e2f90 code [0x00007f526c3e3140, 0x00007f526c3e31e8]

GC Heap History (1 events):
Event: 2.834 GC heap before
{Heap before GC invocations=0 (full 0):
 def new generation   total 9792K, used 8704K [0x00000000e0e00000, 0x00000000e18a0000, 0x00000000eb400000)
  eden space 8704K, 100% used [0x00000000e0e00000, 0x00000000e1680000, 0x00000000e1680000)
  from space 1088K,   0% used [0x00000000e1680000, 0x00000000e1680000, 0x00000000e1790000)
  to   space 1088K,   0% used [0x00000000e1790000, 0x00000000e1790000, 0x00000000e18a0000)
 tenured generation   total 21888K, used 0K [0x00000000eb400000, 0x00000000ec960000, 0x0000000100000000)
   the space 21888K,   0% used [0x00000000eb400000, 0x00000000eb400000, 0x00000000eb400200, 0x00000000ec960000)
 Metaspace       used 236K, capacity 4486K, committed 4864K, reserved 1056768K
  class space    used 5K, capacity 386K, committed 512K, reserved 1048576K
}

Deoptimization events (4 events):
Event: 0.410 Thread 0x00007f527c015800 Uncommon trap: trap_request=0xffffff4d fr.pc=0x00007f526c3d8e60 relative=0x00000000000001c0
Event: 0.410 Thread 0x00007f527c015800 Uncommon trap: reason=unstable_if action=reinterpret pc=0x00007f526c3d8e60 method=java.lang.String.hashCode()I @ 14 c2
Event: 0.410 Thread 0x00007f527c015800 DEOPT PACKING pc=0x00007f526c3d8e60 sp=0x00007f52860381b0
Event: 0.410 Thread 0x00007f527c015800 DEOPT UNPACKING pc=0x00007f5264935325 sp=0x00007f5286038168 mode 2

Classes redefined (0 events):
No events

Internal exceptions (0 events):
No events

Events (20 events):
Event: 0.106 Protecting memory [0x00007f52805dd000,0x00007f52805e1000] with protection modes 0
Event: 0.107 Thread 0x00007f527c060800 Thread added: 0x00007f527c060800
Event: 0.114 Protecting memory [0x00007f52804dc000,0x00007f52804e0000] with protection modes 0
Event: 0.353 Thread 0x00007f527c0a3000 Thread added: 0x00007f527c0a3000
Event: 0.353 Executing VM operation: EnableBiasedLocking
Event: 0.406 Protecting memory [0x00007f52803db000,0x00007f52803df000] with protection modes 0
Event: 0.406 Executing VM operation: EnableBiasedLocking done
Event: 0.406 loading class jdk/internal/vm/PostVMInitHook
Event: 0.407 loading class jdk/internal/vm/PostVMInitHook done
Event: 0.409 loading class Main
Event: 0.409 loading class Main done
Event: 0.413 loading class jdk/internal/loader/URLClassPath$FileLoader
Event: 0.413 loading class jdk/internal/loader/URLClassPath$FileLoader done
Event: 0.415 loading class jdk/internal/loader/URLClassPath$FileLoader$1
Event: 0.415 loading class jdk/internal/loader/URLClassPath$FileLoader$1 done
Event: 0.417 Thread 0x00007f527c0ac000 Thread added: 0x00007f527c0ac000
Event: 0.422 Protecting memory [0x00007f52801d8000,0x00007f52801dc000] with protection modes 0
Event: 0.422 Executing VM operation: RevokeBias
Event: 0.423 Executing VM operation: RevokeBias done
Event: 2.834 Executing VM operation: GenCollectForAllocation


Dynamic libraries:
e0e00000-e18a0000 rw-p 00000000 00:00 0 
e18a0000-eb400000 ---p 00000000 00:00 0 
eb400000-ec960000 rw-p 00000000 00:00 0 
ec960000-100000000 ---p 00000000 00:00 0 
800000000-800002000 rwxp 00001000 08:01 551457                           /usr/lib/jvm/java-11-openjdk-amd64/lib/server/classes.jsa
800002000-8003b8000 rw-p 00003000 08:01 551457                           /usr/lib/jvm/java-11-openjdk-amd64/lib/server/classes.jsa
8003b8000-800a7f000 r--p 003b9000 08:01 551457                           /usr/lib/jvm/java-11-openjdk-amd64/lib/server/classes.jsa
800a7f000-800a80000 rw-p 00a80000 08:01 551457                           /usr/lib/jvm/java-11-openjdk-amd64/lib/server/classes.jsa
800a80000-80108c000 r--p 00a81000 08:01 551457                           /usr/lib/jvm/java-11-openjdk-amd64/lib/server/classes.jsa
840000000-840080000 rw-p 00000000 00:00 0 
840080000-880000000 ---p 00000000 00:00 0 
55ab5f85d000-55ab5f85e000 r-xp 00000000 08:01 551084                     /usr/lib/jvm/java-11-openjdk-amd64/bin/java
55ab5fa5e000-55ab5fa5f000 r--p 00001000 08:01 551084                     /usr/lib/jvm/java-11-openjdk-amd64/bin/java
55ab5fa5f000-55ab5fa60000 rw-p 00002000 08:01 551084                     /usr/lib/jvm/java-11-openjdk-amd64/bin/java
55ab60434000-55ab60455000 rw-p 00000000 00:00 0                          [heap]
7f5248000000-7f52480ea000 rw-p 00000000 00:00 0 
7f52480ea000-7f524c000000 ---p 00000000 00:00 0 
7f524c000000-7f524c021000 rw-p 00000000 00:00 0 
7f524c021000-7f5250000000 ---p 00000000 00:00 0 
7f5250000000-7f5250021000 rw-p 00000000 00:00 0 
7f5250021000-7f5254000000 ---p 00000000 00:00 0 
7f5254000000-7f525453f000 rw-p 00000000 00:00 0 
7f525453f000-7f5258000000 ---p 00000000 00:00 0 
7f5258000000-7f5258021000 rw-p 00000000 00:00 0 
7f5258021000-7f525c000000 ---p 00000000 00:00 0 
7f525c000000-7f525c021000 rw-p 00000000 00:00 0 
7f525c021000-7f5260000000 ---p 00000000 00:00 0 
7f5260000000-7f5260021000 rw-p 00000000 00:00 0 
7f5260021000-7f5264000000 ---p 00000000 00:00 0 
7f526490d000-7f5264b7d000 rwxp 00000000 00:00 0 
7f5264b7d000-7f5264e9c000 ---p 00000000 00:00 0 
7f5264e9c000-7f526510c000 rwxp 00000000 00:00 0 
7f526510c000-7f526c3d4000 ---p 00000000 00:00 0 
7f526c3d4000-7f526c644000 rwxp 00000000 00:00 0 
7f526c644000-7f527390d000 ---p 00000000 00:00 0 
7f527390d000-7f527c000000 r--s 00000000 08:01 551289                     /usr/lib/jvm/java-11-openjdk-amd64/lib/modules
7f527c000000-7f527c0b4000 rw-p 00000000 00:00 0 
7f527c0b4000-7f5280000000 ---p 00000000 00:00 0 
7f52801d8000-7f52801dc000 ---p 00000000 00:00 0 
7f52801dc000-7f52802d9000 rw-p 00000000 00:00 0 
7f52802d9000-7f52802da000 ---p 00000000 00:00 0 
7f52802da000-7f52803db000 rw-p 00000000 00:00 0 
7f52803db000-7f52803df000 ---p 00000000 00:00 0 
7f52803df000-7f52804dc000 rw-p 00000000 00:00 0 
7f52804dc000-7f52804e0000 ---p 00000000 00:00 0 
7f52804e0000-7f52805dd000 rw-p 00000000 00:00 0 
7f52805dd000-7f52805e1000 ---p 00000000 00:00 0 
7f52805e1000-7f52806de000 rw-p 00000000 00:00 0 
7f52806de000-7f52806e2000 ---p 00000000 00:00 0 
7f52806e2000-7f52807df000 rw-p 00000000 00:00 0 
7f52807df000-7f52807e3000 ---p 00000000 00:00 0 
7f52807e3000-7f52808e0000 rw-p 00000000 00:00 0 
7f52808e0000-7f52812f7000 r--p 00000000 08:01 660771                     /usr/lib/locale/locale-archive
7f52812f7000-7f52812fb000 ---p 00000000 00:00 0 
7f52812fb000-7f52813f8000 rw-p 00000000 00:00 0 
7f52813f8000-7f52813fc000 ---p 00000000 00:00 0 
7f52813fc000-7f52814f9000 rw-p 00000000 00:00 0 
7f52814f9000-7f52814fa000 ---p 00000000 00:00 0 
7f52814fa000-7f5281b3f000 rw-p 00000000 00:00 0 
7f5281b3f000-7f5281eff000 ---p 00000000 00:00 0 
7f5281eff000-7f5281f26000 rw-p 00000000 00:00 0 
7f5281f26000-7f5281f73000 ---p 00000000 00:00 0 
7f5281f73000-7f5281f7e000 rw-p 00000000 00:00 0 
7f5281f7e000-7f5282019000 ---p 00000000 00:00 0 
7f5282019000-7f528201f000 rw-p 00000000 00:00 0 
7f528201f000-7f5282105000 ---p 00000000 00:00 0 
7f5282105000-7f528210a000 rw-p 00000000 00:00 0 
7f528210a000-7f52821f0000 ---p 00000000 00:00 0 
7f52821f0000-7f52821f5000 r-xp 00000000 08:01 551271                     /usr/lib/jvm/java-11-openjdk-amd64/lib/libjimage.so
7f52821f5000-7f52823f4000 ---p 00005000 08:01 551271                     /usr/lib/jvm/java-11-openjdk-amd64/lib/libjimage.so
7f52823f4000-7f52823f5000 r--p 00004000 08:01 551271                     /usr/lib/jvm/java-11-openjdk-amd64/lib/libjimage.so
7f52823f5000-7f52823f6000 rw-p 00005000 08:01 551271                     /usr/lib/jvm/java-11-openjdk-amd64/lib/libjimage.so
7f52823f6000-7f52823fd000 r-xp 00000000 08:01 551288                     /usr/lib/jvm/java-11-openjdk-amd64/lib/libzip.so
7f52823fd000-7f52825fc000 ---p 00007000 08:01 551288                     /usr/lib/jvm/java-11-openjdk-amd64/lib/libzip.so
7f52825fc000-7f52825fd000 r--p 00006000 08:01 551288                     /usr/lib/jvm/java-11-openjdk-amd64/lib/libzip.so
7f52825fd000-7f52825fe000 rw-p 00007000 08:01 551288                     /usr/lib/jvm/java-11-openjdk-amd64/lib/libzip.so
7f52825fe000-7f5282609000 r-xp 00000000 08:01 399660                     /lib/x86_64-linux-gnu/libnss_files-2.27.so
7f5282609000-7f5282808000 ---p 0000b000 08:01 399660                     /lib/x86_64-linux-gnu/libnss_files-2.27.so
7f5282808000-7f5282809000 r--p 0000a000 08:01 399660                     /lib/x86_64-linux-gnu/libnss_files-2.27.so
7f5282809000-7f528280a000 rw-p 0000b000 08:01 399660                     /lib/x86_64-linux-gnu/libnss_files-2.27.so
7f528280a000-7f5282810000 rw-p 00000000 00:00 0 
7f5282810000-7f5282827000 r-xp 00000000 08:01 399654                     /lib/x86_64-linux-gnu/libnsl-2.27.so
7f5282827000-7f5282a26000 ---p 00017000 08:01 399654                     /lib/x86_64-linux-gnu/libnsl-2.27.so
7f5282a26000-7f5282a27000 r--p 00016000 08:01 399654                     /lib/x86_64-linux-gnu/libnsl-2.27.so
7f5282a27000-7f5282a28000 rw-p 00017000 08:01 399654                     /lib/x86_64-linux-gnu/libnsl-2.27.so
7f5282a28000-7f5282a2a000 rw-p 00000000 00:00 0 
7f5282a2a000-7f5282a35000 r-xp 00000000 08:01 399671                     /lib/x86_64-linux-gnu/libnss_nis-2.27.so
7f5282a35000-7f5282c34000 ---p 0000b000 08:01 399671                     /lib/x86_64-linux-gnu/libnss_nis-2.27.so
7f5282c34000-7f5282c35000 r--p 0000a000 08:01 399671                     /lib/x86_64-linux-gnu/libnss_nis-2.27.so
7f5282c35000-7f5282c36000 rw-p 0000b000 08:01 399671                     /lib/x86_64-linux-gnu/libnss_nis-2.27.so
7f5282c36000-7f5282c3e000 r-xp 00000000 08:01 399656                     /lib/x86_64-linux-gnu/libnss_compat-2.27.so
7f5282c3e000-7f5282e3e000 ---p 00008000 08:01 399656                     /lib/x86_64-linux-gnu/libnss_compat-2.27.so
7f5282e3e000-7f5282e3f000 r--p 00008000 08:01 399656                     /lib/x86_64-linux-gnu/libnss_compat-2.27.so
7f5282e3f000-7f5282e40000 rw-p 00009000 08:01 399656                     /lib/x86_64-linux-gnu/libnss_compat-2.27.so
7f5282e40000-7f5282e69000 r-xp 00000000 08:01 551267                     /usr/lib/jvm/java-11-openjdk-amd64/lib/libjava.so
7f5282e69000-7f5283068000 ---p 00029000 08:01 551267                     /usr/lib/jvm/java-11-openjdk-amd64/lib/libjava.so
7f5283068000-7f5283069000 r--p 00028000 08:01 551267                     /usr/lib/jvm/java-11-openjdk-amd64/lib/libjava.so
7f5283069000-7f528306b000 rw-p 00029000 08:01 551267                     /usr/lib/jvm/java-11-openjdk-amd64/lib/libjava.so
7f528306b000-7f5283078000 r-xp 00000000 08:01 551287                     /usr/lib/jvm/java-11-openjdk-amd64/lib/libverify.so
7f5283078000-7f5283277000 ---p 0000d000 08:01 551287                     /usr/lib/jvm/java-11-openjdk-amd64/lib/libverify.so
7f5283277000-7f5283279000 r--p 0000c000 08:01 551287                     /usr/lib/jvm/java-11-openjdk-amd64/lib/libverify.so
7f5283279000-7f528327a000 rw-p 0000e000 08:01 551287                     /usr/lib/jvm/java-11-openjdk-amd64/lib/libverify.so
7f528327a000-7f5283281000 r-xp 00000000 08:01 399711                     /lib/x86_64-linux-gnu/librt-2.27.so
7f5283281000-7f5283480000 ---p 00007000 08:01 399711                     /lib/x86_64-linux-gnu/librt-2.27.so
7f5283480000-7f5283481000 r--p 00006000 08:01 399711                     /lib/x86_64-linux-gnu/librt-2.27.so
7f5283481000-7f5283482000 rw-p 00007000 08:01 399711                     /lib/x86_64-linux-gnu/librt-2.27.so
7f5283482000-7f5283499000 r-xp 00000000 08:01 399607                     /lib/x86_64-linux-gnu/libgcc_s.so.1
7f5283499000-7f5283698000 ---p 00017000 08:01 399607                     /lib/x86_64-linux-gnu/libgcc_s.so.1
7f5283698000-7f5283699000 r--p 00016000 08:01 399607                     /lib/x86_64-linux-gnu/libgcc_s.so.1
7f5283699000-7f528369a000 rw-p 00017000 08:01 399607                     /lib/x86_64-linux-gnu/libgcc_s.so.1
7f528369a000-7f5283837000 r-xp 00000000 08:01 399633                     /lib/x86_64-linux-gnu/libm-2.27.so
7f5283837000-7f5283a36000 ---p 0019d000 08:01 399633                     /lib/x86_64-linux-gnu/libm-2.27.so
7f5283a36000-7f5283a37000 r--p 0019c000 08:01 399633                     /lib/x86_64-linux-gnu/libm-2.27.so
7f5283a37000-7f5283a38000 rw-p 0019d000 08:01 399633                     /lib/x86_64-linux-gnu/libm-2.27.so
7f5283a38000-7f5283bb1000 r-xp 00000000 08:01 665875                     /usr/lib/x86_64-linux-gnu/libstdc++.so.6.0.25
7f5283bb1000-7f5283db1000 ---p 00179000 08:01 665875                     /usr/lib/x86_64-linux-gnu/libstdc++.so.6.0.25
7f5283db1000-7f5283dbb000 r--p 00179000 08:01 665875                     /usr/lib/x86_64-linux-gnu/libstdc++.so.6.0.25
7f5283dbb000-7f5283dbd000 rw-p 00183000 08:01 665875                     /usr/lib/x86_64-linux-gnu/libstdc++.so.6.0.25
7f5283dbd000-7f5283dc1000 rw-p 00000000 00:00 0 
7f5283dc1000-7f5284e9e000 r-xp 00000000 08:01 551294                     /usr/lib/jvm/java-11-openjdk-amd64/lib/server/libjvm.so
7f5284e9e000-7f528509d000 ---p 010dd000 08:01 551294                     /usr/lib/jvm/java-11-openjdk-amd64/lib/server/libjvm.so
7f528509d000-7f528515a000 r--p 010dc000 08:01 551294                     /usr/lib/jvm/java-11-openjdk-amd64/lib/server/libjvm.so
7f528515a000-7f5285194000 rw-p 01199000 08:01 551294                     /usr/lib/jvm/java-11-openjdk-amd64/lib/server/libjvm.so
7f5285194000-7f52851ea000 rw-p 00000000 00:00 0 
7f52851ea000-7f5285204000 r-xp 00000000 08:01 399703                     /lib/x86_64-linux-gnu/libpthread-2.27.so
7f5285204000-7f5285403000 ---p 0001a000 08:01 399703                     /lib/x86_64-linux-gnu/libpthread-2.27.so
7f5285403000-7f5285404000 r--p 00019000 08:01 399703                     /lib/x86_64-linux-gnu/libpthread-2.27.so
7f5285404000-7f5285405000 rw-p 0001a000 08:01 399703                     /lib/x86_64-linux-gnu/libpthread-2.27.so
7f5285405000-7f5285409000 rw-p 00000000 00:00 0 
7f5285409000-7f528540c000 r-xp 00000000 08:01 399593                     /lib/x86_64-linux-gnu/libdl-2.27.so
7f528540c000-7f528560b000 ---p 00003000 08:01 399593                     /lib/x86_64-linux-gnu/libdl-2.27.so
7f528560b000-7f528560c000 r--p 00002000 08:01 399593                     /lib/x86_64-linux-gnu/libdl-2.27.so
7f528560c000-7f528560d000 rw-p 00003000 08:01 399593                     /lib/x86_64-linux-gnu/libdl-2.27.so
7f528560d000-7f5285629000 r-xp 00000000 08:01 399742                     /lib/x86_64-linux-gnu/libz.so.1.2.11
7f5285629000-7f5285828000 ---p 0001c000 08:01 399742                     /lib/x86_64-linux-gnu/libz.so.1.2.11
7f5285828000-7f5285829000 r--p 0001b000 08:01 399742                     /lib/x86_64-linux-gnu/libz.so.1.2.11
7f5285829000-7f528582a000 rw-p 0001c000 08:01 399742                     /lib/x86_64-linux-gnu/libz.so.1.2.11
7f528582a000-7f5285a11000 r-xp 00000000 08:01 399570                     /lib/x86_64-linux-gnu/libc-2.27.so
7f5285a11000-7f5285c11000 ---p 001e7000 08:01 399570                     /lib/x86_64-linux-gnu/libc-2.27.so
7f5285c11000-7f5285c15000 r--p 001e7000 08:01 399570                     /lib/x86_64-linux-gnu/libc-2.27.so
7f5285c15000-7f5285c17000 rw-p 001eb000 08:01 399570                     /lib/x86_64-linux-gnu/libc-2.27.so
7f5285c17000-7f5285c1b000 rw-p 00000000 00:00 0 
7f5285c1b000-7f5285c2b000 r-xp 00000000 08:01 551251                     /usr/lib/jvm/java-11-openjdk-amd64/lib/jli/libjli.so
7f5285c2b000-7f5285e2a000 ---p 00010000 08:01 551251                     /usr/lib/jvm/java-11-openjdk-amd64/lib/jli/libjli.so
7f5285e2a000-7f5285e2b000 r--p 0000f000 08:01 551251                     /usr/lib/jvm/java-11-openjdk-amd64/lib/jli/libjli.so
7f5285e2b000-7f5285e2c000 rw-p 00010000 08:01 551251                     /usr/lib/jvm/java-11-openjdk-amd64/lib/jli/libjli.so
7f5285e2c000-7f5285e53000 r-xp 00000000 08:01 399542                     /lib/x86_64-linux-gnu/ld-2.27.so
7f5285e66000-7f5285e92000 rw-p 00000000 00:00 0 
7f5285e92000-7f5285f2e000 ---p 00000000 00:00 0 
7f5285f2e000-7f5285f33000 rw-p 00000000 00:00 0 
7f5285f33000-7f5285f3a000 ---p 00000000 00:00 0 
7f5285f3a000-7f5285f3e000 ---p 00000000 00:00 0 
7f5285f3e000-7f528603d000 rw-p 00000000 00:00 0 
7f5286045000-7f5286047000 r--s 00007000 08:01 551452                     /usr/share/java/java-atk-wrapper.jar
7f5286047000-7f528604f000 rw-s 00000000 08:01 1052441                    /tmp/hsperfdata_yiyun/31272
7f528604f000-7f5286050000 ---p 00000000 00:00 0 
7f5286050000-7f5286051000 r--p 00000000 00:00 0 
7f5286051000-7f5286053000 rw-p 00000000 00:00 0 
7f5286053000-7f5286054000 r--p 00027000 08:01 399542                     /lib/x86_64-linux-gnu/ld-2.27.so
7f5286054000-7f5286055000 rw-p 00028000 08:01 399542                     /lib/x86_64-linux-gnu/ld-2.27.so
7f5286055000-7f5286056000 rw-p 00000000 00:00 0 
7ffd7862a000-7ffd7864b000 rw-p 00000000 00:00 0                          [stack]
7ffd787b7000-7ffd787ba000 r--p 00000000 00:00 0                          [vvar]
7ffd787ba000-7ffd787bb000 r-xp 00000000 00:00 0                          [vdso]
ffffffffff600000-ffffffffff601000 r-xp 00000000 00:00 0                  [vsyscall]


VM Arguments:
jvm_args: -Xverify:none 
java_command: Main
java_class_path (initial): .
Launcher Type: SUN_STANDARD

[Global flags]
     bool BytecodeVerificationLocal                = false                                     {product} {command line}
     bool BytecodeVerificationRemote               = false                                     {product} {command line}
     intx CICompilerCount                          = 2                                         {product} {ergonomic}
   size_t InitialHeapSize                          = 33554432                                  {product} {ergonomic}
   size_t MaxHeapSize                              = 522190848                                 {product} {ergonomic}
   size_t MaxNewSize                               = 174063616                                 {product} {ergonomic}
   size_t MinHeapDeltaBytes                        = 196608                                    {product} {ergonomic}
   size_t NewSize                                  = 11141120                                  {product} {ergonomic}
    uintx NonNMethodCodeHeapSize                   = 5825164                                {pd product} {ergonomic}
    uintx NonProfiledCodeHeapSize                  = 122916538                              {pd product} {ergonomic}
   size_t OldSize                                  = 22413312                                  {product} {ergonomic}
    uintx ProfiledCodeHeapSize                     = 122916538                              {pd product} {ergonomic}
    uintx ReservedCodeCacheSize                    = 251658240                              {pd product} {ergonomic}
     bool SegmentedCodeCache                       = true                                      {product} {ergonomic}
     bool UseCompressedClassPointers               = true                                 {lp64_product} {ergonomic}
     bool UseCompressedOops                        = true                                 {lp64_product} {ergonomic}
     bool UseSerialGC                              = true                                      {product} {ergonomic}

Logging:
Log output configuration:
 #0: stdout all=warning uptime,level,tags
 #1: stderr all=off uptime,level,tags

Environment Variables:
PATH=/home/yiyun/.local/bin:/usr/local/sbin:/usr/local/bin:/usr/sbin:/usr/bin:/sbin:/bin:/usr/games:/usr/local/games:/snap/bin
USERNAME=yiyun
SHELL=/bin/bash
DISPLAY=:0

Signal Handlers:
SIGSEGV: [libjvm.so+0xdf8d00], sa_mask[0]=11111111011111111101111111111110, sa_flags=SA_RESTART|SA_SIGINFO
SIGBUS: [libjvm.so+0xdf8d00], sa_mask[0]=11111111011111111101111111111110, sa_flags=SA_RESTART|SA_SIGINFO
SIGFPE: [libjvm.so+0xdf8d00], sa_mask[0]=11111111011111111101111111111110, sa_flags=SA_RESTART|SA_SIGINFO
SIGPIPE: [libjvm.so+0xbcbc30], sa_mask[0]=11111111011111111101111111111110, sa_flags=SA_RESTART|SA_SIGINFO
SIGXFSZ: [libjvm.so+0xbcbc30], sa_mask[0]=11111111011111111101111111111110, sa_flags=SA_RESTART|SA_SIGINFO
SIGILL: [libjvm.so+0xdf8d00], sa_mask[0]=11111111011111111101111111111110, sa_flags=SA_RESTART|SA_SIGINFO
SIGUSR2: [libjvm.so+0xbcbad0], sa_mask[0]=00000000000000000000000000000000, sa_flags=SA_RESTART|SA_SIGINFO
SIGHUP: [libjvm.so+0xbcbe30], sa_mask[0]=11111111011111111101111111111110, sa_flags=SA_RESTART|SA_SIGINFO
SIGINT: [libjvm.so+0xbcbe30], sa_mask[0]=11111111011111111101111111111110, sa_flags=SA_RESTART|SA_SIGINFO
SIGTERM: [libjvm.so+0xbcbe30], sa_mask[0]=11111111011111111101111111111110, sa_flags=SA_RESTART|SA_SIGINFO
SIGQUIT: [libjvm.so+0xbcbe30], sa_mask[0]=11111111011111111101111111111110, sa_flags=SA_RESTART|SA_SIGINFO


---------------  S Y S T E M  ---------------

OS:DISTRIB_ID=Ubuntu
DISTRIB_RELEASE=18.04
DISTRIB_CODENAME=bionic
DISTRIB_DESCRIPTION="Ubuntu 18.04.3 LTS"
uname:Linux 5.0.0-36-generic #39~18.04.1-Ubuntu SMP Tue Nov 12 11:09:50 UTC 2019 x86_64
OS uptime: 1 days 10:57 hours
libc:glibc 2.27 NPTL 2.27 
rlimit: STACK 8192k, CORE 0k, NPROC 7775, NOFILE 4096, AS infinity, CPU infinity, DATA infinity, FSIZE infinity
load average:2.83 2.04 1.51

/proc/meminfo:
MemTotal:        2038764 kB
MemFree:           82756 kB
MemAvailable:     405968 kB
Buffers:           24836 kB
Cached:           465500 kB
SwapCached:        46932 kB
Active:          1198696 kB
Inactive:         531784 kB
Active(anon):     974704 kB
Inactive(anon):   316060 kB
Active(file):     223992 kB
Inactive(file):   215724 kB
Unevictable:          16 kB
Mlocked:              16 kB
SwapTotal:        969960 kB
SwapFree:         381672 kB
Dirty:               520 kB
Writeback:             0 kB
AnonPages:       1238576 kB
Mapped:           211608 kB
Shmem:             59296 kB
KReclaimable:      38372 kB
Slab:              79608 kB
SReclaimable:      38372 kB
SUnreclaim:        41236 kB
KernelStack:       10640 kB
PageTables:        54772 kB
NFS_Unstable:          0 kB
Bounce:                0 kB
WritebackTmp:          0 kB
CommitLimit:     1989340 kB
Committed_AS:    6790332 kB
VmallocTotal:   34359738367 kB
VmallocUsed:           0 kB
VmallocChunk:          0 kB
Percpu:              304 kB
HardwareCorrupted:     0 kB
AnonHugePages:         0 kB
ShmemHugePages:        0 kB
ShmemPmdMapped:        0 kB
CmaTotal:              0 kB
CmaFree:               0 kB
HugePages_Total:       0
HugePages_Free:        0
HugePages_Rsvd:        0
HugePages_Surp:        0
Hugepagesize:       2048 kB
Hugetlb:               0 kB
DirectMap4k:      155584 kB
DirectMap2M:     1941504 kB


/proc/sys/kernel/threads-max (system-wide limit on the number of threads):
15550


/proc/sys/vm/max_map_count (maximum number of memory map areas a process may have):
65530


/proc/sys/kernel/pid_max (system-wide limit on number of process identifiers):
32768



container (cgroup) information:
container_type: cgroupv1
cpu_cpuset_cpus: 0
cpu_memory_nodes: 0
active_processor_count: 1
cpu_quota: -1
cpu_period: 100000
cpu_shares: -1
memory_limit_in_bytes: -1
memory_and_swap_limit_in_bytes: -2
memory_soft_limit_in_bytes: -1
memory_usage_in_bytes: 1771126784
memory_max_usage_in_bytes: 49299456

KVM virtualization detected
Steal ticks since vm start: 0
Steal ticks percentage since vm start:  0.000

CPU:total 1 (initial active 1) (1 cores per cpu, 1 threads per core) family 6 model 142 stepping 11, cmov, cx8, fxsr, mmx, sse, sse2, sse3, ssse3, sse4.1, sse4.2, popcnt, avx, avx2, aes, clmul, 3dnowpref, lzcnt, tsc, tscinvbit
CPU Model and flags from /proc/cpuinfo:
model name	: Intel(R) Core(TM) i5-8265U CPU @ 1.60GHz
flags		: fpu vme de pse tsc msr pae mce cx8 apic sep mtrr pge mca cmov pat pse36 clflush mmx fxsr sse sse2 ht syscall nx rdtscp lm constant_tsc rep_good nopl xtopology nonstop_tsc cpuid tsc_known_freq pni pclmulqdq monitor ssse3 cx16 pcid sse4_1 sse4_2 x2apic movbe popcnt aes xsave avx rdrand hypervisor lahf_lm abm 3dnowprefetch invpcid_single fsgsbase avx2 invpcid rdseed clflushopt flush_l1d arch_capabilities

Memory: 4k page, physical 2038764k(82756k free), swap 969960k(381672k free)

vm_info: OpenJDK 64-Bit Server VM (11.0.7+10-post-Ubuntu-2ubuntu218.04) for linux-amd64 JRE (11.0.7+10-post-Ubuntu-2ubuntu218.04), built on Apr 15 2020 21:12:54 by "unknown" with gcc 7.5.0

END.
