#
# A fatal error has been detected by the Java Runtime Environment:
#
#  Internal Error (generateOopMap.cpp:2164), pid=32309, tid=32311
#  fatal error: Illegal class file encountered. Try running with -Xverify:all in method main
#
# JRE version: OpenJDK Runtime Environment (11.0.7+10) (build 11.0.7+10-post-Ubuntu-2ubuntu218.04)
# Java VM: OpenJDK 64-Bit Server VM (11.0.7+10-post-Ubuntu-2ubuntu218.04, mixed mode, sharing, tiered, compressed oops, serial gc, linux-amd64)
# Core dump will be written. Default location: Core dumps may be processed with "/usr/share/apport/apport %p %s %c %d %P %E" (or dumping to /home/yiyun/Compiler_Jasmin/Compiler_StudentID_HW3/core.32309)
#
# If you would like to submit a bug report, please visit:
#   https://bugs.launchpad.net/ubuntu/+source/openjdk-lts
#

---------------  S U M M A R Y ------------

Command Line: -Xverify:none Main

Host: Intel(R) Core(TM) i5-8265U CPU @ 1.60GHz, 1 cores, 1G, Ubuntu 18.04.3 LTS
Time: Sun Jun  7 17:41:27 2020 CST elapsed time: 2 seconds (0d 0h 0m 2s)

---------------  T H R E A D  ---------------

Current thread (0x00007f611804e000):  VMThread "VM Thread" [stack: 0x00007f60ff853000,0x00007f60ff953000] [id=32311]

Stack: [0x00007f60ff853000,0x00007f60ff953000],  sp=0x00007f60ff94ed10,  free space=1007k
Native frames: (J=compiled Java code, A=aot compiled Java code, j=interpreted, Vv=VM code, C=native code)
V  [libjvm.so+0xdf8009]
V  [libjvm.so+0xdf8c5f]
V  [libjvm.so+0x6513fa]
V  [libjvm.so+0x7b8978]
V  [libjvm.so+0x7b8a4b]
V  [libjvm.so+0x7bda38]
V  [libjvm.so+0x7c018d]
V  [libjvm.so+0x7c0539]
V  [libjvm.so+0xbbdb8a]
V  [libjvm.so+0xbbe7d5]
V  [libjvm.so+0xb4ab1a]
V  [libjvm.so+0x714fd4]
V  [libjvm.so+0xd7e727]
V  [libjvm.so+0xd83ba2]
V  [libjvm.so+0x7aee5d]
V  [libjvm.so+0x6587c5]
V  [libjvm.so+0x7b0117]
V  [libjvm.so+0x7b0aa6]
V  [libjvm.so+0x7b19f8]
V  [libjvm.so+0xdf92df]
V  [libjvm.so+0xdfa8d8]
V  [libjvm.so+0xe00a96]
V  [libjvm.so+0xe00fa0]
V  [libjvm.so+0xe01423]
V  [libjvm.so+0xd85acf]
V  [libjvm.so+0xbd59de]

JavaThread 0x00007f6118015800 (nid = 32310) was being processed
Java frames: (J=compiled Java code, j=interpreted, Vv=VM code)
v  ~RuntimeStub::_new_instance_Java
J 167 c2 java.io.PrintStream.print(I)V java.base@11.0.7 (9 bytes) @ 0x00007f6107fd5918 [0x00007f6107fd5740+0x00000000000001d8]
j  Main.main([Ljava/lang/String;)V+410
v  ~StubRoutines::call_stub
VM_Operation (0x00007f611fa9c820): GenCollectForAllocation, mode: safepoint, requested by thread 0x00007f6118015800


---------------  P R O C E S S  ---------------

Threads class SMR info:
_java_thread_list=0x00007f61180ad4f0, length=9, elements={
0x00007f6118015800, 0x00007f6118051000, 0x00007f6118053000, 0x00007f611805a000,
0x00007f611805c800, 0x00007f611805e800, 0x00007f6118060800, 0x00007f61180a3000,
0x00007f61180ac000
}

Java Threads: ( => current thread )
  0x00007f6118015800 JavaThread "main" [_thread_blocked, id=32310, stack(0x00007f611f9ce000,0x00007f611facf000)]
  0x00007f6118051000 JavaThread "Reference Handler" daemon [_thread_blocked, id=32312, stack(0x00007f60ff750000,0x00007f60ff851000)]
  0x00007f6118053000 JavaThread "Finalizer" daemon [_thread_blocked, id=32313, stack(0x00007f60ff64f000,0x00007f60ff750000)]
  0x00007f611805a000 JavaThread "Signal Dispatcher" daemon [_thread_blocked, id=32314, stack(0x00007f60feb37000,0x00007f60fec38000)]
  0x00007f611805c800 JavaThread "C2 CompilerThread0" daemon [_thread_blocked, id=32315, stack(0x00007f60fea36000,0x00007f60feb37000)]
  0x00007f611805e800 JavaThread "C1 CompilerThread0" daemon [_thread_blocked, id=32316, stack(0x00007f60fe935000,0x00007f60fea36000)]
  0x00007f6118060800 JavaThread "Sweeper thread" daemon [_thread_blocked, id=32317, stack(0x00007f60fe834000,0x00007f60fe935000)]
  0x00007f61180a3000 JavaThread "Service Thread" daemon [_thread_blocked, id=32318, stack(0x00007f60fe733000,0x00007f60fe834000)]
  0x00007f61180ac000 JavaThread "Common-Cleaner" daemon [_thread_blocked, id=32320, stack(0x00007f60fe530000,0x00007f60fe631000)]

Other Threads:
=>0x00007f611804e000 VMThread "VM Thread" [stack: 0x00007f60ff853000,0x00007f60ff953000] [id=32311]
  0x00007f61180a5000 WatcherThread [stack: 0x00007f60fe633000,0x00007f60fe733000] [id=32319]

Threads with active compile tasks:

VM state:at safepoint (normal execution)

VM Mutex/Monitor currently owned by a thread:  ([mutex/lock_event])
[0x00007f61180118d0] Threads_lock - owner thread: 0x00007f611804e000
[0x00007f61180120b0] Heap_lock - owner thread: 0x00007f6118015800

Heap address: 0x00000000e0e00000, size: 498 MB, Compressed Oops mode: 32-bit
Narrow klass base: 0x0000000800000000, Narrow klass shift: 3
Compressed class space size: 1073741824 Address: 0x0000000840000000

Heap:
 def new generation   total 9792K, used 8704K [0x00000000e0e00000, 0x00000000e18a0000, 0x00000000eb400000)
  eden space 8704K, 100% used [0x00000000e0e00000, 0x00000000e1680000, 0x00000000e1680000)
  from space 1088K,   0% used [0x00000000e1680000, 0x00000000e1680000, 0x00000000e1790000)
  to   space 1088K,   7% used [0x00000000e1790000, 0x00000000e17a4858, 0x00000000e18a0000)
 tenured generation   total 21888K, used 0K [0x00000000eb400000, 0x00000000ec960000, 0x0000000100000000)
   the space 21888K,   0% used [0x00000000eb400000, 0x00000000eb400000, 0x00000000eb400200, 0x00000000ec960000)
 Metaspace       used 240K, capacity 4486K, committed 4864K, reserved 1056768K
  class space    used 5K, capacity 386K, committed 512K, reserved 1048576K

Card table byte_map: [0x00007f610022f000,0x00007f6100329000] _byte_map_base: 0x00007f60ffb28000

Polling page: 0x00007f611fae3000

Metaspace:

Usage:
  Non-class:      4.00 MB capacity,   235.30 KB (  6%) used,     3.77 MB ( 94%) free+waste,   128 bytes ( <1%) overhead. 
      Class:    386.00 KB capacity,     5.67 KB (  1%) used,   380.20 KB ( 98%) free+waste,   128 bytes ( <1%) overhead. 
       Both:      4.38 MB capacity,   240.97 KB (  5%) used,     4.15 MB ( 95%) free+waste,   256 bytes ( <1%) overhead. 

Virtual space:
  Non-class space:        8.00 MB reserved,       4.25 MB ( 53%) committed 
      Class space:        1.00 GB reserved,     512.00 KB ( <1%) committed 
             Both:        1.01 GB reserved,       4.75 MB ( <1%) committed 

Chunk freelists:
   Non-Class:  0 bytes
       Class:  0 bytes
        Both:  0 bytes

MaxMetaspaceSize: unlimited
CompressedClassSpaceSize: 1.00 GB

CodeHeap 'non-profiled nmethods': size=120036Kb used=67Kb max_used=67Kb free=119968Kb
 bounds [0x00007f6107fc6000, 0x00007f6108236000, 0x00007f610f4ff000]
CodeHeap 'profiled nmethods': size=120032Kb used=264Kb max_used=264Kb free=119767Kb
 bounds [0x00007f6100a8e000, 0x00007f6100cfe000, 0x00007f6107fc6000]
CodeHeap 'non-nmethods': size=5692Kb used=987Kb max_used=1005Kb free=4705Kb
 bounds [0x00007f61004ff000, 0x00007f610076f000, 0x00007f6100a8e000]
 total_blobs=508 nmethods=175 adapters=155
 compilation: enabled
              stopped_count=0, restarted_count=0
 full_count=0

Compilation events (20 events):
Event: 0.817 Thread 0x00007f611805c800  166   !   4       java.io.BufferedWriter::flushBuffer (53 bytes)
Event: 0.904 Thread 0x00007f611805c800 nmethod 166 0x00007f6107fcea10 code [0x00007f6107fcec00, 0x00007f6107fcf968]
Event: 0.905 Thread 0x00007f611805c800  170   !   4       java.io.PrintStream::write (83 bytes)
Event: 1.026 Thread 0x00007f611805c800 nmethod 170 0x00007f6107fd0310 code [0x00007f6107fd0560, 0x00007f6107fd2138]
Event: 1.027 Thread 0x00007f611805c800  169   !   4       sun.nio.cs.StreamEncoder::flushBuffer (42 bytes)
Event: 1.067 Thread 0x00007f611805c800 nmethod 169 0x00007f6107fd3110 code [0x00007f6107fd3300, 0x00007f6107fd43a8]
Event: 1.067 Thread 0x00007f611805c800  174       4       sun.nio.cs.UTF_8$Encoder::encodeArrayLoop (489 bytes)
Event: 1.226 Thread 0x00007f611805c800 nmethod 174 0x00007f6107fd4c10 code [0x00007f6107fd4dc0, 0x00007f6107fd5198]
Event: 1.226 Thread 0x00007f611805c800  167       4       java.io.PrintStream::print (9 bytes)
Event: 1.234 Thread 0x00007f611805c800 nmethod 167 0x00007f6107fd5590 code [0x00007f6107fd5740, 0x00007f6107fd59a8]
Event: 1.234 Thread 0x00007f611805c800  168       4       java.lang.Integer::toString (55 bytes)
Event: 1.241 Thread 0x00007f611805c800 nmethod 168 0x00007f6107fd5c10 code [0x00007f6107fd5dc0, 0x00007f6107fd5fd8]
Event: 1.241 Thread 0x00007f611805c800  176       4       java.lang.Integer::stringSize (47 bytes)
Event: 1.243 Thread 0x00007f611805c800 nmethod 176 0x00007f6107fd6190 code [0x00007f6107fd6320, 0x00007f6107fd6398]
Event: 1.243 Thread 0x00007f611805c800  175       4       java.nio.ByteBuffer::arrayOffset (35 bytes)
Event: 1.244 Thread 0x00007f611805c800 nmethod 175 0x00007f6107fd6490 code [0x00007f6107fd6620, 0x00007f6107fd66d8]
Event: 1.244 Thread 0x00007f611805c800  177       4       java.lang.Integer::getChars (131 bytes)
Event: 1.247 Thread 0x00007f611805c800 nmethod 177 0x00007f6107fd6790 code [0x00007f6107fd6920, 0x00007f6107fd6a38]
Event: 1.257 Thread 0x00007f611805c800  178       4       java.io.PrintStream::print (9 bytes)
Event: 1.259 Thread 0x00007f611805c800 nmethod 178 0x00007f6107fd6b90 code [0x00007f6107fd6d40, 0x00007f6107fd6de8]

GC Heap History (1 events):
Event: 2.256 GC heap before
{Heap before GC invocations=0 (full 0):
 def new generation   total 9792K, used 8704K [0x00000000e0e00000, 0x00000000e18a0000, 0x00000000eb400000)
  eden space 8704K, 100% used [0x00000000e0e00000, 0x00000000e1680000, 0x00000000e1680000)
  from space 1088K,   0% used [0x00000000e1680000, 0x00000000e1680000, 0x00000000e1790000)
  to   space 1088K,   0% used [0x00000000e1790000, 0x00000000e1790000, 0x00000000e18a0000)
 tenured generation   total 21888K, used 0K [0x00000000eb400000, 0x00000000ec960000, 0x0000000100000000)
   the space 21888K,   0% used [0x00000000eb400000, 0x00000000eb400000, 0x00000000eb400200, 0x00000000ec960000)
 Metaspace       used 240K, capacity 4486K, committed 4864K, reserved 1056768K
  class space    used 5K, capacity 386K, committed 512K, reserved 1048576K
}

Deoptimization events (4 events):
Event: 0.387 Thread 0x00007f6118015800 Uncommon trap: trap_request=0xffffff4d fr.pc=0x00007f6107fca7e0 relative=0x00000000000001c0
Event: 0.387 Thread 0x00007f6118015800 Uncommon trap: reason=unstable_if action=reinterpret pc=0x00007f6107fca7e0 method=java.lang.String.hashCode()I @ 14 c2
Event: 0.387 Thread 0x00007f6118015800 DEOPT PACKING pc=0x00007f6107fca7e0 sp=0x00007f611facc1b0
Event: 0.387 Thread 0x00007f6118015800 DEOPT UNPACKING pc=0x00007f6100527325 sp=0x00007f611facc168 mode 2

Classes redefined (0 events):
No events

Internal exceptions (0 events):
No events

Events (20 events):
Event: 0.090 Protecting memory [0x00007f60fe935000,0x00007f60fe939000] with protection modes 0
Event: 0.091 Thread 0x00007f6118060800 Thread added: 0x00007f6118060800
Event: 0.100 Protecting memory [0x00007f60fe834000,0x00007f60fe838000] with protection modes 0
Event: 0.331 Thread 0x00007f61180a3000 Thread added: 0x00007f61180a3000
Event: 0.332 Executing VM operation: EnableBiasedLocking
Event: 0.381 Protecting memory [0x00007f60fe733000,0x00007f60fe737000] with protection modes 0
Event: 0.385 Executing VM operation: EnableBiasedLocking done
Event: 0.385 loading class jdk/internal/vm/PostVMInitHook
Event: 0.385 loading class jdk/internal/vm/PostVMInitHook done
Event: 0.386 loading class Main
Event: 0.386 loading class Main done
Event: 0.390 loading class jdk/internal/loader/URLClassPath$FileLoader
Event: 0.390 loading class jdk/internal/loader/URLClassPath$FileLoader done
Event: 0.391 loading class jdk/internal/loader/URLClassPath$FileLoader$1
Event: 0.391 loading class jdk/internal/loader/URLClassPath$FileLoader$1 done
Event: 0.393 Thread 0x00007f61180ac000 Thread added: 0x00007f61180ac000
Event: 0.406 Protecting memory [0x00007f60fe530000,0x00007f60fe534000] with protection modes 0
Event: 0.406 Executing VM operation: RevokeBias
Event: 0.406 Executing VM operation: RevokeBias done
Event: 2.255 Executing VM operation: GenCollectForAllocation


Dynamic libraries:
e0e00000-e18a0000 rw-p 00000000 00:00 0 
e18a0000-eb400000 ---p 00000000 00:00 0 
eb400000-ec960000 rw-p 00000000 00:00 0 
ec960000-100000000 ---p 00000000 00:00 0 
800000000-800002000 rwxp 00001000 08:01 551457                           /usr/lib/jvm/java-11-openjdk-amd64/lib/server/classes.jsa
800002000-8003b8000 rw-p 00003000 08:01 551457                           /usr/lib/jvm/java-11-openjdk-amd64/lib/server/classes.jsa
8003b8000-800a7f000 r--p 003b9000 08:01 551457                           /usr/lib/jvm/java-11-openjdk-amd64/lib/server/classes.jsa
800a7f000-800a80000 rw-p 00a80000 08:01 551457                           /usr/lib/jvm/java-11-openjdk-amd64/lib/server/classes.jsa
800a80000-80108c000 r--p 00a81000 08:01 551457                           /usr/lib/jvm/java-11-openjdk-amd64/lib/server/classes.jsa
840000000-840080000 rw-p 00000000 00:00 0 
840080000-880000000 ---p 00000000 00:00 0 
56076bd22000-56076bd23000 r-xp 00000000 08:01 551084                     /usr/lib/jvm/java-11-openjdk-amd64/bin/java
56076bf23000-56076bf24000 r--p 00001000 08:01 551084                     /usr/lib/jvm/java-11-openjdk-amd64/bin/java
56076bf24000-56076bf25000 rw-p 00002000 08:01 551084                     /usr/lib/jvm/java-11-openjdk-amd64/bin/java
56076d852000-56076d873000 rw-p 00000000 00:00 0                          [heap]
7f60e0000000-7f60e00ea000 rw-p 00000000 00:00 0 
7f60e00ea000-7f60e4000000 ---p 00000000 00:00 0 
7f60e4000000-7f60e4021000 rw-p 00000000 00:00 0 
7f60e4021000-7f60e8000000 ---p 00000000 00:00 0 
7f60e8000000-7f60e8021000 rw-p 00000000 00:00 0 
7f60e8021000-7f60ec000000 ---p 00000000 00:00 0 
7f60ec000000-7f60ec33d000 rw-p 00000000 00:00 0 
7f60ec33d000-7f60f0000000 ---p 00000000 00:00 0 
7f60f0000000-7f60f0021000 rw-p 00000000 00:00 0 
7f60f0021000-7f60f4000000 ---p 00000000 00:00 0 
7f60f4000000-7f60f4021000 rw-p 00000000 00:00 0 
7f60f4021000-7f60f8000000 ---p 00000000 00:00 0 
7f60f8000000-7f60f8021000 rw-p 00000000 00:00 0 
7f60f8021000-7f60fc000000 ---p 00000000 00:00 0 
7f60fe530000-7f60fe534000 ---p 00000000 00:00 0 
7f60fe534000-7f60fe631000 rw-p 00000000 00:00 0 
7f60fe631000-7f60fe632000 ---p 00000000 00:00 0 
7f60fe632000-7f60fe733000 rw-p 00000000 00:00 0 
7f60fe733000-7f60fe737000 ---p 00000000 00:00 0 
7f60fe737000-7f60fe834000 rw-p 00000000 00:00 0 
7f60fe834000-7f60fe838000 ---p 00000000 00:00 0 
7f60fe838000-7f60fe935000 rw-p 00000000 00:00 0 
7f60fe935000-7f60fe939000 ---p 00000000 00:00 0 
7f60fe939000-7f60fea36000 rw-p 00000000 00:00 0 
7f60fea36000-7f60fea3a000 ---p 00000000 00:00 0 
7f60fea3a000-7f60feb37000 rw-p 00000000 00:00 0 
7f60feb37000-7f60feb3b000 ---p 00000000 00:00 0 
7f60feb3b000-7f60fec38000 rw-p 00000000 00:00 0 
7f60fec38000-7f60ff64f000 r--p 00000000 08:01 660771                     /usr/lib/locale/locale-archive
7f60ff64f000-7f60ff653000 ---p 00000000 00:00 0 
7f60ff653000-7f60ff750000 rw-p 00000000 00:00 0 
7f60ff750000-7f60ff754000 ---p 00000000 00:00 0 
7f60ff754000-7f60ff851000 rw-p 00000000 00:00 0 
7f60ff851000-7f60ff852000 ---p 00000000 00:00 0 
7f60ff852000-7f60ffe6f000 rw-p 00000000 00:00 0 
7f60ffe6f000-7f610022f000 ---p 00000000 00:00 0 
7f610022f000-7f6100235000 rw-p 00000000 00:00 0 
7f6100235000-7f6100282000 ---p 00000000 00:00 0 
7f6100282000-7f610028d000 rw-p 00000000 00:00 0 
7f610028d000-7f6100328000 ---p 00000000 00:00 0 
7f6100328000-7f610032e000 rw-p 00000000 00:00 0 
7f610032e000-7f6100414000 ---p 00000000 00:00 0 
7f6100414000-7f6100419000 rw-p 00000000 00:00 0 
7f6100419000-7f61004ff000 ---p 00000000 00:00 0 
7f61004ff000-7f610076f000 rwxp 00000000 00:00 0 
7f610076f000-7f6100a8e000 ---p 00000000 00:00 0 
7f6100a8e000-7f6100cfe000 rwxp 00000000 00:00 0 
7f6100cfe000-7f6107fc6000 ---p 00000000 00:00 0 
7f6107fc6000-7f6108236000 rwxp 00000000 00:00 0 
7f6108236000-7f610f4ff000 ---p 00000000 00:00 0 
7f610f4ff000-7f6117bf2000 r--s 00000000 08:01 551289                     /usr/lib/jvm/java-11-openjdk-amd64/lib/modules
7f6117bf2000-7f6117bf7000 r-xp 00000000 08:01 551271                     /usr/lib/jvm/java-11-openjdk-amd64/lib/libjimage.so
7f6117bf7000-7f6117df6000 ---p 00005000 08:01 551271                     /usr/lib/jvm/java-11-openjdk-amd64/lib/libjimage.so
7f6117df6000-7f6117df7000 r--p 00004000 08:01 551271                     /usr/lib/jvm/java-11-openjdk-amd64/lib/libjimage.so
7f6117df7000-7f6117df8000 rw-p 00005000 08:01 551271                     /usr/lib/jvm/java-11-openjdk-amd64/lib/libjimage.so
7f6117df8000-7f6117dff000 r-xp 00000000 08:01 551288                     /usr/lib/jvm/java-11-openjdk-amd64/lib/libzip.so
7f6117dff000-7f6117ffe000 ---p 00007000 08:01 551288                     /usr/lib/jvm/java-11-openjdk-amd64/lib/libzip.so
7f6117ffe000-7f6117fff000 r--p 00006000 08:01 551288                     /usr/lib/jvm/java-11-openjdk-amd64/lib/libzip.so
7f6117fff000-7f6118000000 rw-p 00007000 08:01 551288                     /usr/lib/jvm/java-11-openjdk-amd64/lib/libzip.so
7f6118000000-7f61180b2000 rw-p 00000000 00:00 0 
7f61180b2000-7f611c000000 ---p 00000000 00:00 0 
7f611c049000-7f611c092000 rw-p 00000000 00:00 0 
7f611c092000-7f611c09d000 r-xp 00000000 08:01 399660                     /lib/x86_64-linux-gnu/libnss_files-2.27.so
7f611c09d000-7f611c29c000 ---p 0000b000 08:01 399660                     /lib/x86_64-linux-gnu/libnss_files-2.27.so
7f611c29c000-7f611c29d000 r--p 0000a000 08:01 399660                     /lib/x86_64-linux-gnu/libnss_files-2.27.so
7f611c29d000-7f611c29e000 rw-p 0000b000 08:01 399660                     /lib/x86_64-linux-gnu/libnss_files-2.27.so
7f611c29e000-7f611c2a4000 rw-p 00000000 00:00 0 
7f611c2a4000-7f611c2bb000 r-xp 00000000 08:01 399654                     /lib/x86_64-linux-gnu/libnsl-2.27.so
7f611c2bb000-7f611c4ba000 ---p 00017000 08:01 399654                     /lib/x86_64-linux-gnu/libnsl-2.27.so
7f611c4ba000-7f611c4bb000 r--p 00016000 08:01 399654                     /lib/x86_64-linux-gnu/libnsl-2.27.so
7f611c4bb000-7f611c4bc000 rw-p 00017000 08:01 399654                     /lib/x86_64-linux-gnu/libnsl-2.27.so
7f611c4bc000-7f611c4be000 rw-p 00000000 00:00 0 
7f611c4be000-7f611c4c9000 r-xp 00000000 08:01 399671                     /lib/x86_64-linux-gnu/libnss_nis-2.27.so
7f611c4c9000-7f611c6c8000 ---p 0000b000 08:01 399671                     /lib/x86_64-linux-gnu/libnss_nis-2.27.so
7f611c6c8000-7f611c6c9000 r--p 0000a000 08:01 399671                     /lib/x86_64-linux-gnu/libnss_nis-2.27.so
7f611c6c9000-7f611c6ca000 rw-p 0000b000 08:01 399671                     /lib/x86_64-linux-gnu/libnss_nis-2.27.so
7f611c6ca000-7f611c6d2000 r-xp 00000000 08:01 399656                     /lib/x86_64-linux-gnu/libnss_compat-2.27.so
7f611c6d2000-7f611c8d2000 ---p 00008000 08:01 399656                     /lib/x86_64-linux-gnu/libnss_compat-2.27.so
7f611c8d2000-7f611c8d3000 r--p 00008000 08:01 399656                     /lib/x86_64-linux-gnu/libnss_compat-2.27.so
7f611c8d3000-7f611c8d4000 rw-p 00009000 08:01 399656                     /lib/x86_64-linux-gnu/libnss_compat-2.27.so
7f611c8d4000-7f611c8fd000 r-xp 00000000 08:01 551267                     /usr/lib/jvm/java-11-openjdk-amd64/lib/libjava.so
7f611c8fd000-7f611cafc000 ---p 00029000 08:01 551267                     /usr/lib/jvm/java-11-openjdk-amd64/lib/libjava.so
7f611cafc000-7f611cafd000 r--p 00028000 08:01 551267                     /usr/lib/jvm/java-11-openjdk-amd64/lib/libjava.so
7f611cafd000-7f611caff000 rw-p 00029000 08:01 551267                     /usr/lib/jvm/java-11-openjdk-amd64/lib/libjava.so
7f611caff000-7f611cb0c000 r-xp 00000000 08:01 551287                     /usr/lib/jvm/java-11-openjdk-amd64/lib/libverify.so
7f611cb0c000-7f611cd0b000 ---p 0000d000 08:01 551287                     /usr/lib/jvm/java-11-openjdk-amd64/lib/libverify.so
7f611cd0b000-7f611cd0d000 r--p 0000c000 08:01 551287                     /usr/lib/jvm/java-11-openjdk-amd64/lib/libverify.so
7f611cd0d000-7f611cd0e000 rw-p 0000e000 08:01 551287                     /usr/lib/jvm/java-11-openjdk-amd64/lib/libverify.so
7f611cd0e000-7f611cd15000 r-xp 00000000 08:01 399711                     /lib/x86_64-linux-gnu/librt-2.27.so
7f611cd15000-7f611cf14000 ---p 00007000 08:01 399711                     /lib/x86_64-linux-gnu/librt-2.27.so
7f611cf14000-7f611cf15000 r--p 00006000 08:01 399711                     /lib/x86_64-linux-gnu/librt-2.27.so
7f611cf15000-7f611cf16000 rw-p 00007000 08:01 399711                     /lib/x86_64-linux-gnu/librt-2.27.so
7f611cf16000-7f611cf2d000 r-xp 00000000 08:01 399607                     /lib/x86_64-linux-gnu/libgcc_s.so.1
7f611cf2d000-7f611d12c000 ---p 00017000 08:01 399607                     /lib/x86_64-linux-gnu/libgcc_s.so.1
7f611d12c000-7f611d12d000 r--p 00016000 08:01 399607                     /lib/x86_64-linux-gnu/libgcc_s.so.1
7f611d12d000-7f611d12e000 rw-p 00017000 08:01 399607                     /lib/x86_64-linux-gnu/libgcc_s.so.1
7f611d12e000-7f611d2cb000 r-xp 00000000 08:01 399633                     /lib/x86_64-linux-gnu/libm-2.27.so
7f611d2cb000-7f611d4ca000 ---p 0019d000 08:01 399633                     /lib/x86_64-linux-gnu/libm-2.27.so
7f611d4ca000-7f611d4cb000 r--p 0019c000 08:01 399633                     /lib/x86_64-linux-gnu/libm-2.27.so
7f611d4cb000-7f611d4cc000 rw-p 0019d000 08:01 399633                     /lib/x86_64-linux-gnu/libm-2.27.so
7f611d4cc000-7f611d645000 r-xp 00000000 08:01 665875                     /usr/lib/x86_64-linux-gnu/libstdc++.so.6.0.25
7f611d645000-7f611d845000 ---p 00179000 08:01 665875                     /usr/lib/x86_64-linux-gnu/libstdc++.so.6.0.25
7f611d845000-7f611d84f000 r--p 00179000 08:01 665875                     /usr/lib/x86_64-linux-gnu/libstdc++.so.6.0.25
7f611d84f000-7f611d851000 rw-p 00183000 08:01 665875                     /usr/lib/x86_64-linux-gnu/libstdc++.so.6.0.25
7f611d851000-7f611d855000 rw-p 00000000 00:00 0 
7f611d855000-7f611e932000 r-xp 00000000 08:01 551294                     /usr/lib/jvm/java-11-openjdk-amd64/lib/server/libjvm.so
7f611e932000-7f611eb31000 ---p 010dd000 08:01 551294                     /usr/lib/jvm/java-11-openjdk-amd64/lib/server/libjvm.so
7f611eb31000-7f611ebee000 r--p 010dc000 08:01 551294                     /usr/lib/jvm/java-11-openjdk-amd64/lib/server/libjvm.so
7f611ebee000-7f611ec28000 rw-p 01199000 08:01 551294                     /usr/lib/jvm/java-11-openjdk-amd64/lib/server/libjvm.so
7f611ec28000-7f611ec7e000 rw-p 00000000 00:00 0 
7f611ec7e000-7f611ec98000 r-xp 00000000 08:01 399703                     /lib/x86_64-linux-gnu/libpthread-2.27.so
7f611ec98000-7f611ee97000 ---p 0001a000 08:01 399703                     /lib/x86_64-linux-gnu/libpthread-2.27.so
7f611ee97000-7f611ee98000 r--p 00019000 08:01 399703                     /lib/x86_64-linux-gnu/libpthread-2.27.so
7f611ee98000-7f611ee99000 rw-p 0001a000 08:01 399703                     /lib/x86_64-linux-gnu/libpthread-2.27.so
7f611ee99000-7f611ee9d000 rw-p 00000000 00:00 0 
7f611ee9d000-7f611eea0000 r-xp 00000000 08:01 399593                     /lib/x86_64-linux-gnu/libdl-2.27.so
7f611eea0000-7f611f09f000 ---p 00003000 08:01 399593                     /lib/x86_64-linux-gnu/libdl-2.27.so
7f611f09f000-7f611f0a0000 r--p 00002000 08:01 399593                     /lib/x86_64-linux-gnu/libdl-2.27.so
7f611f0a0000-7f611f0a1000 rw-p 00003000 08:01 399593                     /lib/x86_64-linux-gnu/libdl-2.27.so
7f611f0a1000-7f611f0bd000 r-xp 00000000 08:01 399742                     /lib/x86_64-linux-gnu/libz.so.1.2.11
7f611f0bd000-7f611f2bc000 ---p 0001c000 08:01 399742                     /lib/x86_64-linux-gnu/libz.so.1.2.11
7f611f2bc000-7f611f2bd000 r--p 0001b000 08:01 399742                     /lib/x86_64-linux-gnu/libz.so.1.2.11
7f611f2bd000-7f611f2be000 rw-p 0001c000 08:01 399742                     /lib/x86_64-linux-gnu/libz.so.1.2.11
7f611f2be000-7f611f4a5000 r-xp 00000000 08:01 399570                     /lib/x86_64-linux-gnu/libc-2.27.so
7f611f4a5000-7f611f6a5000 ---p 001e7000 08:01 399570                     /lib/x86_64-linux-gnu/libc-2.27.so
7f611f6a5000-7f611f6a9000 r--p 001e7000 08:01 399570                     /lib/x86_64-linux-gnu/libc-2.27.so
7f611f6a9000-7f611f6ab000 rw-p 001eb000 08:01 399570                     /lib/x86_64-linux-gnu/libc-2.27.so
7f611f6ab000-7f611f6af000 rw-p 00000000 00:00 0 
7f611f6af000-7f611f6bf000 r-xp 00000000 08:01 551251                     /usr/lib/jvm/java-11-openjdk-amd64/lib/jli/libjli.so
7f611f6bf000-7f611f8be000 ---p 00010000 08:01 551251                     /usr/lib/jvm/java-11-openjdk-amd64/lib/jli/libjli.so
7f611f8be000-7f611f8bf000 r--p 0000f000 08:01 551251                     /usr/lib/jvm/java-11-openjdk-amd64/lib/jli/libjli.so
7f611f8bf000-7f611f8c0000 rw-p 00010000 08:01 551251                     /usr/lib/jvm/java-11-openjdk-amd64/lib/jli/libjli.so
7f611f8c0000-7f611f8e7000 r-xp 00000000 08:01 399542                     /lib/x86_64-linux-gnu/ld-2.27.so
7f611f8fa000-7f611f926000 rw-p 00000000 00:00 0 
7f611f926000-7f611f9c2000 ---p 00000000 00:00 0 
7f611f9c2000-7f611f9c7000 rw-p 00000000 00:00 0 
7f611f9c7000-7f611f9ce000 ---p 00000000 00:00 0 
7f611f9ce000-7f611f9d2000 ---p 00000000 00:00 0 
7f611f9d2000-7f611fad1000 rw-p 00000000 00:00 0 
7f611fad9000-7f611fadb000 r--s 00007000 08:01 551452                     /usr/share/java/java-atk-wrapper.jar
7f611fadb000-7f611fae3000 rw-s 00000000 08:01 1052440                    /tmp/hsperfdata_yiyun/32309
7f611fae3000-7f611fae4000 ---p 00000000 00:00 0 
7f611fae4000-7f611fae5000 r--p 00000000 00:00 0 
7f611fae5000-7f611fae7000 rw-p 00000000 00:00 0 
7f611fae7000-7f611fae8000 r--p 00027000 08:01 399542                     /lib/x86_64-linux-gnu/ld-2.27.so
7f611fae8000-7f611fae9000 rw-p 00028000 08:01 399542                     /lib/x86_64-linux-gnu/ld-2.27.so
7f611fae9000-7f611faea000 rw-p 00000000 00:00 0 
7fffb80eb000-7fffb810c000 rw-p 00000000 00:00 0                          [stack]
7fffb81d5000-7fffb81d8000 r--p 00000000 00:00 0                          [vvar]
7fffb81d8000-7fffb81d9000 r-xp 00000000 00:00 0                          [vdso]
ffffffffff600000-ffffffffff601000 r-xp 00000000 00:00 0                  [vsyscall]


VM Arguments:
jvm_args: -Xverify:none 
java_command: Main
java_class_path (initial): .
Launcher Type: SUN_STANDARD

[Global flags]
     bool BytecodeVerificationLocal                = false                                     {product} {command line}
     bool BytecodeVerificationRemote               = false                                     {product} {command line}
     intx CICompilerCount                          = 2                                         {product} {ergonomic}
   size_t InitialHeapSize                          = 33554432                                  {product} {ergonomic}
   size_t MaxHeapSize                              = 522190848                                 {product} {ergonomic}
   size_t MaxNewSize                               = 174063616                                 {product} {ergonomic}
   size_t MinHeapDeltaBytes                        = 196608                                    {product} {ergonomic}
   size_t NewSize                                  = 11141120                                  {product} {ergonomic}
    uintx NonNMethodCodeHeapSize                   = 5825164                                {pd product} {ergonomic}
    uintx NonProfiledCodeHeapSize                  = 122916538                              {pd product} {ergonomic}
   size_t OldSize                                  = 22413312                                  {product} {ergonomic}
    uintx ProfiledCodeHeapSize                     = 122916538                              {pd product} {ergonomic}
    uintx ReservedCodeCacheSize                    = 251658240                              {pd product} {ergonomic}
     bool SegmentedCodeCache                       = true                                      {product} {ergonomic}
     bool UseCompressedClassPointers               = true                                 {lp64_product} {ergonomic}
     bool UseCompressedOops                        = true                                 {lp64_product} {ergonomic}
     bool UseSerialGC                              = true                                      {product} {ergonomic}

Logging:
Log output configuration:
 #0: stdout all=warning uptime,level,tags
 #1: stderr all=off uptime,level,tags

Environment Variables:
PATH=/home/yiyun/.local/bin:/usr/local/sbin:/usr/local/bin:/usr/sbin:/usr/bin:/sbin:/bin:/usr/games:/usr/local/games:/snap/bin
USERNAME=yiyun
SHELL=/bin/bash
DISPLAY=:0

Signal Handlers:
SIGSEGV: [libjvm.so+0xdf8d00], sa_mask[0]=11111111011111111101111111111110, sa_flags=SA_RESTART|SA_SIGINFO
SIGBUS: [libjvm.so+0xdf8d00], sa_mask[0]=11111111011111111101111111111110, sa_flags=SA_RESTART|SA_SIGINFO
SIGFPE: [libjvm.so+0xdf8d00], sa_mask[0]=11111111011111111101111111111110, sa_flags=SA_RESTART|SA_SIGINFO
SIGPIPE: [libjvm.so+0xbcbc30], sa_mask[0]=11111111011111111101111111111110, sa_flags=SA_RESTART|SA_SIGINFO
SIGXFSZ: [libjvm.so+0xbcbc30], sa_mask[0]=11111111011111111101111111111110, sa_flags=SA_RESTART|SA_SIGINFO
SIGILL: [libjvm.so+0xdf8d00], sa_mask[0]=11111111011111111101111111111110, sa_flags=SA_RESTART|SA_SIGINFO
SIGUSR2: [libjvm.so+0xbcbad0], sa_mask[0]=00000000000000000000000000000000, sa_flags=SA_RESTART|SA_SIGINFO
SIGHUP: [libjvm.so+0xbcbe30], sa_mask[0]=11111111011111111101111111111110, sa_flags=SA_RESTART|SA_SIGINFO
SIGINT: [libjvm.so+0xbcbe30], sa_mask[0]=11111111011111111101111111111110, sa_flags=SA_RESTART|SA_SIGINFO
SIGTERM: [libjvm.so+0xbcbe30], sa_mask[0]=11111111011111111101111111111110, sa_flags=SA_RESTART|SA_SIGINFO
SIGQUIT: [libjvm.so+0xbcbe30], sa_mask[0]=11111111011111111101111111111110, sa_flags=SA_RESTART|SA_SIGINFO


---------------  S Y S T E M  ---------------

OS:DISTRIB_ID=Ubuntu
DISTRIB_RELEASE=18.04
DISTRIB_CODENAME=bionic
DISTRIB_DESCRIPTION="Ubuntu 18.04.3 LTS"
uname:Linux 5.0.0-36-generic #39~18.04.1-Ubuntu SMP Tue Nov 12 11:09:50 UTC 2019 x86_64
OS uptime: 1 days 11:02 hours
libc:glibc 2.27 NPTL 2.27 
rlimit: STACK 8192k, CORE 0k, NPROC 7775, NOFILE 4096, AS infinity, CPU infinity, DATA infinity, FSIZE infinity
load average:2.39 1.95 1.60

/proc/meminfo:
MemTotal:        2038764 kB
MemFree:           97880 kB
MemAvailable:     411216 kB
Buffers:           24984 kB
Cached:           450540 kB
SwapCached:        46956 kB
Active:          1185032 kB
Inactive:         530368 kB
Active(anon):     965152 kB
Inactive(anon):   324484 kB
Active(file):     219880 kB
Inactive(file):   205884 kB
Unevictable:          16 kB
Mlocked:              16 kB
SwapTotal:        969960 kB
SwapFree:         381672 kB
Dirty:               308 kB
Writeback:             0 kB
AnonPages:       1238316 kB
Mapped:           214380 kB
Shmem:             58364 kB
KReclaimable:      38332 kB
Slab:              79584 kB
SReclaimable:      38332 kB
SUnreclaim:        41252 kB
KernelStack:       10592 kB
PageTables:        54804 kB
NFS_Unstable:          0 kB
Bounce:                0 kB
WritebackTmp:          0 kB
CommitLimit:     1989340 kB
Committed_AS:    6790388 kB
VmallocTotal:   34359738367 kB
VmallocUsed:           0 kB
VmallocChunk:          0 kB
Percpu:              304 kB
HardwareCorrupted:     0 kB
AnonHugePages:         0 kB
ShmemHugePages:        0 kB
ShmemPmdMapped:        0 kB
CmaTotal:              0 kB
CmaFree:               0 kB
HugePages_Total:       0
HugePages_Free:        0
HugePages_Rsvd:        0
HugePages_Surp:        0
Hugepagesize:       2048 kB
Hugetlb:               0 kB
DirectMap4k:      155584 kB
DirectMap2M:     1941504 kB


/proc/sys/kernel/threads-max (system-wide limit on the number of threads):
15550


/proc/sys/vm/max_map_count (maximum number of memory map areas a process may have):
65530


/proc/sys/kernel/pid_max (system-wide limit on number of process identifiers):
32768



container (cgroup) information:
container_type: cgroupv1
cpu_cpuset_cpus: 0
cpu_memory_nodes: 0
active_processor_count: 1
cpu_quota: -1
cpu_period: 100000
cpu_shares: -1
memory_limit_in_bytes: -1
memory_and_swap_limit_in_bytes: -2
memory_soft_limit_in_bytes: -1
memory_usage_in_bytes: 1755717632
memory_max_usage_in_bytes: 49299456

KVM virtualization detected
Steal ticks since vm start: 0
Steal ticks percentage since vm start:  0.000

CPU:total 1 (initial active 1) (1 cores per cpu, 1 threads per core) family 6 model 142 stepping 11, cmov, cx8, fxsr, mmx, sse, sse2, sse3, ssse3, sse4.1, sse4.2, popcnt, avx, avx2, aes, clmul, 3dnowpref, lzcnt, tsc, tscinvbit
CPU Model and flags from /proc/cpuinfo:
model name	: Intel(R) Core(TM) i5-8265U CPU @ 1.60GHz
flags		: fpu vme de pse tsc msr pae mce cx8 apic sep mtrr pge mca cmov pat pse36 clflush mmx fxsr sse sse2 ht syscall nx rdtscp lm constant_tsc rep_good nopl xtopology nonstop_tsc cpuid tsc_known_freq pni pclmulqdq monitor ssse3 cx16 pcid sse4_1 sse4_2 x2apic movbe popcnt aes xsave avx rdrand hypervisor lahf_lm abm 3dnowprefetch invpcid_single fsgsbase avx2 invpcid rdseed clflushopt flush_l1d arch_capabilities

Memory: 4k page, physical 2038764k(97880k free), swap 969960k(381672k free)

vm_info: OpenJDK 64-Bit Server VM (11.0.7+10-post-Ubuntu-2ubuntu218.04) for linux-amd64 JRE (11.0.7+10-post-Ubuntu-2ubuntu218.04), built on Apr 15 2020 21:12:54 by "unknown" with gcc 7.5.0

END.
