#
# A fatal error has been detected by the Java Runtime Environment:
#
#  SIGSEGV (0xb) at pc=0x00007faee9a809fa, pid=16141, tid=16142
#
# JRE version: OpenJDK Runtime Environment (11.0.7+10) (build 11.0.7+10-post-Ubuntu-2ubuntu218.04)
# Java VM: OpenJDK 64-Bit Server VM (11.0.7+10-post-Ubuntu-2ubuntu218.04, mixed mode, sharing, tiered, compressed oops, serial gc, linux-amd64)
# Problematic frame:
# V  [libjvm.so+0xa3b9fa]
#
# Core dump will be written. Default location: Core dumps may be processed with "/usr/share/apport/apport %p %s %c %d %P %E" (or dumping to /home/yiyun/Compiler_Jasmin/Compiler_StudentID_HW3/core.16141)
#
# If you would like to submit a bug report, please visit:
#   https://bugs.launchpad.net/ubuntu/+source/openjdk-lts
#

---------------  S U M M A R Y ------------

Command Line: -Xverify:none Main

Host: Intel(R) Core(TM) i5-8265U CPU @ 1.60GHz, 1 cores, 1G, Ubuntu 18.04.3 LTS
Time: Sun May 24 22:42:19 2020 CST elapsed time: 0 seconds (0d 0h 0m 0s)

---------------  T H R E A D  ---------------

Current thread (0x00007faee4015800):  JavaThread "main" [_thread_in_vm, id=16142, stack(0x00007faeeb1be000,0x00007faeeb2bf000)]

Stack: [0x00007faeeb1be000,0x00007faeeb2bf000],  sp=0x00007faeeb2bd2f0,  free space=1020k
Native frames: (J=compiled Java code, A=aot compiled Java code, j=interpreted, Vv=VM code, C=native code)
V  [libjvm.so+0xa3b9fa]
V  [libjvm.so+0x843946]
V  [libjvm.so+0x84483d]
j  java.lang.String.valueOf(Ljava/lang/Object;)Ljava/lang/String;+10 java.base@11.0.7
j  java.io.PrintStream.print(Ljava/lang/String;)V+2 java.base@11.0.7
j  java.io.PrintStream.println(Ljava/lang/String;)V+6 java.base@11.0.7
j  Main.main([Ljava/lang/String;)V+29
v  ~StubRoutines::call_stub
V  [libjvm.so+0x84e319]
V  [libjvm.so+0x8ca02d]
V  [libjvm.so+0x8cc4fe]
C  [libjli.so+0x5856]
C  [libjli.so+0x92cd]

Java frames: (J=compiled Java code, j=interpreted, Vv=VM code)
j  java.lang.String.valueOf(Ljava/lang/Object;)Ljava/lang/String;+10 java.base@11.0.7
j  java.io.PrintStream.print(Ljava/lang/String;)V+2 java.base@11.0.7
j  java.io.PrintStream.println(Ljava/lang/String;)V+6 java.base@11.0.7
j  Main.main([Ljava/lang/String;)V+29
v  ~StubRoutines::call_stub

siginfo: si_signo: 11 (SIGSEGV), si_code: 1 (SEGV_MAPERR), si_addr: 0x0000000000000009

Register to memory mapping:

RAX=0x0000000000000001 is an unknown value
RBX=0x00007faeeb2bd460 is pointing into the stack for thread: 0x00007faee4015800
RCX=0x0000000000000010 is an unknown value
RDX=0x00007faeea42af4c: <offset 0x00000000013e5f4c> in /usr/lib/jvm/java-11-openjdk-amd64/lib/server/libjvm.so at 0x00007faee9045000
RSP=0x00007faeeb2bd2f0 is pointing into the stack for thread: 0x00007faee4015800
RBP=0x00007faeeb2bd390 is pointing into the stack for thread: 0x00007faee4015800
RSI=0x00007faeeb2bd310 is pointing into the stack for thread: 0x00007faee4015800
RDI=0x00007faeeb2bd310 is pointing into the stack for thread: 0x00007faee4015800
R8 =0x0 is NULL
R9 =0x0 is NULL
R10=0x00007faeeb2bd320 is pointing into the stack for thread: 0x00007faee4015800
R11=0x000000080094e5c0 is pointing into metadata
R12=0x00007faeeb2bd310 is pointing into the stack for thread: 0x00007faee4015800
R13=0x00007faee4016490 points into unknown readable memory: 01 00 00 00 00 00 00 00
R14=0x0 is NULL
R15=0x00007faee4015800 is a thread


Registers:
RAX=0x0000000000000001, RBX=0x00007faeeb2bd460, RCX=0x0000000000000010, RDX=0x00007faeea42af4c
RSP=0x00007faeeb2bd2f0, RBP=0x00007faeeb2bd390, RSI=0x00007faeeb2bd310, RDI=0x00007faeeb2bd310
R8 =0x0000000000000000, R9 =0x0000000000000000, R10=0x00007faeeb2bd320, R11=0x000000080094e5c0
R12=0x00007faeeb2bd310, R13=0x00007faee4016490, R14=0x0000000000000000, R15=0x00007faee4015800
RIP=0x00007faee9a809fa, EFLAGS=0x0000000000010202, CSGSFS=0x002b000000000033, ERR=0x0000000000000004
  TRAPNO=0x000000000000000e

Top of Stack: (sp=0x00007faeeb2bd2f0)
0x00007faeeb2bd2f0:   0000000000000001 00007faeeb2bd320
0x00007faeeb2bd300:   00007faeeb2bd320 00007faee9d0d359
0x00007faeeb2bd310:   0000000000000000 0000000000000000
0x00007faeeb2bd320:   00000008004b5b00 00000008004b7e08 

Instructions: (pc=0x00007faee9a809fa)
0x00007faee9a808fa:   29 5d b0 e8 9e b3 c0 ff 4c 8d 55 90 49 83 7f 08
0x00007faee9a8090a:   00 48 89 45 a0 0f 84 6b 03 00 00 0f 1f 00 49 8d
0x00007faee9a8091a:   7a 20 e8 8f b8 d9 ff 48 8d 65 d8 5b 41 5c 41 5d
0x00007faee9a8092a:   41 5e 41 5f 5d c3 66 0f ef d2 49 8b 3c 24 4c 89
0x00007faee9a8093a:   ca 89 ce c6 45 c1 00 0f 29 55 b0 e8 56 b3 c0 ff
0x00007faee9a8094a:   4c 8d 55 90 49 83 7f 08 00 48 89 45 a0 75 bf 49
0x00007faee9a8095a:   8b 3c 24 31 d2 44 89 f6 4c 89 95 68 ff ff ff e8
0x00007faee9a8096a:   c2 5d c0 ff 49 8b 3c 24 31 d2 44 89 f6 48 89 45
0x00007faee9a8097a:   90 e8 50 5e c0 ff 49 8b 3c 24 31 d2 44 89 f6 48
0x00007faee9a8098a:   89 45 98 e8 5e 5f c0 ff 88 45 c1 49 8b 04 24 4c
0x00007faee9a8099a:   8d 65 80 4c 8b 95 68 ff ff ff 66 0f ef f6 4c 89
0x00007faee9a809aa:   e6 48 8b 40 18 49 8d 7a 20 0f 29 75 80 48 89 45
0x00007faee9a809ba:   a8 e8 d0 b5 d9 ff 4c 89 e7 e8 e8 b7 d9 ff 49 83
0x00007faee9a809ca:   7f 08 00 c6 45 c0 01 4c 8b 95 68 ff ff ff 0f 85
0x00007faee9a809da:   3a ff ff ff 45 31 f6 4d 85 ed 74 28 48 8d 15 5f
0x00007faee9a809ea:   a5 9a 00 49 8b 45 00 80 3a 00 0f 84 e6 03 00 00
0x00007faee9a809fa:   44 8b 70 08 48 8d 05 cb dc 97 00 8b 48 08 49 d3
0x00007faee9a80a0a:   e6 4c 03 30 4c 89 d6 4c 89 fa 4c 89 e7 4c 89 95
0x00007faee9a80a1a:   68 ff ff ff e8 7d b3 ff ff 49 83 7f 08 00 4c 8b
0x00007faee9a80a2a:   95 68 ff ff ff 0f 85 0b 01 00 00 48 83 ec 08 48
0x00007faee9a80a3a:   8b 55 a0 41 b9 01 00 00 00 41 57 4d 89 f0 4c 89
0x00007faee9a80a4a:   e9 4c 89 e6 48 89 df e8 8a 87 ff ff 58 4c 8b 95
0x00007faee9a80a5a:   68 ff ff ff 5a e9 dc 00 00 00 0f 1f 40 00 66 0f
0x00007faee9a80a6a:   ef c9 49 8b 3c 24 4c 89 ca 89 ce c6 45 c1 00 0f
0x00007faee9a80a7a:   29 4d b0 e8 1e b2 c0 ff 4c 8d 55 90 49 83 7f 08
0x00007faee9a80a8a:   00 48 89 45 a0 0f 85 83 fe ff ff 49 8b 3c 24 31
0x00007faee9a80a9a:   d2 44 89 f6 4c 89 95 68 ff ff ff e8 86 5c c0 ff
0x00007faee9a80aaa:   49 8b 3c 24 31 d2 44 89 f6 48 89 45 90 e8 14 5d
0x00007faee9a80aba:   c0 ff 49 8b 3c 24 31 d2 44 89 f6 48 89 45 98 e8
0x00007faee9a80aca:   22 5e c0 ff 88 45 c1 49 8b 04 24 4c 8d 65 80 4c
0x00007faee9a80ada:   8b 95 68 ff ff ff 66 0f ef ed 4c 89 e6 48 8b 40
0x00007faee9a80aea:   18 49 8d 7a 20 0f 29 6d 80 48 89 45 a8 e8 94 b4 


Stack slot to memory mapping:
stack at sp + 0 slots: 0x0000000000000001 is an unknown value
stack at sp + 1 slots: 0x00007faeeb2bd320 is pointing into the stack for thread: 0x00007faee4015800
stack at sp + 2 slots: 0x00007faeeb2bd320 is pointing into the stack for thread: 0x00007faee4015800
stack at sp + 3 slots: 0x00007faee9d0d359: <offset 0x0000000000cc8359> in /usr/lib/jvm/java-11-openjdk-amd64/lib/server/libjvm.so at 0x00007faee9045000
stack at sp + 4 slots: 0x0 is NULL
stack at sp + 5 slots: 0x0 is NULL
stack at sp + 6 slots: 0x00000008004b5b00 is pointing into metadata
stack at sp + 7 slots: 0x00000008004b7e08 is pointing into metadata


---------------  P R O C E S S  ---------------

Threads class SMR info:
_java_thread_list=0x00007faee40a69b0, length=9, elements={
0x00007faee4015800, 0x00007faee4051000, 0x00007faee4053000, 0x00007faee405a000,
0x00007faee405c800, 0x00007faee405e800, 0x00007faee4060800, 0x00007faee409c000,
0x00007faee40a5000
}

Java Threads: ( => current thread )
=>0x00007faee4015800 JavaThread "main" [_thread_in_vm, id=16142, stack(0x00007faeeb1be000,0x00007faeeb2bf000)]
  0x00007faee4051000 JavaThread "Reference Handler" daemon [_thread_blocked, id=16144, stack(0x00007faecaf69000,0x00007faecb06a000)]
  0x00007faee4053000 JavaThread "Finalizer" daemon [_thread_blocked, id=16145, stack(0x00007faecae68000,0x00007faecaf69000)]
  0x00007faee405a000 JavaThread "Signal Dispatcher" daemon [_thread_blocked, id=16146, stack(0x00007faeca350000,0x00007faeca451000)]
  0x00007faee405c800 JavaThread "C2 CompilerThread0" daemon [_thread_blocked, id=16147, stack(0x00007faeca24f000,0x00007faeca350000)]
  0x00007faee405e800 JavaThread "C1 CompilerThread0" daemon [_thread_in_native, id=16148, stack(0x00007faeca14e000,0x00007faeca24f000)]
  0x00007faee4060800 JavaThread "Sweeper thread" daemon [_thread_blocked, id=16149, stack(0x00007faeca04d000,0x00007faeca14e000)]
  0x00007faee409c000 JavaThread "Service Thread" daemon [_thread_blocked, id=16150, stack(0x00007faec9f4c000,0x00007faeca04d000)]
  0x00007faee40a5000 JavaThread "Common-Cleaner" daemon [_thread_blocked, id=16152, stack(0x00007faec9d49000,0x00007faec9e4a000)]

Other Threads:
  0x00007faee404e000 VMThread "VM Thread" [stack: 0x00007faecb06c000,0x00007faecb16c000] [id=16143]
  0x00007faee409e800 WatcherThread [stack: 0x00007faec9e4c000,0x00007faec9f4c000] [id=16151]

Threads with active compile tasks:
C1 CompilerThread0    304   43       3       java.util.concurrent.ConcurrentHashMap::casTabAt (21 bytes)

VM state:not at safepoint (normal execution)

VM Mutex/Monitor currently owned by a thread: None

Heap address: 0x00000000e0e00000, size: 498 MB, Compressed Oops mode: 32-bit
Narrow klass base: 0x0000000800000000, Narrow klass shift: 3
Compressed class space size: 1073741824 Address: 0x0000000840000000

Heap:
 def new generation   total 9792K, used 870K [0x00000000e0e00000, 0x00000000e18a0000, 0x00000000eb400000)
  eden space 8704K,  10% used [0x00000000e0e00000, 0x00000000e0ed9a48, 0x00000000e1680000)
  from space 1088K,   0% used [0x00000000e1680000, 0x00000000e1680000, 0x00000000e1790000)
  to   space 1088K,   0% used [0x00000000e1790000, 0x00000000e1790000, 0x00000000e18a0000)
 tenured generation   total 21888K, used 0K [0x00000000eb400000, 0x00000000ec960000, 0x0000000100000000)
   the space 21888K,   0% used [0x00000000eb400000, 0x00000000eb400000, 0x00000000eb400200, 0x00000000ec960000)
 Metaspace       used 174K, capacity 4486K, committed 4864K, reserved 1056768K
  class space    used 5K, capacity 386K, committed 512K, reserved 1048576K

Card table byte_map: [0x00007faecb9ed000,0x00007faecbae7000] _byte_map_base: 0x00007faecb2e6000

Polling page: 0x00007faeeb2d3000

Metaspace:

Usage:
  Non-class:      4.00 MB capacity,   168.53 KB (  4%) used,     3.84 MB ( 96%) free+waste,   128 bytes ( <1%) overhead. 
      Class:    386.00 KB capacity,     5.67 KB (  1%) used,   380.20 KB ( 98%) free+waste,   128 bytes ( <1%) overhead. 
       Both:      4.38 MB capacity,   174.20 KB (  4%) used,     4.21 MB ( 96%) free+waste,   256 bytes ( <1%) overhead. 

Virtual space:
  Non-class space:        8.00 MB reserved,       4.25 MB ( 53%) committed 
      Class space:        1.00 GB reserved,     512.00 KB ( <1%) committed 
             Both:        1.01 GB reserved,       4.75 MB ( <1%) committed 

Chunk freelists:
   Non-Class:  0 bytes
       Class:  0 bytes
        Both:  0 bytes

MaxMetaspaceSize: unlimited
CompressedClassSpaceSize: 1.00 GB

CodeHeap 'non-profiled nmethods': size=120036Kb used=12Kb max_used=12Kb free=120023Kb
 bounds [0x00007faed3784000, 0x00007faed39f4000, 0x00007faedacbd000]
CodeHeap 'profiled nmethods': size=120032Kb used=79Kb max_used=79Kb free=119952Kb
 bounds [0x00007faecc24c000, 0x00007faecc4bc000, 0x00007faed3784000]
CodeHeap 'non-nmethods': size=5692Kb used=988Kb max_used=997Kb free=4703Kb
 bounds [0x00007faecbcbd000, 0x00007faecbf2d000, 0x00007faecc24c000]
 total_blobs=345 nmethods=54 adapters=155
 compilation: enabled
              stopped_count=0, restarted_count=0
 full_count=0

Compilation events (20 events):
Event: 0.106 Thread 0x00007faee405e800 nmethod 36 0x00007faed3785890 code [0x00007faed3785a40, 0x00007faed3785b70]
Event: 0.106 Thread 0x00007faee405e800   37   !   3       java.util.concurrent.ConcurrentHashMap::putVal (432 bytes)
Event: 0.265 Thread 0x00007faee405c800   58       4       java.lang.String::hashCode (49 bytes)
Event: 0.271 Thread 0x00007faee405c800 nmethod 58 0x00007faed3786410 code [0x00007faed37865a0, 0x00007faed37867b8]
Event: 0.271 Thread 0x00007faee405c800   59       4       java.util.ImmutableCollections$SetN$SetNIterator::hasNext (13 bytes)
Event: 0.272 Thread 0x00007faee405c800 nmethod 59 0x00007faed3786910 code [0x00007faed3786aa0, 0x00007faed3786b18]
Event: 0.281 Thread 0x00007faee405e800 nmethod 37 0x00007faecc256f90 code [0x00007faecc257300, 0x00007faecc2592f8]
Event: 0.281 Thread 0x00007faee405e800   49       3       java.util.HashMap::putVal (300 bytes)
Event: 0.282 Thread 0x00007faee405e800 nmethod 49 0x00007faecc259d90 code [0x00007faecc25a040, 0x00007faecc25b278]
Event: 0.282 Thread 0x00007faee405e800   54       3       java.util.HashMap::getNode (148 bytes)
Event: 0.282 Thread 0x00007faee405e800 nmethod 54 0x00007faecc25b710 code [0x00007faecc25b940, 0x00007faecc25c388]
Event: 0.282 Thread 0x00007faee405e800   50       3       java.util.HashMap$Node::<init> (26 bytes)
Event: 0.283 Thread 0x00007faee405e800 nmethod 50 0x00007faecc25c590 code [0x00007faecc25c740, 0x00007faecc25c950]
Event: 0.283 Thread 0x00007faee405e800   51       3       java.util.HashMap::newNode (13 bytes)
Event: 0.283 Thread 0x00007faee405e800 nmethod 51 0x00007faecc25ca10 code [0x00007faecc25cbe0, 0x00007faecc25ced0]
Event: 0.283 Thread 0x00007faee405e800   53       3       java.util.HashMap::afterNodeInsertion (1 bytes)
Event: 0.283 Thread 0x00007faee405e800 nmethod 53 0x00007faecc25d010 code [0x00007faecc25d1c0, 0x00007faecc25d330]
Event: 0.283 Thread 0x00007faee405e800   38       3       java.util.concurrent.ConcurrentHashMap::addCount (289 bytes)
Event: 0.284 Thread 0x00007faee405e800 nmethod 38 0x00007faecc25d390 code [0x00007faecc25d5e0, 0x00007faecc25dfc8]
Event: 0.284 Thread 0x00007faee405e800   47       3       java.util.HashMap::put (13 bytes)

GC Heap History (0 events):
No events

Deoptimization events (4 events):
Event: 0.276 Thread 0x00007faee4015800 Uncommon trap: trap_request=0xffffff4d fr.pc=0x00007faed3786760 relative=0x00000000000001c0
Event: 0.276 Thread 0x00007faee4015800 Uncommon trap: reason=unstable_if action=reinterpret pc=0x00007faed3786760 method=java.lang.String.hashCode()I @ 14 c2
Event: 0.276 Thread 0x00007faee4015800 DEOPT PACKING pc=0x00007faed3786760 sp=0x00007faeeb2bc1b0
Event: 0.276 Thread 0x00007faee4015800 DEOPT UNPACKING pc=0x00007faecbce5325 sp=0x00007faeeb2bc168 mode 2

Classes redefined (0 events):
No events

Internal exceptions (0 events):
No events

Events (20 events):
Event: 0.077 Thread 0x00007faee405e800 Thread added: 0x00007faee405e800
Event: 0.077 Protecting memory [0x00007faeca14e000,0x00007faeca152000] with protection modes 0
Event: 0.077 Thread 0x00007faee4060800 Thread added: 0x00007faee4060800
Event: 0.084 Protecting memory [0x00007faeca04d000,0x00007faeca051000] with protection modes 0
Event: 0.272 Thread 0x00007faee409c000 Thread added: 0x00007faee409c000
Event: 0.272 Executing VM operation: EnableBiasedLocking
Event: 0.273 Protecting memory [0x00007faec9f4c000,0x00007faec9f50000] with protection modes 0
Event: 0.274 Executing VM operation: EnableBiasedLocking done
Event: 0.274 loading class jdk/internal/vm/PostVMInitHook
Event: 0.274 loading class jdk/internal/vm/PostVMInitHook done
Event: 0.276 loading class Main
Event: 0.276 loading class Main done
Event: 0.277 loading class jdk/internal/loader/URLClassPath$FileLoader
Event: 0.277 loading class jdk/internal/loader/URLClassPath$FileLoader done
Event: 0.277 loading class jdk/internal/loader/URLClassPath$FileLoader$1
Event: 0.278 loading class jdk/internal/loader/URLClassPath$FileLoader$1 done
Event: 0.288 Thread 0x00007faee40a5000 Thread added: 0x00007faee40a5000
Event: 0.292 Protecting memory [0x00007faec9d49000,0x00007faec9d4d000] with protection modes 0
Event: 0.292 Executing VM operation: RevokeBias
Event: 0.292 Executing VM operation: RevokeBias done


Dynamic libraries:
e0e00000-e18a0000 rw-p 00000000 00:00 0 
e18a0000-eb400000 ---p 00000000 00:00 0 
eb400000-ec960000 rw-p 00000000 00:00 0 
ec960000-100000000 ---p 00000000 00:00 0 
800000000-800002000 rwxp 00001000 08:01 551457                           /usr/lib/jvm/java-11-openjdk-amd64/lib/server/classes.jsa
800002000-8003b8000 rw-p 00003000 08:01 551457                           /usr/lib/jvm/java-11-openjdk-amd64/lib/server/classes.jsa
8003b8000-800a7f000 r--p 003b9000 08:01 551457                           /usr/lib/jvm/java-11-openjdk-amd64/lib/server/classes.jsa
800a7f000-800a80000 rw-p 00a80000 08:01 551457                           /usr/lib/jvm/java-11-openjdk-amd64/lib/server/classes.jsa
800a80000-80108c000 r--p 00a81000 08:01 551457                           /usr/lib/jvm/java-11-openjdk-amd64/lib/server/classes.jsa
840000000-840080000 rw-p 00000000 00:00 0 
840080000-880000000 ---p 00000000 00:00 0 
558879915000-558879916000 r-xp 00000000 08:01 551084                     /usr/lib/jvm/java-11-openjdk-amd64/bin/java
558879b16000-558879b17000 r--p 00001000 08:01 551084                     /usr/lib/jvm/java-11-openjdk-amd64/bin/java
558879b17000-558879b18000 rw-p 00002000 08:01 551084                     /usr/lib/jvm/java-11-openjdk-amd64/bin/java
55887ba74000-55887ba95000 rw-p 00000000 00:00 0                          [heap]
7faeac000000-7faeac05d000 rw-p 00000000 00:00 0 
7faeac05d000-7faeb0000000 ---p 00000000 00:00 0 
7faeb0000000-7faeb0021000 rw-p 00000000 00:00 0 
7faeb0021000-7faeb4000000 ---p 00000000 00:00 0 
7faeb4000000-7faeb4021000 rw-p 00000000 00:00 0 
7faeb4021000-7faeb8000000 ---p 00000000 00:00 0 
7faeb8000000-7faeb8087000 rw-p 00000000 00:00 0 
7faeb8087000-7faebc000000 ---p 00000000 00:00 0 
7faebc000000-7faebc021000 rw-p 00000000 00:00 0 
7faebc021000-7faec0000000 ---p 00000000 00:00 0 
7faec0000000-7faec0021000 rw-p 00000000 00:00 0 
7faec0021000-7faec4000000 ---p 00000000 00:00 0 
7faec4000000-7faec4021000 rw-p 00000000 00:00 0 
7faec4021000-7faec8000000 ---p 00000000 00:00 0 
7faec9d49000-7faec9d4d000 ---p 00000000 00:00 0 
7faec9d4d000-7faec9e4a000 rw-p 00000000 00:00 0 
7faec9e4a000-7faec9e4b000 ---p 00000000 00:00 0 
7faec9e4b000-7faec9f4c000 rw-p 00000000 00:00 0 
7faec9f4c000-7faec9f50000 ---p 00000000 00:00 0 
7faec9f50000-7faeca04d000 rw-p 00000000 00:00 0 
7faeca04d000-7faeca051000 ---p 00000000 00:00 0 
7faeca051000-7faeca14e000 rw-p 00000000 00:00 0 
7faeca14e000-7faeca152000 ---p 00000000 00:00 0 
7faeca152000-7faeca24f000 rw-p 00000000 00:00 0 
7faeca24f000-7faeca253000 ---p 00000000 00:00 0 
7faeca253000-7faeca350000 rw-p 00000000 00:00 0 
7faeca350000-7faeca354000 ---p 00000000 00:00 0 
7faeca354000-7faeca451000 rw-p 00000000 00:00 0 
7faeca451000-7faecae68000 r--p 00000000 08:01 660771                     /usr/lib/locale/locale-archive
7faecae68000-7faecae6c000 ---p 00000000 00:00 0 
7faecae6c000-7faecaf69000 rw-p 00000000 00:00 0 
7faecaf69000-7faecaf6d000 ---p 00000000 00:00 0 
7faecaf6d000-7faecb06a000 rw-p 00000000 00:00 0 
7faecb06a000-7faecb06b000 ---p 00000000 00:00 0 
7faecb06b000-7faecb62d000 rw-p 00000000 00:00 0 
7faecb62d000-7faecb9ed000 ---p 00000000 00:00 0 
7faecb9ed000-7faecb9f3000 rw-p 00000000 00:00 0 
7faecb9f3000-7faecba40000 ---p 00000000 00:00 0 
7faecba40000-7faecba4b000 rw-p 00000000 00:00 0 
7faecba4b000-7faecbae6000 ---p 00000000 00:00 0 
7faecbae6000-7faecbaec000 rw-p 00000000 00:00 0 
7faecbaec000-7faecbbd2000 ---p 00000000 00:00 0 
7faecbbd2000-7faecbbd7000 rw-p 00000000 00:00 0 
7faecbbd7000-7faecbcbd000 ---p 00000000 00:00 0 
7faecbcbd000-7faecbf2d000 rwxp 00000000 00:00 0 
7faecbf2d000-7faecc24c000 ---p 00000000 00:00 0 
7faecc24c000-7faecc4bc000 rwxp 00000000 00:00 0 
7faecc4bc000-7faed3784000 ---p 00000000 00:00 0 
7faed3784000-7faed39f4000 rwxp 00000000 00:00 0 
7faed39f4000-7faedacbd000 ---p 00000000 00:00 0 
7faedacbd000-7faee33b0000 r--s 00000000 08:01 551289                     /usr/lib/jvm/java-11-openjdk-amd64/lib/modules
7faee33b0000-7faee33b5000 r-xp 00000000 08:01 551271                     /usr/lib/jvm/java-11-openjdk-amd64/lib/libjimage.so
7faee33b5000-7faee35b4000 ---p 00005000 08:01 551271                     /usr/lib/jvm/java-11-openjdk-amd64/lib/libjimage.so
7faee35b4000-7faee35b5000 r--p 00004000 08:01 551271                     /usr/lib/jvm/java-11-openjdk-amd64/lib/libjimage.so
7faee35b5000-7faee35b6000 rw-p 00005000 08:01 551271                     /usr/lib/jvm/java-11-openjdk-amd64/lib/libjimage.so
7faee35b6000-7faee35bd000 r-xp 00000000 08:01 551288                     /usr/lib/jvm/java-11-openjdk-amd64/lib/libzip.so
7faee35bd000-7faee37bc000 ---p 00007000 08:01 551288                     /usr/lib/jvm/java-11-openjdk-amd64/lib/libzip.so
7faee37bc000-7faee37bd000 r--p 00006000 08:01 551288                     /usr/lib/jvm/java-11-openjdk-amd64/lib/libzip.so
7faee37bd000-7faee37be000 rw-p 00007000 08:01 551288                     /usr/lib/jvm/java-11-openjdk-amd64/lib/libzip.so
7faee37be000-7faee37c9000 r-xp 00000000 08:01 399660                     /lib/x86_64-linux-gnu/libnss_files-2.27.so
7faee37c9000-7faee39c8000 ---p 0000b000 08:01 399660                     /lib/x86_64-linux-gnu/libnss_files-2.27.so
7faee39c8000-7faee39c9000 r--p 0000a000 08:01 399660                     /lib/x86_64-linux-gnu/libnss_files-2.27.so
7faee39c9000-7faee39ca000 rw-p 0000b000 08:01 399660                     /lib/x86_64-linux-gnu/libnss_files-2.27.so
7faee39ca000-7faee39d0000 rw-p 00000000 00:00 0 
7faee39d0000-7faee39e7000 r-xp 00000000 08:01 399654                     /lib/x86_64-linux-gnu/libnsl-2.27.so
7faee39e7000-7faee3be6000 ---p 00017000 08:01 399654                     /lib/x86_64-linux-gnu/libnsl-2.27.so
7faee3be6000-7faee3be7000 r--p 00016000 08:01 399654                     /lib/x86_64-linux-gnu/libnsl-2.27.so
7faee3be7000-7faee3be8000 rw-p 00017000 08:01 399654                     /lib/x86_64-linux-gnu/libnsl-2.27.so
7faee3be8000-7faee3bea000 rw-p 00000000 00:00 0 
7faee3bea000-7faee3bf5000 r-xp 00000000 08:01 399671                     /lib/x86_64-linux-gnu/libnss_nis-2.27.so
7faee3bf5000-7faee3df4000 ---p 0000b000 08:01 399671                     /lib/x86_64-linux-gnu/libnss_nis-2.27.so
7faee3df4000-7faee3df5000 r--p 0000a000 08:01 399671                     /lib/x86_64-linux-gnu/libnss_nis-2.27.so
7faee3df5000-7faee3df6000 rw-p 0000b000 08:01 399671                     /lib/x86_64-linux-gnu/libnss_nis-2.27.so
7faee3df6000-7faee3dfe000 r-xp 00000000 08:01 399656                     /lib/x86_64-linux-gnu/libnss_compat-2.27.so
7faee3dfe000-7faee3ffe000 ---p 00008000 08:01 399656                     /lib/x86_64-linux-gnu/libnss_compat-2.27.so
7faee3ffe000-7faee3fff000 r--p 00008000 08:01 399656                     /lib/x86_64-linux-gnu/libnss_compat-2.27.so
7faee3fff000-7faee4000000 rw-p 00009000 08:01 399656                     /lib/x86_64-linux-gnu/libnss_compat-2.27.so
7faee4000000-7faee40b3000 rw-p 00000000 00:00 0 
7faee40b3000-7faee8000000 ---p 00000000 00:00 0 
7faee8020000-7faee80c4000 rw-p 00000000 00:00 0 
7faee80c4000-7faee80ed000 r-xp 00000000 08:01 551267                     /usr/lib/jvm/java-11-openjdk-amd64/lib/libjava.so
7faee80ed000-7faee82ec000 ---p 00029000 08:01 551267                     /usr/lib/jvm/java-11-openjdk-amd64/lib/libjava.so
7faee82ec000-7faee82ed000 r--p 00028000 08:01 551267                     /usr/lib/jvm/java-11-openjdk-amd64/lib/libjava.so
7faee82ed000-7faee82ef000 rw-p 00029000 08:01 551267                     /usr/lib/jvm/java-11-openjdk-amd64/lib/libjava.so
7faee82ef000-7faee82fc000 r-xp 00000000 08:01 551287                     /usr/lib/jvm/java-11-openjdk-amd64/lib/libverify.so
7faee82fc000-7faee84fb000 ---p 0000d000 08:01 551287                     /usr/lib/jvm/java-11-openjdk-amd64/lib/libverify.so
7faee84fb000-7faee84fd000 r--p 0000c000 08:01 551287                     /usr/lib/jvm/java-11-openjdk-amd64/lib/libverify.so
7faee84fd000-7faee84fe000 rw-p 0000e000 08:01 551287                     /usr/lib/jvm/java-11-openjdk-amd64/lib/libverify.so
7faee84fe000-7faee8505000 r-xp 00000000 08:01 399711                     /lib/x86_64-linux-gnu/librt-2.27.so
7faee8505000-7faee8704000 ---p 00007000 08:01 399711                     /lib/x86_64-linux-gnu/librt-2.27.so
7faee8704000-7faee8705000 r--p 00006000 08:01 399711                     /lib/x86_64-linux-gnu/librt-2.27.so
7faee8705000-7faee8706000 rw-p 00007000 08:01 399711                     /lib/x86_64-linux-gnu/librt-2.27.so
7faee8706000-7faee871d000 r-xp 00000000 08:01 399607                     /lib/x86_64-linux-gnu/libgcc_s.so.1
7faee871d000-7faee891c000 ---p 00017000 08:01 399607                     /lib/x86_64-linux-gnu/libgcc_s.so.1
7faee891c000-7faee891d000 r--p 00016000 08:01 399607                     /lib/x86_64-linux-gnu/libgcc_s.so.1
7faee891d000-7faee891e000 rw-p 00017000 08:01 399607                     /lib/x86_64-linux-gnu/libgcc_s.so.1
7faee891e000-7faee8abb000 r-xp 00000000 08:01 399633                     /lib/x86_64-linux-gnu/libm-2.27.so
7faee8abb000-7faee8cba000 ---p 0019d000 08:01 399633                     /lib/x86_64-linux-gnu/libm-2.27.so
7faee8cba000-7faee8cbb000 r--p 0019c000 08:01 399633                     /lib/x86_64-linux-gnu/libm-2.27.so
7faee8cbb000-7faee8cbc000 rw-p 0019d000 08:01 399633                     /lib/x86_64-linux-gnu/libm-2.27.so
7faee8cbc000-7faee8e35000 r-xp 00000000 08:01 665875                     /usr/lib/x86_64-linux-gnu/libstdc++.so.6.0.25
7faee8e35000-7faee9035000 ---p 00179000 08:01 665875                     /usr/lib/x86_64-linux-gnu/libstdc++.so.6.0.25
7faee9035000-7faee903f000 r--p 00179000 08:01 665875                     /usr/lib/x86_64-linux-gnu/libstdc++.so.6.0.25
7faee903f000-7faee9041000 rw-p 00183000 08:01 665875                     /usr/lib/x86_64-linux-gnu/libstdc++.so.6.0.25
7faee9041000-7faee9045000 rw-p 00000000 00:00 0 
7faee9045000-7faeea122000 r-xp 00000000 08:01 551294                     /usr/lib/jvm/java-11-openjdk-amd64/lib/server/libjvm.so
7faeea122000-7faeea321000 ---p 010dd000 08:01 551294                     /usr/lib/jvm/java-11-openjdk-amd64/lib/server/libjvm.so
7faeea321000-7faeea3de000 r--p 010dc000 08:01 551294                     /usr/lib/jvm/java-11-openjdk-amd64/lib/server/libjvm.so
7faeea3de000-7faeea418000 rw-p 01199000 08:01 551294                     /usr/lib/jvm/java-11-openjdk-amd64/lib/server/libjvm.so
7faeea418000-7faeea46e000 rw-p 00000000 00:00 0 
7faeea46e000-7faeea488000 r-xp 00000000 08:01 399703                     /lib/x86_64-linux-gnu/libpthread-2.27.so
7faeea488000-7faeea687000 ---p 0001a000 08:01 399703                     /lib/x86_64-linux-gnu/libpthread-2.27.so
7faeea687000-7faeea688000 r--p 00019000 08:01 399703                     /lib/x86_64-linux-gnu/libpthread-2.27.so
7faeea688000-7faeea689000 rw-p 0001a000 08:01 399703                     /lib/x86_64-linux-gnu/libpthread-2.27.so
7faeea689000-7faeea68d000 rw-p 00000000 00:00 0 
7faeea68d000-7faeea690000 r-xp 00000000 08:01 399593                     /lib/x86_64-linux-gnu/libdl-2.27.so
7faeea690000-7faeea88f000 ---p 00003000 08:01 399593                     /lib/x86_64-linux-gnu/libdl-2.27.so
7faeea88f000-7faeea890000 r--p 00002000 08:01 399593                     /lib/x86_64-linux-gnu/libdl-2.27.so
7faeea890000-7faeea891000 rw-p 00003000 08:01 399593                     /lib/x86_64-linux-gnu/libdl-2.27.so
7faeea891000-7faeea8ad000 r-xp 00000000 08:01 399742                     /lib/x86_64-linux-gnu/libz.so.1.2.11
7faeea8ad000-7faeeaaac000 ---p 0001c000 08:01 399742                     /lib/x86_64-linux-gnu/libz.so.1.2.11
7faeeaaac000-7faeeaaad000 r--p 0001b000 08:01 399742                     /lib/x86_64-linux-gnu/libz.so.1.2.11
7faeeaaad000-7faeeaaae000 rw-p 0001c000 08:01 399742                     /lib/x86_64-linux-gnu/libz.so.1.2.11
7faeeaaae000-7faeeac95000 r-xp 00000000 08:01 399570                     /lib/x86_64-linux-gnu/libc-2.27.so
7faeeac95000-7faeeae95000 ---p 001e7000 08:01 399570                     /lib/x86_64-linux-gnu/libc-2.27.so
7faeeae95000-7faeeae99000 r--p 001e7000 08:01 399570                     /lib/x86_64-linux-gnu/libc-2.27.so
7faeeae99000-7faeeae9b000 rw-p 001eb000 08:01 399570                     /lib/x86_64-linux-gnu/libc-2.27.so
7faeeae9b000-7faeeae9f000 rw-p 00000000 00:00 0 
7faeeae9f000-7faeeaeaf000 r-xp 00000000 08:01 551251                     /usr/lib/jvm/java-11-openjdk-amd64/lib/jli/libjli.so
7faeeaeaf000-7faeeb0ae000 ---p 00010000 08:01 551251                     /usr/lib/jvm/java-11-openjdk-amd64/lib/jli/libjli.so
7faeeb0ae000-7faeeb0af000 r--p 0000f000 08:01 551251                     /usr/lib/jvm/java-11-openjdk-amd64/lib/jli/libjli.so
7faeeb0af000-7faeeb0b0000 rw-p 00010000 08:01 551251                     /usr/lib/jvm/java-11-openjdk-amd64/lib/jli/libjli.so
7faeeb0b0000-7faeeb0d7000 r-xp 00000000 08:01 399542                     /lib/x86_64-linux-gnu/ld-2.27.so
7faeeb0ea000-7faeeb116000 rw-p 00000000 00:00 0 
7faeeb116000-7faeeb1b2000 ---p 00000000 00:00 0 
7faeeb1b2000-7faeeb1b7000 rw-p 00000000 00:00 0 
7faeeb1b7000-7faeeb1be000 ---p 00000000 00:00 0 
7faeeb1be000-7faeeb1c2000 ---p 00000000 00:00 0 
7faeeb1c2000-7faeeb2c1000 rw-p 00000000 00:00 0 
7faeeb2c9000-7faeeb2cb000 r--s 00007000 08:01 551452                     /usr/share/java/java-atk-wrapper.jar
7faeeb2cb000-7faeeb2d3000 rw-s 00000000 08:01 1052296                    /tmp/hsperfdata_yiyun/16141
7faeeb2d3000-7faeeb2d4000 ---p 00000000 00:00 0 
7faeeb2d4000-7faeeb2d5000 r--p 00000000 00:00 0 
7faeeb2d5000-7faeeb2d7000 rw-p 00000000 00:00 0 
7faeeb2d7000-7faeeb2d8000 r--p 00027000 08:01 399542                     /lib/x86_64-linux-gnu/ld-2.27.so
7faeeb2d8000-7faeeb2d9000 rw-p 00028000 08:01 399542                     /lib/x86_64-linux-gnu/ld-2.27.so
7faeeb2d9000-7faeeb2da000 rw-p 00000000 00:00 0 
7ffc8a794000-7ffc8a7b5000 rw-p 00000000 00:00 0                          [stack]
7ffc8a7b5000-7ffc8a7b8000 r--p 00000000 00:00 0                          [vvar]
7ffc8a7b8000-7ffc8a7b9000 r-xp 00000000 00:00 0                          [vdso]
ffffffffff600000-ffffffffff601000 r-xp 00000000 00:00 0                  [vsyscall]


VM Arguments:
jvm_args: -Xverify:none 
java_command: Main
java_class_path (initial): .
Launcher Type: SUN_STANDARD

[Global flags]
     bool BytecodeVerificationLocal                = false                                     {product} {command line}
     bool BytecodeVerificationRemote               = false                                     {product} {command line}
     intx CICompilerCount                          = 2                                         {product} {ergonomic}
   size_t InitialHeapSize                          = 33554432                                  {product} {ergonomic}
   size_t MaxHeapSize                              = 522190848                                 {product} {ergonomic}
   size_t MaxNewSize                               = 174063616                                 {product} {ergonomic}
   size_t MinHeapDeltaBytes                        = 196608                                    {product} {ergonomic}
   size_t NewSize                                  = 11141120                                  {product} {ergonomic}
    uintx NonNMethodCodeHeapSize                   = 5825164                                {pd product} {ergonomic}
    uintx NonProfiledCodeHeapSize                  = 122916538                              {pd product} {ergonomic}
   size_t OldSize                                  = 22413312                                  {product} {ergonomic}
    uintx ProfiledCodeHeapSize                     = 122916538                              {pd product} {ergonomic}
    uintx ReservedCodeCacheSize                    = 251658240                              {pd product} {ergonomic}
     bool SegmentedCodeCache                       = true                                      {product} {ergonomic}
     bool UseCompressedClassPointers               = true                                 {lp64_product} {ergonomic}
     bool UseCompressedOops                        = true                                 {lp64_product} {ergonomic}
     bool UseSerialGC                              = true                                      {product} {ergonomic}

Logging:
Log output configuration:
 #0: stdout all=warning uptime,level,tags
 #1: stderr all=off uptime,level,tags

Environment Variables:
PATH=/home/yiyun/.local/bin:/usr/local/sbin:/usr/local/bin:/usr/sbin:/usr/bin:/sbin:/bin:/usr/games:/usr/local/games:/snap/bin
USERNAME=yiyun
SHELL=/bin/bash
DISPLAY=:0

Signal Handlers:
SIGSEGV: [libjvm.so+0xdf8d00], sa_mask[0]=11111111011111111101111111111110, sa_flags=SA_RESTART|SA_SIGINFO
SIGBUS: [libjvm.so+0xdf8d00], sa_mask[0]=11111111011111111101111111111110, sa_flags=SA_RESTART|SA_SIGINFO
SIGFPE: [libjvm.so+0xdf8d00], sa_mask[0]=11111111011111111101111111111110, sa_flags=SA_RESTART|SA_SIGINFO
SIGPIPE: [libjvm.so+0xbcbc30], sa_mask[0]=11111111011111111101111111111110, sa_flags=SA_RESTART|SA_SIGINFO
SIGXFSZ: [libjvm.so+0xbcbc30], sa_mask[0]=11111111011111111101111111111110, sa_flags=SA_RESTART|SA_SIGINFO
SIGILL: [libjvm.so+0xdf8d00], sa_mask[0]=11111111011111111101111111111110, sa_flags=SA_RESTART|SA_SIGINFO
SIGUSR2: [libjvm.so+0xbcbad0], sa_mask[0]=00000000000000000000000000000000, sa_flags=SA_RESTART|SA_SIGINFO
SIGHUP: [libjvm.so+0xbcbe30], sa_mask[0]=11111111011111111101111111111110, sa_flags=SA_RESTART|SA_SIGINFO
SIGINT: [libjvm.so+0xbcbe30], sa_mask[0]=11111111011111111101111111111110, sa_flags=SA_RESTART|SA_SIGINFO
SIGTERM: [libjvm.so+0xbcbe30], sa_mask[0]=11111111011111111101111111111110, sa_flags=SA_RESTART|SA_SIGINFO
SIGQUIT: [libjvm.so+0xbcbe30], sa_mask[0]=11111111011111111101111111111110, sa_flags=SA_RESTART|SA_SIGINFO


---------------  S Y S T E M  ---------------

OS:DISTRIB_ID=Ubuntu
DISTRIB_RELEASE=18.04
DISTRIB_CODENAME=bionic
DISTRIB_DESCRIPTION="Ubuntu 18.04.3 LTS"
uname:Linux 5.0.0-36-generic #39~18.04.1-Ubuntu SMP Tue Nov 12 11:09:50 UTC 2019 x86_64
OS uptime: 0 days 7:51 hours
libc:glibc 2.27 NPTL 2.27 
rlimit: STACK 8192k, CORE 0k, NPROC 7775, NOFILE 4096, AS infinity, CPU infinity, DATA infinity, FSIZE infinity
load average:3.94 2.70 1.83

/proc/meminfo:
MemTotal:        2038764 kB
MemFree:           81720 kB
MemAvailable:     471172 kB
Buffers:           18332 kB
Cached:           545960 kB
SwapCached:        54512 kB
Active:          1264596 kB
Inactive:         465812 kB
Active(anon):     916400 kB
Inactive(anon):   313820 kB
Active(file):     348196 kB
Inactive(file):   151992 kB
Unevictable:          16 kB
Mlocked:              16 kB
SwapTotal:        969960 kB
SwapFree:         556776 kB
Dirty:               388 kB
Writeback:             0 kB
AnonPages:       1157912 kB
Mapped:           239272 kB
Shmem:             65428 kB
KReclaimable:      41720 kB
Slab:              82388 kB
SReclaimable:      41720 kB
SUnreclaim:        40668 kB
KernelStack:       10760 kB
PageTables:        54192 kB
NFS_Unstable:          0 kB
Bounce:                0 kB
WritebackTmp:          0 kB
CommitLimit:     1989340 kB
Committed_AS:    6639760 kB
VmallocTotal:   34359738367 kB
VmallocUsed:           0 kB
VmallocChunk:          0 kB
Percpu:              304 kB
HardwareCorrupted:     0 kB
AnonHugePages:         0 kB
ShmemHugePages:        0 kB
ShmemPmdMapped:        0 kB
CmaTotal:              0 kB
CmaFree:               0 kB
HugePages_Total:       0
HugePages_Free:        0
HugePages_Rsvd:        0
HugePages_Surp:        0
Hugepagesize:       2048 kB
Hugetlb:               0 kB
DirectMap4k:      155584 kB
DirectMap2M:     1941504 kB


/proc/sys/kernel/threads-max (system-wide limit on the number of threads):
15550


/proc/sys/vm/max_map_count (maximum number of memory map areas a process may have):
65530


/proc/sys/kernel/pid_max (system-wide limit on number of process identifiers):
32768



container (cgroup) information:
container_type: cgroupv1
cpu_cpuset_cpus: 0
cpu_memory_nodes: 0
active_processor_count: 1
cpu_quota: -1
cpu_period: 100000
cpu_shares: -1
memory_limit_in_bytes: -1
memory_and_swap_limit_in_bytes: -2
memory_soft_limit_in_bytes: -1
memory_usage_in_bytes: 1765502976
memory_max_usage_in_bytes: 30167040

KVM virtualization detected
Steal ticks since vm start: 0
Steal ticks percentage since vm start:  0.000

CPU:total 1 (initial active 1) (1 cores per cpu, 1 threads per core) family 6 model 142 stepping 11, cmov, cx8, fxsr, mmx, sse, sse2, sse3, ssse3, sse4.1, sse4.2, popcnt, avx, avx2, aes, clmul, 3dnowpref, lzcnt, tsc, tscinvbit
CPU Model and flags from /proc/cpuinfo:
model name	: Intel(R) Core(TM) i5-8265U CPU @ 1.60GHz
flags		: fpu vme de pse tsc msr pae mce cx8 apic sep mtrr pge mca cmov pat pse36 clflush mmx fxsr sse sse2 ht syscall nx rdtscp lm constant_tsc rep_good nopl xtopology nonstop_tsc cpuid tsc_known_freq pni pclmulqdq monitor ssse3 cx16 pcid sse4_1 sse4_2 x2apic movbe popcnt aes xsave avx rdrand hypervisor lahf_lm abm 3dnowprefetch invpcid_single fsgsbase avx2 invpcid rdseed clflushopt flush_l1d arch_capabilities

Memory: 4k page, physical 2038764k(81720k free), swap 969960k(556776k free)

vm_info: OpenJDK 64-Bit Server VM (11.0.7+10-post-Ubuntu-2ubuntu218.04) for linux-amd64 JRE (11.0.7+10-post-Ubuntu-2ubuntu218.04), built on Apr 15 2020 21:12:54 by "unknown" with gcc 7.5.0

END.
