#
# A fatal error has been detected by the Java Runtime Environment:
#
#  Internal Error (generateOopMap.cpp:2164), pid=1754, tid=1756
#  fatal error: Illegal class file encountered. Try running with -Xverify:all in method main
#
# JRE version: OpenJDK Runtime Environment (11.0.7+10) (build 11.0.7+10-post-Ubuntu-2ubuntu218.04)
# Java VM: OpenJDK 64-Bit Server VM (11.0.7+10-post-Ubuntu-2ubuntu218.04, mixed mode, sharing, tiered, compressed oops, serial gc, linux-amd64)
# Core dump will be written. Default location: Core dumps may be processed with "/usr/share/apport/apport %p %s %c %d %P %E" (or dumping to /home/yiyun/Compiler_Jasmin/Compiler_StudentID_HW3/core.1754)
#
# If you would like to submit a bug report, please visit:
#   https://bugs.launchpad.net/ubuntu/+source/openjdk-lts
#

---------------  S U M M A R Y ------------

Command Line: -Xverify:none Main

Host: Intel(R) Core(TM) i5-8265U CPU @ 1.60GHz, 1 cores, 1G, Ubuntu 18.04.3 LTS
Time: Sun Jun  7 17:49:51 2020 CST elapsed time: 1 seconds (0d 0h 0m 1s)

---------------  T H R E A D  ---------------

Current thread (0x00007f829804e000):  VMThread "VM Thread" [stack: 0x00007f827fb1e000,0x00007f827fc1e000] [id=1756]

Stack: [0x00007f827fb1e000,0x00007f827fc1e000],  sp=0x00007f827fc19d10,  free space=1007k
Native frames: (J=compiled Java code, A=aot compiled Java code, j=interpreted, Vv=VM code, C=native code)
V  [libjvm.so+0xdf8009]
V  [libjvm.so+0xdf8c5f]
V  [libjvm.so+0x6513fa]
V  [libjvm.so+0x7b8978]
V  [libjvm.so+0x7b8a4b]
V  [libjvm.so+0x7bda38]
V  [libjvm.so+0x7c018d]
V  [libjvm.so+0x7c0539]
V  [libjvm.so+0xbbdb8a]
V  [libjvm.so+0xbbe7d5]
V  [libjvm.so+0xb4ab1a]
V  [libjvm.so+0x714fd4]
V  [libjvm.so+0xd7e727]
V  [libjvm.so+0xd83ba2]
V  [libjvm.so+0x7aee5d]
V  [libjvm.so+0x6587c5]
V  [libjvm.so+0x7b0117]
V  [libjvm.so+0x7b0aa6]
V  [libjvm.so+0x7b19f8]
V  [libjvm.so+0xdf92df]
V  [libjvm.so+0xdfa8d8]
V  [libjvm.so+0xe00a96]
V  [libjvm.so+0xe00fa0]
V  [libjvm.so+0xe01423]
V  [libjvm.so+0xd85acf]
V  [libjvm.so+0xbd59de]

JavaThread 0x00007f8298015800 (nid = 1755) was being processed
Java frames: (J=compiled Java code, j=interpreted, Vv=VM code)
v  ~RuntimeStub::_new_instance_Java
J 156 c2 java.io.BufferedWriter.flushBuffer()V java.base@11.0.7 (53 bytes) @ 0x00007f82881d6f58 [0x00007f82881d6c00+0x0000000000000358]
J 158 c2 java.io.PrintStream.write(Ljava/lang/String;)V java.base@11.0.7 (83 bytes) @ 0x00007f82881dbea8 [0x00007f82881dbc00+0x00000000000002a8]
J 169 c2 java.io.PrintStream.print(I)V java.base@11.0.7 (9 bytes) @ 0x00007f82881dd554 [0x00007f82881dd3c0+0x0000000000000194]
j  Main.main([Ljava/lang/String;)V+410
v  ~StubRoutines::call_stub
VM_Operation (0x00007f829fd3b700): GenCollectForAllocation, mode: safepoint, requested by thread 0x00007f8298015800


---------------  P R O C E S S  ---------------

Threads class SMR info:
_java_thread_list=0x00007f82980a1de0, length=9, elements={
0x00007f8298015800, 0x00007f8298051000, 0x00007f8298053000, 0x00007f829805a000,
0x00007f829805c800, 0x00007f829805e800, 0x00007f8298060800, 0x00007f829809b000,
0x00007f82980a0800
}

Java Threads: ( => current thread )
  0x00007f8298015800 JavaThread "main" [_thread_blocked, id=1755, stack(0x00007f829fc6d000,0x00007f829fd6e000)]
  0x00007f8298051000 JavaThread "Reference Handler" daemon [_thread_blocked, id=1757, stack(0x00007f827fa1b000,0x00007f827fb1c000)]
  0x00007f8298053000 JavaThread "Finalizer" daemon [_thread_blocked, id=1758, stack(0x00007f827f91a000,0x00007f827fa1b000)]
  0x00007f829805a000 JavaThread "Signal Dispatcher" daemon [_thread_blocked, id=1763, stack(0x00007f827ee02000,0x00007f827ef03000)]
  0x00007f829805c800 JavaThread "C2 CompilerThread0" daemon [_thread_blocked, id=1764, stack(0x00007f827ed01000,0x00007f827ee02000)]
  0x00007f829805e800 JavaThread "C1 CompilerThread0" daemon [_thread_blocked, id=1766, stack(0x00007f827ec00000,0x00007f827ed01000)]
  0x00007f8298060800 JavaThread "Sweeper thread" daemon [_thread_blocked, id=1769, stack(0x00007f827eaff000,0x00007f827ec00000)]
  0x00007f829809b000 JavaThread "Service Thread" daemon [_thread_blocked, id=1773, stack(0x00007f827e9fe000,0x00007f827eaff000)]
  0x00007f82980a0800 JavaThread "Common-Cleaner" daemon [_thread_blocked, id=1778, stack(0x00007f827e7fb000,0x00007f827e8fc000)]

Other Threads:
=>0x00007f829804e000 VMThread "VM Thread" [stack: 0x00007f827fb1e000,0x00007f827fc1e000] [id=1756]
  0x00007f829809d000 WatcherThread [stack: 0x00007f827e8fe000,0x00007f827e9fe000] [id=1775]

Threads with active compile tasks:

VM state:at safepoint (normal execution)

VM Mutex/Monitor currently owned by a thread:  ([mutex/lock_event])
[0x00007f82980118d0] Threads_lock - owner thread: 0x00007f829804e000
[0x00007f82980120b0] Heap_lock - owner thread: 0x00007f8298015800

Heap address: 0x00000000e0e00000, size: 498 MB, Compressed Oops mode: 32-bit
Narrow klass base: 0x0000000800000000, Narrow klass shift: 3
Compressed class space size: 1073741824 Address: 0x0000000840000000

Heap:
 def new generation   total 9792K, used 8704K [0x00000000e0e00000, 0x00000000e18a0000, 0x00000000eb400000)
  eden space 8704K, 100% used [0x00000000e0e00000, 0x00000000e1680000, 0x00000000e1680000)
  from space 1088K,   0% used [0x00000000e1680000, 0x00000000e1680000, 0x00000000e1790000)
  to   space 1088K,   9% used [0x00000000e1790000, 0x00000000e17a88d8, 0x00000000e18a0000)
 tenured generation   total 21888K, used 0K [0x00000000eb400000, 0x00000000ec960000, 0x0000000100000000)
   the space 21888K,   0% used [0x00000000eb400000, 0x00000000eb400000, 0x00000000eb400200, 0x00000000ec960000)
 Metaspace       used 242K, capacity 4486K, committed 4864K, reserved 1056768K
  class space    used 5K, capacity 386K, committed 512K, reserved 1048576K

Card table byte_map: [0x00007f8280522000,0x00007f828061c000] _byte_map_base: 0x00007f827fe1b000

Polling page: 0x00007f829fd82000

Metaspace:

Usage:
  Non-class:      4.00 MB capacity,   236.45 KB (  6%) used,     3.77 MB ( 94%) free+waste,   128 bytes ( <1%) overhead. 
      Class:    386.00 KB capacity,     5.67 KB (  1%) used,   380.20 KB ( 98%) free+waste,   128 bytes ( <1%) overhead. 
       Both:      4.38 MB capacity,   242.12 KB (  5%) used,     4.14 MB ( 95%) free+waste,   256 bytes ( <1%) overhead. 

Virtual space:
  Non-class space:        8.00 MB reserved,       4.25 MB ( 53%) committed 
      Class space:        1.00 GB reserved,     512.00 KB ( <1%) committed 
             Both:        1.01 GB reserved,       4.75 MB ( <1%) committed 

Chunk freelists:
   Non-Class:  0 bytes
       Class:  0 bytes
        Both:  0 bytes

MaxMetaspaceSize: unlimited
CompressedClassSpaceSize: 1.00 GB

CodeHeap 'non-profiled nmethods': size=120036Kb used=66Kb max_used=66Kb free=119970Kb
 bounds [0x00007f82881ce000, 0x00007f828843e000, 0x00007f828f707000]
CodeHeap 'profiled nmethods': size=120032Kb used=254Kb max_used=254Kb free=119777Kb
 bounds [0x00007f8280c96000, 0x00007f8280f06000, 0x00007f82881ce000]
CodeHeap 'non-nmethods': size=5692Kb used=987Kb max_used=1002Kb free=4704Kb
 bounds [0x00007f8280707000, 0x00007f8280977000, 0x00007f8280c96000]
 total_blobs=501 nmethods=166 adapters=155
 compilation: enabled
              stopped_count=0, restarted_count=0
 full_count=0

Compilation events (20 events):
Event: 0.600 Thread 0x00007f829805c800  157   !   4       sun.nio.cs.StreamEncoder::flushBuffer (42 bytes)
Event: 0.628 Thread 0x00007f829805c800 nmethod 157 0x00007f82881d8310 code [0x00007f82881d8500, 0x00007f82881d95a8]
Event: 0.628 Thread 0x00007f829805c800  162       4       sun.nio.cs.UTF_8$Encoder::encodeArrayLoop (489 bytes)
Event: 0.640 Thread 0x00007f829805c800 nmethod 162 0x00007f82881d9e10 code [0x00007f82881d9fc0, 0x00007f82881da398]
Event: 0.640 Thread 0x00007f829805c800  163   !   4       java.io.PrintStream::write (69 bytes)
Event: 0.708 Thread 0x00007f829805c800 nmethod 163 0x00007f82881da790 code [0x00007f82881da980, 0x00007f82881db4a8]
Event: 0.708 Thread 0x00007f829805c800  158   !   4       java.io.PrintStream::write (83 bytes)
Event: 0.729 Thread 0x00007f829805c800 nmethod 158 0x00007f82881dba10 code [0x00007f82881dbc00, 0x00007f82881dc718]
Event: 0.729 Thread 0x00007f829805c800  171       4       java.lang.Integer::stringSize (47 bytes)
Event: 0.730 Thread 0x00007f829805c800 nmethod 171 0x00007f82881dcf10 code [0x00007f82881dd0a0, 0x00007f82881dd118]
Event: 0.730 Thread 0x00007f829805c800  169       4       java.io.PrintStream::print (9 bytes)
Event: 0.737 Thread 0x00007f829805c800 nmethod 169 0x00007f82881dd210 code [0x00007f82881dd3c0, 0x00007f82881dd628]
Event: 0.737 Thread 0x00007f829805c800  170       4       java.io.PrintStream::print (9 bytes)
Event: 0.737 Thread 0x00007f829805c800 nmethod 170 0x00007f82881dd890 code [0x00007f82881dda40, 0x00007f82881ddae8]
Event: 0.737 Thread 0x00007f829805c800  168       4       java.lang.Integer::toString (55 bytes)
Event: 0.748 Thread 0x00007f829805c800 nmethod 168 0x00007f82881ddb90 code [0x00007f82881ddd40, 0x00007f82881ddf58]
Event: 0.748 Thread 0x00007f829805c800  172       4       java.lang.Integer::getChars (131 bytes)
Event: 0.749 Thread 0x00007f829805c800 nmethod 172 0x00007f82881de110 code [0x00007f82881de2a0, 0x00007f82881de3b8]
Event: 0.749 Thread 0x00007f829805c800  167       4       java.nio.ByteBuffer::arrayOffset (35 bytes)
Event: 0.805 Thread 0x00007f829805c800 nmethod 167 0x00007f82881de510 code [0x00007f82881de6a0, 0x00007f82881de758]

GC Heap History (1 events):
Event: 1.135 GC heap before
{Heap before GC invocations=0 (full 0):
 def new generation   total 9792K, used 8704K [0x00000000e0e00000, 0x00000000e18a0000, 0x00000000eb400000)
  eden space 8704K, 100% used [0x00000000e0e00000, 0x00000000e1680000, 0x00000000e1680000)
  from space 1088K,   0% used [0x00000000e1680000, 0x00000000e1680000, 0x00000000e1790000)
  to   space 1088K,   0% used [0x00000000e1790000, 0x00000000e1790000, 0x00000000e18a0000)
 tenured generation   total 21888K, used 0K [0x00000000eb400000, 0x00000000ec960000, 0x0000000100000000)
   the space 21888K,   0% used [0x00000000eb400000, 0x00000000eb400000, 0x00000000eb400200, 0x00000000ec960000)
 Metaspace       used 242K, capacity 4486K, committed 4864K, reserved 1056768K
  class space    used 5K, capacity 386K, committed 512K, reserved 1048576K
}

Deoptimization events (4 events):
Event: 0.297 Thread 0x00007f8298015800 Uncommon trap: trap_request=0xffffff4d fr.pc=0x00007f82881d27e0 relative=0x00000000000001c0
Event: 0.297 Thread 0x00007f8298015800 Uncommon trap: reason=unstable_if action=reinterpret pc=0x00007f82881d27e0 method=java.lang.String.hashCode()I @ 14 c2
Event: 0.297 Thread 0x00007f8298015800 DEOPT PACKING pc=0x00007f82881d27e0 sp=0x00007f829fd6b960
Event: 0.297 Thread 0x00007f8298015800 DEOPT UNPACKING pc=0x00007f828072f325 sp=0x00007f829fd6b910 mode 2

Classes redefined (0 events):
No events

Internal exceptions (0 events):
No events

Events (20 events):
Event: 0.084 Protecting memory [0x00007f827ec00000,0x00007f827ec04000] with protection modes 0
Event: 0.084 Thread 0x00007f8298060800 Thread added: 0x00007f8298060800
Event: 0.089 Protecting memory [0x00007f827eaff000,0x00007f827eb03000] with protection modes 0
Event: 0.234 Thread 0x00007f829809b000 Thread added: 0x00007f829809b000
Event: 0.234 Executing VM operation: EnableBiasedLocking
Event: 0.289 Protecting memory [0x00007f827e9fe000,0x00007f827ea02000] with protection modes 0
Event: 0.291 Executing VM operation: EnableBiasedLocking done
Event: 0.291 loading class jdk/internal/vm/PostVMInitHook
Event: 0.291 loading class jdk/internal/vm/PostVMInitHook done
Event: 0.293 loading class Main
Event: 0.293 loading class Main done
Event: 0.294 loading class jdk/internal/loader/URLClassPath$FileLoader
Event: 0.294 loading class jdk/internal/loader/URLClassPath$FileLoader done
Event: 0.295 loading class jdk/internal/loader/URLClassPath$FileLoader$1
Event: 0.295 loading class jdk/internal/loader/URLClassPath$FileLoader$1 done
Event: 0.296 Thread 0x00007f82980a0800 Thread added: 0x00007f82980a0800
Event: 0.297 Protecting memory [0x00007f827e7fb000,0x00007f827e7ff000] with protection modes 0
Event: 0.298 Executing VM operation: RevokeBias
Event: 0.298 Executing VM operation: RevokeBias done
Event: 1.135 Executing VM operation: GenCollectForAllocation


Dynamic libraries:
e0e00000-e18a0000 rw-p 00000000 00:00 0 
e18a0000-eb400000 ---p 00000000 00:00 0 
eb400000-ec960000 rw-p 00000000 00:00 0 
ec960000-100000000 ---p 00000000 00:00 0 
800000000-800002000 rwxp 00001000 08:01 551457                           /usr/lib/jvm/java-11-openjdk-amd64/lib/server/classes.jsa
800002000-8003b8000 rw-p 00003000 08:01 551457                           /usr/lib/jvm/java-11-openjdk-amd64/lib/server/classes.jsa
8003b8000-800a7f000 r--p 003b9000 08:01 551457                           /usr/lib/jvm/java-11-openjdk-amd64/lib/server/classes.jsa
800a7f000-800a80000 rw-p 00a80000 08:01 551457                           /usr/lib/jvm/java-11-openjdk-amd64/lib/server/classes.jsa
800a80000-80108c000 r--p 00a81000 08:01 551457                           /usr/lib/jvm/java-11-openjdk-amd64/lib/server/classes.jsa
840000000-840080000 rw-p 00000000 00:00 0 
840080000-880000000 ---p 00000000 00:00 0 
560196c52000-560196c53000 r-xp 00000000 08:01 551084                     /usr/lib/jvm/java-11-openjdk-amd64/bin/java
560196e53000-560196e54000 r--p 00001000 08:01 551084                     /usr/lib/jvm/java-11-openjdk-amd64/bin/java
560196e54000-560196e55000 rw-p 00002000 08:01 551084                     /usr/lib/jvm/java-11-openjdk-amd64/bin/java
560197774000-560197795000 rw-p 00000000 00:00 0                          [heap]
7f8260000000-7f82600ea000 rw-p 00000000 00:00 0 
7f82600ea000-7f8264000000 ---p 00000000 00:00 0 
7f8264000000-7f8264021000 rw-p 00000000 00:00 0 
7f8264021000-7f8268000000 ---p 00000000 00:00 0 
7f8268000000-7f8268021000 rw-p 00000000 00:00 0 
7f8268021000-7f826c000000 ---p 00000000 00:00 0 
7f826c000000-7f826c169000 rw-p 00000000 00:00 0 
7f826c169000-7f8270000000 ---p 00000000 00:00 0 
7f8270000000-7f8270021000 rw-p 00000000 00:00 0 
7f8270021000-7f8274000000 ---p 00000000 00:00 0 
7f8274000000-7f8274021000 rw-p 00000000 00:00 0 
7f8274021000-7f8278000000 ---p 00000000 00:00 0 
7f8278000000-7f8278021000 rw-p 00000000 00:00 0 
7f8278021000-7f827c000000 ---p 00000000 00:00 0 
7f827e7fb000-7f827e7ff000 ---p 00000000 00:00 0 
7f827e7ff000-7f827e8fc000 rw-p 00000000 00:00 0 
7f827e8fc000-7f827e8fd000 ---p 00000000 00:00 0 
7f827e8fd000-7f827e9fe000 rw-p 00000000 00:00 0 
7f827e9fe000-7f827ea02000 ---p 00000000 00:00 0 
7f827ea02000-7f827eaff000 rw-p 00000000 00:00 0 
7f827eaff000-7f827eb03000 ---p 00000000 00:00 0 
7f827eb03000-7f827ec00000 rw-p 00000000 00:00 0 
7f827ec00000-7f827ec04000 ---p 00000000 00:00 0 
7f827ec04000-7f827ed01000 rw-p 00000000 00:00 0 
7f827ed01000-7f827ed05000 ---p 00000000 00:00 0 
7f827ed05000-7f827ee02000 rw-p 00000000 00:00 0 
7f827ee02000-7f827ee06000 ---p 00000000 00:00 0 
7f827ee06000-7f827ef03000 rw-p 00000000 00:00 0 
7f827ef03000-7f827f91a000 r--p 00000000 08:01 660771                     /usr/lib/locale/locale-archive
7f827f91a000-7f827f91e000 ---p 00000000 00:00 0 
7f827f91e000-7f827fa1b000 rw-p 00000000 00:00 0 
7f827fa1b000-7f827fa1f000 ---p 00000000 00:00 0 
7f827fa1f000-7f827fb1c000 rw-p 00000000 00:00 0 
7f827fb1c000-7f827fb1d000 ---p 00000000 00:00 0 
7f827fb1d000-7f8280162000 rw-p 00000000 00:00 0 
7f8280162000-7f8280522000 ---p 00000000 00:00 0 
7f8280522000-7f8280528000 rw-p 00000000 00:00 0 
7f8280528000-7f8280575000 ---p 00000000 00:00 0 
7f8280575000-7f8280580000 rw-p 00000000 00:00 0 
7f8280580000-7f828061b000 ---p 00000000 00:00 0 
7f828061b000-7f8280621000 rw-p 00000000 00:00 0 
7f8280621000-7f8280707000 ---p 00000000 00:00 0 
7f8280707000-7f8280977000 rwxp 00000000 00:00 0 
7f8280977000-7f8280c96000 ---p 00000000 00:00 0 
7f8280c96000-7f8280f06000 rwxp 00000000 00:00 0 
7f8280f06000-7f82881ce000 ---p 00000000 00:00 0 
7f82881ce000-7f828843e000 rwxp 00000000 00:00 0 
7f828843e000-7f828f707000 ---p 00000000 00:00 0 
7f828f707000-7f8297dfa000 r--s 00000000 08:01 551289                     /usr/lib/jvm/java-11-openjdk-amd64/lib/modules
7f8297dfa000-7f8297dff000 r-xp 00000000 08:01 551271                     /usr/lib/jvm/java-11-openjdk-amd64/lib/libjimage.so
7f8297dff000-7f8297ffe000 ---p 00005000 08:01 551271                     /usr/lib/jvm/java-11-openjdk-amd64/lib/libjimage.so
7f8297ffe000-7f8297fff000 r--p 00004000 08:01 551271                     /usr/lib/jvm/java-11-openjdk-amd64/lib/libjimage.so
7f8297fff000-7f8298000000 rw-p 00005000 08:01 551271                     /usr/lib/jvm/java-11-openjdk-amd64/lib/libjimage.so
7f8298000000-7f82980aa000 rw-p 00000000 00:00 0 
7f82980aa000-7f829c000000 ---p 00000000 00:00 0 
7f829c01d000-7f829c043000 rw-p 00000000 00:00 0 
7f829c043000-7f829c129000 ---p 00000000 00:00 0 
7f829c129000-7f829c130000 r-xp 00000000 08:01 551288                     /usr/lib/jvm/java-11-openjdk-amd64/lib/libzip.so
7f829c130000-7f829c32f000 ---p 00007000 08:01 551288                     /usr/lib/jvm/java-11-openjdk-amd64/lib/libzip.so
7f829c32f000-7f829c330000 r--p 00006000 08:01 551288                     /usr/lib/jvm/java-11-openjdk-amd64/lib/libzip.so
7f829c330000-7f829c331000 rw-p 00007000 08:01 551288                     /usr/lib/jvm/java-11-openjdk-amd64/lib/libzip.so
7f829c331000-7f829c33c000 r-xp 00000000 08:01 399660                     /lib/x86_64-linux-gnu/libnss_files-2.27.so
7f829c33c000-7f829c53b000 ---p 0000b000 08:01 399660                     /lib/x86_64-linux-gnu/libnss_files-2.27.so
7f829c53b000-7f829c53c000 r--p 0000a000 08:01 399660                     /lib/x86_64-linux-gnu/libnss_files-2.27.so
7f829c53c000-7f829c53d000 rw-p 0000b000 08:01 399660                     /lib/x86_64-linux-gnu/libnss_files-2.27.so
7f829c53d000-7f829c543000 rw-p 00000000 00:00 0 
7f829c543000-7f829c55a000 r-xp 00000000 08:01 399654                     /lib/x86_64-linux-gnu/libnsl-2.27.so
7f829c55a000-7f829c759000 ---p 00017000 08:01 399654                     /lib/x86_64-linux-gnu/libnsl-2.27.so
7f829c759000-7f829c75a000 r--p 00016000 08:01 399654                     /lib/x86_64-linux-gnu/libnsl-2.27.so
7f829c75a000-7f829c75b000 rw-p 00017000 08:01 399654                     /lib/x86_64-linux-gnu/libnsl-2.27.so
7f829c75b000-7f829c75d000 rw-p 00000000 00:00 0 
7f829c75d000-7f829c768000 r-xp 00000000 08:01 399671                     /lib/x86_64-linux-gnu/libnss_nis-2.27.so
7f829c768000-7f829c967000 ---p 0000b000 08:01 399671                     /lib/x86_64-linux-gnu/libnss_nis-2.27.so
7f829c967000-7f829c968000 r--p 0000a000 08:01 399671                     /lib/x86_64-linux-gnu/libnss_nis-2.27.so
7f829c968000-7f829c969000 rw-p 0000b000 08:01 399671                     /lib/x86_64-linux-gnu/libnss_nis-2.27.so
7f829c969000-7f829c971000 r-xp 00000000 08:01 399656                     /lib/x86_64-linux-gnu/libnss_compat-2.27.so
7f829c971000-7f829cb71000 ---p 00008000 08:01 399656                     /lib/x86_64-linux-gnu/libnss_compat-2.27.so
7f829cb71000-7f829cb72000 r--p 00008000 08:01 399656                     /lib/x86_64-linux-gnu/libnss_compat-2.27.so
7f829cb72000-7f829cb73000 rw-p 00009000 08:01 399656                     /lib/x86_64-linux-gnu/libnss_compat-2.27.so
7f829cb73000-7f829cb9c000 r-xp 00000000 08:01 551267                     /usr/lib/jvm/java-11-openjdk-amd64/lib/libjava.so
7f829cb9c000-7f829cd9b000 ---p 00029000 08:01 551267                     /usr/lib/jvm/java-11-openjdk-amd64/lib/libjava.so
7f829cd9b000-7f829cd9c000 r--p 00028000 08:01 551267                     /usr/lib/jvm/java-11-openjdk-amd64/lib/libjava.so
7f829cd9c000-7f829cd9e000 rw-p 00029000 08:01 551267                     /usr/lib/jvm/java-11-openjdk-amd64/lib/libjava.so
7f829cd9e000-7f829cdab000 r-xp 00000000 08:01 551287                     /usr/lib/jvm/java-11-openjdk-amd64/lib/libverify.so
7f829cdab000-7f829cfaa000 ---p 0000d000 08:01 551287                     /usr/lib/jvm/java-11-openjdk-amd64/lib/libverify.so
7f829cfaa000-7f829cfac000 r--p 0000c000 08:01 551287                     /usr/lib/jvm/java-11-openjdk-amd64/lib/libverify.so
7f829cfac000-7f829cfad000 rw-p 0000e000 08:01 551287                     /usr/lib/jvm/java-11-openjdk-amd64/lib/libverify.so
7f829cfad000-7f829cfb4000 r-xp 00000000 08:01 399711                     /lib/x86_64-linux-gnu/librt-2.27.so
7f829cfb4000-7f829d1b3000 ---p 00007000 08:01 399711                     /lib/x86_64-linux-gnu/librt-2.27.so
7f829d1b3000-7f829d1b4000 r--p 00006000 08:01 399711                     /lib/x86_64-linux-gnu/librt-2.27.so
7f829d1b4000-7f829d1b5000 rw-p 00007000 08:01 399711                     /lib/x86_64-linux-gnu/librt-2.27.so
7f829d1b5000-7f829d1cc000 r-xp 00000000 08:01 399607                     /lib/x86_64-linux-gnu/libgcc_s.so.1
7f829d1cc000-7f829d3cb000 ---p 00017000 08:01 399607                     /lib/x86_64-linux-gnu/libgcc_s.so.1
7f829d3cb000-7f829d3cc000 r--p 00016000 08:01 399607                     /lib/x86_64-linux-gnu/libgcc_s.so.1
7f829d3cc000-7f829d3cd000 rw-p 00017000 08:01 399607                     /lib/x86_64-linux-gnu/libgcc_s.so.1
7f829d3cd000-7f829d56a000 r-xp 00000000 08:01 399633                     /lib/x86_64-linux-gnu/libm-2.27.so
7f829d56a000-7f829d769000 ---p 0019d000 08:01 399633                     /lib/x86_64-linux-gnu/libm-2.27.so
7f829d769000-7f829d76a000 r--p 0019c000 08:01 399633                     /lib/x86_64-linux-gnu/libm-2.27.so
7f829d76a000-7f829d76b000 rw-p 0019d000 08:01 399633                     /lib/x86_64-linux-gnu/libm-2.27.so
7f829d76b000-7f829d8e4000 r-xp 00000000 08:01 665875                     /usr/lib/x86_64-linux-gnu/libstdc++.so.6.0.25
7f829d8e4000-7f829dae4000 ---p 00179000 08:01 665875                     /usr/lib/x86_64-linux-gnu/libstdc++.so.6.0.25
7f829dae4000-7f829daee000 r--p 00179000 08:01 665875                     /usr/lib/x86_64-linux-gnu/libstdc++.so.6.0.25
7f829daee000-7f829daf0000 rw-p 00183000 08:01 665875                     /usr/lib/x86_64-linux-gnu/libstdc++.so.6.0.25
7f829daf0000-7f829daf4000 rw-p 00000000 00:00 0 
7f829daf4000-7f829ebd1000 r-xp 00000000 08:01 551294                     /usr/lib/jvm/java-11-openjdk-amd64/lib/server/libjvm.so
7f829ebd1000-7f829edd0000 ---p 010dd000 08:01 551294                     /usr/lib/jvm/java-11-openjdk-amd64/lib/server/libjvm.so
7f829edd0000-7f829ee8d000 r--p 010dc000 08:01 551294                     /usr/lib/jvm/java-11-openjdk-amd64/lib/server/libjvm.so
7f829ee8d000-7f829eec7000 rw-p 01199000 08:01 551294                     /usr/lib/jvm/java-11-openjdk-amd64/lib/server/libjvm.so
7f829eec7000-7f829ef1d000 rw-p 00000000 00:00 0 
7f829ef1d000-7f829ef37000 r-xp 00000000 08:01 399703                     /lib/x86_64-linux-gnu/libpthread-2.27.so
7f829ef37000-7f829f136000 ---p 0001a000 08:01 399703                     /lib/x86_64-linux-gnu/libpthread-2.27.so
7f829f136000-7f829f137000 r--p 00019000 08:01 399703                     /lib/x86_64-linux-gnu/libpthread-2.27.so
7f829f137000-7f829f138000 rw-p 0001a000 08:01 399703                     /lib/x86_64-linux-gnu/libpthread-2.27.so
7f829f138000-7f829f13c000 rw-p 00000000 00:00 0 
7f829f13c000-7f829f13f000 r-xp 00000000 08:01 399593                     /lib/x86_64-linux-gnu/libdl-2.27.so
7f829f13f000-7f829f33e000 ---p 00003000 08:01 399593                     /lib/x86_64-linux-gnu/libdl-2.27.so
7f829f33e000-7f829f33f000 r--p 00002000 08:01 399593                     /lib/x86_64-linux-gnu/libdl-2.27.so
7f829f33f000-7f829f340000 rw-p 00003000 08:01 399593                     /lib/x86_64-linux-gnu/libdl-2.27.so
7f829f340000-7f829f35c000 r-xp 00000000 08:01 399742                     /lib/x86_64-linux-gnu/libz.so.1.2.11
7f829f35c000-7f829f55b000 ---p 0001c000 08:01 399742                     /lib/x86_64-linux-gnu/libz.so.1.2.11
7f829f55b000-7f829f55c000 r--p 0001b000 08:01 399742                     /lib/x86_64-linux-gnu/libz.so.1.2.11
7f829f55c000-7f829f55d000 rw-p 0001c000 08:01 399742                     /lib/x86_64-linux-gnu/libz.so.1.2.11
7f829f55d000-7f829f744000 r-xp 00000000 08:01 399570                     /lib/x86_64-linux-gnu/libc-2.27.so
7f829f744000-7f829f944000 ---p 001e7000 08:01 399570                     /lib/x86_64-linux-gnu/libc-2.27.so
7f829f944000-7f829f948000 r--p 001e7000 08:01 399570                     /lib/x86_64-linux-gnu/libc-2.27.so
7f829f948000-7f829f94a000 rw-p 001eb000 08:01 399570                     /lib/x86_64-linux-gnu/libc-2.27.so
7f829f94a000-7f829f94e000 rw-p 00000000 00:00 0 
7f829f94e000-7f829f95e000 r-xp 00000000 08:01 551251                     /usr/lib/jvm/java-11-openjdk-amd64/lib/jli/libjli.so
7f829f95e000-7f829fb5d000 ---p 00010000 08:01 551251                     /usr/lib/jvm/java-11-openjdk-amd64/lib/jli/libjli.so
7f829fb5d000-7f829fb5e000 r--p 0000f000 08:01 551251                     /usr/lib/jvm/java-11-openjdk-amd64/lib/jli/libjli.so
7f829fb5e000-7f829fb5f000 rw-p 00010000 08:01 551251                     /usr/lib/jvm/java-11-openjdk-amd64/lib/jli/libjli.so
7f829fb5f000-7f829fb86000 r-xp 00000000 08:01 399542                     /lib/x86_64-linux-gnu/ld-2.27.so
7f829fb99000-7f829fbc5000 rw-p 00000000 00:00 0 
7f829fbc5000-7f829fc61000 ---p 00000000 00:00 0 
7f829fc61000-7f829fc66000 rw-p 00000000 00:00 0 
7f829fc66000-7f829fc6d000 ---p 00000000 00:00 0 
7f829fc6d000-7f829fc71000 ---p 00000000 00:00 0 
7f829fc71000-7f829fd70000 rw-p 00000000 00:00 0 
7f829fd78000-7f829fd7a000 r--s 00007000 08:01 551452                     /usr/share/java/java-atk-wrapper.jar
7f829fd7a000-7f829fd82000 rw-s 00000000 08:01 1052440                    /tmp/hsperfdata_yiyun/1754
7f829fd82000-7f829fd83000 ---p 00000000 00:00 0 
7f829fd83000-7f829fd84000 r--p 00000000 00:00 0 
7f829fd84000-7f829fd86000 rw-p 00000000 00:00 0 
7f829fd86000-7f829fd87000 r--p 00027000 08:01 399542                     /lib/x86_64-linux-gnu/ld-2.27.so
7f829fd87000-7f829fd88000 rw-p 00028000 08:01 399542                     /lib/x86_64-linux-gnu/ld-2.27.so
7f829fd88000-7f829fd89000 rw-p 00000000 00:00 0 
7ffcc60df000-7ffcc6100000 rw-p 00000000 00:00 0                          [stack]
7ffcc6141000-7ffcc6144000 r--p 00000000 00:00 0                          [vvar]
7ffcc6144000-7ffcc6145000 r-xp 00000000 00:00 0                          [vdso]
ffffffffff600000-ffffffffff601000 r-xp 00000000 00:00 0                  [vsyscall]


VM Arguments:
jvm_args: -Xverify:none 
java_command: Main
java_class_path (initial): .
Launcher Type: SUN_STANDARD

[Global flags]
     bool BytecodeVerificationLocal                = false                                     {product} {command line}
     bool BytecodeVerificationRemote               = false                                     {product} {command line}
     intx CICompilerCount                          = 2                                         {product} {ergonomic}
   size_t InitialHeapSize                          = 33554432                                  {product} {ergonomic}
   size_t MaxHeapSize                              = 522190848                                 {product} {ergonomic}
   size_t MaxNewSize                               = 174063616                                 {product} {ergonomic}
   size_t MinHeapDeltaBytes                        = 196608                                    {product} {ergonomic}
   size_t NewSize                                  = 11141120                                  {product} {ergonomic}
    uintx NonNMethodCodeHeapSize                   = 5825164                                {pd product} {ergonomic}
    uintx NonProfiledCodeHeapSize                  = 122916538                              {pd product} {ergonomic}
   size_t OldSize                                  = 22413312                                  {product} {ergonomic}
    uintx ProfiledCodeHeapSize                     = 122916538                              {pd product} {ergonomic}
    uintx ReservedCodeCacheSize                    = 251658240                              {pd product} {ergonomic}
     bool SegmentedCodeCache                       = true                                      {product} {ergonomic}
     bool UseCompressedClassPointers               = true                                 {lp64_product} {ergonomic}
     bool UseCompressedOops                        = true                                 {lp64_product} {ergonomic}
     bool UseSerialGC                              = true                                      {product} {ergonomic}

Logging:
Log output configuration:
 #0: stdout all=warning uptime,level,tags
 #1: stderr all=off uptime,level,tags

Environment Variables:
PATH=/home/yiyun/.local/bin:/usr/local/sbin:/usr/local/bin:/usr/sbin:/usr/bin:/sbin:/bin:/usr/games:/usr/local/games:/snap/bin
USERNAME=yiyun
SHELL=/bin/bash
DISPLAY=:0

Signal Handlers:
SIGSEGV: [libjvm.so+0xdf8d00], sa_mask[0]=11111111011111111101111111111110, sa_flags=SA_RESTART|SA_SIGINFO
SIGBUS: [libjvm.so+0xdf8d00], sa_mask[0]=11111111011111111101111111111110, sa_flags=SA_RESTART|SA_SIGINFO
SIGFPE: [libjvm.so+0xdf8d00], sa_mask[0]=11111111011111111101111111111110, sa_flags=SA_RESTART|SA_SIGINFO
SIGPIPE: [libjvm.so+0xbcbc30], sa_mask[0]=11111111011111111101111111111110, sa_flags=SA_RESTART|SA_SIGINFO
SIGXFSZ: [libjvm.so+0xbcbc30], sa_mask[0]=11111111011111111101111111111110, sa_flags=SA_RESTART|SA_SIGINFO
SIGILL: [libjvm.so+0xdf8d00], sa_mask[0]=11111111011111111101111111111110, sa_flags=SA_RESTART|SA_SIGINFO
SIGUSR2: [libjvm.so+0xbcbad0], sa_mask[0]=00000000000000000000000000000000, sa_flags=SA_RESTART|SA_SIGINFO
SIGHUP: [libjvm.so+0xbcbe30], sa_mask[0]=11111111011111111101111111111110, sa_flags=SA_RESTART|SA_SIGINFO
SIGINT: [libjvm.so+0xbcbe30], sa_mask[0]=11111111011111111101111111111110, sa_flags=SA_RESTART|SA_SIGINFO
SIGTERM: [libjvm.so+0xbcbe30], sa_mask[0]=11111111011111111101111111111110, sa_flags=SA_RESTART|SA_SIGINFO
SIGQUIT: [libjvm.so+0xbcbe30], sa_mask[0]=11111111011111111101111111111110, sa_flags=SA_RESTART|SA_SIGINFO


---------------  S Y S T E M  ---------------

OS:DISTRIB_ID=Ubuntu
DISTRIB_RELEASE=18.04
DISTRIB_CODENAME=bionic
DISTRIB_DESCRIPTION="Ubuntu 18.04.3 LTS"
uname:Linux 5.0.0-36-generic #39~18.04.1-Ubuntu SMP Tue Nov 12 11:09:50 UTC 2019 x86_64
OS uptime: 1 days 11:11 hours
libc:glibc 2.27 NPTL 2.27 
rlimit: STACK 8192k, CORE 0k, NPROC 7775, NOFILE 4096, AS infinity, CPU infinity, DATA infinity, FSIZE infinity
load average:1.32 1.41 1.45

/proc/meminfo:
MemTotal:        2038764 kB
MemFree:           86036 kB
MemAvailable:     401668 kB
Buffers:           25572 kB
Cached:           454488 kB
SwapCached:        46960 kB
Active:          1192844 kB
Inactive:         534056 kB
Active(anon):     972184 kB
Inactive(anon):   326656 kB
Active(file):     220660 kB
Inactive(file):   207400 kB
Unevictable:          16 kB
Mlocked:              16 kB
SwapTotal:        969960 kB
SwapFree:         381672 kB
Dirty:               624 kB
Writeback:             0 kB
AnonPages:       1245272 kB
Mapped:           217924 kB
Shmem:             60528 kB
KReclaimable:      38332 kB
Slab:              79576 kB
SReclaimable:      38332 kB
SUnreclaim:        41244 kB
KernelStack:       10624 kB
PageTables:        54920 kB
NFS_Unstable:          0 kB
Bounce:                0 kB
WritebackTmp:          0 kB
CommitLimit:     1989340 kB
Committed_AS:    6800168 kB
VmallocTotal:   34359738367 kB
VmallocUsed:           0 kB
VmallocChunk:          0 kB
Percpu:              304 kB
HardwareCorrupted:     0 kB
AnonHugePages:         0 kB
ShmemHugePages:        0 kB
ShmemPmdMapped:        0 kB
CmaTotal:              0 kB
CmaFree:               0 kB
HugePages_Total:       0
HugePages_Free:        0
HugePages_Rsvd:        0
HugePages_Surp:        0
Hugepagesize:       2048 kB
Hugetlb:               0 kB
DirectMap4k:      155584 kB
DirectMap2M:     1941504 kB


/proc/sys/kernel/threads-max (system-wide limit on the number of threads):
15550


/proc/sys/vm/max_map_count (maximum number of memory map areas a process may have):
65530


/proc/sys/kernel/pid_max (system-wide limit on number of process identifiers):
32768



container (cgroup) information:
container_type: cgroupv1
cpu_cpuset_cpus: 0
cpu_memory_nodes: 0
active_processor_count: 1
cpu_quota: -1
cpu_period: 100000
cpu_shares: -1
memory_limit_in_bytes: -1
memory_and_swap_limit_in_bytes: -2
memory_soft_limit_in_bytes: -1
memory_usage_in_bytes: 1767587840
memory_max_usage_in_bytes: 49299456

KVM virtualization detected
Steal ticks since vm start: 0
Steal ticks percentage since vm start:  0.000

CPU:total 1 (initial active 1) (1 cores per cpu, 1 threads per core) family 6 model 142 stepping 11, cmov, cx8, fxsr, mmx, sse, sse2, sse3, ssse3, sse4.1, sse4.2, popcnt, avx, avx2, aes, clmul, 3dnowpref, lzcnt, tsc, tscinvbit
CPU Model and flags from /proc/cpuinfo:
model name	: Intel(R) Core(TM) i5-8265U CPU @ 1.60GHz
flags		: fpu vme de pse tsc msr pae mce cx8 apic sep mtrr pge mca cmov pat pse36 clflush mmx fxsr sse sse2 ht syscall nx rdtscp lm constant_tsc rep_good nopl xtopology nonstop_tsc cpuid tsc_known_freq pni pclmulqdq monitor ssse3 cx16 pcid sse4_1 sse4_2 x2apic movbe popcnt aes xsave avx rdrand hypervisor lahf_lm abm 3dnowprefetch invpcid_single fsgsbase avx2 invpcid rdseed clflushopt flush_l1d arch_capabilities

Memory: 4k page, physical 2038764k(86036k free), swap 969960k(381672k free)

vm_info: OpenJDK 64-Bit Server VM (11.0.7+10-post-Ubuntu-2ubuntu218.04) for linux-amd64 JRE (11.0.7+10-post-Ubuntu-2ubuntu218.04), built on Apr 15 2020 21:12:54 by "unknown" with gcc 7.5.0

END.
